<?xml version="1.0" encoding="UTF-8"?>
<testsuites>
  <testsuite name="export" timestamp="2025-04-29T08:47:00Z" hostname="d90337d6a753" tests="11" skipped="0" failures="0" errors="0" time="2.459">
    <testcase time="0.211" classname="export" name="Listing_print_correctly"/>
    <testcase time="0.346" classname="export" name="key_columns_repeat_with_export_as_txt"/>
    <testcase time="0.158" classname="export" name="key_columns_repeat_with_pagination_with_export_as_txt"/>
    <testcase time="0.347" classname="export" name="Listing_print_correctly_with_paginate"/>
    <testcase time="0.00300000000000011" classname="export" name="Listing_print_correctly_with_paginate"/>
    <testcase time="0.002" classname="export" name="Listing_print_correctly_with_paginate"/>
    <testcase time="0.354" classname="export" name="export_as_txt_works_and_repeats_the_correct_lines_in_pagination"/>
    <testcase time="0.232" classname="export" name="export_as_txt_works_and_repeats_the_correct_lines_in_pagination"/>
    <testcase time="0.526" classname="export" name="export_as_txt_works_with_split_into_pages_by_var"/>
    <testcase time="0.0680000000000001" classname="export" name="export_as_txt_works_with_empty_listings"/>
    <testcase time="0.212" classname="export" name="export_as_txt_works_with_listings_with_all_key_cols"/>
  </testsuite>
  <testsuite name="listings" timestamp="2025-04-29T08:47:03Z" hostname="d90337d6a753" tests="57" skipped="0" failures="0" errors="0" time="0.882">
    <testcase time="0.0190000000000001" classname="listings" name="Column_labels_are_the_same"/>
    <testcase time="0.0249999999999999" classname="listings" name="Column_labels_are_the_same"/>
    <testcase time="0.00200000000000022" classname="listings" name="Column_labels_are_the_same"/>
    <testcase time="0.0310000000000001" classname="listings" name="listings_work_well_with_different_formats_and_attributes"/>
    <testcase time="0.00299999999999967" classname="listings" name="listings_work_well_with_different_formats_and_attributes"/>
    <testcase time="0.00300000000000011" classname="listings" name="listings_work_well_with_different_formats_and_attributes"/>
    <testcase time="0.00200000000000022" classname="listings" name="listings_work_well_with_different_formats_and_attributes"/>
    <testcase time="0.00299999999999967" classname="listings" name="listings_work_well_with_different_formats_and_attributes"/>
    <testcase time="0.00200000000000022" classname="listings" name="listings_work_well_with_different_formats_and_attributes"/>
    <testcase time="0.00299999999999967" classname="listings" name="listings_work_well_with_different_formats_and_attributes"/>
    <testcase time="0.00500000000000034" classname="listings" name="listings_work_well_with_different_formats_and_attributes"/>
    <testcase time="0.00299999999999967" classname="listings" name="listings_work_well_with_different_formats_and_attributes"/>
    <testcase time="0.00300000000000011" classname="listings" name="listings_work_well_with_different_formats_and_attributes"/>
    <testcase time="0.0089999999999999" classname="listings" name="listings_work_well_with_different_formats_and_attributes"/>
    <testcase time="0.00500000000000034" classname="listings" name="listings_work_well_with_different_formats_and_attributes"/>
    <testcase time="0.00599999999999978" classname="listings" name="listings_work_well_with_different_formats_and_attributes"/>
    <testcase time="0.00600000000000023" classname="listings" name="listings_work_well_with_different_formats_and_attributes"/>
    <testcase time="0.0089999999999999" classname="listings" name="listings_work_well_with_different_formats_and_attributes"/>
    <testcase time="0.00199999999999978" classname="listings" name="listings_work_well_with_different_formats_and_attributes"/>
    <testcase time="0.02" classname="listings" name="Content_of_listings_supports_newlines"/>
    <testcase time="0.0150000000000001" classname="listings" name="Content_of_listings_supports_newlines"/>
    <testcase time="0.0089999999999999" classname="listings" name="regression_test_for_keycols_being_lost_due_to_head_"/>
    <testcase time="0.0529999999999999" classname="listings" name="column_inclusion_and_ordering_stuff"/>
    <testcase time="0.0170000000000003" classname="listings" name="column_inclusion_and_ordering_stuff"/>
    <testcase time="0.044" classname="listings" name="column_inclusion_and_ordering_stuff"/>
    <testcase time="0.04" classname="listings" name="column_inclusion_and_ordering_stuff"/>
    <testcase time="0.00499999999999989" classname="listings" name="column_inclusion_and_ordering_stuff"/>
    <testcase time="0.00499999999999989" classname="listings" name="column_inclusion_and_ordering_stuff"/>
    <testcase time="0.0840000000000001" classname="listings" name="column_inclusion_and_ordering_stuff"/>
    <testcase time="0.024" classname="listings" name="unique_rows_removes_duplicate_rows_from_listing"/>
    <testcase time="0.0259999999999998" classname="listings" name="unique_rows_removes_duplicate_rows_from_listing"/>
    <testcase time="0.0350000000000001" classname="listings" name="as_listing_custom_format_works_in_key_cols"/>
    <testcase time="0.0270000000000001" classname="listings" name="as_listing_custom_format_works_in_key_cols"/>
    <testcase time="0.048" classname="listings" name="as_listing_works_with_NA_values_in_key_cols"/>
    <testcase time="0.0419999999999998" classname="listings" name="as_listing_works_with_NA_values_in_key_cols"/>
    <testcase time="0.0419999999999998" classname="listings" name="as_listing_works_with_NA_values_in_key_cols"/>
    <testcase time="0.00900000000000034" classname="listings" name="as_listing_works_with_NA_values_in_key_cols"/>
    <testcase time="0.0089999999999999" classname="listings" name="as_listing_sort_cols_works"/>
    <testcase time="0.004" classname="listings" name="as_listing_sort_cols_works"/>
    <testcase time="0.00300000000000011" classname="listings" name="as_listing_sort_cols_works"/>
    <testcase time="0.00800000000000001" classname="listings" name="as_listing_sort_cols_works"/>
    <testcase time="0.004" classname="listings" name="as_listing_sort_cols_works"/>
    <testcase time="0.00299999999999967" classname="listings" name="as_listing_sort_cols_works"/>
    <testcase time="0.00500000000000034" classname="listings" name="as_listing_sort_cols_works"/>
    <testcase time="0.00299999999999967" classname="listings" name="as_listing_sort_cols_works"/>
    <testcase time="0.00200000000000022" classname="listings" name="as_listing_sort_cols_works"/>
    <testcase time="0.00299999999999967" classname="listings" name="as_listing_sort_cols_works"/>
    <testcase time="0.00300000000000011" classname="listings" name="as_listing_sort_cols_works"/>
    <testcase time="0.00600000000000023" classname="listings" name="as_listing_sort_cols_works"/>
    <testcase time="0.0680000000000001" classname="listings" name="as_listing_sort_cols_works"/>
    <testcase time="0.00299999999999967" classname="listings" name="as_listing_sort_cols_works"/>
    <testcase time="0.00500000000000034" classname="listings" name="as_listing_sort_cols_works"/>
    <testcase time="0.024" classname="listings" name="add_listing_col_works_with_a_function_when_a_format_is_applied"/>
    <testcase time="0.0129999999999999" classname="listings" name="split_into_pages_by_var_works_as_expected"/>
    <testcase time="0.00300000000000011" classname="listings" name="split_into_pages_by_var_works_as_expected"/>
    <testcase time="0.0149999999999997" classname="listings" name="split_into_pages_by_var_works_as_expected"/>
    <testcase time="0.012" classname="listings" name="appropriate_error_message_returned_for_difftime_class"/>
  </testsuite>
  <testsuite name="matrix_form" timestamp="2025-04-29T08:47:03Z" hostname="d90337d6a753" tests="14" skipped="0" failures="1" errors="0" time="0.483">
    <testcase time="0.0620000000000003" classname="matrix_form" name="matrix_form_keeps_relevant_information_and_structure_about_the_listing"/>
    <testcase time="0.00300000000000011" classname="matrix_form" name="matrix_form_keeps_relevant_information_and_structure_about_the_listing"/>
    <testcase time="0.0699999999999994" classname="matrix_form" name="matrix_form_keeps_relevant_information_and_structure_about_the_listing">
      <failure type="failure" message="`mat` (`actual`) not equal to `mat_rebuilt` (`expected`). ('test-matrix_form.R:28:3')">`mat` (`actual`) not equal to `mat_rebuilt` (`expected`).

`dimnames(actual$aligns)` is a list
`dimnames(expected$aligns)` is absent</failure>
    </testcase>
    <testcase time="0.0270000000000001" classname="matrix_form" name="matrix_form_keeps_relevant_information_and_structure_about_the_listing"/>
    <testcase time="0.101" classname="matrix_form" name="matrix_form_keeps_relevant_information_and_structure_about_the_listing"/>
    <testcase time="0.00300000000000011" classname="matrix_form" name="matrix_form_keeps_relevant_information_and_structure_about_the_listing"/>
    <testcase time="0.00199999999999978" classname="matrix_form" name="matrix_form_keeps_relevant_information_and_structure_about_the_listing"/>
    <testcase time="0.11" classname="matrix_form" name="matrix_form_keeps_relevant_information_and_structure_about_the_listing"/>
    <testcase time="0.00300000000000011" classname="matrix_form" name="matrix_form_keeps_relevant_information_and_structure_about_the_listing"/>
    <testcase time="0.00300000000000011" classname="matrix_form" name="matrix_form_keeps_relevant_information_and_structure_about_the_listing"/>
    <testcase time="0.0139999999999993" classname="matrix_form" name="matrix_form_detects_or_in_labels_and_sends_meaningful_error_message"/>
    <testcase time="0.032" classname="matrix_form" name="matrix_form_detects_or_in_labels_and_sends_meaningful_error_message"/>
    <testcase time="0.024" classname="matrix_form" name="matrix_form_detects_or_in_labels_and_sends_meaningful_error_message"/>
    <testcase time="0.0290000000000008" classname="matrix_form" name="align_coltitles_as_cols_can_change_alignment_for_column_titles"/>
  </testsuite>
  <testsuite name="paginate_listing" timestamp="2025-04-29T08:47:04Z" hostname="d90337d6a753" tests="47" skipped="0" failures="0" errors="0" time="7.456">
    <testcase time="0.143" classname="paginate_listing" name="pagination_works_vertically"/>
    <testcase time="0.103" classname="paginate_listing" name="pagination_works_vertically"/>
    <testcase time="0.0350000000000001" classname="paginate_listing" name="pagination_works_vertically"/>
    <testcase time="0.122" classname="paginate_listing" name="horizontal_pagination_with_0_or_1_key_column_specified_works_correctly"/>
    <testcase time="0.00300000000000011" classname="paginate_listing" name="horizontal_pagination_with_0_or_1_key_column_specified_works_correctly"/>
    <testcase time="0.00199999999999978" classname="paginate_listing" name="horizontal_pagination_with_0_or_1_key_column_specified_works_correctly"/>
    <testcase time="0.143" classname="paginate_listing" name="horizontal_pagination_with_0_or_1_key_column_specified_works_correctly"/>
    <testcase time="0.00200000000000067" classname="paginate_listing" name="horizontal_pagination_with_0_or_1_key_column_specified_works_correctly"/>
    <testcase time="0.00299999999999923" classname="paginate_listing" name="horizontal_pagination_with_0_or_1_key_column_specified_works_correctly"/>
    <testcase time="0.00300000000000011" classname="paginate_listing" name="horizontal_pagination_with_0_or_1_key_column_specified_works_correctly"/>
    <testcase time="0.0880000000000001" classname="paginate_listing" name="listing_works_with_no_vertical_pagination"/>
    <testcase time="0.00300000000000011" classname="paginate_listing" name="listing_works_with_no_vertical_pagination"/>
    <testcase time="0.00499999999999989" classname="paginate_listing" name="listing_works_with_no_vertical_pagination"/>
    <testcase time="0.100000000000001" classname="paginate_listing" name="checking_vertical_pagination_line_calculation."/>
    <testcase time="0.00300000000000011" classname="paginate_listing" name="checking_vertical_pagination_line_calculation."/>
    <testcase time="0.505" classname="paginate_listing" name="pagination_lpp_and_cpp_correctly_computed_for_pg_width_and_pg_height"/>
    <testcase time="0.55" classname="paginate_listing" name="pagination_lpp_and_cpp_correctly_computed_for_page_type_and_font_size"/>
    <testcase time="0.518" classname="paginate_listing" name="pagination_lpp_and_cpp_correctly_computed_for_page_type_and_font_size"/>
    <testcase time="0.624" classname="paginate_listing" name="pagination_lpp_and_cpp_correctly_computed_for_lineheight"/>
    <testcase time="0.539000000000001" classname="paginate_listing" name="pagination_lpp_and_cpp_correctly_computed_for_landscape"/>
    <testcase time="0.614" classname="paginate_listing" name="pagination_lpp_and_cpp_correctly_computed_for_margins"/>
    <testcase time="0.217000000000001" classname="paginate_listing" name="pagination_works_with_col_wrapping"/>
    <testcase time="0.216999999999999" classname="paginate_listing" name="pagination_works_with_col_wrapping"/>
    <testcase time="0.00500000000000078" classname="paginate_listing" name="pagination_works_with_col_wrapping"/>
    <testcase time="0.253" classname="paginate_listing" name="pagination_repeats_keycols_in_other_pages"/>
    <testcase time="0.167" classname="paginate_listing" name="pagination_repeats_keycols_in_other_pages"/>
    <testcase time="0.135" classname="paginate_listing" name="pagination_repeats_keycols_in_other_pages"/>
    <testcase time="0.162000000000001" classname="paginate_listing" name="pagination_repeats_keycols_in_other_pages"/>
    <testcase time="0.686999999999999" classname="paginate_listing" name="pagination_repeats_keycols_in_other_pages_longer_test_"/>
    <testcase time="0.124000000000001" classname="paginate_listing" name="paginate_to_mpfs_works_with_wrapping_on_keycols"/>
    <testcase time="0.0540000000000003" classname="paginate_listing" name="paginate_to_mpfs_works_with_wrapping_on_keycols"/>
    <testcase time="0.081999999999999" classname="paginate_listing" name="paginate_to_mpfs_works_with_wrapping_on_keycols"/>
    <testcase time="0.0850000000000009" classname="paginate_listing" name="paginate_to_mpfs_works_with_wrapping_on_keycols"/>
    <testcase time="0.122999999999999" classname="paginate_listing" name="paginate_to_mpfs_works_with_wrapping_on_keycols"/>
    <testcase time="0.191000000000001" classname="paginate_listing" name="paginate_to_mpfs_works_with_wrapping_on_keycols_when_doing_horizontal_pagination"/>
    <testcase time="0.196" classname="paginate_listing" name="paginate_to_mpfs_works_with_wrapping_on_keycols_when_doing_horizontal_pagination"/>
    <testcase time="0.0600000000000005" classname="paginate_listing" name="paginate_to_mpfs_works_with_wrapping_on_keycols_when_doing_horizontal_pagination"/>
    <testcase time="0.0129999999999999" classname="paginate_listing" name="paginate_listing_works_with_split_into_pages_by_var"/>
    <testcase time="0.171999999999999" classname="paginate_listing" name="paginate_listing_works_with_split_into_pages_by_var"/>
    <testcase time="0.00300000000000011" classname="paginate_listing" name="paginate_listing_works_with_split_into_pages_by_var"/>
    <testcase time="0.00300000000000011" classname="paginate_listing" name="paginate_listing_works_with_split_into_pages_by_var"/>
    <testcase time="0.00300000000000011" classname="paginate_listing" name="paginate_listing_works_with_split_into_pages_by_var"/>
    <testcase time="0.0329999999999995" classname="paginate_listing" name="paginate_listing_works_with_split_into_pages_by_var"/>
    <testcase time="0.202" classname="paginate_listing" name="paginate_listing_works_with_split_into_pages_by_var"/>
    <testcase time="0.0250000000000004" classname="paginate_listing" name="paginate_listing_works_with_split_into_pages_by_var_and_trailing_sep"/>
    <testcase time="0.0120000000000005" classname="paginate_listing" name="paginate_listing_works_with_split_into_pages_by_var_and_trailing_sep"/>
    <testcase time="0.124000000000001" classname="paginate_listing" name="paginate_listing_works_with_split_into_pages_by_var_and_trailing_sep"/>
  </testsuite>
  <testsuite name="print" timestamp="2025-04-29T08:47:11Z" hostname="d90337d6a753" tests="29" skipped="0" failures="0" errors="0" time="1.948">
    <testcase time="0.0789999999999988" classname="print" name="Listing_print_correctly"/>
    <testcase time="0.00300000000000011" classname="print" name="Listing_print_correctly"/>
    <testcase time="0.0210000000000008" classname="print" name="Listing_print_correctly"/>
    <testcase time="0.151999999999999" classname="print" name="Listing_print_correctly_with_different_widths"/>
    <testcase time="0.0750000000000011" classname="print" name="Listing_print_correctly_with_different_widths"/>
    <testcase time="0.0569999999999986" classname="print" name="as_listing_produces_correct_output_when_default_formatting_is_specified"/>
    <testcase time="0.00999999999999979" classname="print" name="as_listing_produces_correct_output_when_default_formatting_is_specified"/>
    <testcase time="0.00900000000000034" classname="print" name="as_listing_produces_correct_output_when_default_formatting_is_specified"/>
    <testcase time="0.0590000000000011" classname="print" name="as_listing_produces_correct_output_when_col_formatting_is_specified"/>
    <testcase time="0.138" classname="print" name="as_listing_produces_correct_output_when_col_formatting_is_specified"/>
    <testcase time="0.00499999999999901" classname="print" name="as_listing_produces_correct_output_when_col_formatting_is_specified"/>
    <testcase time="0.00600000000000023" classname="print" name="as_listing_produces_correct_output_when_col_formatting_is_specified"/>
    <testcase time="0.0500000000000007" classname="print" name="listings_support_newline_characters"/>
    <testcase time="0.0719999999999992" classname="print" name="listings_support_newline_characters"/>
    <testcase time="0.238000000000001" classname="print" name="listings_supports_wrapping"/>
    <testcase time="0.501999999999999" classname="print" name="listings_supports_wrapping"/>
    <testcase time="0.00300000000000011" classname="print" name="listings_supports_wrapping"/>
    <testcase time="0.0570000000000004" classname="print" name="listings_supports_wrapping"/>
    <testcase time="0.0579999999999998" classname="print" name="sas_rounding_support"/>
    <testcase time="0.00300000000000011" classname="print" name="sas_rounding_support"/>
    <testcase time="0.052999999999999" classname="print" name="sas_rounding_support"/>
    <testcase time="0.00300000000000011" classname="print" name="sas_rounding_support"/>
    <testcase time="0.0670000000000002" classname="print" name="sas_rounding_support"/>
    <testcase time="0.0519999999999996" classname="print" name="listings_supports_horizontal_separators"/>
    <testcase time="0.0460000000000012" classname="print" name="listings_supports_horizontal_separators"/>
    <testcase time="0.0380000000000003" classname="print" name="listings_supports_horizontal_separators"/>
    <testcase time="0.00499999999999901" classname="print" name="listings_supports_horizontal_separators"/>
    <testcase time="0.0440000000000005" classname="print" name="listings_supports_horizontal_separators"/>
    <testcase time="0.0429999999999993" classname="print" name="listings_supports_horizontal_separators"/>
  </testsuite>
</testsuites>
