<?xml version="1.0" encoding="UTF-8"?>
<testsuites>
  <testsuite name="export" timestamp="2023-10-15T16:48:29Z" hostname="e1563c0b0ccb" tests="8" skipped="3" failures="0" errors="0" time="1.483">
    <testcase time="0.262" classname="export" name="Listing_print_correctly"/>
    <testcase time="0.247" classname="export" name="key_columns_repeat_with_export_as_txt">
      <skipped message="Reason: On CRAN ('test-export.R:24:3')"/>
    </testcase>
    <testcase time="0.155" classname="export" name="key_columns_repeat_with_pagination_with_export_as_txt">
      <skipped message="Reason: On CRAN ('test-export.R:42:3')"/>
    </testcase>
    <testcase time="0.358" classname="export" name="Listing_print_correctly_with_paginate"/>
    <testcase time="0.00499999999999989" classname="export" name="Listing_print_correctly_with_paginate"/>
    <testcase time="0.004" classname="export" name="Listing_print_correctly_with_paginate"/>
    <testcase time="0.264" classname="export" name="export_as_txt_works_and_repeats_the_correct_lines_in_pagination"/>
    <testcase time="0.188" classname="export" name="export_as_txt_works_and_repeats_the_correct_lines_in_pagination">
      <skipped message="Reason: On CRAN ('test-export.R:76:3')"/>
    </testcase>
  </testsuite>
  <testsuite name="listings" timestamp="2023-10-15T16:48:30Z" hostname="e1563c0b0ccb" tests="37" skipped="0" failures="0" errors="0" time="0.739">
    <testcase time="0.0369999999999999" classname="listings" name="Column_labels_are_the_same"/>
    <testcase time="0.0219999999999998" classname="listings" name="Column_labels_are_the_same"/>
    <testcase time="0.004" classname="listings" name="Column_labels_are_the_same"/>
    <testcase time="0.0260000000000002" classname="listings" name="listings_work_well_with_different_formats_and_attributes"/>
    <testcase time="0.004" classname="listings" name="listings_work_well_with_different_formats_and_attributes"/>
    <testcase time="0.004" classname="listings" name="listings_work_well_with_different_formats_and_attributes"/>
    <testcase time="0.00499999999999989" classname="listings" name="listings_work_well_with_different_formats_and_attributes"/>
    <testcase time="0.004" classname="listings" name="listings_work_well_with_different_formats_and_attributes"/>
    <testcase time="0.004" classname="listings" name="listings_work_well_with_different_formats_and_attributes"/>
    <testcase time="0.004" classname="listings" name="listings_work_well_with_different_formats_and_attributes"/>
    <testcase time="0.004" classname="listings" name="listings_work_well_with_different_formats_and_attributes"/>
    <testcase time="0.00499999999999989" classname="listings" name="listings_work_well_with_different_formats_and_attributes"/>
    <testcase time="0.004" classname="listings" name="listings_work_well_with_different_formats_and_attributes"/>
    <testcase time="0.0210000000000004" classname="listings" name="listings_work_well_with_different_formats_and_attributes"/>
    <testcase time="0.00800000000000001" classname="listings" name="listings_work_well_with_different_formats_and_attributes"/>
    <testcase time="0.0089999999999999" classname="listings" name="listings_work_well_with_different_formats_and_attributes"/>
    <testcase time="0.00800000000000001" classname="listings" name="listings_work_well_with_different_formats_and_attributes"/>
    <testcase time="0.0089999999999999" classname="listings" name="listings_work_well_with_different_formats_and_attributes"/>
    <testcase time="0.004" classname="listings" name="listings_work_well_with_different_formats_and_attributes"/>
    <testcase time="0.0219999999999998" classname="listings" name="Content_of_listings_supports_newlines"/>
    <testcase time="0.0110000000000001" classname="listings" name="Content_of_listings_supports_newlines"/>
    <testcase time="0.0140000000000002" classname="listings" name="regression_test_for_keycols_being_lost_due_to_head_"/>
    <testcase time="0.0409999999999999" classname="listings" name="column_inclusion_and_ordering_stuff"/>
    <testcase time="0.0220000000000002" classname="listings" name="column_inclusion_and_ordering_stuff"/>
    <testcase time="0.0639999999999996" classname="listings" name="column_inclusion_and_ordering_stuff"/>
    <testcase time="0.069" classname="listings" name="column_inclusion_and_ordering_stuff"/>
    <testcase time="0.00600000000000023" classname="listings" name="column_inclusion_and_ordering_stuff"/>
    <testcase time="0.00599999999999978" classname="listings" name="column_inclusion_and_ordering_stuff"/>
    <testcase time="0.0630000000000002" classname="listings" name="column_inclusion_and_ordering_stuff"/>
    <testcase time="0.024" classname="listings" name="unique_rows_removes_duplicate_rows_from_listing"/>
    <testcase time="0.028" classname="listings" name="unique_rows_removes_duplicate_rows_from_listing"/>
    <testcase time="0.036" classname="listings" name="as_listing_custom_format_works_in_key_cols"/>
    <testcase time="0.0209999999999999" classname="listings" name="as_listing_custom_format_works_in_key_cols"/>
    <testcase time="0.048" classname="listings" name="as_listing_works_with_NA_values_in_key_cols"/>
    <testcase time="0.0350000000000001" classname="listings" name="as_listing_works_with_NA_values_in_key_cols"/>
    <testcase time="0.0329999999999999" classname="listings" name="as_listing_works_with_NA_values_in_key_cols"/>
    <testcase time="0.00999999999999979" classname="listings" name="as_listing_works_with_NA_values_in_key_cols"/>
  </testsuite>
  <testsuite name="paginate_listing" timestamp="2023-10-15T16:48:31Z" hostname="e1563c0b0ccb" tests="24" skipped="1" failures="0" errors="0" time="2.392">
    <testcase time="0.114" classname="paginate_listing" name="pagination_works_vertically">
      <skipped message="Reason: On CRAN ('test-paginate_listing.R:15:3')"/>
    </testcase>
    <testcase time="0.104" classname="paginate_listing" name="horizontal_pagination_with_0_or_1_key_column_specified_works_correctly"/>
    <testcase time="0.004" classname="paginate_listing" name="horizontal_pagination_with_0_or_1_key_column_specified_works_correctly"/>
    <testcase time="0.004" classname="paginate_listing" name="horizontal_pagination_with_0_or_1_key_column_specified_works_correctly"/>
    <testcase time="0.105" classname="paginate_listing" name="horizontal_pagination_with_0_or_1_key_column_specified_works_correctly"/>
    <testcase time="0.00500000000000034" classname="paginate_listing" name="horizontal_pagination_with_0_or_1_key_column_specified_works_correctly"/>
    <testcase time="0.004" classname="paginate_listing" name="horizontal_pagination_with_0_or_1_key_column_specified_works_correctly"/>
    <testcase time="0.004" classname="paginate_listing" name="horizontal_pagination_with_0_or_1_key_column_specified_works_correctly"/>
    <testcase time="0.0669999999999997" classname="paginate_listing" name="listing_works_with_no_vertical_pagination"/>
    <testcase time="0.00500000000000034" classname="paginate_listing" name="listing_works_with_no_vertical_pagination"/>
    <testcase time="0.00499999999999989" classname="paginate_listing" name="listing_works_with_no_vertical_pagination"/>
    <testcase time="0.0749999999999997" classname="paginate_listing" name="checking_vertical_pagination_line_calculation."/>
    <testcase time="0.00500000000000034" classname="paginate_listing" name="checking_vertical_pagination_line_calculation."/>
    <testcase time="0.23" classname="paginate_listing" name="pagination_lpp_and_cpp_correctly_computed_for_pg_width_and_pg_height"/>
    <testcase time="0.247" classname="paginate_listing" name="pagination_lpp_and_cpp_correctly_computed_for_page_type_and_font_size"/>
    <testcase time="0.222" classname="paginate_listing" name="pagination_lpp_and_cpp_correctly_computed_for_page_type_and_font_size"/>
    <testcase time="0.262" classname="paginate_listing" name="pagination_lpp_and_cpp_correctly_computed_for_lineheight"/>
    <testcase time="0.238" classname="paginate_listing" name="pagination_lpp_and_cpp_correctly_computed_for_landscape"/>
    <testcase time="0.258999999999999" classname="paginate_listing" name="pagination_lpp_and_cpp_correctly_computed_for_margins"/>
    <testcase time="0.0800000000000001" classname="paginate_listing" name="pagination_works_with_col_wrapping"/>
    <testcase time="0.0960000000000001" classname="paginate_listing" name="pagination_works_with_col_wrapping"/>
    <testcase time="0.00699999999999967" classname="paginate_listing" name="pagination_works_with_col_wrapping"/>
    <testcase time="0.238" classname="paginate_listing" name="pagination_repeats_keycols_in_other_pages"/>
    <testcase time="0.0119999999999996" classname="paginate_listing" name="defunct_is_defunct"/>
  </testsuite>
  <testsuite name="print" timestamp="2023-10-15T16:48:33Z" hostname="e1563c0b0ccb" tests="6" skipped="5" failures="0" errors="0" time="0.325">
    <testcase time="0.0440000000000005" classname="print" name="Listing_print_correctly">
      <skipped message="Reason: On CRAN ('test-print.R:7:3')"/>
    </testcase>
    <testcase time="0.0869999999999997" classname="print" name="Listing_print_correctly_with_different_widths"/>
    <testcase time="0.0499999999999998" classname="print" name="Listing_print_correctly_with_different_widths">
      <skipped message="Reason: On CRAN ('test-print.R:19:3')"/>
    </testcase>
    <testcase time="0.0500000000000007" classname="print" name="as_listing_produces_correct_output_when_default_formatting_is_specified">
      <skipped message="Reason: On CRAN ('test-print.R:34:3')"/>
    </testcase>
    <testcase time="0.0479999999999992" classname="print" name="as_listing_produces_correct_output_when_col_formatting_is_specified">
      <skipped message="Reason: On CRAN ('test-print.R:74:3')"/>
    </testcase>
    <testcase time="0.0460000000000003" classname="print" name="listings_support_newline_characters">
      <skipped message="Reason: On CRAN ('test-print.R:132:3')"/>
    </testcase>
  </testsuite>
</testsuites>
