<?xml version="1.0" encoding="UTF-8"?>
<testsuites>
  <testsuite name="listing_dsl01" timestamp="2023-02-16T14:05:06Z" hostname="31eab12735c3" tests="9" skipped="0" failures="0" errors="0" time="0.158">
    <testcase time="0.0569999999999999" classname="listing_dsl01" name="DSL01_listing_is_produced_correctly"/>
    <testcase time="0.0740000000000001" classname="listing_dsl01" name="DSL01_listing_is_produced_correctly"/>
    <testcase time="0.0149999999999999" classname="listing_dsl01" name="DSL01_listing_is_produced_correctly"/>
    <testcase time="0.002" classname="listing_dsl01" name="DSL01_listing_is_produced_correctly"/>
    <testcase time="0.00100000000000011" classname="listing_dsl01" name="DSL01_listing_is_produced_correctly"/>
    <testcase time="0.002" classname="listing_dsl01" name="DSL01_listing_is_produced_correctly"/>
    <testcase time="0.002" classname="listing_dsl01" name="DSL01_listing_is_produced_correctly"/>
    <testcase time="0.00299999999999989" classname="listing_dsl01" name="DSL01_listing_is_produced_correctly"/>
    <testcase time="0.002" classname="listing_dsl01" name="DSL01_listing_is_produced_correctly"/>
  </testsuite>
  <testsuite name="listings" timestamp="2023-02-16T14:05:06Z" hostname="31eab12735c3" tests="29" skipped="0" failures="0" errors="0" time="0.525">
    <testcase time="0.0230000000000001" classname="listings" name="Column_labels_are_the_same"/>
    <testcase time="0.087" classname="listings" name="Column_labels_are_the_same"/>
    <testcase time="0.00600000000000001" classname="listings" name="Column_labels_are_the_same"/>
    <testcase time="0.024" classname="listings" name="listings_work_well_with_different_formats_and_attributes"/>
    <testcase time="0.002" classname="listings" name="listings_work_well_with_different_formats_and_attributes"/>
    <testcase time="0.002" classname="listings" name="listings_work_well_with_different_formats_and_attributes"/>
    <testcase time="0.002" classname="listings" name="listings_work_well_with_different_formats_and_attributes"/>
    <testcase time="0.002" classname="listings" name="listings_work_well_with_different_formats_and_attributes"/>
    <testcase time="0.00099999999999989" classname="listings" name="listings_work_well_with_different_formats_and_attributes"/>
    <testcase time="0.002" classname="listings" name="listings_work_well_with_different_formats_and_attributes"/>
    <testcase time="0.002" classname="listings" name="listings_work_well_with_different_formats_and_attributes"/>
    <testcase time="0.002" classname="listings" name="listings_work_well_with_different_formats_and_attributes"/>
    <testcase time="0.00300000000000011" classname="listings" name="listings_work_well_with_different_formats_and_attributes"/>
    <testcase time="0.0229999999999999" classname="listings" name="listings_work_well_with_different_formats_and_attributes"/>
    <testcase time="0.0129999999999999" classname="listings" name="listings_work_well_with_different_formats_and_attributes"/>
    <testcase time="0.0130000000000001" classname="listings" name="listings_work_well_with_different_formats_and_attributes"/>
    <testcase time="0.012" classname="listings" name="listings_work_well_with_different_formats_and_attributes"/>
    <testcase time="0.012" classname="listings" name="listings_work_well_with_different_formats_and_attributes"/>
    <testcase time="0.002" classname="listings" name="listings_work_well_with_different_formats_and_attributes"/>
    <testcase time="0.014" classname="listings" name="Content_of_listings_supports_newlines"/>
    <testcase time="0.00600000000000001" classname="listings" name="Content_of_listings_supports_newlines"/>
    <testcase time="0.01" classname="listings" name="regression_test_for_keycols_being_lost_due_to_head_"/>
    <testcase time="0.042" classname="listings" name="column_inclusion_and_ordering_stuff"/>
    <testcase time="0.0279999999999998" classname="listings" name="column_inclusion_and_ordering_stuff"/>
    <testcase time="0.012" classname="listings" name="column_inclusion_and_ordering_stuff"/>
    <testcase time="0.012" classname="listings" name="column_inclusion_and_ordering_stuff"/>
    <testcase time="0.01" classname="listings" name="column_inclusion_and_ordering_stuff"/>
    <testcase time="0.00900000000000012" classname="listings" name="column_inclusion_and_ordering_stuff"/>
    <testcase time="0.149" classname="listings" name="column_inclusion_and_ordering_stuff"/>
  </testsuite>
  <testsuite name="paginate_listing" timestamp="2023-02-16T14:05:07Z" hostname="31eab12735c3" tests="16" skipped="0" failures="0" errors="0" time="0.626">
    <testcase time="0.229" classname="paginate_listing" name="pagination_works_vertically"/>
    <testcase time="0.056" classname="paginate_listing" name="pagination_works_vertically"/>
    <testcase time="0.00199999999999978" classname="paginate_listing" name="pagination_works_vertically"/>
    <testcase time="0.0100000000000002" classname="paginate_listing" name="pagination_works_vertically"/>
    <testcase time="0.113" classname="paginate_listing" name="horizontal_pagination_with_0_or_1_key_column_specified_works_correctly"/>
    <testcase time="0.00099999999999989" classname="paginate_listing" name="horizontal_pagination_with_0_or_1_key_column_specified_works_correctly"/>
    <testcase time="0.00199999999999978" classname="paginate_listing" name="horizontal_pagination_with_0_or_1_key_column_specified_works_correctly"/>
    <testcase time="0.102" classname="paginate_listing" name="horizontal_pagination_with_0_or_1_key_column_specified_works_correctly"/>
    <testcase time="0.00199999999999978" classname="paginate_listing" name="horizontal_pagination_with_0_or_1_key_column_specified_works_correctly"/>
    <testcase time="0.00099999999999989" classname="paginate_listing" name="horizontal_pagination_with_0_or_1_key_column_specified_works_correctly"/>
    <testcase time="0.00300000000000011" classname="paginate_listing" name="horizontal_pagination_with_0_or_1_key_column_specified_works_correctly"/>
    <testcase time="0.048" classname="paginate_listing" name="listing_works_with_no_vertical_pagination"/>
    <testcase time="0.00199999999999978" classname="paginate_listing" name="listing_works_with_no_vertical_pagination"/>
    <testcase time="0.00200000000000022" classname="paginate_listing" name="listing_works_with_no_vertical_pagination"/>
    <testcase time="0.0510000000000002" classname="paginate_listing" name="checking_vertical_pagination_line_calculation."/>
    <testcase time="0.00199999999999978" classname="paginate_listing" name="checking_vertical_pagination_line_calculation."/>
  </testsuite>
</testsuites>
