<?xml version="1.0" encoding="UTF-8"?>
<testsuites>
  <testsuite name="export" timestamp="2023-05-11T13:20:10Z" hostname="995dd26ec497" tests="2" skipped="0" failures="0" errors="0" time="1.796">
    <testcase time="0.215" classname="export" name="Listing_print_correctly"/>
    <testcase time="1.581" classname="export" name="Listing_print_correctly_with_paginate"/>
  </testsuite>
  <testsuite name="listings" timestamp="2023-05-11T13:20:12Z" hostname="995dd26ec497" tests="29" skipped="0" failures="0" errors="0" time="21.139">
    <testcase time="0.0260000000000002" classname="listings" name="Column_labels_are_the_same"/>
    <testcase time="0.016" classname="listings" name="Column_labels_are_the_same"/>
    <testcase time="0.00099999999999989" classname="listings" name="Column_labels_are_the_same"/>
    <testcase time="0.0190000000000001" classname="listings" name="listings_work_well_with_different_formats_and_attributes"/>
    <testcase time="0.00199999999999978" classname="listings" name="listings_work_well_with_different_formats_and_attributes"/>
    <testcase time="0.00100000000000033" classname="listings" name="listings_work_well_with_different_formats_and_attributes"/>
    <testcase time="0.00099999999999989" classname="listings" name="listings_work_well_with_different_formats_and_attributes"/>
    <testcase time="0.00099999999999989" classname="listings" name="listings_work_well_with_different_formats_and_attributes"/>
    <testcase time="0.00099999999999989" classname="listings" name="listings_work_well_with_different_formats_and_attributes"/>
    <testcase time="0.004" classname="listings" name="listings_work_well_with_different_formats_and_attributes"/>
    <testcase time="0.00099999999999989" classname="listings" name="listings_work_well_with_different_formats_and_attributes"/>
    <testcase time="0.00099999999999989" classname="listings" name="listings_work_well_with_different_formats_and_attributes"/>
    <testcase time="0.00200000000000022" classname="listings" name="listings_work_well_with_different_formats_and_attributes"/>
    <testcase time="0.012" classname="listings" name="listings_work_well_with_different_formats_and_attributes"/>
    <testcase time="0.00800000000000001" classname="listings" name="listings_work_well_with_different_formats_and_attributes"/>
    <testcase time="0.00799999999999956" classname="listings" name="listings_work_well_with_different_formats_and_attributes"/>
    <testcase time="0.00800000000000001" classname="listings" name="listings_work_well_with_different_formats_and_attributes"/>
    <testcase time="0.00700000000000012" classname="listings" name="listings_work_well_with_different_formats_and_attributes"/>
    <testcase time="0.00200000000000022" classname="listings" name="listings_work_well_with_different_formats_and_attributes"/>
    <testcase time="0.012" classname="listings" name="Content_of_listings_supports_newlines"/>
    <testcase time="0.00699999999999967" classname="listings" name="Content_of_listings_supports_newlines"/>
    <testcase time="0.00500000000000034" classname="listings" name="regression_test_for_keycols_being_lost_due_to_head_"/>
    <testcase time="0.024" classname="listings" name="column_inclusion_and_ordering_stuff"/>
    <testcase time="0.0169999999999999" classname="listings" name="column_inclusion_and_ordering_stuff"/>
    <testcase time="0.00599999999999978" classname="listings" name="column_inclusion_and_ordering_stuff"/>
    <testcase time="0.00600000000000023" classname="listings" name="column_inclusion_and_ordering_stuff"/>
    <testcase time="0.00999999999999979" classname="listings" name="column_inclusion_and_ordering_stuff"/>
    <testcase time="0.00500000000000034" classname="listings" name="column_inclusion_and_ordering_stuff"/>
    <testcase time="20.926" classname="listings" name="column_inclusion_and_ordering_stuff"/>
  </testsuite>
  <testsuite name="print" timestamp="2023-05-11T13:20:33Z" hostname="995dd26ec497" tests="4" skipped="0" failures="0" errors="0" time="0.103">
    <testcase time="0.0450000000000017" classname="print" name="Listing_print_correctly"/>
    <testcase time="0.0559999999999974" classname="print" name="Listing_print_correctly_with_different_widths"/>
    <testcase time="0.00100000000000122" classname="print" name="Listing_print_correctly_with_different_widths"/>
    <testcase time="0.00100000000000122" classname="print" name="Listing_print_correctly_with_different_widths"/>
  </testsuite>
</testsuites>
