<?xml version="1.0" encoding="UTF-8"?>
<testsuites>
  <testsuite name="export" timestamp="2023-05-11T03:11:31Z" hostname="c9acb454703b" tests="2" skipped="0" failures="0" errors="0" time="2.678">
    <testcase time="0.312" classname="export" name="Listing_print_correctly"/>
    <testcase time="2.366" classname="export" name="Listing_print_correctly_with_paginate"/>
  </testsuite>
  <testsuite name="listings" timestamp="2023-05-11T03:11:34Z" hostname="c9acb454703b" tests="29" skipped="0" failures="0" errors="0" time="33.36">
    <testcase time="0.0369999999999999" classname="listings" name="Column_labels_are_the_same"/>
    <testcase time="0.0250000000000004" classname="listings" name="Column_labels_are_the_same"/>
    <testcase time="0.00199999999999978" classname="listings" name="Column_labels_are_the_same"/>
    <testcase time="0.0289999999999999" classname="listings" name="listings_work_well_with_different_formats_and_attributes"/>
    <testcase time="0.00199999999999978" classname="listings" name="listings_work_well_with_different_formats_and_attributes"/>
    <testcase time="0.00100000000000033" classname="listings" name="listings_work_well_with_different_formats_and_attributes"/>
    <testcase time="0.00199999999999978" classname="listings" name="listings_work_well_with_different_formats_and_attributes"/>
    <testcase time="0.00199999999999978" classname="listings" name="listings_work_well_with_different_formats_and_attributes"/>
    <testcase time="0.00100000000000033" classname="listings" name="listings_work_well_with_different_formats_and_attributes"/>
    <testcase time="0.00199999999999978" classname="listings" name="listings_work_well_with_different_formats_and_attributes"/>
    <testcase time="0.00600000000000023" classname="listings" name="listings_work_well_with_different_formats_and_attributes"/>
    <testcase time="0.00199999999999978" classname="listings" name="listings_work_well_with_different_formats_and_attributes"/>
    <testcase time="0.00200000000000067" classname="listings" name="listings_work_well_with_different_formats_and_attributes"/>
    <testcase time="0.016" classname="listings" name="listings_work_well_with_different_formats_and_attributes"/>
    <testcase time="0.0109999999999992" classname="listings" name="listings_work_well_with_different_formats_and_attributes"/>
    <testcase time="0.0110000000000001" classname="listings" name="listings_work_well_with_different_formats_and_attributes"/>
    <testcase time="0.0119999999999996" classname="listings" name="listings_work_well_with_different_formats_and_attributes"/>
    <testcase time="0.0110000000000001" classname="listings" name="listings_work_well_with_different_formats_and_attributes"/>
    <testcase time="0.00199999999999978" classname="listings" name="listings_work_well_with_different_formats_and_attributes"/>
    <testcase time="0.0170000000000003" classname="listings" name="Content_of_listings_supports_newlines"/>
    <testcase time="0.00599999999999934" classname="listings" name="Content_of_listings_supports_newlines"/>
    <testcase time="0.0110000000000001" classname="listings" name="regression_test_for_keycols_being_lost_due_to_head_"/>
    <testcase time="0.0369999999999999" classname="listings" name="column_inclusion_and_ordering_stuff"/>
    <testcase time="0.0230000000000006" classname="listings" name="column_inclusion_and_ordering_stuff"/>
    <testcase time="0.00899999999999945" classname="listings" name="column_inclusion_and_ordering_stuff"/>
    <testcase time="0.00800000000000001" classname="listings" name="column_inclusion_and_ordering_stuff"/>
    <testcase time="0.0140000000000002" classname="listings" name="column_inclusion_and_ordering_stuff"/>
    <testcase time="0.00800000000000001" classname="listings" name="column_inclusion_and_ordering_stuff"/>
    <testcase time="33.051" classname="listings" name="column_inclusion_and_ordering_stuff"/>
  </testsuite>
  <testsuite name="paginate_listing" timestamp="2023-05-11T03:12:07Z" hostname="c9acb454703b" tests="25" skipped="0" failures="0" errors="0" time="2.882">
    <testcase time="0.100000000000001" classname="paginate_listing" name="pagination_works_vertically"/>
    <testcase time="0.0770000000000053" classname="paginate_listing" name="pagination_works_vertically"/>
    <testcase time="0.00300000000000011" classname="paginate_listing" name="pagination_works_vertically"/>
    <testcase time="0.0129999999999981" classname="paginate_listing" name="pagination_works_vertically"/>
    <testcase time="0.103999999999999" classname="paginate_listing" name="horizontal_pagination_with_0_or_1_key_column_specified_works_correctly"/>
    <testcase time="0.00200000000000244" classname="paginate_listing" name="horizontal_pagination_with_0_or_1_key_column_specified_works_correctly"/>
    <testcase time="0.000999999999997669" classname="paginate_listing" name="horizontal_pagination_with_0_or_1_key_column_specified_works_correctly"/>
    <testcase time="0.125" classname="paginate_listing" name="horizontal_pagination_with_0_or_1_key_column_specified_works_correctly"/>
    <testcase time="0.000999999999997669" classname="paginate_listing" name="horizontal_pagination_with_0_or_1_key_column_specified_works_correctly"/>
    <testcase time="0.00200000000000244" classname="paginate_listing" name="horizontal_pagination_with_0_or_1_key_column_specified_works_correctly"/>
    <testcase time="0.00200000000000244" classname="paginate_listing" name="horizontal_pagination_with_0_or_1_key_column_specified_works_correctly"/>
    <testcase time="0.046999999999997" classname="paginate_listing" name="listing_works_with_no_vertical_pagination"/>
    <testcase time="0.00200000000000244" classname="paginate_listing" name="listing_works_with_no_vertical_pagination"/>
    <testcase time="0.000999999999997669" classname="paginate_listing" name="listing_works_with_no_vertical_pagination"/>
    <testcase time="0.0649999999999977" classname="paginate_listing" name="checking_vertical_pagination_line_calculation."/>
    <testcase time="0.00200000000000244" classname="paginate_listing" name="checking_vertical_pagination_line_calculation."/>
    <testcase time="0.323999999999998" classname="paginate_listing" name="pagination_lpp_and_cpp_correctly_computed_for_pg_width_and_pg_height"/>
    <testcase time="0.335000000000001" classname="paginate_listing" name="pagination_lpp_and_cpp_correctly_computed_for_page_type_and_font_size"/>
    <testcase time="0.351999999999997" classname="paginate_listing" name="pagination_lpp_and_cpp_correctly_computed_for_page_type_and_font_size"/>
    <testcase time="0.369000000000007" classname="paginate_listing" name="pagination_lpp_and_cpp_correctly_computed_for_lineheight"/>
    <testcase time="0.352999999999994" classname="paginate_listing" name="pagination_lpp_and_cpp_correctly_computed_for_landscape"/>
    <testcase time="0.367000000000004" classname="paginate_listing" name="pagination_lpp_and_cpp_correctly_computed_for_margins"/>
    <testcase time="0.0999999999999943" classname="paginate_listing" name="pagination_works_with_col_wrapping"/>
    <testcase time="0.127000000000002" classname="paginate_listing" name="pagination_works_with_col_wrapping"/>
    <testcase time="0.00800000000000267" classname="paginate_listing" name="pagination_works_with_col_wrapping"/>
  </testsuite>
  <testsuite name="print" timestamp="2023-05-11T03:12:10Z" hostname="c9acb454703b" tests="4" skipped="0" failures="0" errors="0" time="0.121">
    <testcase time="0.036999999999999" classname="print" name="Listing_print_correctly"/>
    <testcase time="0.0820000000000007" classname="print" name="Listing_print_correctly_with_different_widths"/>
    <testcase time="0.000999999999997669" classname="print" name="Listing_print_correctly_with_different_widths"/>
    <testcase time="0.000999999999997669" classname="print" name="Listing_print_correctly_with_different_widths"/>
  </testsuite>
</testsuites>
