<?xml version="1.0" encoding="UTF-8"?>
<testsuites>
  <testsuite name="export" timestamp="2024-09-03T02:47:25Z" hostname="8286d2d6a15a" tests="9" skipped="0" failures="0" errors="0" time="2.078">
    <testcase time="0.2" classname="export" name="Listing_print_correctly"/>
    <testcase time="0.314" classname="export" name="key_columns_repeat_with_export_as_txt"/>
    <testcase time="0.172" classname="export" name="key_columns_repeat_with_pagination_with_export_as_txt"/>
    <testcase time="0.328" classname="export" name="Listing_print_correctly_with_paginate"/>
    <testcase time="0.00299999999999989" classname="export" name="Listing_print_correctly_with_paginate"/>
    <testcase time="0.002" classname="export" name="Listing_print_correctly_with_paginate"/>
    <testcase time="0.35" classname="export" name="export_as_txt_works_and_repeats_the_correct_lines_in_pagination"/>
    <testcase time="0.213" classname="export" name="export_as_txt_works_and_repeats_the_correct_lines_in_pagination"/>
    <testcase time="0.496" classname="export" name="export_as_txt_works_with_split_into_pages_by_var"/>
  </testsuite>
  <testsuite name="listings" timestamp="2024-09-03T02:47:27Z" hostname="8286d2d6a15a" tests="41" skipped="0" failures="0" errors="0" time="0.712">
    <testcase time="0.0170000000000003" classname="listings" name="Column_labels_are_the_same"/>
    <testcase time="0.0229999999999997" classname="listings" name="Column_labels_are_the_same"/>
    <testcase time="0.00300000000000011" classname="listings" name="Column_labels_are_the_same"/>
    <testcase time="0.0270000000000001" classname="listings" name="listings_work_well_with_different_formats_and_attributes"/>
    <testcase time="0.00299999999999967" classname="listings" name="listings_work_well_with_different_formats_and_attributes"/>
    <testcase time="0.00200000000000022" classname="listings" name="listings_work_well_with_different_formats_and_attributes"/>
    <testcase time="0.00199999999999978" classname="listings" name="listings_work_well_with_different_formats_and_attributes"/>
    <testcase time="0.00300000000000011" classname="listings" name="listings_work_well_with_different_formats_and_attributes"/>
    <testcase time="0.00200000000000022" classname="listings" name="listings_work_well_with_different_formats_and_attributes"/>
    <testcase time="0.00299999999999967" classname="listings" name="listings_work_well_with_different_formats_and_attributes"/>
    <testcase time="0.004" classname="listings" name="listings_work_well_with_different_formats_and_attributes"/>
    <testcase time="0.00300000000000011" classname="listings" name="listings_work_well_with_different_formats_and_attributes"/>
    <testcase time="0.00300000000000011" classname="listings" name="listings_work_well_with_different_formats_and_attributes"/>
    <testcase time="0.0089999999999999" classname="listings" name="listings_work_well_with_different_formats_and_attributes"/>
    <testcase time="0.00600000000000023" classname="listings" name="listings_work_well_with_different_formats_and_attributes"/>
    <testcase time="0.00599999999999978" classname="listings" name="listings_work_well_with_different_formats_and_attributes"/>
    <testcase time="0.0089999999999999" classname="listings" name="listings_work_well_with_different_formats_and_attributes"/>
    <testcase time="0.00800000000000001" classname="listings" name="listings_work_well_with_different_formats_and_attributes"/>
    <testcase time="0.00200000000000022" classname="listings" name="listings_work_well_with_different_formats_and_attributes"/>
    <testcase time="0.0190000000000001" classname="listings" name="Content_of_listings_supports_newlines"/>
    <testcase time="0.016" classname="listings" name="Content_of_listings_supports_newlines"/>
    <testcase time="0.0089999999999999" classname="listings" name="regression_test_for_keycols_being_lost_due_to_head_"/>
    <testcase time="0.0529999999999999" classname="listings" name="column_inclusion_and_ordering_stuff"/>
    <testcase time="0.0150000000000001" classname="listings" name="column_inclusion_and_ordering_stuff"/>
    <testcase time="0.0449999999999999" classname="listings" name="column_inclusion_and_ordering_stuff"/>
    <testcase time="0.0409999999999999" classname="listings" name="column_inclusion_and_ordering_stuff"/>
    <testcase time="0.00499999999999989" classname="listings" name="column_inclusion_and_ordering_stuff"/>
    <testcase time="0.004" classname="listings" name="column_inclusion_and_ordering_stuff"/>
    <testcase time="0.0780000000000003" classname="listings" name="column_inclusion_and_ordering_stuff"/>
    <testcase time="0.024" classname="listings" name="unique_rows_removes_duplicate_rows_from_listing"/>
    <testcase time="0.0249999999999999" classname="listings" name="unique_rows_removes_duplicate_rows_from_listing"/>
    <testcase time="0.0339999999999998" classname="listings" name="as_listing_custom_format_works_in_key_cols"/>
    <testcase time="0.024" classname="listings" name="as_listing_custom_format_works_in_key_cols"/>
    <testcase time="0.0409999999999999" classname="listings" name="as_listing_works_with_NA_values_in_key_cols"/>
    <testcase time="0.0409999999999999" classname="listings" name="as_listing_works_with_NA_values_in_key_cols"/>
    <testcase time="0.0370000000000004" classname="listings" name="as_listing_works_with_NA_values_in_key_cols"/>
    <testcase time="0.00800000000000001" classname="listings" name="as_listing_works_with_NA_values_in_key_cols"/>
    <testcase time="0.0259999999999998" classname="listings" name="add_listing_col_works_with_a_function_when_a_format_is_applied"/>
    <testcase time="0.012" classname="listings" name="split_into_pages_by_var_works_as_expected"/>
    <testcase time="0.00499999999999989" classname="listings" name="split_into_pages_by_var_works_as_expected"/>
    <testcase time="0.0150000000000001" classname="listings" name="split_into_pages_by_var_works_as_expected"/>
  </testsuite>
  <testsuite name="matrix_form" timestamp="2024-09-03T02:47:28Z" hostname="8286d2d6a15a" tests="10" skipped="0" failures="0" errors="0" time="0.345">
    <testcase time="0.0569999999999999" classname="matrix_form" name="matrix_form_keeps_relevant_information_and_structure_about_the_listing"/>
    <testcase time="0.00200000000000022" classname="matrix_form" name="matrix_form_keeps_relevant_information_and_structure_about_the_listing"/>
    <testcase time="0.00800000000000001" classname="matrix_form" name="matrix_form_keeps_relevant_information_and_structure_about_the_listing"/>
    <testcase time="0.0819999999999999" classname="matrix_form" name="matrix_form_keeps_relevant_information_and_structure_about_the_listing"/>
    <testcase time="0.0990000000000002" classname="matrix_form" name="matrix_form_keeps_relevant_information_and_structure_about_the_listing"/>
    <testcase time="0.00299999999999967" classname="matrix_form" name="matrix_form_keeps_relevant_information_and_structure_about_the_listing"/>
    <testcase time="0.00200000000000022" classname="matrix_form" name="matrix_form_keeps_relevant_information_and_structure_about_the_listing"/>
    <testcase time="0.0869999999999997" classname="matrix_form" name="matrix_form_keeps_relevant_information_and_structure_about_the_listing"/>
    <testcase time="0.00300000000000011" classname="matrix_form" name="matrix_form_keeps_relevant_information_and_structure_about_the_listing"/>
    <testcase time="0.00200000000000022" classname="matrix_form" name="matrix_form_keeps_relevant_information_and_structure_about_the_listing"/>
  </testsuite>
  <testsuite name="paginate_listing" timestamp="2024-09-03T02:47:28Z" hostname="8286d2d6a15a" tests="42" skipped="0" failures="0" errors="0" time="6.022">
    <testcase time="0.13" classname="paginate_listing" name="pagination_works_vertically"/>
    <testcase time="0.103" classname="paginate_listing" name="pagination_works_vertically"/>
    <testcase time="0.0329999999999995" classname="paginate_listing" name="pagination_works_vertically"/>
    <testcase time="0.106" classname="paginate_listing" name="horizontal_pagination_with_0_or_1_key_column_specified_works_correctly"/>
    <testcase time="0.00300000000000011" classname="paginate_listing" name="horizontal_pagination_with_0_or_1_key_column_specified_works_correctly"/>
    <testcase time="0.00200000000000067" classname="paginate_listing" name="horizontal_pagination_with_0_or_1_key_column_specified_works_correctly"/>
    <testcase time="0.122999999999999" classname="paginate_listing" name="horizontal_pagination_with_0_or_1_key_column_specified_works_correctly"/>
    <testcase time="0.00300000000000011" classname="paginate_listing" name="horizontal_pagination_with_0_or_1_key_column_specified_works_correctly"/>
    <testcase time="0.00199999999999978" classname="paginate_listing" name="horizontal_pagination_with_0_or_1_key_column_specified_works_correctly"/>
    <testcase time="0.00300000000000011" classname="paginate_listing" name="horizontal_pagination_with_0_or_1_key_column_specified_works_correctly"/>
    <testcase time="0.0760000000000005" classname="paginate_listing" name="listing_works_with_no_vertical_pagination"/>
    <testcase time="0.00399999999999956" classname="paginate_listing" name="listing_works_with_no_vertical_pagination"/>
    <testcase time="0.00300000000000011" classname="paginate_listing" name="listing_works_with_no_vertical_pagination"/>
    <testcase time="0.0810000000000004" classname="paginate_listing" name="checking_vertical_pagination_line_calculation."/>
    <testcase time="0.00399999999999956" classname="paginate_listing" name="checking_vertical_pagination_line_calculation."/>
    <testcase time="0.466" classname="paginate_listing" name="pagination_lpp_and_cpp_correctly_computed_for_pg_width_and_pg_height"/>
    <testcase time="0.479" classname="paginate_listing" name="pagination_lpp_and_cpp_correctly_computed_for_page_type_and_font_size"/>
    <testcase time="0.472" classname="paginate_listing" name="pagination_lpp_and_cpp_correctly_computed_for_page_type_and_font_size"/>
    <testcase time="0.550000000000001" classname="paginate_listing" name="pagination_lpp_and_cpp_correctly_computed_for_lineheight"/>
    <testcase time="0.492" classname="paginate_listing" name="pagination_lpp_and_cpp_correctly_computed_for_landscape"/>
    <testcase time="0.561" classname="paginate_listing" name="pagination_lpp_and_cpp_correctly_computed_for_margins"/>
    <testcase time="0.206" classname="paginate_listing" name="pagination_works_with_col_wrapping"/>
    <testcase time="0.201000000000001" classname="paginate_listing" name="pagination_works_with_col_wrapping"/>
    <testcase time="0.00599999999999934" classname="paginate_listing" name="pagination_works_with_col_wrapping"/>
    <testcase time="0.227000000000001" classname="paginate_listing" name="pagination_repeats_keycols_in_other_pages"/>
    <testcase time="0.159999999999998" classname="paginate_listing" name="pagination_repeats_keycols_in_other_pages"/>
    <testcase time="0.137" classname="paginate_listing" name="pagination_repeats_keycols_in_other_pages"/>
    <testcase time="0.154" classname="paginate_listing" name="pagination_repeats_keycols_in_other_pages"/>
    <testcase time="0.130000000000001" classname="paginate_listing" name="paginate_to_mpfs_works_with_wrapping_on_keycols"/>
    <testcase time="0.0579999999999998" classname="paginate_listing" name="paginate_to_mpfs_works_with_wrapping_on_keycols"/>
    <testcase time="0.0719999999999992" classname="paginate_listing" name="paginate_to_mpfs_works_with_wrapping_on_keycols"/>
    <testcase time="0.0750000000000011" classname="paginate_listing" name="paginate_to_mpfs_works_with_wrapping_on_keycols"/>
    <testcase time="0.116999999999999" classname="paginate_listing" name="paginate_to_mpfs_works_with_wrapping_on_keycols"/>
    <testcase time="0.164" classname="paginate_listing" name="paginate_to_mpfs_works_with_wrapping_on_keycols_when_doing_horizontal_pagination"/>
    <testcase time="0.178000000000001" classname="paginate_listing" name="paginate_to_mpfs_works_with_wrapping_on_keycols_when_doing_horizontal_pagination"/>
    <testcase time="0.0559999999999992" classname="paginate_listing" name="paginate_to_mpfs_works_with_wrapping_on_keycols_when_doing_horizontal_pagination"/>
    <testcase time="0.164000000000001" classname="paginate_listing" name="paginate_listing_works_with_split_into_pages_by_var"/>
    <testcase time="0.00199999999999889" classname="paginate_listing" name="paginate_listing_works_with_split_into_pages_by_var"/>
    <testcase time="0.00300000000000011" classname="paginate_listing" name="paginate_listing_works_with_split_into_pages_by_var"/>
    <testcase time="0.00200000000000067" classname="paginate_listing" name="paginate_listing_works_with_split_into_pages_by_var"/>
    <testcase time="0.0339999999999989" classname="paginate_listing" name="paginate_listing_works_with_split_into_pages_by_var"/>
    <testcase time="0.180000000000001" classname="paginate_listing" name="paginate_listing_works_with_split_into_pages_by_var"/>
  </testsuite>
  <testsuite name="print" timestamp="2024-09-03T02:47:34Z" hostname="8286d2d6a15a" tests="16" skipped="0" failures="0" errors="0" time="1.389">
    <testcase time="0.0579999999999998" classname="print" name="Listing_print_correctly"/>
    <testcase time="0.141" classname="print" name="Listing_print_correctly_with_different_widths"/>
    <testcase time="0.0689999999999991" classname="print" name="Listing_print_correctly_with_different_widths"/>
    <testcase time="0.0570000000000004" classname="print" name="as_listing_produces_correct_output_when_default_formatting_is_specified"/>
    <testcase time="0.00600000000000023" classname="print" name="as_listing_produces_correct_output_when_default_formatting_is_specified"/>
    <testcase time="0.00600000000000023" classname="print" name="as_listing_produces_correct_output_when_default_formatting_is_specified"/>
    <testcase time="0.052999999999999" classname="print" name="as_listing_produces_correct_output_when_col_formatting_is_specified"/>
    <testcase time="0.0549999999999997" classname="print" name="as_listing_produces_correct_output_when_col_formatting_is_specified"/>
    <testcase time="0.00500000000000078" classname="print" name="as_listing_produces_correct_output_when_col_formatting_is_specified"/>
    <testcase time="0.00500000000000078" classname="print" name="as_listing_produces_correct_output_when_col_formatting_is_specified"/>
    <testcase time="0.0449999999999999" classname="print" name="listings_support_newline_characters"/>
    <testcase time="0.0729999999999986" classname="print" name="listings_support_newline_characters"/>
    <testcase time="0.248000000000001" classname="print" name="listings_supports_wrapping"/>
    <testcase time="0.507999999999999" classname="print" name="listings_supports_wrapping"/>
    <testcase time="0.00300000000000011" classname="print" name="listings_supports_wrapping"/>
    <testcase time="0.0570000000000004" classname="print" name="listings_supports_wrapping"/>
  </testsuite>
</testsuites>
