<?xml version="1.0" encoding="UTF-8"?>
<testsuites>
  <testsuite name="export" timestamp="2024-09-03T02:47:24Z" hostname="4b42d8ae8802" tests="9" skipped="4" failures="0" errors="0" time="2.181">
    <testcase time="0.207" classname="export" name="Listing_print_correctly"/>
    <testcase time="0.294" classname="export" name="key_columns_repeat_with_export_as_txt">
      <skipped message="Reason: On CRAN ('test-export.R:27:3')"/>
    </testcase>
    <testcase time="0.173" classname="export" name="key_columns_repeat_with_pagination_with_export_as_txt">
      <skipped message="Reason: On CRAN ('test-export.R:43:3')"/>
    </testcase>
    <testcase time="0.364" classname="export" name="Listing_print_correctly_with_paginate"/>
    <testcase time="0.00300000000000011" classname="export" name="Listing_print_correctly_with_paginate"/>
    <testcase time="0.00299999999999989" classname="export" name="Listing_print_correctly_with_paginate"/>
    <testcase time="0.36" classname="export" name="export_as_txt_works_and_repeats_the_correct_lines_in_pagination"/>
    <testcase time="0.214" classname="export" name="export_as_txt_works_and_repeats_the_correct_lines_in_pagination">
      <skipped message="Reason: On CRAN ('test-export.R:76:3')"/>
    </testcase>
    <testcase time="0.563" classname="export" name="export_as_txt_works_with_split_into_pages_by_var">
      <skipped message="Reason: On CRAN ('test-export.R:93:3')"/>
    </testcase>
  </testsuite>
  <testsuite name="listings" timestamp="2024-09-03T02:47:26Z" hostname="4b42d8ae8802" tests="41" skipped="0" failures="0" errors="0" time="0.83">
    <testcase time="0.0289999999999999" classname="listings" name="Column_labels_are_the_same"/>
    <testcase time="0.0270000000000001" classname="listings" name="Column_labels_are_the_same"/>
    <testcase time="0.00299999999999967" classname="listings" name="Column_labels_are_the_same"/>
    <testcase time="0.032" classname="listings" name="listings_work_well_with_different_formats_and_attributes"/>
    <testcase time="0.00300000000000011" classname="listings" name="listings_work_well_with_different_formats_and_attributes"/>
    <testcase time="0.00300000000000011" classname="listings" name="listings_work_well_with_different_formats_and_attributes"/>
    <testcase time="0.00299999999999967" classname="listings" name="listings_work_well_with_different_formats_and_attributes"/>
    <testcase time="0.00300000000000011" classname="listings" name="listings_work_well_with_different_formats_and_attributes"/>
    <testcase time="0.00200000000000022" classname="listings" name="listings_work_well_with_different_formats_and_attributes"/>
    <testcase time="0.00299999999999967" classname="listings" name="listings_work_well_with_different_formats_and_attributes"/>
    <testcase time="0.00600000000000023" classname="listings" name="listings_work_well_with_different_formats_and_attributes"/>
    <testcase time="0.004" classname="listings" name="listings_work_well_with_different_formats_and_attributes"/>
    <testcase time="0.004" classname="listings" name="listings_work_well_with_different_formats_and_attributes"/>
    <testcase time="0.00999999999999979" classname="listings" name="listings_work_well_with_different_formats_and_attributes"/>
    <testcase time="0.00700000000000012" classname="listings" name="listings_work_well_with_different_formats_and_attributes"/>
    <testcase time="0.00700000000000012" classname="listings" name="listings_work_well_with_different_formats_and_attributes"/>
    <testcase time="0.0110000000000001" classname="listings" name="listings_work_well_with_different_formats_and_attributes"/>
    <testcase time="0.0089999999999999" classname="listings" name="listings_work_well_with_different_formats_and_attributes"/>
    <testcase time="0.00300000000000011" classname="listings" name="listings_work_well_with_different_formats_and_attributes"/>
    <testcase time="0.02" classname="listings" name="Content_of_listings_supports_newlines"/>
    <testcase time="0.0179999999999998" classname="listings" name="Content_of_listings_supports_newlines"/>
    <testcase time="0.0089999999999999" classname="listings" name="regression_test_for_keycols_being_lost_due_to_head_"/>
    <testcase time="0.056" classname="listings" name="column_inclusion_and_ordering_stuff"/>
    <testcase time="0.0169999999999999" classname="listings" name="column_inclusion_and_ordering_stuff"/>
    <testcase time="0.0489999999999999" classname="listings" name="column_inclusion_and_ordering_stuff"/>
    <testcase time="0.0450000000000004" classname="listings" name="column_inclusion_and_ordering_stuff"/>
    <testcase time="0.00499999999999989" classname="listings" name="column_inclusion_and_ordering_stuff"/>
    <testcase time="0.00499999999999989" classname="listings" name="column_inclusion_and_ordering_stuff"/>
    <testcase time="0.0899999999999999" classname="listings" name="column_inclusion_and_ordering_stuff"/>
    <testcase time="0.0270000000000001" classname="listings" name="unique_rows_removes_duplicate_rows_from_listing"/>
    <testcase time="0.0329999999999999" classname="listings" name="unique_rows_removes_duplicate_rows_from_listing"/>
    <testcase time="0.0390000000000001" classname="listings" name="as_listing_custom_format_works_in_key_cols"/>
    <testcase time="0.028" classname="listings" name="as_listing_custom_format_works_in_key_cols"/>
    <testcase time="0.0510000000000002" classname="listings" name="as_listing_works_with_NA_values_in_key_cols"/>
    <testcase time="0.044" classname="listings" name="as_listing_works_with_NA_values_in_key_cols"/>
    <testcase time="0.0469999999999997" classname="listings" name="as_listing_works_with_NA_values_in_key_cols"/>
    <testcase time="0.0089999999999999" classname="listings" name="as_listing_works_with_NA_values_in_key_cols"/>
    <testcase time="0.0310000000000001" classname="listings" name="add_listing_col_works_with_a_function_when_a_format_is_applied"/>
    <testcase time="0.0140000000000002" classname="listings" name="split_into_pages_by_var_works_as_expected"/>
    <testcase time="0.00299999999999967" classname="listings" name="split_into_pages_by_var_works_as_expected"/>
    <testcase time="0.0210000000000004" classname="listings" name="split_into_pages_by_var_works_as_expected"/>
  </testsuite>
  <testsuite name="matrix_form" timestamp="2024-09-03T02:47:27Z" hostname="4b42d8ae8802" tests="10" skipped="0" failures="0" errors="0" time="0.37">
    <testcase time="0.0619999999999998" classname="matrix_form" name="matrix_form_keeps_relevant_information_and_structure_about_the_listing"/>
    <testcase time="0.00300000000000011" classname="matrix_form" name="matrix_form_keeps_relevant_information_and_structure_about_the_listing"/>
    <testcase time="0.0089999999999999" classname="matrix_form" name="matrix_form_keeps_relevant_information_and_structure_about_the_listing"/>
    <testcase time="0.0129999999999999" classname="matrix_form" name="matrix_form_keeps_relevant_information_and_structure_about_the_listing"/>
    <testcase time="0.174" classname="matrix_form" name="matrix_form_keeps_relevant_information_and_structure_about_the_listing"/>
    <testcase time="0.004" classname="matrix_form" name="matrix_form_keeps_relevant_information_and_structure_about_the_listing"/>
    <testcase time="0.00300000000000011" classname="matrix_form" name="matrix_form_keeps_relevant_information_and_structure_about_the_listing"/>
    <testcase time="0.0960000000000001" classname="matrix_form" name="matrix_form_keeps_relevant_information_and_structure_about_the_listing"/>
    <testcase time="0.00300000000000011" classname="matrix_form" name="matrix_form_keeps_relevant_information_and_structure_about_the_listing"/>
    <testcase time="0.00300000000000011" classname="matrix_form" name="matrix_form_keeps_relevant_information_and_structure_about_the_listing"/>
  </testsuite>
  <testsuite name="paginate_listing" timestamp="2024-09-03T02:47:27Z" hostname="4b42d8ae8802" tests="34" skipped="4" failures="0" errors="0" time="5.3">
    <testcase time="0.121" classname="paginate_listing" name="pagination_works_vertically">
      <skipped message="Reason: On CRAN ('test-paginate_listing.R:18:3')"/>
    </testcase>
    <testcase time="0.127000000000001" classname="paginate_listing" name="horizontal_pagination_with_0_or_1_key_column_specified_works_correctly"/>
    <testcase time="0.00199999999999978" classname="paginate_listing" name="horizontal_pagination_with_0_or_1_key_column_specified_works_correctly"/>
    <testcase time="0.00300000000000011" classname="paginate_listing" name="horizontal_pagination_with_0_or_1_key_column_specified_works_correctly"/>
    <testcase time="0.129" classname="paginate_listing" name="horizontal_pagination_with_0_or_1_key_column_specified_works_correctly"/>
    <testcase time="0.00300000000000011" classname="paginate_listing" name="horizontal_pagination_with_0_or_1_key_column_specified_works_correctly"/>
    <testcase time="0.00199999999999978" classname="paginate_listing" name="horizontal_pagination_with_0_or_1_key_column_specified_works_correctly"/>
    <testcase time="0.00300000000000011" classname="paginate_listing" name="horizontal_pagination_with_0_or_1_key_column_specified_works_correctly"/>
    <testcase time="0.0830000000000002" classname="paginate_listing" name="listing_works_with_no_vertical_pagination"/>
    <testcase time="0.00399999999999956" classname="paginate_listing" name="listing_works_with_no_vertical_pagination"/>
    <testcase time="0.00300000000000011" classname="paginate_listing" name="listing_works_with_no_vertical_pagination"/>
    <testcase time="0.0899999999999999" classname="paginate_listing" name="checking_vertical_pagination_line_calculation."/>
    <testcase time="0.00400000000000045" classname="paginate_listing" name="checking_vertical_pagination_line_calculation."/>
    <testcase time="0.49" classname="paginate_listing" name="pagination_lpp_and_cpp_correctly_computed_for_pg_width_and_pg_height"/>
    <testcase time="0.492999999999999" classname="paginate_listing" name="pagination_lpp_and_cpp_correctly_computed_for_page_type_and_font_size"/>
    <testcase time="0.479" classname="paginate_listing" name="pagination_lpp_and_cpp_correctly_computed_for_page_type_and_font_size"/>
    <testcase time="0.564" classname="paginate_listing" name="pagination_lpp_and_cpp_correctly_computed_for_lineheight"/>
    <testcase time="0.499000000000001" classname="paginate_listing" name="pagination_lpp_and_cpp_correctly_computed_for_landscape"/>
    <testcase time="0.59" classname="paginate_listing" name="pagination_lpp_and_cpp_correctly_computed_for_margins"/>
    <testcase time="0.205" classname="paginate_listing" name="pagination_works_with_col_wrapping"/>
    <testcase time="0.204" classname="paginate_listing" name="pagination_works_with_col_wrapping"/>
    <testcase time="0.00500000000000078" classname="paginate_listing" name="pagination_works_with_col_wrapping"/>
    <testcase time="0.234" classname="paginate_listing" name="pagination_repeats_keycols_in_other_pages"/>
    <testcase time="0.151" classname="paginate_listing" name="pagination_repeats_keycols_in_other_pages">
      <skipped message="Reason: On CRAN ('test-paginate_listing.R:223:3')"/>
    </testcase>
    <testcase time="0.141999999999999" classname="paginate_listing" name="paginate_to_mpfs_works_with_wrapping_on_keycols"/>
    <testcase time="0.0440000000000005" classname="paginate_listing" name="paginate_to_mpfs_works_with_wrapping_on_keycols">
      <skipped message="Reason: On CRAN ('test-paginate_listing.R:254:3')"/>
    </testcase>
    <testcase time="0.192" classname="paginate_listing" name="paginate_to_mpfs_works_with_wrapping_on_keycols_when_doing_horizontal_pagination"/>
    <testcase time="0.18" classname="paginate_listing" name="paginate_to_mpfs_works_with_wrapping_on_keycols_when_doing_horizontal_pagination"/>
    <testcase time="0.0579999999999998" classname="paginate_listing" name="paginate_to_mpfs_works_with_wrapping_on_keycols_when_doing_horizontal_pagination"/>
    <testcase time="0.173" classname="paginate_listing" name="paginate_listing_works_with_split_into_pages_by_var"/>
    <testcase time="0.00300000000000011" classname="paginate_listing" name="paginate_listing_works_with_split_into_pages_by_var"/>
    <testcase time="0.00300000000000011" classname="paginate_listing" name="paginate_listing_works_with_split_into_pages_by_var"/>
    <testcase time="0.00199999999999889" classname="paginate_listing" name="paginate_listing_works_with_split_into_pages_by_var"/>
    <testcase time="0.0150000000000006" classname="paginate_listing" name="paginate_listing_works_with_split_into_pages_by_var">
      <skipped message="Reason: On CRAN ('test-paginate_listing.R:328:3')"/>
    </testcase>
  </testsuite>
  <testsuite name="print" timestamp="2024-09-03T02:47:33Z" hostname="4b42d8ae8802" tests="10" skipped="5" failures="0" errors="0" time="1.238">
    <testcase time="0.0510000000000002" classname="print" name="Listing_print_correctly">
      <skipped message="Reason: On CRAN ('test-print.R:7:3')"/>
    </testcase>
    <testcase time="0.156000000000001" classname="print" name="Listing_print_correctly_with_different_widths"/>
    <testcase time="0.0510000000000002" classname="print" name="Listing_print_correctly_with_different_widths">
      <skipped message="Reason: On CRAN ('test-print.R:19:3')"/>
    </testcase>
    <testcase time="0.0519999999999996" classname="print" name="as_listing_produces_correct_output_when_default_formatting_is_specified">
      <skipped message="Reason: On CRAN ('test-print.R:35:3')"/>
    </testcase>
    <testcase time="0.048" classname="print" name="as_listing_produces_correct_output_when_col_formatting_is_specified">
      <skipped message="Reason: On CRAN ('test-print.R:74:3')"/>
    </testcase>
    <testcase time="0.0410000000000004" classname="print" name="listings_support_newline_characters">
      <skipped message="Reason: On CRAN ('test-print.R:137:3')"/>
    </testcase>
    <testcase time="0.255999999999998" classname="print" name="listings_supports_wrapping"/>
    <testcase time="0.515000000000001" classname="print" name="listings_supports_wrapping"/>
    <testcase time="0.00300000000000011" classname="print" name="listings_supports_wrapping"/>
    <testcase time="0.0649999999999995" classname="print" name="listings_supports_wrapping"/>
  </testsuite>
</testsuites>
