<?xml version="1.0" encoding="UTF-8"?>
<testsuites>
  <testsuite name="export" timestamp="2023-10-17T12:10:34Z" hostname="b9172ff6871f" tests="8" skipped="3" failures="1" errors="0" time="1.825">
    <testcase time="0.302" classname="export" name="Listing_print_correctly"/>
    <testcase time="0.272" classname="export" name="key_columns_repeat_with_export_as_txt">
      <skipped message="Reason: On CRAN ('test-export.R:24:3')"/>
    </testcase>
    <testcase time="0.178" classname="export" name="key_columns_repeat_with_pagination_with_export_as_txt">
      <skipped message="Reason: On CRAN ('test-export.R:42:3')"/>
    </testcase>
    <testcase time="0.393" classname="export" name="Listing_print_correctly_with_paginate"/>
    <testcase time="0.00499999999999989" classname="export" name="Listing_print_correctly_with_paginate"/>
    <testcase time="0.00500000000000034" classname="export" name="Listing_print_correctly_with_paginate"/>
    <testcase time="0.431" classname="export" name="export_as_txt_works_and_repeats_the_correct_lines_in_pagination">
      <failure type="failure" message="...$strings (`actual`) not equal to paginate_to_mpfs(lsting, lpp = 33, cpp = 550)[[2]]$strings (`expected`). ('test-export.R:70:3')">...$strings (`actual`) not equal to paginate_to_mpfs(lsting, lpp = 33, cpp = 550)[[2]]$strings (`expected`).

`actual[1:5]`:   "Unique Subject Identifier" "AB12345-BRA-1-id-42" "" "" ""
`expected[1:5]`: "Unique Subject Identifier" ""                    "" "" ""</failure>
    </testcase>
    <testcase time="0.239" classname="export" name="export_as_txt_works_and_repeats_the_correct_lines_in_pagination">
      <skipped message="Reason: On CRAN ('test-export.R:76:3')"/>
    </testcase>
  </testsuite>
  <testsuite name="listings" timestamp="2023-10-17T12:10:36Z" hostname="b9172ff6871f" tests="37" skipped="0" failures="0" errors="0" time="0.898">
    <testcase time="0.0469999999999997" classname="listings" name="Column_labels_are_the_same"/>
    <testcase time="0.02" classname="listings" name="Column_labels_are_the_same"/>
    <testcase time="0.00500000000000034" classname="listings" name="Column_labels_are_the_same"/>
    <testcase time="0.0339999999999998" classname="listings" name="listings_work_well_with_different_formats_and_attributes"/>
    <testcase time="0.00599999999999978" classname="listings" name="listings_work_well_with_different_formats_and_attributes"/>
    <testcase time="0.00500000000000034" classname="listings" name="listings_work_well_with_different_formats_and_attributes"/>
    <testcase time="0.00499999999999989" classname="listings" name="listings_work_well_with_different_formats_and_attributes"/>
    <testcase time="0.004" classname="listings" name="listings_work_well_with_different_formats_and_attributes"/>
    <testcase time="0.00999999999999979" classname="listings" name="listings_work_well_with_different_formats_and_attributes"/>
    <testcase time="0.004" classname="listings" name="listings_work_well_with_different_formats_and_attributes"/>
    <testcase time="0.00600000000000023" classname="listings" name="listings_work_well_with_different_formats_and_attributes"/>
    <testcase time="0.00499999999999989" classname="listings" name="listings_work_well_with_different_formats_and_attributes"/>
    <testcase time="0.00499999999999989" classname="listings" name="listings_work_well_with_different_formats_and_attributes"/>
    <testcase time="0.0170000000000003" classname="listings" name="listings_work_well_with_different_formats_and_attributes"/>
    <testcase time="0.00999999999999979" classname="listings" name="listings_work_well_with_different_formats_and_attributes"/>
    <testcase time="0.0140000000000002" classname="listings" name="listings_work_well_with_different_formats_and_attributes"/>
    <testcase time="0.00999999999999979" classname="listings" name="listings_work_well_with_different_formats_and_attributes"/>
    <testcase time="0.0089999999999999" classname="listings" name="listings_work_well_with_different_formats_and_attributes"/>
    <testcase time="0.00600000000000023" classname="listings" name="listings_work_well_with_different_formats_and_attributes"/>
    <testcase time="0.0249999999999999" classname="listings" name="Content_of_listings_supports_newlines"/>
    <testcase time="0.0129999999999999" classname="listings" name="Content_of_listings_supports_newlines"/>
    <testcase time="0.016" classname="listings" name="regression_test_for_keycols_being_lost_due_to_head_"/>
    <testcase time="0.0540000000000003" classname="listings" name="column_inclusion_and_ordering_stuff"/>
    <testcase time="0.0229999999999997" classname="listings" name="column_inclusion_and_ordering_stuff"/>
    <testcase time="0.085" classname="listings" name="column_inclusion_and_ordering_stuff"/>
    <testcase time="0.077" classname="listings" name="column_inclusion_and_ordering_stuff"/>
    <testcase time="0.00700000000000012" classname="listings" name="column_inclusion_and_ordering_stuff"/>
    <testcase time="0.00700000000000012" classname="listings" name="column_inclusion_and_ordering_stuff"/>
    <testcase time="0.0989999999999998" classname="listings" name="column_inclusion_and_ordering_stuff"/>
    <testcase time="0.0330000000000004" classname="listings" name="unique_rows_removes_duplicate_rows_from_listing"/>
    <testcase time="0.0269999999999997" classname="listings" name="unique_rows_removes_duplicate_rows_from_listing"/>
    <testcase time="0.04" classname="listings" name="as_listing_custom_format_works_in_key_cols"/>
    <testcase time="0.0249999999999999" classname="listings" name="as_listing_custom_format_works_in_key_cols"/>
    <testcase time="0.0500000000000003" classname="listings" name="as_listing_works_with_NA_values_in_key_cols"/>
    <testcase time="0.0390000000000001" classname="listings" name="as_listing_works_with_NA_values_in_key_cols"/>
    <testcase time="0.0389999999999997" classname="listings" name="as_listing_works_with_NA_values_in_key_cols"/>
    <testcase time="0.0169999999999999" classname="listings" name="as_listing_works_with_NA_values_in_key_cols"/>
  </testsuite>
  <testsuite name="paginate_listing" timestamp="2023-10-17T12:10:37Z" hostname="b9172ff6871f" tests="24" skipped="1" failures="1" errors="0" time="2.799">
    <testcase time="0.129" classname="paginate_listing" name="pagination_works_vertically">
      <skipped message="Reason: On CRAN ('test-paginate_listing.R:15:3')"/>
    </testcase>
    <testcase time="0.13" classname="paginate_listing" name="horizontal_pagination_with_0_or_1_key_column_specified_works_correctly"/>
    <testcase time="0.00499999999999989" classname="paginate_listing" name="horizontal_pagination_with_0_or_1_key_column_specified_works_correctly"/>
    <testcase time="0.00499999999999989" classname="paginate_listing" name="horizontal_pagination_with_0_or_1_key_column_specified_works_correctly"/>
    <testcase time="0.13" classname="paginate_listing" name="horizontal_pagination_with_0_or_1_key_column_specified_works_correctly"/>
    <testcase time="0.00600000000000023" classname="paginate_listing" name="horizontal_pagination_with_0_or_1_key_column_specified_works_correctly"/>
    <testcase time="0.00399999999999956" classname="paginate_listing" name="horizontal_pagination_with_0_or_1_key_column_specified_works_correctly"/>
    <testcase time="0.00600000000000023" classname="paginate_listing" name="horizontal_pagination_with_0_or_1_key_column_specified_works_correctly"/>
    <testcase time="0.077" classname="paginate_listing" name="listing_works_with_no_vertical_pagination"/>
    <testcase time="0.00999999999999979" classname="paginate_listing" name="listing_works_with_no_vertical_pagination"/>
    <testcase time="0.00600000000000023" classname="paginate_listing" name="listing_works_with_no_vertical_pagination"/>
    <testcase time="0.0880000000000001" classname="paginate_listing" name="checking_vertical_pagination_line_calculation."/>
    <testcase time="0.0110000000000001" classname="paginate_listing" name="checking_vertical_pagination_line_calculation."/>
    <testcase time="0.366" classname="paginate_listing" name="pagination_lpp_and_cpp_correctly_computed_for_pg_width_and_pg_height"/>
    <testcase time="0.282" classname="paginate_listing" name="pagination_lpp_and_cpp_correctly_computed_for_page_type_and_font_size"/>
    <testcase time="0.245" classname="paginate_listing" name="pagination_lpp_and_cpp_correctly_computed_for_page_type_and_font_size"/>
    <testcase time="0.286" classname="paginate_listing" name="pagination_lpp_and_cpp_correctly_computed_for_lineheight"/>
    <testcase time="0.258" classname="paginate_listing" name="pagination_lpp_and_cpp_correctly_computed_for_landscape"/>
    <testcase time="0.279" classname="paginate_listing" name="pagination_lpp_and_cpp_correctly_computed_for_margins"/>
    <testcase time="0.0859999999999994" classname="paginate_listing" name="pagination_works_with_col_wrapping"/>
    <testcase time="0.101000000000001" classname="paginate_listing" name="pagination_works_with_col_wrapping"/>
    <testcase time="0.00800000000000001" classname="paginate_listing" name="pagination_works_with_col_wrapping"/>
    <testcase time="0.254" classname="paginate_listing" name="pagination_repeats_keycols_in_other_pages">
      <failure type="failure" message="...[] is not TRUE ('test-paginate_listing.R:191:3')">...[] is not TRUE

`actual`:   FALSE
`expected`: TRUE </failure>
    </testcase>
    <testcase time="0.0270000000000001" classname="paginate_listing" name="defunct_is_defunct"/>
  </testsuite>
  <testsuite name="print" timestamp="2023-10-17T12:10:39Z" hostname="b9172ff6871f" tests="10" skipped="5" failures="3" errors="1" time="1.048">
    <testcase time="0.0499999999999998" classname="print" name="Listing_print_correctly">
      <skipped message="Reason: On CRAN ('test-print.R:7:3')"/>
    </testcase>
    <testcase time="0.105" classname="print" name="Listing_print_correctly_with_different_widths"/>
    <testcase time="0.0569999999999995" classname="print" name="Listing_print_correctly_with_different_widths">
      <skipped message="Reason: On CRAN ('test-print.R:19:3')"/>
    </testcase>
    <testcase time="0.056" classname="print" name="as_listing_produces_correct_output_when_default_formatting_is_specified">
      <skipped message="Reason: On CRAN ('test-print.R:34:3')"/>
    </testcase>
    <testcase time="0.0609999999999999" classname="print" name="as_listing_produces_correct_output_when_col_formatting_is_specified">
      <skipped message="Reason: On CRAN ('test-print.R:74:3')"/>
    </testcase>
    <testcase time="0.0490000000000004" classname="print" name="listings_support_newline_characters">
      <skipped message="Reason: On CRAN ('test-print.R:133:3')"/>
    </testcase>
    <testcase time="0.0839999999999996" classname="print" name="listings_supports_wrapping">
      <failure type="failure" message="length(ts_wrap) (`actual`) not equal to 95 (`expected`). ('test-print.R:151:3')">length(ts_wrap) (`actual`) not equal to 95 (`expected`).

  `actual`: 100
`expected`:  95</failure>
    </testcase>
    <testcase time="0.178" classname="print" name="listings_supports_wrapping">
      <failure type="failure" message="length(eat_wrap) (`actual`) not equal to 95 + 2 + 7 (`expected`). ('test-print.R:153:3')">length(eat_wrap) (`actual`) not equal to 95 + 2 + 7 (`expected`).

  `actual`: 119
`expected`: 104</failure>
    </testcase>
    <testcase time="0.0470000000000006" classname="print" name="listings_supports_wrapping">
      <failure type="failure" message="eat_wrap[-seq(87, 87 + 8)] (`actual`) not equal to `ts_wrap` (`expected`). ('test-print.R:154:3')">eat_wrap[-seq(87, 87 + 8)] (`actual`) not equal to `ts_wrap` (`expected`).

     actual                        | expected                    
[81] "    8              92"       | "    8              92" [81]
[82] "                   06"       | "                   06" [82]
[83] "                   49"       | "                   49" [83]
[84] "\\s\\nUniqu   Descript     " -                             
[85] "  e       ion        "       -                             
[86] "Subje      Of        "       -                             
[87] "                   Bi"       -                             
[88] "                   om"       -                             
[89] "                   ar"       -                             
[90] "                   ke"       -                             
[91] "                   r "       -                             
[92] "                   1 "       -                             
[93] "—————————————————————"       -                             
[94] "AB123   ARM #: 2   2."       | "AB123   ARM #: 2   2." [84]
[95] "  45-              85"       | "  45-              85" [85]
[96] "USA-1              51"       | "USA-1              51" [86]</failure>
    </testcase>
    <testcase time="0.361" classname="print" name="listings_supports_wrapping">
      <error type="error" message="&lt;nodeStackOverflowError/stackOverflowError/error/condition&gt; ('test-print.R:139:1')">&lt;nodeStackOverflowError/stackOverflowError/error/condition&gt;
Error: node stack overflow</error>
    </testcase>
  </testsuite>
</testsuites>
