<?xml version="1.0" encoding="UTF-8"?>
<testsuites>
  <testsuite name="export" timestamp="2023-08-17T15:17:23Z" hostname="e69840de1f82" tests="6" skipped="2" failures="0" errors="0" time="0.831">
    <testcase time="0.202" classname="export" name="Listing_print_correctly"/>
    <testcase time="0.2" classname="export" name="key_columns_repeat_with_export_as_txt">
      <skipped message="Reason: On CRAN ('test-export.R:24:3')"/>
    </testcase>
    <testcase time="0.132" classname="export" name="key_columns_repeat_with_pagination_with_export_as_txt">
      <skipped message="Reason: On CRAN ('test-export.R:40:3')"/>
    </testcase>
    <testcase time="0.29" classname="export" name="Listing_print_correctly_with_paginate"/>
    <testcase time="0.004" classname="export" name="Listing_print_correctly_with_paginate"/>
    <testcase time="0.00299999999999989" classname="export" name="Listing_print_correctly_with_paginate"/>
  </testsuite>
  <testsuite name="listings" timestamp="2023-08-17T15:17:23Z" hostname="e69840de1f82" tests="31" skipped="0" failures="0" errors="0" time="0.378">
    <testcase time="0.0249999999999999" classname="listings" name="Column_labels_are_the_same"/>
    <testcase time="0.0150000000000001" classname="listings" name="Column_labels_are_the_same"/>
    <testcase time="0.004" classname="listings" name="Column_labels_are_the_same"/>
    <testcase time="0.0209999999999999" classname="listings" name="listings_work_well_with_different_formats_and_attributes"/>
    <testcase time="0.004" classname="listings" name="listings_work_well_with_different_formats_and_attributes"/>
    <testcase time="0.00300000000000011" classname="listings" name="listings_work_well_with_different_formats_and_attributes"/>
    <testcase time="0.004" classname="listings" name="listings_work_well_with_different_formats_and_attributes"/>
    <testcase time="0.00299999999999989" classname="listings" name="listings_work_well_with_different_formats_and_attributes"/>
    <testcase time="0.00600000000000001" classname="listings" name="listings_work_well_with_different_formats_and_attributes"/>
    <testcase time="0.004" classname="listings" name="listings_work_well_with_different_formats_and_attributes"/>
    <testcase time="0.00300000000000011" classname="listings" name="listings_work_well_with_different_formats_and_attributes"/>
    <testcase time="0.00300000000000011" classname="listings" name="listings_work_well_with_different_formats_and_attributes"/>
    <testcase time="0.00299999999999989" classname="listings" name="listings_work_well_with_different_formats_and_attributes"/>
    <testcase time="0.016" classname="listings" name="listings_work_well_with_different_formats_and_attributes"/>
    <testcase time="0.00700000000000012" classname="listings" name="listings_work_well_with_different_formats_and_attributes"/>
    <testcase time="0.00800000000000001" classname="listings" name="listings_work_well_with_different_formats_and_attributes"/>
    <testcase time="0.0069999999999999" classname="listings" name="listings_work_well_with_different_formats_and_attributes"/>
    <testcase time="0.00800000000000001" classname="listings" name="listings_work_well_with_different_formats_and_attributes"/>
    <testcase time="0.00299999999999989" classname="listings" name="listings_work_well_with_different_formats_and_attributes"/>
    <testcase time="0.0210000000000001" classname="listings" name="Content_of_listings_supports_newlines"/>
    <testcase time="0.0069999999999999" classname="listings" name="Content_of_listings_supports_newlines"/>
    <testcase time="0.0110000000000001" classname="listings" name="regression_test_for_keycols_being_lost_due_to_head_"/>
    <testcase time="0.032" classname="listings" name="column_inclusion_and_ordering_stuff"/>
    <testcase time="0.012" classname="listings" name="column_inclusion_and_ordering_stuff"/>
    <testcase time="0.0229999999999999" classname="listings" name="column_inclusion_and_ordering_stuff"/>
    <testcase time="0.018" classname="listings" name="column_inclusion_and_ordering_stuff"/>
    <testcase time="0.00600000000000001" classname="listings" name="column_inclusion_and_ordering_stuff"/>
    <testcase time="0.00499999999999989" classname="listings" name="column_inclusion_and_ordering_stuff"/>
    <testcase time="0.0550000000000002" classname="listings" name="column_inclusion_and_ordering_stuff"/>
    <testcase time="0.0190000000000001" classname="listings" name="unique_rows_removes_duplicate_rows_from_listing"/>
    <testcase time="0.0219999999999998" classname="listings" name="unique_rows_removes_duplicate_rows_from_listing"/>
  </testsuite>
  <testsuite name="paginate_listing" timestamp="2023-08-17T15:17:24Z" hostname="e69840de1f82" tests="23" skipped="1" failures="0" errors="0" time="1.893">
    <testcase time="0.0939999999999999" classname="paginate_listing" name="pagination_works_vertically">
      <skipped message="Reason: On CRAN ('test-paginate_listing.R:15:3')"/>
    </testcase>
    <testcase time="0.0910000000000002" classname="paginate_listing" name="horizontal_pagination_with_0_or_1_key_column_specified_works_correctly"/>
    <testcase time="0.00300000000000011" classname="paginate_listing" name="horizontal_pagination_with_0_or_1_key_column_specified_works_correctly"/>
    <testcase time="0.00299999999999967" classname="paginate_listing" name="horizontal_pagination_with_0_or_1_key_column_specified_works_correctly"/>
    <testcase time="0.089" classname="paginate_listing" name="horizontal_pagination_with_0_or_1_key_column_specified_works_correctly"/>
    <testcase time="0.00300000000000011" classname="paginate_listing" name="horizontal_pagination_with_0_or_1_key_column_specified_works_correctly"/>
    <testcase time="0.004" classname="paginate_listing" name="horizontal_pagination_with_0_or_1_key_column_specified_works_correctly"/>
    <testcase time="0.00300000000000011" classname="paginate_listing" name="horizontal_pagination_with_0_or_1_key_column_specified_works_correctly"/>
    <testcase time="0.0579999999999998" classname="paginate_listing" name="listing_works_with_no_vertical_pagination"/>
    <testcase time="0.004" classname="paginate_listing" name="listing_works_with_no_vertical_pagination"/>
    <testcase time="0.004" classname="paginate_listing" name="listing_works_with_no_vertical_pagination"/>
    <testcase time="0.0660000000000003" classname="paginate_listing" name="checking_vertical_pagination_line_calculation."/>
    <testcase time="0.004" classname="paginate_listing" name="checking_vertical_pagination_line_calculation."/>
    <testcase time="0.204" classname="paginate_listing" name="pagination_lpp_and_cpp_correctly_computed_for_pg_width_and_pg_height"/>
    <testcase time="0.218" classname="paginate_listing" name="pagination_lpp_and_cpp_correctly_computed_for_page_type_and_font_size"/>
    <testcase time="0.192" classname="paginate_listing" name="pagination_lpp_and_cpp_correctly_computed_for_page_type_and_font_size"/>
    <testcase time="0.229" classname="paginate_listing" name="pagination_lpp_and_cpp_correctly_computed_for_lineheight"/>
    <testcase time="0.214" classname="paginate_listing" name="pagination_lpp_and_cpp_correctly_computed_for_landscape"/>
    <testcase time="0.232" classname="paginate_listing" name="pagination_lpp_and_cpp_correctly_computed_for_margins"/>
    <testcase time="0.0779999999999998" classname="paginate_listing" name="pagination_works_with_col_wrapping"/>
    <testcase time="0.0830000000000002" classname="paginate_listing" name="pagination_works_with_col_wrapping"/>
    <testcase time="0.00599999999999978" classname="paginate_listing" name="pagination_works_with_col_wrapping"/>
    <testcase time="0.0110000000000001" classname="paginate_listing" name="defunct_is_defunct"/>
  </testsuite>
  <testsuite name="print" timestamp="2023-08-17T15:17:26Z" hostname="e69840de1f82" tests="5" skipped="4" failures="0" errors="0" time="0.206">
    <testcase time="0.0409999999999999" classname="print" name="Listing_print_correctly">
      <skipped message="Reason: On CRAN ('test-print.R:7:3')"/>
    </testcase>
    <testcase time="0.0730000000000004" classname="print" name="Listing_print_correctly_with_different_widths"/>
    <testcase time="0.00499999999999989" classname="print" name="Listing_print_correctly_with_different_widths">
      <skipped message="Reason: On CRAN ('test-print.R:19:3')"/>
    </testcase>
    <testcase time="0.0439999999999996" classname="print" name="as_listing_produces_correct_output_when_default_formatting_is_specified">
      <skipped message="Reason: On CRAN ('test-print.R:34:3')"/>
    </testcase>
    <testcase time="0.0430000000000001" classname="print" name="as_listing_produces_correct_output_when_col_formatting_is_specified">
      <skipped message="Reason: On CRAN ('test-print.R:74:3')"/>
    </testcase>
  </testsuite>
</testsuites>
