<?xml version="1.0" encoding="UTF-8"?>
<testsuites>
  <testsuite name="export" timestamp="2023-08-15T13:25:13Z" hostname="6b1071646793" tests="6" skipped="2" failures="3" errors="0" time="2.895">
    <testcase time="0.324" classname="export" name="Listing_print_correctly"/>
    <testcase time="0.343" classname="export" name="key_columns_repeat_with_export_as_txt">
      <skipped message="Reason: On CRAN ('test-export.R:25:3')"/>
    </testcase>
    <testcase time="1.476" classname="export" name="key_columns_repeat_with_pagination_with_export_as_txt">
      <skipped message="Reason: On CRAN ('test-export.R:42:3')"/>
    </testcase>
    <testcase time="0.666" classname="export" name="Listing_print_correctly_with_paginate">
      <failure type="failure" message="length(gregexpr(c(&quot;Unique Subject Identifier&quot;), page_out)[[1]]) (`actual`) not identical to 2L (`expected`). ('test-export.R:50:5')">length(gregexpr(c("Unique Subject Identifier"), page_out)[[1]]) (`actual`) not identical to 2L (`expected`).

  `actual`: 1
`expected`: 2</failure>
    </testcase>
    <testcase time="0.0449999999999999" classname="export" name="Listing_print_correctly_with_paginate">
      <failure type="failure" message="length(gregexpr(c(&quot;Age&quot;), page_out)[[1]]) (`actual`) not identical to 2L (`expected`). ('test-export.R:51:5')">length(gregexpr(c("Age"), page_out)[[1]]) (`actual`) not identical to 2L (`expected`).

  `actual`: 1
`expected`: 2</failure>
    </testcase>
    <testcase time="0.0410000000000004" classname="export" name="Listing_print_correctly_with_paginate">
      <failure type="failure" message="length(gregexpr(c(&quot;Sex&quot;), page_out)[[1]]) (`actual`) not identical to 2L (`expected`). ('test-export.R:52:5')">length(gregexpr(c("Sex"), page_out)[[1]]) (`actual`) not identical to 2L (`expected`).

  `actual`: 1
`expected`: 2</failure>
    </testcase>
  </testsuite>
  <testsuite name="listings" timestamp="2023-08-15T13:25:16Z" hostname="6b1071646793" tests="31" skipped="0" failures="0" errors="0" time="0.719">
    <testcase time="0.0579999999999998" classname="listings" name="Column_labels_are_the_same"/>
    <testcase time="0.0270000000000001" classname="listings" name="Column_labels_are_the_same"/>
    <testcase time="0.00599999999999934" classname="listings" name="Column_labels_are_the_same"/>
    <testcase time="0.0440000000000005" classname="listings" name="listings_work_well_with_different_formats_and_attributes"/>
    <testcase time="0.00600000000000023" classname="listings" name="listings_work_well_with_different_formats_and_attributes"/>
    <testcase time="0.00600000000000023" classname="listings" name="listings_work_well_with_different_formats_and_attributes"/>
    <testcase time="0.00699999999999967" classname="listings" name="listings_work_well_with_different_formats_and_attributes"/>
    <testcase time="0.00700000000000056" classname="listings" name="listings_work_well_with_different_formats_and_attributes"/>
    <testcase time="0.00499999999999989" classname="listings" name="listings_work_well_with_different_formats_and_attributes"/>
    <testcase time="0.00599999999999934" classname="listings" name="listings_work_well_with_different_formats_and_attributes"/>
    <testcase time="0.0110000000000001" classname="listings" name="listings_work_well_with_different_formats_and_attributes"/>
    <testcase time="0.00600000000000023" classname="listings" name="listings_work_well_with_different_formats_and_attributes"/>
    <testcase time="0.00600000000000023" classname="listings" name="listings_work_well_with_different_formats_and_attributes"/>
    <testcase time="0.024" classname="listings" name="listings_work_well_with_different_formats_and_attributes"/>
    <testcase time="0.0129999999999999" classname="listings" name="listings_work_well_with_different_formats_and_attributes"/>
    <testcase time="0.0119999999999996" classname="listings" name="listings_work_well_with_different_formats_and_attributes"/>
    <testcase time="0.0110000000000001" classname="listings" name="listings_work_well_with_different_formats_and_attributes"/>
    <testcase time="0.0180000000000007" classname="listings" name="listings_work_well_with_different_formats_and_attributes"/>
    <testcase time="0.00499999999999989" classname="listings" name="listings_work_well_with_different_formats_and_attributes"/>
    <testcase time="0.0309999999999997" classname="listings" name="Content_of_listings_supports_newlines"/>
    <testcase time="0.0110000000000001" classname="listings" name="Content_of_listings_supports_newlines"/>
    <testcase time="0.0270000000000001" classname="listings" name="regression_test_for_keycols_being_lost_due_to_head_"/>
    <testcase time="0.0529999999999999" classname="listings" name="column_inclusion_and_ordering_stuff"/>
    <testcase time="0.0459999999999994" classname="listings" name="column_inclusion_and_ordering_stuff"/>
    <testcase time="0.0380000000000003" classname="listings" name="column_inclusion_and_ordering_stuff"/>
    <testcase time="0.0380000000000003" classname="listings" name="column_inclusion_and_ordering_stuff"/>
    <testcase time="0.00999999999999979" classname="listings" name="column_inclusion_and_ordering_stuff"/>
    <testcase time="0.00900000000000034" classname="listings" name="column_inclusion_and_ordering_stuff"/>
    <testcase time="0.104" classname="listings" name="column_inclusion_and_ordering_stuff"/>
    <testcase time="0.0349999999999993" classname="listings" name="unique_rows_removes_duplicate_rows_from_listing"/>
    <testcase time="0.0390000000000006" classname="listings" name="unique_rows_removes_duplicate_rows_from_listing"/>
  </testsuite>
  <testsuite name="paginate_listing" timestamp="2023-08-15T13:25:17Z" hostname="6b1071646793" tests="23" skipped="1" failures="0" errors="0" time="3.605">
    <testcase time="0.171" classname="paginate_listing" name="pagination_works_vertically">
      <skipped message="Reason: On CRAN ('test-paginate_listing.R:15:3')"/>
    </testcase>
    <testcase time="0.17" classname="paginate_listing" name="horizontal_pagination_with_0_or_1_key_column_specified_works_correctly"/>
    <testcase time="0.00800000000000001" classname="paginate_listing" name="horizontal_pagination_with_0_or_1_key_column_specified_works_correctly"/>
    <testcase time="0.00599999999999934" classname="paginate_listing" name="horizontal_pagination_with_0_or_1_key_column_specified_works_correctly"/>
    <testcase time="0.174" classname="paginate_listing" name="horizontal_pagination_with_0_or_1_key_column_specified_works_correctly"/>
    <testcase time="0.00499999999999989" classname="paginate_listing" name="horizontal_pagination_with_0_or_1_key_column_specified_works_correctly"/>
    <testcase time="0.00600000000000023" classname="paginate_listing" name="horizontal_pagination_with_0_or_1_key_column_specified_works_correctly"/>
    <testcase time="0.00600000000000023" classname="paginate_listing" name="horizontal_pagination_with_0_or_1_key_column_specified_works_correctly"/>
    <testcase time="0.103" classname="paginate_listing" name="listing_works_with_no_vertical_pagination"/>
    <testcase time="0.0129999999999999" classname="paginate_listing" name="listing_works_with_no_vertical_pagination"/>
    <testcase time="0.00699999999999967" classname="paginate_listing" name="listing_works_with_no_vertical_pagination"/>
    <testcase time="0.117" classname="paginate_listing" name="checking_vertical_pagination_line_calculation."/>
    <testcase time="0.00700000000000056" classname="paginate_listing" name="checking_vertical_pagination_line_calculation."/>
    <testcase time="0.395" classname="paginate_listing" name="pagination_lpp_and_cpp_correctly_computed_for_pg_width_and_pg_height"/>
    <testcase time="0.424" classname="paginate_listing" name="pagination_lpp_and_cpp_correctly_computed_for_page_type_and_font_size"/>
    <testcase time="0.369000000000001" classname="paginate_listing" name="pagination_lpp_and_cpp_correctly_computed_for_page_type_and_font_size"/>
    <testcase time="0.433999999999999" classname="paginate_listing" name="pagination_lpp_and_cpp_correctly_computed_for_lineheight"/>
    <testcase time="0.502000000000001" classname="paginate_listing" name="pagination_lpp_and_cpp_correctly_computed_for_landscape"/>
    <testcase time="0.4" classname="paginate_listing" name="pagination_lpp_and_cpp_correctly_computed_for_margins"/>
    <testcase time="0.125" classname="paginate_listing" name="pagination_works_with_col_wrapping"/>
    <testcase time="0.131" classname="paginate_listing" name="pagination_works_with_col_wrapping"/>
    <testcase time="0.016" classname="paginate_listing" name="pagination_works_with_col_wrapping"/>
    <testcase time="0.016" classname="paginate_listing" name="defunct_is_defunct"/>
  </testsuite>
  <testsuite name="print" timestamp="2023-08-15T13:25:20Z" hostname="6b1071646793" tests="5" skipped="4" failures="0" errors="0" time="0.328">
    <testcase time="0.0619999999999994" classname="print" name="Listing_print_correctly">
      <skipped message="Reason: On CRAN ('test-print.R:7:3')"/>
    </testcase>
    <testcase time="0.118" classname="print" name="Listing_print_correctly_with_different_widths"/>
    <testcase time="0.00900000000000034" classname="print" name="Listing_print_correctly_with_different_widths">
      <skipped message="Reason: On CRAN ('test-print.R:19:3')"/>
    </testcase>
    <testcase time="0.0709999999999997" classname="print" name="as_listing_produces_correct_output_when_default_formatting_is_specified">
      <skipped message="Reason: On CRAN ('test-print.R:34:3')"/>
    </testcase>
    <testcase time="0.0679999999999996" classname="print" name="as_listing_produces_correct_output_when_col_formatting_is_specified">
      <skipped message="Reason: On CRAN ('test-print.R:74:3')"/>
    </testcase>
  </testsuite>
</testsuites>
