<?xml version="1.0" encoding="UTF-8"?>
<testsuites>
  <testsuite name="export" timestamp="2023-08-16T12:57:14Z" hostname="01d1642858ce" tests="6" skipped="2" failures="0" errors="0" time="1.042">
    <testcase time="0.25" classname="export" name="Listing_print_correctly"/>
    <testcase time="0.256" classname="export" name="key_columns_repeat_with_export_as_txt">
      <skipped message="Reason: On CRAN ('test-export.R:24:3')"/>
    </testcase>
    <testcase time="0.164" classname="export" name="key_columns_repeat_with_pagination_with_export_as_txt">
      <skipped message="Reason: On CRAN ('test-export.R:40:3')"/>
    </testcase>
    <testcase time="0.362" classname="export" name="Listing_print_correctly_with_paginate"/>
    <testcase time="0.00499999999999989" classname="export" name="Listing_print_correctly_with_paginate"/>
    <testcase time="0.00500000000000034" classname="export" name="Listing_print_correctly_with_paginate"/>
  </testsuite>
  <testsuite name="listings" timestamp="2023-08-16T12:57:15Z" hostname="01d1642858ce" tests="31" skipped="0" failures="0" errors="0" time="0.479">
    <testcase time="0.032" classname="listings" name="Column_labels_are_the_same"/>
    <testcase time="0.02" classname="listings" name="Column_labels_are_the_same"/>
    <testcase time="0.004" classname="listings" name="Column_labels_are_the_same"/>
    <testcase time="0.0269999999999997" classname="listings" name="listings_work_well_with_different_formats_and_attributes"/>
    <testcase time="0.00500000000000034" classname="listings" name="listings_work_well_with_different_formats_and_attributes"/>
    <testcase time="0.004" classname="listings" name="listings_work_well_with_different_formats_and_attributes"/>
    <testcase time="0.00499999999999989" classname="listings" name="listings_work_well_with_different_formats_and_attributes"/>
    <testcase time="0.004" classname="listings" name="listings_work_well_with_different_formats_and_attributes"/>
    <testcase time="0.0089999999999999" classname="listings" name="listings_work_well_with_different_formats_and_attributes"/>
    <testcase time="0.004" classname="listings" name="listings_work_well_with_different_formats_and_attributes"/>
    <testcase time="0.004" classname="listings" name="listings_work_well_with_different_formats_and_attributes"/>
    <testcase time="0.00499999999999989" classname="listings" name="listings_work_well_with_different_formats_and_attributes"/>
    <testcase time="0.004" classname="listings" name="listings_work_well_with_different_formats_and_attributes"/>
    <testcase time="0.0190000000000001" classname="listings" name="listings_work_well_with_different_formats_and_attributes"/>
    <testcase time="0.00900000000000034" classname="listings" name="listings_work_well_with_different_formats_and_attributes"/>
    <testcase time="0.00999999999999979" classname="listings" name="listings_work_well_with_different_formats_and_attributes"/>
    <testcase time="0.0089999999999999" classname="listings" name="listings_work_well_with_different_formats_and_attributes"/>
    <testcase time="0.00900000000000034" classname="listings" name="listings_work_well_with_different_formats_and_attributes"/>
    <testcase time="0.004" classname="listings" name="listings_work_well_with_different_formats_and_attributes"/>
    <testcase time="0.0289999999999999" classname="listings" name="Content_of_listings_supports_newlines"/>
    <testcase time="0.00800000000000001" classname="listings" name="Content_of_listings_supports_newlines"/>
    <testcase time="0.0150000000000001" classname="listings" name="regression_test_for_keycols_being_lost_due_to_head_"/>
    <testcase time="0.0419999999999998" classname="listings" name="column_inclusion_and_ordering_stuff"/>
    <testcase time="0.016" classname="listings" name="column_inclusion_and_ordering_stuff"/>
    <testcase time="0.0300000000000002" classname="listings" name="column_inclusion_and_ordering_stuff"/>
    <testcase time="0.0229999999999997" classname="listings" name="column_inclusion_and_ordering_stuff"/>
    <testcase time="0.00600000000000023" classname="listings" name="column_inclusion_and_ordering_stuff"/>
    <testcase time="0.00599999999999978" classname="listings" name="column_inclusion_and_ordering_stuff"/>
    <testcase time="0.0660000000000003" classname="listings" name="column_inclusion_and_ordering_stuff"/>
    <testcase time="0.0249999999999999" classname="listings" name="unique_rows_removes_duplicate_rows_from_listing"/>
    <testcase time="0.0259999999999998" classname="listings" name="unique_rows_removes_duplicate_rows_from_listing"/>
  </testsuite>
  <testsuite name="paginate_listing" timestamp="2023-08-16T12:57:15Z" hostname="01d1642858ce" tests="23" skipped="1" failures="0" errors="0" time="2.341">
    <testcase time="0.115" classname="paginate_listing" name="pagination_works_vertically">
      <skipped message="Reason: On CRAN ('test-paginate_listing.R:15:3')"/>
    </testcase>
    <testcase time="0.112" classname="paginate_listing" name="horizontal_pagination_with_0_or_1_key_column_specified_works_correctly"/>
    <testcase time="0.004" classname="paginate_listing" name="horizontal_pagination_with_0_or_1_key_column_specified_works_correctly"/>
    <testcase time="0.00499999999999989" classname="paginate_listing" name="horizontal_pagination_with_0_or_1_key_column_specified_works_correctly"/>
    <testcase time="0.112" classname="paginate_listing" name="horizontal_pagination_with_0_or_1_key_column_specified_works_correctly"/>
    <testcase time="0.00499999999999989" classname="paginate_listing" name="horizontal_pagination_with_0_or_1_key_column_specified_works_correctly"/>
    <testcase time="0.00499999999999989" classname="paginate_listing" name="horizontal_pagination_with_0_or_1_key_column_specified_works_correctly"/>
    <testcase time="0.004" classname="paginate_listing" name="horizontal_pagination_with_0_or_1_key_column_specified_works_correctly"/>
    <testcase time="0.0750000000000002" classname="paginate_listing" name="listing_works_with_no_vertical_pagination"/>
    <testcase time="0.00499999999999989" classname="paginate_listing" name="listing_works_with_no_vertical_pagination"/>
    <testcase time="0.00599999999999978" classname="paginate_listing" name="listing_works_with_no_vertical_pagination"/>
    <testcase time="0.0840000000000001" classname="paginate_listing" name="checking_vertical_pagination_line_calculation."/>
    <testcase time="0.00499999999999989" classname="paginate_listing" name="checking_vertical_pagination_line_calculation."/>
    <testcase time="0.248" classname="paginate_listing" name="pagination_lpp_and_cpp_correctly_computed_for_pg_width_and_pg_height"/>
    <testcase time="0.274" classname="paginate_listing" name="pagination_lpp_and_cpp_correctly_computed_for_page_type_and_font_size"/>
    <testcase time="0.241" classname="paginate_listing" name="pagination_lpp_and_cpp_correctly_computed_for_page_type_and_font_size"/>
    <testcase time="0.286999999999999" classname="paginate_listing" name="pagination_lpp_and_cpp_correctly_computed_for_lineheight"/>
    <testcase time="0.257000000000001" classname="paginate_listing" name="pagination_lpp_and_cpp_correctly_computed_for_landscape"/>
    <testcase time="0.278" classname="paginate_listing" name="pagination_lpp_and_cpp_correctly_computed_for_margins"/>
    <testcase time="0.0970000000000004" classname="paginate_listing" name="pagination_works_with_col_wrapping"/>
    <testcase time="0.101" classname="paginate_listing" name="pagination_works_with_col_wrapping"/>
    <testcase time="0.00800000000000001" classname="paginate_listing" name="pagination_works_with_col_wrapping"/>
    <testcase time="0.0129999999999999" classname="paginate_listing" name="defunct_is_defunct"/>
  </testsuite>
  <testsuite name="print" timestamp="2023-08-16T12:57:17Z" hostname="01d1642858ce" tests="5" skipped="4" failures="0" errors="0" time="0.253">
    <testcase time="0.0499999999999998" classname="print" name="Listing_print_correctly">
      <skipped message="Reason: On CRAN ('test-print.R:7:3')"/>
    </testcase>
    <testcase time="0.0899999999999999" classname="print" name="Listing_print_correctly_with_different_widths"/>
    <testcase time="0.00699999999999967" classname="print" name="Listing_print_correctly_with_different_widths">
      <skipped message="Reason: On CRAN ('test-print.R:19:3')"/>
    </testcase>
    <testcase time="0.056" classname="print" name="as_listing_produces_correct_output_when_default_formatting_is_specified">
      <skipped message="Reason: On CRAN ('test-print.R:34:3')"/>
    </testcase>
    <testcase time="0.0499999999999998" classname="print" name="as_listing_produces_correct_output_when_col_formatting_is_specified">
      <skipped message="Reason: On CRAN ('test-print.R:74:3')"/>
    </testcase>
  </testsuite>
</testsuites>
