<?xml version="1.0" encoding="UTF-8"?>
<testsuites>
  <testsuite name="export" timestamp="2023-08-16T01:08:19Z" hostname="d5a862e5f3a5" tests="6" skipped="2" failures="0" errors="0" time="1.371">
    <testcase time="0.32" classname="export" name="Listing_print_correctly"/>
    <testcase time="0.334" classname="export" name="key_columns_repeat_with_export_as_txt">
      <skipped message="Reason: On CRAN ('test-export.R:24:3')"/>
    </testcase>
    <testcase time="0.222" classname="export" name="key_columns_repeat_with_pagination_with_export_as_txt">
      <skipped message="Reason: On CRAN ('test-export.R:40:3')"/>
    </testcase>
    <testcase time="0.483" classname="export" name="Listing_print_correctly_with_paginate"/>
    <testcase time="0.00599999999999978" classname="export" name="Listing_print_correctly_with_paginate"/>
    <testcase time="0.00600000000000023" classname="export" name="Listing_print_correctly_with_paginate"/>
  </testsuite>
  <testsuite name="listings" timestamp="2023-08-16T01:08:20Z" hostname="d5a862e5f3a5" tests="31" skipped="0" failures="0" errors="0" time="0.57">
    <testcase time="0.0399999999999996" classname="listings" name="Column_labels_are_the_same"/>
    <testcase time="0.024" classname="listings" name="Column_labels_are_the_same"/>
    <testcase time="0.00500000000000034" classname="listings" name="Column_labels_are_the_same"/>
    <testcase time="0.032" classname="listings" name="listings_work_well_with_different_formats_and_attributes"/>
    <testcase time="0.00499999999999989" classname="listings" name="listings_work_well_with_different_formats_and_attributes"/>
    <testcase time="0.00599999999999978" classname="listings" name="listings_work_well_with_different_formats_and_attributes"/>
    <testcase time="0.00500000000000034" classname="listings" name="listings_work_well_with_different_formats_and_attributes"/>
    <testcase time="0.00599999999999978" classname="listings" name="listings_work_well_with_different_formats_and_attributes"/>
    <testcase time="0.0100000000000002" classname="listings" name="listings_work_well_with_different_formats_and_attributes"/>
    <testcase time="0.00499999999999989" classname="listings" name="listings_work_well_with_different_formats_and_attributes"/>
    <testcase time="0.00600000000000023" classname="listings" name="listings_work_well_with_different_formats_and_attributes"/>
    <testcase time="0.00599999999999978" classname="listings" name="listings_work_well_with_different_formats_and_attributes"/>
    <testcase time="0.00499999999999989" classname="listings" name="listings_work_well_with_different_formats_and_attributes"/>
    <testcase time="0.0220000000000002" classname="listings" name="listings_work_well_with_different_formats_and_attributes"/>
    <testcase time="0.0109999999999997" classname="listings" name="listings_work_well_with_different_formats_and_attributes"/>
    <testcase time="0.0110000000000001" classname="listings" name="listings_work_well_with_different_formats_and_attributes"/>
    <testcase time="0.0110000000000001" classname="listings" name="listings_work_well_with_different_formats_and_attributes"/>
    <testcase time="0.00999999999999979" classname="listings" name="listings_work_well_with_different_formats_and_attributes"/>
    <testcase time="0.00500000000000034" classname="listings" name="listings_work_well_with_different_formats_and_attributes"/>
    <testcase time="0.0329999999999999" classname="listings" name="Content_of_listings_supports_newlines"/>
    <testcase time="0.0089999999999999" classname="listings" name="Content_of_listings_supports_newlines"/>
    <testcase time="0.0180000000000002" classname="listings" name="regression_test_for_keycols_being_lost_due_to_head_"/>
    <testcase time="0.0469999999999997" classname="listings" name="column_inclusion_and_ordering_stuff"/>
    <testcase time="0.0169999999999999" classname="listings" name="column_inclusion_and_ordering_stuff"/>
    <testcase time="0.0340000000000003" classname="listings" name="column_inclusion_and_ordering_stuff"/>
    <testcase time="0.0289999999999999" classname="listings" name="column_inclusion_and_ordering_stuff"/>
    <testcase time="0.00700000000000012" classname="listings" name="column_inclusion_and_ordering_stuff"/>
    <testcase time="0.00700000000000012" classname="listings" name="column_inclusion_and_ordering_stuff"/>
    <testcase time="0.0829999999999997" classname="listings" name="column_inclusion_and_ordering_stuff"/>
    <testcase time="0.0290000000000004" classname="listings" name="unique_rows_removes_duplicate_rows_from_listing"/>
    <testcase time="0.0319999999999996" classname="listings" name="unique_rows_removes_duplicate_rows_from_listing"/>
  </testsuite>
  <testsuite name="paginate_listing" timestamp="2023-08-16T01:08:21Z" hostname="d5a862e5f3a5" tests="23" skipped="1" failures="0" errors="0" time="3.263">
    <testcase time="0.146" classname="paginate_listing" name="pagination_works_vertically">
      <skipped message="Reason: On CRAN ('test-paginate_listing.R:15:3')"/>
    </testcase>
    <testcase time="0.162" classname="paginate_listing" name="horizontal_pagination_with_0_or_1_key_column_specified_works_correctly"/>
    <testcase time="0.00499999999999989" classname="paginate_listing" name="horizontal_pagination_with_0_or_1_key_column_specified_works_correctly"/>
    <testcase time="0.00600000000000023" classname="paginate_listing" name="horizontal_pagination_with_0_or_1_key_column_specified_works_correctly"/>
    <testcase time="0.154" classname="paginate_listing" name="horizontal_pagination_with_0_or_1_key_column_specified_works_correctly"/>
    <testcase time="0.00599999999999978" classname="paginate_listing" name="horizontal_pagination_with_0_or_1_key_column_specified_works_correctly"/>
    <testcase time="0.00500000000000034" classname="paginate_listing" name="horizontal_pagination_with_0_or_1_key_column_specified_works_correctly"/>
    <testcase time="0.00599999999999978" classname="paginate_listing" name="horizontal_pagination_with_0_or_1_key_column_specified_works_correctly"/>
    <testcase time="0.101" classname="paginate_listing" name="listing_works_with_no_vertical_pagination"/>
    <testcase time="0.00700000000000012" classname="paginate_listing" name="listing_works_with_no_vertical_pagination"/>
    <testcase time="0.00599999999999978" classname="paginate_listing" name="listing_works_with_no_vertical_pagination"/>
    <testcase time="0.114" classname="paginate_listing" name="checking_vertical_pagination_line_calculation."/>
    <testcase time="0.00699999999999967" classname="paginate_listing" name="checking_vertical_pagination_line_calculation."/>
    <testcase time="0.364" classname="paginate_listing" name="pagination_lpp_and_cpp_correctly_computed_for_pg_width_and_pg_height"/>
    <testcase time="0.412" classname="paginate_listing" name="pagination_lpp_and_cpp_correctly_computed_for_page_type_and_font_size"/>
    <testcase time="0.361" classname="paginate_listing" name="pagination_lpp_and_cpp_correctly_computed_for_page_type_and_font_size"/>
    <testcase time="0.387" classname="paginate_listing" name="pagination_lpp_and_cpp_correctly_computed_for_lineheight"/>
    <testcase time="0.335999999999999" classname="paginate_listing" name="pagination_lpp_and_cpp_correctly_computed_for_landscape"/>
    <testcase time="0.391" classname="paginate_listing" name="pagination_lpp_and_cpp_correctly_computed_for_margins"/>
    <testcase time="0.124000000000001" classname="paginate_listing" name="pagination_works_with_col_wrapping"/>
    <testcase time="0.135" classname="paginate_listing" name="pagination_works_with_col_wrapping"/>
    <testcase time="0.0110000000000001" classname="paginate_listing" name="pagination_works_with_col_wrapping"/>
    <testcase time="0.0169999999999995" classname="paginate_listing" name="defunct_is_defunct"/>
  </testsuite>
  <testsuite name="print" timestamp="2023-08-16T01:08:24Z" hostname="d5a862e5f3a5" tests="5" skipped="4" failures="0" errors="0" time="0.34">
    <testcase time="0.0670000000000002" classname="print" name="Listing_print_correctly">
      <skipped message="Reason: On CRAN ('test-print.R:7:3')"/>
    </testcase>
    <testcase time="0.125" classname="print" name="Listing_print_correctly_with_different_widths"/>
    <testcase time="0.00900000000000034" classname="print" name="Listing_print_correctly_with_different_widths">
      <skipped message="Reason: On CRAN ('test-print.R:19:3')"/>
    </testcase>
    <testcase time="0.0720000000000001" classname="print" name="as_listing_produces_correct_output_when_default_formatting_is_specified">
      <skipped message="Reason: On CRAN ('test-print.R:34:3')"/>
    </testcase>
    <testcase time="0.0670000000000002" classname="print" name="as_listing_produces_correct_output_when_col_formatting_is_specified">
      <skipped message="Reason: On CRAN ('test-print.R:74:3')"/>
    </testcase>
  </testsuite>
</testsuites>
