<?xml version="1.0" encoding="UTF-8"?>
<testsuites>
  <testsuite name="export" timestamp="2023-08-15T21:37:06Z" hostname="e08fb283979d" tests="6" skipped="2" failures="0" errors="0" time="2.649">
    <testcase time="0.32" classname="export" name="Listing_print_correctly"/>
    <testcase time="0.339" classname="export" name="key_columns_repeat_with_export_as_txt">
      <skipped message="Reason: On CRAN ('test-export.R:24:3')"/>
    </testcase>
    <testcase time="1.476" classname="export" name="key_columns_repeat_with_pagination_with_export_as_txt">
      <skipped message="Reason: On CRAN ('test-export.R:40:3')"/>
    </testcase>
    <testcase time="0.501" classname="export" name="Listing_print_correctly_with_paginate"/>
    <testcase time="0.00700000000000012" classname="export" name="Listing_print_correctly_with_paginate"/>
    <testcase time="0.00599999999999978" classname="export" name="Listing_print_correctly_with_paginate"/>
  </testsuite>
  <testsuite name="listings" timestamp="2023-08-15T21:37:09Z" hostname="e08fb283979d" tests="31" skipped="0" failures="0" errors="0" time="0.671">
    <testcase time="0.04" classname="listings" name="Column_labels_are_the_same"/>
    <testcase time="0.0330000000000004" classname="listings" name="Column_labels_are_the_same"/>
    <testcase time="0.00699999999999967" classname="listings" name="Column_labels_are_the_same"/>
    <testcase time="0.04" classname="listings" name="listings_work_well_with_different_formats_and_attributes"/>
    <testcase time="0.00600000000000023" classname="listings" name="listings_work_well_with_different_formats_and_attributes"/>
    <testcase time="0.00600000000000023" classname="listings" name="listings_work_well_with_different_formats_and_attributes"/>
    <testcase time="0.00599999999999934" classname="listings" name="listings_work_well_with_different_formats_and_attributes"/>
    <testcase time="0.00499999999999989" classname="listings" name="listings_work_well_with_different_formats_and_attributes"/>
    <testcase time="0.00600000000000023" classname="listings" name="listings_work_well_with_different_formats_and_attributes"/>
    <testcase time="0.00600000000000023" classname="listings" name="listings_work_well_with_different_formats_and_attributes"/>
    <testcase time="0.00600000000000023" classname="listings" name="listings_work_well_with_different_formats_and_attributes"/>
    <testcase time="0.00699999999999967" classname="listings" name="listings_work_well_with_different_formats_and_attributes"/>
    <testcase time="0.00600000000000023" classname="listings" name="listings_work_well_with_different_formats_and_attributes"/>
    <testcase time="0.0289999999999999" classname="listings" name="listings_work_well_with_different_formats_and_attributes"/>
    <testcase time="0.0119999999999996" classname="listings" name="listings_work_well_with_different_formats_and_attributes"/>
    <testcase time="0.0129999999999999" classname="listings" name="listings_work_well_with_different_formats_and_attributes"/>
    <testcase time="0.0120000000000005" classname="listings" name="listings_work_well_with_different_formats_and_attributes"/>
    <testcase time="0.0110000000000001" classname="listings" name="listings_work_well_with_different_formats_and_attributes"/>
    <testcase time="0.00600000000000023" classname="listings" name="listings_work_well_with_different_formats_and_attributes"/>
    <testcase time="0.0339999999999998" classname="listings" name="Content_of_listings_supports_newlines"/>
    <testcase time="0.0110000000000001" classname="listings" name="Content_of_listings_supports_newlines"/>
    <testcase time="0.0269999999999992" classname="listings" name="regression_test_for_keycols_being_lost_due_to_head_"/>
    <testcase time="0.0590000000000002" classname="listings" name="column_inclusion_and_ordering_stuff"/>
    <testcase time="0.0220000000000002" classname="listings" name="column_inclusion_and_ordering_stuff"/>
    <testcase time="0.0430000000000001" classname="listings" name="column_inclusion_and_ordering_stuff"/>
    <testcase time="0.0339999999999998" classname="listings" name="column_inclusion_and_ordering_stuff"/>
    <testcase time="0.00900000000000034" classname="listings" name="column_inclusion_and_ordering_stuff"/>
    <testcase time="0.00800000000000001" classname="listings" name="column_inclusion_and_ordering_stuff"/>
    <testcase time="0.0949999999999998" classname="listings" name="column_inclusion_and_ordering_stuff"/>
    <testcase time="0.0339999999999998" classname="listings" name="unique_rows_removes_duplicate_rows_from_listing"/>
    <testcase time="0.0380000000000003" classname="listings" name="unique_rows_removes_duplicate_rows_from_listing"/>
  </testsuite>
  <testsuite name="paginate_listing" timestamp="2023-08-15T21:37:09Z" hostname="e08fb283979d" tests="23" skipped="1" failures="0" errors="0" time="3.255">
    <testcase time="0.163" classname="paginate_listing" name="pagination_works_vertically">
      <skipped message="Reason: On CRAN ('test-paginate_listing.R:15:3')"/>
    </testcase>
    <testcase time="0.162999999999999" classname="paginate_listing" name="horizontal_pagination_with_0_or_1_key_column_specified_works_correctly"/>
    <testcase time="0.0100000000000007" classname="paginate_listing" name="horizontal_pagination_with_0_or_1_key_column_specified_works_correctly"/>
    <testcase time="0.00699999999999967" classname="paginate_listing" name="horizontal_pagination_with_0_or_1_key_column_specified_works_correctly"/>
    <testcase time="0.161" classname="paginate_listing" name="horizontal_pagination_with_0_or_1_key_column_specified_works_correctly"/>
    <testcase time="0.00600000000000023" classname="paginate_listing" name="horizontal_pagination_with_0_or_1_key_column_specified_works_correctly"/>
    <testcase time="0.00600000000000023" classname="paginate_listing" name="horizontal_pagination_with_0_or_1_key_column_specified_works_correctly"/>
    <testcase time="0.00600000000000023" classname="paginate_listing" name="horizontal_pagination_with_0_or_1_key_column_specified_works_correctly"/>
    <testcase time="0.103" classname="paginate_listing" name="listing_works_with_no_vertical_pagination"/>
    <testcase time="0.00699999999999967" classname="paginate_listing" name="listing_works_with_no_vertical_pagination"/>
    <testcase time="0.00700000000000056" classname="paginate_listing" name="listing_works_with_no_vertical_pagination"/>
    <testcase time="0.116" classname="paginate_listing" name="checking_vertical_pagination_line_calculation."/>
    <testcase time="0.00699999999999967" classname="paginate_listing" name="checking_vertical_pagination_line_calculation."/>
    <testcase time="0.351" classname="paginate_listing" name="pagination_lpp_and_cpp_correctly_computed_for_pg_width_and_pg_height"/>
    <testcase time="0.378" classname="paginate_listing" name="pagination_lpp_and_cpp_correctly_computed_for_page_type_and_font_size"/>
    <testcase time="0.351" classname="paginate_listing" name="pagination_lpp_and_cpp_correctly_computed_for_page_type_and_font_size"/>
    <testcase time="0.396" classname="paginate_listing" name="pagination_lpp_and_cpp_correctly_computed_for_lineheight"/>
    <testcase time="0.366" classname="paginate_listing" name="pagination_lpp_and_cpp_correctly_computed_for_landscape"/>
    <testcase time="0.37" classname="paginate_listing" name="pagination_lpp_and_cpp_correctly_computed_for_margins"/>
    <testcase time="0.122" classname="paginate_listing" name="pagination_works_with_col_wrapping"/>
    <testcase time="0.134" classname="paginate_listing" name="pagination_works_with_col_wrapping"/>
    <testcase time="0.00900000000000034" classname="paginate_listing" name="pagination_works_with_col_wrapping"/>
    <testcase time="0.016" classname="paginate_listing" name="defunct_is_defunct"/>
  </testsuite>
  <testsuite name="print" timestamp="2023-08-15T21:37:13Z" hostname="e08fb283979d" tests="5" skipped="4" failures="0" errors="0" time="0.325">
    <testcase time="0.0659999999999998" classname="print" name="Listing_print_correctly">
      <skipped message="Reason: On CRAN ('test-print.R:7:3')"/>
    </testcase>
    <testcase time="0.116000000000001" classname="print" name="Listing_print_correctly_with_different_widths"/>
    <testcase time="0.00899999999999856" classname="print" name="Listing_print_correctly_with_different_widths">
      <skipped message="Reason: On CRAN ('test-print.R:19:3')"/>
    </testcase>
    <testcase time="0.0690000000000008" classname="print" name="as_listing_produces_correct_output_when_default_formatting_is_specified">
      <skipped message="Reason: On CRAN ('test-print.R:34:3')"/>
    </testcase>
    <testcase time="0.0649999999999995" classname="print" name="as_listing_produces_correct_output_when_col_formatting_is_specified">
      <skipped message="Reason: On CRAN ('test-print.R:74:3')"/>
    </testcase>
  </testsuite>
</testsuites>
