<?xml version="1.0" encoding="UTF-8"?>
<testsuites>
  <testsuite name="export" timestamp="2023-10-14T00:44:12Z" hostname="7497b8a0d17a" tests="9" skipped="4" failures="0" errors="0" time="1.959">
    <testcase time="0.261" classname="export" name="Listing_print_correctly"/>
    <testcase time="0.252" classname="export" name="key_columns_repeat_with_export_as_txt">
      <skipped message="Reason: On CRAN ('test-export.R:24:3')"/>
    </testcase>
    <testcase time="0.162" classname="export" name="key_columns_repeat_with_pagination_with_export_as_txt">
      <skipped message="Reason: On CRAN ('test-export.R:42:3')"/>
    </testcase>
    <testcase time="0.363" classname="export" name="Listing_print_correctly_with_paginate"/>
    <testcase time="0.00499999999999989" classname="export" name="Listing_print_correctly_with_paginate"/>
    <testcase time="0.004" classname="export" name="Listing_print_correctly_with_paginate"/>
    <testcase time="0.264" classname="export" name="export_as_txt_works_and_repeats_the_correct_lines_in_pagination"/>
    <testcase time="0.19" classname="export" name="export_as_txt_works_and_repeats_the_correct_lines_in_pagination">
      <skipped message="Reason: On CRAN ('test-export.R:76:3')"/>
    </testcase>
    <testcase time="0.458" classname="export" name="export_as_txt_works_with_split_listing_by_var">
      <skipped message="Reason: On CRAN ('test-export.R:93:3')"/>
    </testcase>
  </testsuite>
  <testsuite name="listings" timestamp="2023-10-14T00:44:14Z" hostname="7497b8a0d17a" tests="39" skipped="0" failures="0" errors="0" time="0.758">
    <testcase time="0.0380000000000003" classname="listings" name="Column_labels_are_the_same"/>
    <testcase time="0.0179999999999998" classname="listings" name="Column_labels_are_the_same"/>
    <testcase time="0.004" classname="listings" name="Column_labels_are_the_same"/>
    <testcase time="0.0300000000000002" classname="listings" name="listings_work_well_with_different_formats_and_attributes"/>
    <testcase time="0.004" classname="listings" name="listings_work_well_with_different_formats_and_attributes"/>
    <testcase time="0.00499999999999989" classname="listings" name="listings_work_well_with_different_formats_and_attributes"/>
    <testcase time="0.004" classname="listings" name="listings_work_well_with_different_formats_and_attributes"/>
    <testcase time="0.004" classname="listings" name="listings_work_well_with_different_formats_and_attributes"/>
    <testcase time="0.00499999999999989" classname="listings" name="listings_work_well_with_different_formats_and_attributes"/>
    <testcase time="0.004" classname="listings" name="listings_work_well_with_different_formats_and_attributes"/>
    <testcase time="0.004" classname="listings" name="listings_work_well_with_different_formats_and_attributes"/>
    <testcase time="0.004" classname="listings" name="listings_work_well_with_different_formats_and_attributes"/>
    <testcase time="0.00499999999999989" classname="listings" name="listings_work_well_with_different_formats_and_attributes"/>
    <testcase time="0.0170000000000003" classname="listings" name="listings_work_well_with_different_formats_and_attributes"/>
    <testcase time="0.0139999999999998" classname="listings" name="listings_work_well_with_different_formats_and_attributes"/>
    <testcase time="0.00800000000000001" classname="listings" name="listings_work_well_with_different_formats_and_attributes"/>
    <testcase time="0.0089999999999999" classname="listings" name="listings_work_well_with_different_formats_and_attributes"/>
    <testcase time="0.00800000000000001" classname="listings" name="listings_work_well_with_different_formats_and_attributes"/>
    <testcase time="0.00500000000000034" classname="listings" name="listings_work_well_with_different_formats_and_attributes"/>
    <testcase time="0.0209999999999999" classname="listings" name="Content_of_listings_supports_newlines"/>
    <testcase time="0.00800000000000001" classname="listings" name="Content_of_listings_supports_newlines"/>
    <testcase time="0.0169999999999999" classname="listings" name="regression_test_for_keycols_being_lost_due_to_head_"/>
    <testcase time="0.0419999999999998" classname="listings" name="column_inclusion_and_ordering_stuff"/>
    <testcase time="0.0270000000000001" classname="listings" name="column_inclusion_and_ordering_stuff"/>
    <testcase time="0.0670000000000002" classname="listings" name="column_inclusion_and_ordering_stuff"/>
    <testcase time="0.0640000000000001" classname="listings" name="column_inclusion_and_ordering_stuff"/>
    <testcase time="0.0129999999999999" classname="listings" name="column_inclusion_and_ordering_stuff"/>
    <testcase time="0.00700000000000012" classname="listings" name="column_inclusion_and_ordering_stuff"/>
    <testcase time="0.0629999999999997" classname="listings" name="column_inclusion_and_ordering_stuff"/>
    <testcase time="0.0230000000000001" classname="listings" name="unique_rows_removes_duplicate_rows_from_listing"/>
    <testcase time="0.0230000000000001" classname="listings" name="unique_rows_removes_duplicate_rows_from_listing"/>
    <testcase time="0.0349999999999997" classname="listings" name="as_listing_custom_format_works_in_key_cols"/>
    <testcase time="0.0180000000000002" classname="listings" name="as_listing_custom_format_works_in_key_cols"/>
    <testcase time="0.0419999999999998" classname="listings" name="as_listing_works_with_NA_values_in_key_cols"/>
    <testcase time="0.032" classname="listings" name="as_listing_works_with_NA_values_in_key_cols"/>
    <testcase time="0.032" classname="listings" name="as_listing_works_with_NA_values_in_key_cols"/>
    <testcase time="0.0110000000000001" classname="listings" name="as_listing_works_with_NA_values_in_key_cols"/>
    <testcase time="0.0189999999999997" classname="listings" name="split_listing_by_var_works_as_expected"/>
    <testcase time="0.004" classname="listings" name="split_listing_by_var_works_as_expected"/>
  </testsuite>
  <testsuite name="paginate_listing" timestamp="2023-10-14T00:44:15Z" hostname="7497b8a0d17a" tests="28" skipped="2" failures="0" errors="0" time="2.772">
    <testcase time="0.113" classname="paginate_listing" name="pagination_works_vertically">
      <skipped message="Reason: On CRAN ('test-paginate_listing.R:15:3')"/>
    </testcase>
    <testcase time="0.104" classname="paginate_listing" name="horizontal_pagination_with_0_or_1_key_column_specified_works_correctly"/>
    <testcase time="0.004" classname="paginate_listing" name="horizontal_pagination_with_0_or_1_key_column_specified_works_correctly"/>
    <testcase time="0.00499999999999989" classname="paginate_listing" name="horizontal_pagination_with_0_or_1_key_column_specified_works_correctly"/>
    <testcase time="0.108" classname="paginate_listing" name="horizontal_pagination_with_0_or_1_key_column_specified_works_correctly"/>
    <testcase time="0.004" classname="paginate_listing" name="horizontal_pagination_with_0_or_1_key_column_specified_works_correctly"/>
    <testcase time="0.00500000000000034" classname="paginate_listing" name="horizontal_pagination_with_0_or_1_key_column_specified_works_correctly"/>
    <testcase time="0.004" classname="paginate_listing" name="horizontal_pagination_with_0_or_1_key_column_specified_works_correctly"/>
    <testcase time="0.0689999999999995" classname="paginate_listing" name="listing_works_with_no_vertical_pagination"/>
    <testcase time="0.00499999999999989" classname="paginate_listing" name="listing_works_with_no_vertical_pagination"/>
    <testcase time="0.00500000000000078" classname="paginate_listing" name="listing_works_with_no_vertical_pagination"/>
    <testcase time="0.0759999999999996" classname="paginate_listing" name="checking_vertical_pagination_line_calculation."/>
    <testcase time="0.00499999999999989" classname="paginate_listing" name="checking_vertical_pagination_line_calculation."/>
    <testcase time="0.228" classname="paginate_listing" name="pagination_lpp_and_cpp_correctly_computed_for_pg_width_and_pg_height"/>
    <testcase time="0.252000000000001" classname="paginate_listing" name="pagination_lpp_and_cpp_correctly_computed_for_page_type_and_font_size"/>
    <testcase time="0.244" classname="paginate_listing" name="pagination_lpp_and_cpp_correctly_computed_for_page_type_and_font_size"/>
    <testcase time="0.278" classname="paginate_listing" name="pagination_lpp_and_cpp_correctly_computed_for_lineheight"/>
    <testcase time="0.248" classname="paginate_listing" name="pagination_lpp_and_cpp_correctly_computed_for_landscape"/>
    <testcase time="0.27" classname="paginate_listing" name="pagination_lpp_and_cpp_correctly_computed_for_margins"/>
    <testcase time="0.085" classname="paginate_listing" name="pagination_works_with_col_wrapping"/>
    <testcase time="0.108" classname="paginate_listing" name="pagination_works_with_col_wrapping"/>
    <testcase time="0.00699999999999967" classname="paginate_listing" name="pagination_works_with_col_wrapping"/>
    <testcase time="0.322" classname="paginate_listing" name="pagination_repeats_keycols_in_other_pages"/>
    <testcase time="0.0120000000000005" classname="paginate_listing" name="defunct_is_defunct"/>
    <testcase time="0.178" classname="paginate_listing" name="paginate_listing_works_with_split_listing_by_var"/>
    <testcase time="0.00399999999999956" classname="paginate_listing" name="paginate_listing_works_with_split_listing_by_var"/>
    <testcase time="0.00500000000000078" classname="paginate_listing" name="paginate_listing_works_with_split_listing_by_var"/>
    <testcase time="0.024" classname="paginate_listing" name="paginate_listing_works_with_split_listing_by_var">
      <skipped message="Reason: On CRAN ('test-paginate_listing.R:218:3')"/>
    </testcase>
  </testsuite>
  <testsuite name="print" timestamp="2023-10-14T00:44:17Z" hostname="7497b8a0d17a" tests="5" skipped="4" failures="0" errors="0" time="0.294">
    <testcase time="0.0549999999999997" classname="print" name="Listing_print_correctly">
      <skipped message="Reason: On CRAN ('test-print.R:7:3')"/>
    </testcase>
    <testcase time="0.0859999999999994" classname="print" name="Listing_print_correctly_with_different_widths"/>
    <testcase time="0.0510000000000002" classname="print" name="Listing_print_correctly_with_different_widths">
      <skipped message="Reason: On CRAN ('test-print.R:19:3')"/>
    </testcase>
    <testcase time="0.0529999999999999" classname="print" name="as_listing_produces_correct_output_when_default_formatting_is_specified">
      <skipped message="Reason: On CRAN ('test-print.R:34:3')"/>
    </testcase>
    <testcase time="0.0490000000000004" classname="print" name="as_listing_produces_correct_output_when_col_formatting_is_specified">
      <skipped message="Reason: On CRAN ('test-print.R:74:3')"/>
    </testcase>
  </testsuite>
</testsuites>
