<?xml version="1.0" encoding="UTF-8"?>
<testsuites>
  <testsuite name="export" timestamp="2023-10-14T00:37:43Z" hostname="a4d04e5b4bba" tests="9" skipped="4" failures="0" errors="0" time="2.71">
    <testcase time="0.33" classname="export" name="Listing_print_correctly"/>
    <testcase time="0.339" classname="export" name="key_columns_repeat_with_export_as_txt">
      <skipped message="Reason: On CRAN ('test-export.R:24:3')"/>
    </testcase>
    <testcase time="0.214" classname="export" name="key_columns_repeat_with_pagination_with_export_as_txt">
      <skipped message="Reason: On CRAN ('test-export.R:42:3')"/>
    </testcase>
    <testcase time="0.513" classname="export" name="Listing_print_correctly_with_paginate"/>
    <testcase time="0.00700000000000012" classname="export" name="Listing_print_correctly_with_paginate"/>
    <testcase time="0.00499999999999989" classname="export" name="Listing_print_correctly_with_paginate"/>
    <testcase time="0.371" classname="export" name="export_as_txt_works_and_repeats_the_correct_lines_in_pagination"/>
    <testcase time="0.268" classname="export" name="export_as_txt_works_and_repeats_the_correct_lines_in_pagination">
      <skipped message="Reason: On CRAN ('test-export.R:76:3')"/>
    </testcase>
    <testcase time="0.663" classname="export" name="export_as_txt_works_with_split_listing_by_var">
      <skipped message="Reason: On CRAN ('test-export.R:93:3')"/>
    </testcase>
  </testsuite>
  <testsuite name="listings" timestamp="2023-10-14T00:37:45Z" hostname="a4d04e5b4bba" tests="39" skipped="0" failures="0" errors="0" time="1.035">
    <testcase time="0.0489999999999999" classname="listings" name="Column_labels_are_the_same"/>
    <testcase time="0.024" classname="listings" name="Column_labels_are_the_same"/>
    <testcase time="0.00600000000000023" classname="listings" name="Column_labels_are_the_same"/>
    <testcase time="0.0389999999999997" classname="listings" name="listings_work_well_with_different_formats_and_attributes"/>
    <testcase time="0.00600000000000023" classname="listings" name="listings_work_well_with_different_formats_and_attributes"/>
    <testcase time="0.00599999999999978" classname="listings" name="listings_work_well_with_different_formats_and_attributes"/>
    <testcase time="0.00600000000000023" classname="listings" name="listings_work_well_with_different_formats_and_attributes"/>
    <testcase time="0.00599999999999978" classname="listings" name="listings_work_well_with_different_formats_and_attributes"/>
    <testcase time="0.00600000000000023" classname="listings" name="listings_work_well_with_different_formats_and_attributes"/>
    <testcase time="0.00499999999999989" classname="listings" name="listings_work_well_with_different_formats_and_attributes"/>
    <testcase time="0.00600000000000023" classname="listings" name="listings_work_well_with_different_formats_and_attributes"/>
    <testcase time="0.00499999999999989" classname="listings" name="listings_work_well_with_different_formats_and_attributes"/>
    <testcase time="0.00499999999999989" classname="listings" name="listings_work_well_with_different_formats_and_attributes"/>
    <testcase time="0.0209999999999999" classname="listings" name="listings_work_well_with_different_formats_and_attributes"/>
    <testcase time="0.0140000000000002" classname="listings" name="listings_work_well_with_different_formats_and_attributes"/>
    <testcase time="0.00999999999999979" classname="listings" name="listings_work_well_with_different_formats_and_attributes"/>
    <testcase time="0.0110000000000001" classname="listings" name="listings_work_well_with_different_formats_and_attributes"/>
    <testcase time="0.0119999999999996" classname="listings" name="listings_work_well_with_different_formats_and_attributes"/>
    <testcase time="0.00500000000000078" classname="listings" name="listings_work_well_with_different_formats_and_attributes"/>
    <testcase time="0.0269999999999992" classname="listings" name="Content_of_listings_supports_newlines"/>
    <testcase time="0.0100000000000007" classname="listings" name="Content_of_listings_supports_newlines"/>
    <testcase time="0.0219999999999994" classname="listings" name="regression_test_for_keycols_being_lost_due_to_head_"/>
    <testcase time="0.0570000000000004" classname="listings" name="column_inclusion_and_ordering_stuff"/>
    <testcase time="0.0329999999999995" classname="listings" name="column_inclusion_and_ordering_stuff"/>
    <testcase time="0.0830000000000002" classname="listings" name="column_inclusion_and_ordering_stuff"/>
    <testcase time="0.0840000000000005" classname="listings" name="column_inclusion_and_ordering_stuff"/>
    <testcase time="0.016" classname="listings" name="column_inclusion_and_ordering_stuff"/>
    <testcase time="0.00800000000000001" classname="listings" name="column_inclusion_and_ordering_stuff"/>
    <testcase time="0.093" classname="listings" name="column_inclusion_and_ordering_stuff"/>
    <testcase time="0.0339999999999998" classname="listings" name="unique_rows_removes_duplicate_rows_from_listing"/>
    <testcase time="0.032" classname="listings" name="unique_rows_removes_duplicate_rows_from_listing"/>
    <testcase time="0.0519999999999996" classname="listings" name="as_listing_custom_format_works_in_key_cols"/>
    <testcase time="0.0300000000000002" classname="listings" name="as_listing_custom_format_works_in_key_cols"/>
    <testcase time="0.0649999999999995" classname="listings" name="as_listing_works_with_NA_values_in_key_cols"/>
    <testcase time="0.0499999999999998" classname="listings" name="as_listing_works_with_NA_values_in_key_cols"/>
    <testcase time="0.0530000000000008" classname="listings" name="as_listing_works_with_NA_values_in_key_cols"/>
    <testcase time="0.0139999999999993" classname="listings" name="as_listing_works_with_NA_values_in_key_cols"/>
    <testcase time="0.0250000000000004" classname="listings" name="split_listing_by_var_works_as_expected"/>
    <testcase time="0.00499999999999989" classname="listings" name="split_listing_by_var_works_as_expected"/>
  </testsuite>
  <testsuite name="paginate_listing" timestamp="2023-10-14T00:37:46Z" hostname="a4d04e5b4bba" tests="28" skipped="2" failures="0" errors="0" time="3.779">
    <testcase time="0.148" classname="paginate_listing" name="pagination_works_vertically">
      <skipped message="Reason: On CRAN ('test-paginate_listing.R:15:3')"/>
    </testcase>
    <testcase time="0.141" classname="paginate_listing" name="horizontal_pagination_with_0_or_1_key_column_specified_works_correctly"/>
    <testcase time="0.00499999999999989" classname="paginate_listing" name="horizontal_pagination_with_0_or_1_key_column_specified_works_correctly"/>
    <testcase time="0.00600000000000023" classname="paginate_listing" name="horizontal_pagination_with_0_or_1_key_column_specified_works_correctly"/>
    <testcase time="0.141" classname="paginate_listing" name="horizontal_pagination_with_0_or_1_key_column_specified_works_correctly"/>
    <testcase time="0.00499999999999989" classname="paginate_listing" name="horizontal_pagination_with_0_or_1_key_column_specified_works_correctly"/>
    <testcase time="0.00499999999999989" classname="paginate_listing" name="horizontal_pagination_with_0_or_1_key_column_specified_works_correctly"/>
    <testcase time="0.00499999999999989" classname="paginate_listing" name="horizontal_pagination_with_0_or_1_key_column_specified_works_correctly"/>
    <testcase time="0.0869999999999997" classname="paginate_listing" name="listing_works_with_no_vertical_pagination"/>
    <testcase time="0.00700000000000056" classname="paginate_listing" name="listing_works_with_no_vertical_pagination"/>
    <testcase time="0.00600000000000023" classname="paginate_listing" name="listing_works_with_no_vertical_pagination"/>
    <testcase time="0.111999999999999" classname="paginate_listing" name="checking_vertical_pagination_line_calculation."/>
    <testcase time="0.00700000000000056" classname="paginate_listing" name="checking_vertical_pagination_line_calculation."/>
    <testcase time="0.353" classname="paginate_listing" name="pagination_lpp_and_cpp_correctly_computed_for_pg_width_and_pg_height"/>
    <testcase time="0.356" classname="paginate_listing" name="pagination_lpp_and_cpp_correctly_computed_for_page_type_and_font_size"/>
    <testcase time="0.359" classname="paginate_listing" name="pagination_lpp_and_cpp_correctly_computed_for_page_type_and_font_size"/>
    <testcase time="0.354" classname="paginate_listing" name="pagination_lpp_and_cpp_correctly_computed_for_lineheight"/>
    <testcase time="0.335" classname="paginate_listing" name="pagination_lpp_and_cpp_correctly_computed_for_landscape"/>
    <testcase time="0.357" classname="paginate_listing" name="pagination_lpp_and_cpp_correctly_computed_for_margins"/>
    <testcase time="0.114" classname="paginate_listing" name="pagination_works_with_col_wrapping"/>
    <testcase time="0.129" classname="paginate_listing" name="pagination_works_with_col_wrapping"/>
    <testcase time="0.00899999999999945" classname="paginate_listing" name="pagination_works_with_col_wrapping"/>
    <testcase time="0.431000000000001" classname="paginate_listing" name="pagination_repeats_keycols_in_other_pages"/>
    <testcase time="0.0149999999999988" classname="paginate_listing" name="defunct_is_defunct"/>
    <testcase time="0.248000000000001" classname="paginate_listing" name="paginate_listing_works_with_split_listing_by_var"/>
    <testcase time="0.00600000000000023" classname="paginate_listing" name="paginate_listing_works_with_split_listing_by_var"/>
    <testcase time="0.00499999999999901" classname="paginate_listing" name="paginate_listing_works_with_split_listing_by_var"/>
    <testcase time="0.0329999999999995" classname="paginate_listing" name="paginate_listing_works_with_split_listing_by_var">
      <skipped message="Reason: On CRAN ('test-paginate_listing.R:218:3')"/>
    </testcase>
  </testsuite>
  <testsuite name="print" timestamp="2023-10-14T00:37:50Z" hostname="a4d04e5b4bba" tests="5" skipped="4" failures="0" errors="0" time="0.374">
    <testcase time="0.0700000000000003" classname="print" name="Listing_print_correctly">
      <skipped message="Reason: On CRAN ('test-print.R:7:3')"/>
    </testcase>
    <testcase time="0.109" classname="print" name="Listing_print_correctly_with_different_widths"/>
    <testcase time="0.0690000000000008" classname="print" name="Listing_print_correctly_with_different_widths">
      <skipped message="Reason: On CRAN ('test-print.R:19:3')"/>
    </testcase>
    <testcase time="0.0649999999999995" classname="print" name="as_listing_produces_correct_output_when_default_formatting_is_specified">
      <skipped message="Reason: On CRAN ('test-print.R:34:3')"/>
    </testcase>
    <testcase time="0.0609999999999999" classname="print" name="as_listing_produces_correct_output_when_col_formatting_is_specified">
      <skipped message="Reason: On CRAN ('test-print.R:74:3')"/>
    </testcase>
  </testsuite>
</testsuites>
