<?xml version="1.0" encoding="UTF-8"?>
<testsuites>
  <testsuite name="export" timestamp="2025-05-23T20:39:19Z" hostname="6b77ad2d3cb8" tests="11" skipped="0" failures="0" errors="0" time="2.797">
    <testcase time="0.24" classname="export" name="Listing_print_correctly"/>
    <testcase time="0.352" classname="export" name="key_columns_repeat_with_export_as_txt"/>
    <testcase time="0.212" classname="export" name="key_columns_repeat_with_pagination_with_export_as_txt"/>
    <testcase time="0.385" classname="export" name="Listing_print_correctly_with_paginate"/>
    <testcase time="0.00299999999999989" classname="export" name="Listing_print_correctly_with_paginate"/>
    <testcase time="0.00300000000000011" classname="export" name="Listing_print_correctly_with_paginate"/>
    <testcase time="0.403" classname="export" name="export_as_txt_works_and_repeats_the_correct_lines_in_pagination"/>
    <testcase time="0.26" classname="export" name="export_as_txt_works_and_repeats_the_correct_lines_in_pagination"/>
    <testcase time="0.614" classname="export" name="export_as_txt_works_with_split_into_pages_by_var"/>
    <testcase time="0.0830000000000002" classname="export" name="export_as_txt_works_with_empty_listings"/>
    <testcase time="0.242" classname="export" name="export_as_txt_works_with_listings_with_all_key_cols"/>
  </testsuite>
  <testsuite name="listings" timestamp="2025-05-23T20:39:21Z" hostname="6b77ad2d3cb8" tests="57" skipped="0" failures="0" errors="0" time="0.975">
    <testcase time="0.0270000000000001" classname="listings" name="Column_labels_are_the_same"/>
    <testcase time="0.0299999999999998" classname="listings" name="Column_labels_are_the_same"/>
    <testcase time="0.00300000000000011" classname="listings" name="Column_labels_are_the_same"/>
    <testcase time="0.0349999999999997" classname="listings" name="listings_work_well_with_different_formats_and_attributes"/>
    <testcase time="0.004" classname="listings" name="listings_work_well_with_different_formats_and_attributes"/>
    <testcase time="0.00300000000000011" classname="listings" name="listings_work_well_with_different_formats_and_attributes"/>
    <testcase time="0.004" classname="listings" name="listings_work_well_with_different_formats_and_attributes"/>
    <testcase time="0.00300000000000011" classname="listings" name="listings_work_well_with_different_formats_and_attributes"/>
    <testcase time="0.00300000000000011" classname="listings" name="listings_work_well_with_different_formats_and_attributes"/>
    <testcase time="0.00299999999999967" classname="listings" name="listings_work_well_with_different_formats_and_attributes"/>
    <testcase time="0.00300000000000011" classname="listings" name="listings_work_well_with_different_formats_and_attributes"/>
    <testcase time="0.00300000000000011" classname="listings" name="listings_work_well_with_different_formats_and_attributes"/>
    <testcase time="0.00300000000000011" classname="listings" name="listings_work_well_with_different_formats_and_attributes"/>
    <testcase time="0.00999999999999979" classname="listings" name="listings_work_well_with_different_formats_and_attributes"/>
    <testcase time="0.012" classname="listings" name="listings_work_well_with_different_formats_and_attributes"/>
    <testcase time="0.00700000000000012" classname="listings" name="listings_work_well_with_different_formats_and_attributes"/>
    <testcase time="0.00700000000000012" classname="listings" name="listings_work_well_with_different_formats_and_attributes"/>
    <testcase time="0.00699999999999967" classname="listings" name="listings_work_well_with_different_formats_and_attributes"/>
    <testcase time="0.00300000000000011" classname="listings" name="listings_work_well_with_different_formats_and_attributes"/>
    <testcase time="0.0299999999999998" classname="listings" name="Content_of_listings_supports_newlines"/>
    <testcase time="0.0150000000000001" classname="listings" name="Content_of_listings_supports_newlines"/>
    <testcase time="0.0140000000000002" classname="listings" name="regression_test_for_keycols_being_lost_due_to_head_"/>
    <testcase time="0.0629999999999997" classname="listings" name="column_inclusion_and_ordering_stuff"/>
    <testcase time="0.0220000000000002" classname="listings" name="column_inclusion_and_ordering_stuff"/>
    <testcase time="0.04" classname="listings" name="column_inclusion_and_ordering_stuff"/>
    <testcase time="0.04" classname="listings" name="column_inclusion_and_ordering_stuff"/>
    <testcase time="0.00499999999999989" classname="listings" name="column_inclusion_and_ordering_stuff"/>
    <testcase time="0.0089999999999999" classname="listings" name="column_inclusion_and_ordering_stuff"/>
    <testcase time="0.0939999999999999" classname="listings" name="column_inclusion_and_ordering_stuff"/>
    <testcase time="0.0280000000000005" classname="listings" name="unique_rows_removes_duplicate_rows_from_listing"/>
    <testcase time="0.032" classname="listings" name="unique_rows_removes_duplicate_rows_from_listing"/>
    <testcase time="0.0409999999999995" classname="listings" name="as_listing_custom_format_works_in_key_cols"/>
    <testcase time="0.032" classname="listings" name="as_listing_custom_format_works_in_key_cols"/>
    <testcase time="0.0529999999999999" classname="listings" name="as_listing_works_with_NA_values_in_key_cols"/>
    <testcase time="0.056" classname="listings" name="as_listing_works_with_NA_values_in_key_cols"/>
    <testcase time="0.0449999999999999" classname="listings" name="as_listing_works_with_NA_values_in_key_cols"/>
    <testcase time="0.0100000000000007" classname="listings" name="as_listing_works_with_NA_values_in_key_cols"/>
    <testcase time="0.0139999999999993" classname="listings" name="as_listing_sort_cols_works"/>
    <testcase time="0.00500000000000078" classname="listings" name="as_listing_sort_cols_works"/>
    <testcase time="0.00399999999999956" classname="listings" name="as_listing_sort_cols_works"/>
    <testcase time="0.00600000000000023" classname="listings" name="as_listing_sort_cols_works"/>
    <testcase time="0.00399999999999956" classname="listings" name="as_listing_sort_cols_works"/>
    <testcase time="0.00300000000000011" classname="listings" name="as_listing_sort_cols_works"/>
    <testcase time="0.00600000000000023" classname="listings" name="as_listing_sort_cols_works"/>
    <testcase time="0.00699999999999967" classname="listings" name="as_listing_sort_cols_works"/>
    <testcase time="0.00499999999999989" classname="listings" name="as_listing_sort_cols_works"/>
    <testcase time="0.00400000000000045" classname="listings" name="as_listing_sort_cols_works"/>
    <testcase time="0.00399999999999956" classname="listings" name="as_listing_sort_cols_works"/>
    <testcase time="0.00700000000000056" classname="listings" name="as_listing_sort_cols_works"/>
    <testcase time="0.00399999999999956" classname="listings" name="as_listing_sort_cols_works"/>
    <testcase time="0.00300000000000011" classname="listings" name="as_listing_sort_cols_works"/>
    <testcase time="0.00699999999999967" classname="listings" name="as_listing_sort_cols_works"/>
    <testcase time="0.0350000000000001" classname="listings" name="add_listing_col_works_with_a_function_when_a_format_is_applied"/>
    <testcase time="0.0200000000000005" classname="listings" name="split_into_pages_by_var_works_as_expected"/>
    <testcase time="0.00399999999999956" classname="listings" name="split_into_pages_by_var_works_as_expected"/>
    <testcase time="0.0179999999999998" classname="listings" name="split_into_pages_by_var_works_as_expected"/>
    <testcase time="0.016" classname="listings" name="appropriate_error_message_returned_for_difftime_class"/>
  </testsuite>
  <testsuite name="matrix_form" timestamp="2025-05-23T20:39:22Z" hostname="6b77ad2d3cb8" tests="17" skipped="0" failures="0" errors="0" time="0.684">
    <testcase time="0.135000000000001" classname="matrix_form" name="matrix_form_keeps_relevant_information_and_structure_about_the_listing"/>
    <testcase time="0.00300000000000011" classname="matrix_form" name="matrix_form_keeps_relevant_information_and_structure_about_the_listing"/>
    <testcase time="0.00800000000000001" classname="matrix_form" name="matrix_form_keeps_relevant_information_and_structure_about_the_listing"/>
    <testcase time="0.0140000000000002" classname="matrix_form" name="matrix_form_keeps_relevant_information_and_structure_about_the_listing"/>
    <testcase time="0.109" classname="matrix_form" name="matrix_form_keeps_relevant_information_and_structure_about_the_listing"/>
    <testcase time="0.00199999999999978" classname="matrix_form" name="matrix_form_keeps_relevant_information_and_structure_about_the_listing"/>
    <testcase time="0.00300000000000011" classname="matrix_form" name="matrix_form_keeps_relevant_information_and_structure_about_the_listing"/>
    <testcase time="0.0979999999999999" classname="matrix_form" name="matrix_form_keeps_relevant_information_and_structure_about_the_listing"/>
    <testcase time="0.00300000000000011" classname="matrix_form" name="matrix_form_keeps_relevant_information_and_structure_about_the_listing"/>
    <testcase time="0.00300000000000011" classname="matrix_form" name="matrix_form_keeps_relevant_information_and_structure_about_the_listing"/>
    <testcase time="0.016" classname="matrix_form" name="matrix_form_detects_or_in_labels_and_sends_meaningful_error_message"/>
    <testcase time="0.0309999999999997" classname="matrix_form" name="matrix_form_detects_or_in_labels_and_sends_meaningful_error_message"/>
    <testcase time="0.0279999999999996" classname="matrix_form" name="matrix_form_detects_or_in_labels_and_sends_meaningful_error_message"/>
    <testcase time="0.0250000000000004" classname="matrix_form" name="align_colnames_can_change_alignment_for_column_titles"/>
    <testcase time="0.0149999999999997" classname="matrix_form" name="align_colnames_can_change_alignment_for_column_titles"/>
    <testcase time="0.0940000000000003" classname="matrix_form" name="align_colnames_can_change_alignment_for_column_titles"/>
    <testcase time="0.0970000000000004" classname="matrix_form" name="align_colnames_can_change_alignment_for_column_titles"/>
  </testsuite>
  <testsuite name="paginate_listing" timestamp="2025-05-23T20:39:23Z" hostname="6b77ad2d3cb8" tests="47" skipped="0" failures="0" errors="0" time="7.689">
    <testcase time="0.143" classname="paginate_listing" name="pagination_works_vertically"/>
    <testcase time="0.107" classname="paginate_listing" name="pagination_works_vertically"/>
    <testcase time="0.0359999999999996" classname="paginate_listing" name="pagination_works_vertically"/>
    <testcase time="0.126" classname="paginate_listing" name="horizontal_pagination_with_0_or_1_key_column_specified_works_correctly"/>
    <testcase time="0.00399999999999956" classname="paginate_listing" name="horizontal_pagination_with_0_or_1_key_column_specified_works_correctly"/>
    <testcase time="0.00300000000000011" classname="paginate_listing" name="horizontal_pagination_with_0_or_1_key_column_specified_works_correctly"/>
    <testcase time="0.138" classname="paginate_listing" name="horizontal_pagination_with_0_or_1_key_column_specified_works_correctly"/>
    <testcase time="0.00300000000000011" classname="paginate_listing" name="horizontal_pagination_with_0_or_1_key_column_specified_works_correctly"/>
    <testcase time="0.00400000000000045" classname="paginate_listing" name="horizontal_pagination_with_0_or_1_key_column_specified_works_correctly"/>
    <testcase time="0.00299999999999923" classname="paginate_listing" name="horizontal_pagination_with_0_or_1_key_column_specified_works_correctly"/>
    <testcase time="0.0890000000000004" classname="paginate_listing" name="listing_works_with_no_vertical_pagination"/>
    <testcase time="0.00399999999999956" classname="paginate_listing" name="listing_works_with_no_vertical_pagination"/>
    <testcase time="0.00400000000000045" classname="paginate_listing" name="listing_works_with_no_vertical_pagination"/>
    <testcase time="0.0969999999999995" classname="paginate_listing" name="checking_vertical_pagination_line_calculation."/>
    <testcase time="0.00500000000000078" classname="paginate_listing" name="checking_vertical_pagination_line_calculation."/>
    <testcase time="0.513" classname="paginate_listing" name="pagination_lpp_and_cpp_correctly_computed_for_pg_width_and_pg_height"/>
    <testcase time="0.545999999999999" classname="paginate_listing" name="pagination_lpp_and_cpp_correctly_computed_for_page_type_and_font_size"/>
    <testcase time="0.53" classname="paginate_listing" name="pagination_lpp_and_cpp_correctly_computed_for_page_type_and_font_size"/>
    <testcase time="0.621" classname="paginate_listing" name="pagination_lpp_and_cpp_correctly_computed_for_lineheight"/>
    <testcase time="0.542" classname="paginate_listing" name="pagination_lpp_and_cpp_correctly_computed_for_landscape"/>
    <testcase time="0.635" classname="paginate_listing" name="pagination_lpp_and_cpp_correctly_computed_for_margins"/>
    <testcase time="0.228" classname="paginate_listing" name="pagination_works_with_col_wrapping"/>
    <testcase time="0.223000000000001" classname="paginate_listing" name="pagination_works_with_col_wrapping"/>
    <testcase time="0.00600000000000023" classname="paginate_listing" name="pagination_works_with_col_wrapping"/>
    <testcase time="0.263999999999999" classname="paginate_listing" name="pagination_repeats_keycols_in_other_pages"/>
    <testcase time="0.179" classname="paginate_listing" name="pagination_repeats_keycols_in_other_pages"/>
    <testcase time="0.140000000000001" classname="paginate_listing" name="pagination_repeats_keycols_in_other_pages"/>
    <testcase time="0.173999999999999" classname="paginate_listing" name="pagination_repeats_keycols_in_other_pages"/>
    <testcase time="0.724" classname="paginate_listing" name="pagination_repeats_keycols_in_other_pages_longer_test_"/>
    <testcase time="0.134" classname="paginate_listing" name="paginate_to_mpfs_works_with_wrapping_on_keycols"/>
    <testcase time="0.0549999999999997" classname="paginate_listing" name="paginate_to_mpfs_works_with_wrapping_on_keycols"/>
    <testcase time="0.0839999999999996" classname="paginate_listing" name="paginate_to_mpfs_works_with_wrapping_on_keycols"/>
    <testcase time="0.0909999999999993" classname="paginate_listing" name="paginate_to_mpfs_works_with_wrapping_on_keycols"/>
    <testcase time="0.129" classname="paginate_listing" name="paginate_to_mpfs_works_with_wrapping_on_keycols"/>
    <testcase time="0.199999999999999" classname="paginate_listing" name="paginate_to_mpfs_works_with_wrapping_on_keycols_when_doing_horizontal_pagination"/>
    <testcase time="0.213000000000001" classname="paginate_listing" name="paginate_to_mpfs_works_with_wrapping_on_keycols_when_doing_horizontal_pagination"/>
    <testcase time="0.0649999999999995" classname="paginate_listing" name="paginate_to_mpfs_works_with_wrapping_on_keycols_when_doing_horizontal_pagination"/>
    <testcase time="0.016" classname="paginate_listing" name="paginate_listing_works_with_split_into_pages_by_var"/>
    <testcase time="0.183" classname="paginate_listing" name="paginate_listing_works_with_split_into_pages_by_var"/>
    <testcase time="0.00300000000000011" classname="paginate_listing" name="paginate_listing_works_with_split_into_pages_by_var"/>
    <testcase time="0.00300000000000011" classname="paginate_listing" name="paginate_listing_works_with_split_into_pages_by_var"/>
    <testcase time="0.00300000000000011" classname="paginate_listing" name="paginate_listing_works_with_split_into_pages_by_var"/>
    <testcase time="0.0340000000000007" classname="paginate_listing" name="paginate_listing_works_with_split_into_pages_by_var"/>
    <testcase time="0.211" classname="paginate_listing" name="paginate_listing_works_with_split_into_pages_by_var"/>
    <testcase time="0.0350000000000001" classname="paginate_listing" name="paginate_listing_works_with_split_into_pages_by_var_and_trailing_sep"/>
    <testcase time="0.0139999999999993" classname="paginate_listing" name="paginate_listing_works_with_split_into_pages_by_var_and_trailing_sep"/>
    <testcase time="0.125" classname="paginate_listing" name="paginate_listing_works_with_split_into_pages_by_var_and_trailing_sep"/>
  </testsuite>
  <testsuite name="print" timestamp="2025-05-23T20:39:31Z" hostname="6b77ad2d3cb8" tests="36" skipped="0" failures="2" errors="0" time="2.699">
    <testcase time="0.0839999999999996" classname="print" name="Listing_print_correctly"/>
    <testcase time="0.00300000000000011" classname="print" name="Listing_print_correctly"/>
    <testcase time="0.0250000000000004" classname="print" name="Listing_print_correctly"/>
    <testcase time="0.159000000000001" classname="print" name="Listing_print_correctly_with_different_widths"/>
    <testcase time="0.0839999999999996" classname="print" name="Listing_print_correctly_with_different_widths"/>
    <testcase time="0.0609999999999999" classname="print" name="as_listing_produces_correct_output_when_default_formatting_is_specified"/>
    <testcase time="0.0109999999999992" classname="print" name="as_listing_produces_correct_output_when_default_formatting_is_specified"/>
    <testcase time="0.00699999999999967" classname="print" name="as_listing_produces_correct_output_when_default_formatting_is_specified"/>
    <testcase time="0.0660000000000007" classname="print" name="as_listing_produces_correct_output_when_col_formatting_is_specified"/>
    <testcase time="0.0730000000000004" classname="print" name="as_listing_produces_correct_output_when_col_formatting_is_specified"/>
    <testcase time="0.00600000000000023" classname="print" name="as_listing_produces_correct_output_when_col_formatting_is_specified"/>
    <testcase time="0.00599999999999845" classname="print" name="as_listing_produces_correct_output_when_col_formatting_is_specified"/>
    <testcase time="0.0540000000000003" classname="print" name="listings_support_newline_characters"/>
    <testcase time="0.088000000000001" classname="print" name="listings_support_newline_characters"/>
    <testcase time="0.27" classname="print" name="listings_supports_wrapping"/>
    <testcase time="0.558999999999999" classname="print" name="listings_supports_wrapping"/>
    <testcase time="0.00400000000000134" classname="print" name="listings_supports_wrapping"/>
    <testcase time="0.0719999999999992" classname="print" name="listings_supports_wrapping"/>
    <testcase time="0.0670000000000002" classname="print" name="sas_rounding_support"/>
    <testcase time="0.00300000000000011" classname="print" name="sas_rounding_support"/>
    <testcase time="0.0660000000000007" classname="print" name="sas_rounding_support"/>
    <testcase time="0.00300000000000011" classname="print" name="sas_rounding_support"/>
    <testcase time="0.0729999999999986" classname="print" name="sas_rounding_support"/>
    <testcase time="0.0680000000000014" classname="print" name="listings_supports_horizontal_separators"/>
    <testcase time="0.0559999999999992" classname="print" name="listings_supports_horizontal_separators"/>
    <testcase time="0.0380000000000003" classname="print" name="listings_supports_horizontal_separators"/>
    <testcase time="0.00600000000000023" classname="print" name="listings_supports_horizontal_separators"/>
    <testcase time="0.0419999999999998" classname="print" name="listings_supports_horizontal_separators"/>
    <testcase time="0.0589999999999993" classname="print" name="listings_supports_horizontal_separators"/>
    <testcase time="0.0609999999999999" classname="print" name="spanning_column_label_machinery_works"/>
    <testcase time="0.109" classname="print" name="spanning_column_label_machinery_works">
      <failure type="failure" message="Snapshot of code has changed: ('test-print.R:282:3')">Snapshot of code has changed:
old[4:13] vs new[4:13]
                             key columns                                                                                lame columns                                                   
    Description of Planned Arm   Race    Unique Subject Identifier   Continous Level Biomarker 1   Categorical Level Biomarker 2   Body System or Organ Class   Dictionary-Derived Term
    ———————————————————————————————————————————————————————————————————————————————————————————————————————————————————————————————————————————————————————————————————————————————————
-           A: Drug X            WHITE     AB12345-BRA-1-id-134            6.4629905784248                      LOW                          cl B.2                  dcd B.2.1.2.1     
+           A: Drug X            WHITE     AB12345-BRA-1-id-134           6.46299057842479                      LOW                          cl B.2                  dcd B.2.1.2.1     
-                                                                          6.4629905784248                      LOW                          cl D.1                  dcd D.1.1.4.2     
+                                                                         6.46299057842479                      LOW                          cl D.1                  dcd D.1.1.4.2     
-                                                                          6.4629905784248                      LOW                          cl A.1                  dcd A.1.1.1.2     
+                                                                         6.46299057842479                      LOW                          cl A.1                  dcd A.1.1.1.2     
-                                                                          6.4629905784248                      LOW                          cl A.1                  dcd A.1.1.1.2     
+                                                                         6.46299057842479                      LOW                          cl A.1                  dcd A.1.1.1.2     
          C: Combination         WHITE     AB12345-BRA-1-id-141           7.51607612428241                     HIGH                          cl B.2                  dcd B.2.1.2.1     
                                                                          7.51607612428241                     HIGH                          cl D.2                  dcd D.2.1.5.3     
                                                                          7.51607612428241                     HIGH                          cl A.1                  dcd A.1.1.1.1     

* Run `testthat::snapshot_accept('print')` to accept the change.
* Run `testthat::snapshot_review('print')` to interactively review the change.</failure>
    </testcase>
    <testcase time="0.0229999999999997" classname="print" name="spanning_column_label_machinery_works"/>
    <testcase time="0.0670000000000002" classname="print" name="spanning_column_label_machinery_works"/>
    <testcase time="0.00300000000000011" classname="print" name="spanning_column_label_machinery_works"/>
    <testcase time="0.221" classname="print" name="spanning_column_label_machinery_works"/>
    <testcase time="0.102" classname="print" name="spanning_column_label_machinery_works">
      <failure type="failure" message="Snapshot of code has changed: ('test-print.R:345:3')">Snapshot of code has changed:
old[10:16] vs new[7:19]
                             key columns                                                                                lame columns                                                   
    Description of Planned Arm   Race    Unique Subject Identifier   Continous Level Biomarker 1   Categorical Level Biomarker 2   Body System or Organ Class   Dictionary-Derived Term
    ———————————————————————————————————————————————————————————————————————————————————————————————————————————————————————————————————————————————————————————————————————————————————
-           A: Drug X            WHITE     AB12345-BRA-1-id-134            6.4629905784248                      LOW                          cl B.2                  dcd B.2.1.2.1     
-                                                                          6.4629905784248                      LOW                          cl D.1                  dcd D.1.1.4.2     
-                                                                          6.4629905784248                      LOW                          cl A.1                  dcd A.1.1.1.2     
-                                                                          6.4629905784248                      LOW                          cl A.1                  dcd A.1.1.1.2     
+           A: Drug X            WHITE     AB12345-BRA-1-id-134           6.46299057842479                      LOW                          cl B.2                  dcd B.2.1.2.1     
+                                                                         6.46299057842479                      LOW                          cl D.1                  dcd D.1.1.4.2     
+                                                                         6.46299057842479                      LOW                          cl A.1                  dcd A.1.1.1.2     
+                                                                         6.46299057842479                      LOW                          cl A.1                  dcd A.1.1.1.2     
+         C: Combination         WHITE     AB12345-BRA-1-id-141           7.51607612428241                     HIGH                          cl B.2                  dcd B.2.1.2.1     
+                                                                         7.51607612428241                     HIGH                          cl D.2                  dcd D.2.1.5.3     
+                                                                         7.51607612428241                     HIGH                          cl A.1                  dcd A.1.1.1.1     
+                                                                         7.51607612428241                     HIGH                          cl A.1                  dcd A.1.1.1.2     
+                                                                         7.51607612428241                     HIGH                          cl A.1                  dcd A.1.1.1.1     
+                                                                         7.51607612428241                     HIGH                          cl D.1                  dcd D.1.1.1.1     
          C: Combination         WHITE     AB12345-BRA-1-id-141           7.51607612428241                     HIGH                          cl B.2                  dcd B.2.1.2.1     
                                                                          7.51607612428241                     HIGH                          cl D.2                  dcd D.2.1.5.3     
                                                                          7.51607612428241                     HIGH                          cl A.1                  dcd A.1.1.1.1     

* Run `testthat::snapshot_accept('print')` to accept the change.
* Run `testthat::snapshot_review('print')` to interactively review the change.</failure>
    </testcase>
  </testsuite>
</testsuites>
