<?xml version="1.0" encoding="UTF-8"?>
<testsuites>
  <testsuite name="export" timestamp="2025-03-27T03:37:41Z" hostname="d484cf407d2e" tests="11" skipped="0" failures="0" errors="0" time="2.549">
    <testcase time="0.26" classname="export" name="Listing_print_correctly"/>
    <testcase time="0.408" classname="export" name="key_columns_repeat_with_export_as_txt"/>
    <testcase time="0.172" classname="export" name="key_columns_repeat_with_pagination_with_export_as_txt"/>
    <testcase time="0.339" classname="export" name="Listing_print_correctly_with_paginate"/>
    <testcase time="0.00299999999999967" classname="export" name="Listing_print_correctly_with_paginate"/>
    <testcase time="0.00300000000000011" classname="export" name="Listing_print_correctly_with_paginate"/>
    <testcase time="0.345" classname="export" name="export_as_txt_works_and_repeats_the_correct_lines_in_pagination"/>
    <testcase time="0.222" classname="export" name="export_as_txt_works_and_repeats_the_correct_lines_in_pagination"/>
    <testcase time="0.519" classname="export" name="export_as_txt_works_with_split_into_pages_by_var"/>
    <testcase time="0.0709999999999997" classname="export" name="export_as_txt_works_with_empty_listings"/>
    <testcase time="0.207" classname="export" name="export_as_txt_works_with_listings_with_all_key_cols"/>
  </testsuite>
  <testsuite name="listings" timestamp="2025-03-27T03:37:44Z" hostname="d484cf407d2e" tests="57" skipped="0" failures="0" errors="0" time="0.816">
    <testcase time="0.0209999999999999" classname="listings" name="Column_labels_are_the_same"/>
    <testcase time="0.0219999999999998" classname="listings" name="Column_labels_are_the_same"/>
    <testcase time="0.00300000000000011" classname="listings" name="Column_labels_are_the_same"/>
    <testcase time="0.0329999999999999" classname="listings" name="listings_work_well_with_different_formats_and_attributes"/>
    <testcase time="0.00300000000000011" classname="listings" name="listings_work_well_with_different_formats_and_attributes"/>
    <testcase time="0.00300000000000011" classname="listings" name="listings_work_well_with_different_formats_and_attributes"/>
    <testcase time="0.00299999999999967" classname="listings" name="listings_work_well_with_different_formats_and_attributes"/>
    <testcase time="0.00300000000000011" classname="listings" name="listings_work_well_with_different_formats_and_attributes"/>
    <testcase time="0.00200000000000022" classname="listings" name="listings_work_well_with_different_formats_and_attributes"/>
    <testcase time="0.00299999999999967" classname="listings" name="listings_work_well_with_different_formats_and_attributes"/>
    <testcase time="0.00300000000000011" classname="listings" name="listings_work_well_with_different_formats_and_attributes"/>
    <testcase time="0.00300000000000011" classname="listings" name="listings_work_well_with_different_formats_and_attributes"/>
    <testcase time="0.00300000000000011" classname="listings" name="listings_work_well_with_different_formats_and_attributes"/>
    <testcase time="0.0089999999999999" classname="listings" name="listings_work_well_with_different_formats_and_attributes"/>
    <testcase time="0.00800000000000001" classname="listings" name="listings_work_well_with_different_formats_and_attributes"/>
    <testcase time="0.00800000000000001" classname="listings" name="listings_work_well_with_different_formats_and_attributes"/>
    <testcase time="0.00699999999999967" classname="listings" name="listings_work_well_with_different_formats_and_attributes"/>
    <testcase time="0.00800000000000001" classname="listings" name="listings_work_well_with_different_formats_and_attributes"/>
    <testcase time="0.00300000000000011" classname="listings" name="listings_work_well_with_different_formats_and_attributes"/>
    <testcase time="0.02" classname="listings" name="Content_of_listings_supports_newlines"/>
    <testcase time="0.0129999999999999" classname="listings" name="Content_of_listings_supports_newlines"/>
    <testcase time="0.0140000000000002" classname="listings" name="regression_test_for_keycols_being_lost_due_to_head_"/>
    <testcase time="0.048" classname="listings" name="column_inclusion_and_ordering_stuff"/>
    <testcase time="0.0169999999999999" classname="listings" name="column_inclusion_and_ordering_stuff"/>
    <testcase time="0.0409999999999999" classname="listings" name="column_inclusion_and_ordering_stuff"/>
    <testcase time="0.04" classname="listings" name="column_inclusion_and_ordering_stuff"/>
    <testcase time="0.00499999999999989" classname="listings" name="column_inclusion_and_ordering_stuff"/>
    <testcase time="0.004" classname="listings" name="column_inclusion_and_ordering_stuff"/>
    <testcase time="0.0880000000000001" classname="listings" name="column_inclusion_and_ordering_stuff"/>
    <testcase time="0.02" classname="listings" name="unique_rows_removes_duplicate_rows_from_listing"/>
    <testcase time="0.024" classname="listings" name="unique_rows_removes_duplicate_rows_from_listing"/>
    <testcase time="0.0350000000000001" classname="listings" name="as_listing_custom_format_works_in_key_cols"/>
    <testcase time="0.0289999999999999" classname="listings" name="as_listing_custom_format_works_in_key_cols"/>
    <testcase time="0.0430000000000001" classname="listings" name="as_listing_works_with_NA_values_in_key_cols"/>
    <testcase time="0.0439999999999996" classname="listings" name="as_listing_works_with_NA_values_in_key_cols"/>
    <testcase time="0.0360000000000005" classname="listings" name="as_listing_works_with_NA_values_in_key_cols"/>
    <testcase time="0.00800000000000001" classname="listings" name="as_listing_works_with_NA_values_in_key_cols"/>
    <testcase time="0.00899999999999945" classname="listings" name="as_listing_sort_cols_works"/>
    <testcase time="0.00500000000000078" classname="listings" name="as_listing_sort_cols_works"/>
    <testcase time="0.00199999999999978" classname="listings" name="as_listing_sort_cols_works"/>
    <testcase time="0.00600000000000023" classname="listings" name="as_listing_sort_cols_works"/>
    <testcase time="0.00299999999999923" classname="listings" name="as_listing_sort_cols_works"/>
    <testcase time="0.00300000000000011" classname="listings" name="as_listing_sort_cols_works"/>
    <testcase time="0.00600000000000023" classname="listings" name="as_listing_sort_cols_works"/>
    <testcase time="0.00300000000000011" classname="listings" name="as_listing_sort_cols_works"/>
    <testcase time="0.00300000000000011" classname="listings" name="as_listing_sort_cols_works"/>
    <testcase time="0.00300000000000011" classname="listings" name="as_listing_sort_cols_works"/>
    <testcase time="0.00300000000000011" classname="listings" name="as_listing_sort_cols_works"/>
    <testcase time="0.00599999999999934" classname="listings" name="as_listing_sort_cols_works"/>
    <testcase time="0.00400000000000045" classname="listings" name="as_listing_sort_cols_works"/>
    <testcase time="0.00800000000000001" classname="listings" name="as_listing_sort_cols_works"/>
    <testcase time="0.00600000000000023" classname="listings" name="as_listing_sort_cols_works"/>
    <testcase time="0.0259999999999998" classname="listings" name="add_listing_col_works_with_a_function_when_a_format_is_applied"/>
    <testcase time="0.0139999999999993" classname="listings" name="split_into_pages_by_var_works_as_expected"/>
    <testcase time="0.00400000000000045" classname="listings" name="split_into_pages_by_var_works_as_expected"/>
    <testcase time="0.0149999999999997" classname="listings" name="split_into_pages_by_var_works_as_expected"/>
    <testcase time="0.0100000000000007" classname="listings" name="appropriate_error_message_returned_for_difftime_class"/>
  </testsuite>
  <testsuite name="matrix_form" timestamp="2025-03-27T03:37:45Z" hostname="d484cf407d2e" tests="13" skipped="0" failures="0" errors="0" time="0.366">
    <testcase time="0.0569999999999995" classname="matrix_form" name="matrix_form_keeps_relevant_information_and_structure_about_the_listing"/>
    <testcase time="0.00300000000000011" classname="matrix_form" name="matrix_form_keeps_relevant_information_and_structure_about_the_listing"/>
    <testcase time="0.00699999999999967" classname="matrix_form" name="matrix_form_keeps_relevant_information_and_structure_about_the_listing"/>
    <testcase time="0.0140000000000002" classname="matrix_form" name="matrix_form_keeps_relevant_information_and_structure_about_the_listing"/>
    <testcase time="0.0979999999999999" classname="matrix_form" name="matrix_form_keeps_relevant_information_and_structure_about_the_listing"/>
    <testcase time="0.00400000000000045" classname="matrix_form" name="matrix_form_keeps_relevant_information_and_structure_about_the_listing"/>
    <testcase time="0.00300000000000011" classname="matrix_form" name="matrix_form_keeps_relevant_information_and_structure_about_the_listing"/>
    <testcase time="0.0999999999999996" classname="matrix_form" name="matrix_form_keeps_relevant_information_and_structure_about_the_listing"/>
    <testcase time="0.00300000000000011" classname="matrix_form" name="matrix_form_keeps_relevant_information_and_structure_about_the_listing"/>
    <testcase time="0.00300000000000011" classname="matrix_form" name="matrix_form_keeps_relevant_information_and_structure_about_the_listing"/>
    <testcase time="0.0149999999999997" classname="matrix_form" name="matrix_form_detects_or_in_labels_and_sends_meaningful_error_message"/>
    <testcase time="0.0339999999999998" classname="matrix_form" name="matrix_form_detects_or_in_labels_and_sends_meaningful_error_message"/>
    <testcase time="0.0250000000000004" classname="matrix_form" name="matrix_form_detects_or_in_labels_and_sends_meaningful_error_message"/>
  </testsuite>
  <testsuite name="paginate_listing" timestamp="2025-03-27T03:37:45Z" hostname="d484cf407d2e" tests="47" skipped="0" failures="0" errors="0" time="7.433">
    <testcase time="0.144" classname="paginate_listing" name="pagination_works_vertically"/>
    <testcase time="0.107" classname="paginate_listing" name="pagination_works_vertically"/>
    <testcase time="0.0409999999999995" classname="paginate_listing" name="pagination_works_vertically"/>
    <testcase time="0.123" classname="paginate_listing" name="horizontal_pagination_with_0_or_1_key_column_specified_works_correctly"/>
    <testcase time="0.00300000000000011" classname="paginate_listing" name="horizontal_pagination_with_0_or_1_key_column_specified_works_correctly"/>
    <testcase time="0.00300000000000011" classname="paginate_listing" name="horizontal_pagination_with_0_or_1_key_column_specified_works_correctly"/>
    <testcase time="0.137" classname="paginate_listing" name="horizontal_pagination_with_0_or_1_key_column_specified_works_correctly"/>
    <testcase time="0.00300000000000011" classname="paginate_listing" name="horizontal_pagination_with_0_or_1_key_column_specified_works_correctly"/>
    <testcase time="0.00300000000000011" classname="paginate_listing" name="horizontal_pagination_with_0_or_1_key_column_specified_works_correctly"/>
    <testcase time="0.00300000000000011" classname="paginate_listing" name="horizontal_pagination_with_0_or_1_key_column_specified_works_correctly"/>
    <testcase time="0.0869999999999997" classname="paginate_listing" name="listing_works_with_no_vertical_pagination"/>
    <testcase time="0.00400000000000045" classname="paginate_listing" name="listing_works_with_no_vertical_pagination"/>
    <testcase time="0.00299999999999923" classname="paginate_listing" name="listing_works_with_no_vertical_pagination"/>
    <testcase time="0.0980000000000008" classname="paginate_listing" name="checking_vertical_pagination_line_calculation."/>
    <testcase time="0.00299999999999923" classname="paginate_listing" name="checking_vertical_pagination_line_calculation."/>
    <testcase time="0.507000000000001" classname="paginate_listing" name="pagination_lpp_and_cpp_correctly_computed_for_pg_width_and_pg_height"/>
    <testcase time="0.540999999999999" classname="paginate_listing" name="pagination_lpp_and_cpp_correctly_computed_for_page_type_and_font_size"/>
    <testcase time="0.528" classname="paginate_listing" name="pagination_lpp_and_cpp_correctly_computed_for_page_type_and_font_size"/>
    <testcase time="0.617" classname="paginate_listing" name="pagination_lpp_and_cpp_correctly_computed_for_lineheight"/>
    <testcase time="0.617" classname="paginate_listing" name="pagination_lpp_and_cpp_correctly_computed_for_landscape"/>
    <testcase time="0.586" classname="paginate_listing" name="pagination_lpp_and_cpp_correctly_computed_for_margins"/>
    <testcase time="0.215" classname="paginate_listing" name="pagination_works_with_col_wrapping"/>
    <testcase time="0.206" classname="paginate_listing" name="pagination_works_with_col_wrapping"/>
    <testcase time="0.00600000000000023" classname="paginate_listing" name="pagination_works_with_col_wrapping"/>
    <testcase time="0.241" classname="paginate_listing" name="pagination_repeats_keycols_in_other_pages"/>
    <testcase time="0.165000000000001" classname="paginate_listing" name="pagination_repeats_keycols_in_other_pages"/>
    <testcase time="0.129" classname="paginate_listing" name="pagination_repeats_keycols_in_other_pages"/>
    <testcase time="0.166" classname="paginate_listing" name="pagination_repeats_keycols_in_other_pages"/>
    <testcase time="0.664999999999999" classname="paginate_listing" name="pagination_repeats_keycols_in_other_pages_longer_test_"/>
    <testcase time="0.123000000000001" classname="paginate_listing" name="paginate_to_mpfs_works_with_wrapping_on_keycols"/>
    <testcase time="0.0549999999999997" classname="paginate_listing" name="paginate_to_mpfs_works_with_wrapping_on_keycols"/>
    <testcase time="0.0709999999999997" classname="paginate_listing" name="paginate_to_mpfs_works_with_wrapping_on_keycols"/>
    <testcase time="0.0820000000000007" classname="paginate_listing" name="paginate_to_mpfs_works_with_wrapping_on_keycols"/>
    <testcase time="0.125" classname="paginate_listing" name="paginate_to_mpfs_works_with_wrapping_on_keycols"/>
    <testcase time="0.18" classname="paginate_listing" name="paginate_to_mpfs_works_with_wrapping_on_keycols_when_doing_horizontal_pagination"/>
    <testcase time="0.193999999999999" classname="paginate_listing" name="paginate_to_mpfs_works_with_wrapping_on_keycols_when_doing_horizontal_pagination"/>
    <testcase time="0.0620000000000012" classname="paginate_listing" name="paginate_to_mpfs_works_with_wrapping_on_keycols_when_doing_horizontal_pagination"/>
    <testcase time="0.0139999999999993" classname="paginate_listing" name="paginate_listing_works_with_split_into_pages_by_var"/>
    <testcase time="0.167999999999999" classname="paginate_listing" name="paginate_listing_works_with_split_into_pages_by_var"/>
    <testcase time="0.00199999999999889" classname="paginate_listing" name="paginate_listing_works_with_split_into_pages_by_var"/>
    <testcase time="0.00199999999999889" classname="paginate_listing" name="paginate_listing_works_with_split_into_pages_by_var"/>
    <testcase time="0.00300000000000011" classname="paginate_listing" name="paginate_listing_works_with_split_into_pages_by_var"/>
    <testcase time="0.0310000000000006" classname="paginate_listing" name="paginate_listing_works_with_split_into_pages_by_var"/>
    <testcase time="0.208" classname="paginate_listing" name="paginate_listing_works_with_split_into_pages_by_var"/>
    <testcase time="0.0329999999999995" classname="paginate_listing" name="paginate_listing_works_with_split_into_pages_by_var_and_trailing_sep"/>
    <testcase time="0.0129999999999999" classname="paginate_listing" name="paginate_listing_works_with_split_into_pages_by_var_and_trailing_sep"/>
    <testcase time="0.116" classname="paginate_listing" name="paginate_listing_works_with_split_into_pages_by_var_and_trailing_sep"/>
  </testsuite>
  <testsuite name="print" timestamp="2025-03-27T03:37:52Z" hostname="d484cf407d2e" tests="29" skipped="0" failures="0" errors="0" time="1.931">
    <testcase time="0.077" classname="print" name="Listing_print_correctly"/>
    <testcase time="0.00300000000000011" classname="print" name="Listing_print_correctly"/>
    <testcase time="0.0210000000000008" classname="print" name="Listing_print_correctly"/>
    <testcase time="0.142999999999999" classname="print" name="Listing_print_correctly_with_different_widths"/>
    <testcase time="0.0730000000000004" classname="print" name="Listing_print_correctly_with_different_widths"/>
    <testcase time="0.0570000000000004" classname="print" name="as_listing_produces_correct_output_when_default_formatting_is_specified"/>
    <testcase time="0.00799999999999912" classname="print" name="as_listing_produces_correct_output_when_default_formatting_is_specified"/>
    <testcase time="0.0080000000000009" classname="print" name="as_listing_produces_correct_output_when_default_formatting_is_specified"/>
    <testcase time="0.0579999999999998" classname="print" name="as_listing_produces_correct_output_when_col_formatting_is_specified"/>
    <testcase time="0.0589999999999993" classname="print" name="as_listing_produces_correct_output_when_col_formatting_is_specified"/>
    <testcase time="0.00500000000000078" classname="print" name="as_listing_produces_correct_output_when_col_formatting_is_specified"/>
    <testcase time="0.00500000000000078" classname="print" name="as_listing_produces_correct_output_when_col_formatting_is_specified"/>
    <testcase time="0.0489999999999995" classname="print" name="listings_support_newline_characters"/>
    <testcase time="0.0779999999999994" classname="print" name="listings_support_newline_characters"/>
    <testcase time="0.252000000000001" classname="print" name="listings_supports_wrapping"/>
    <testcase time="0.529999999999999" classname="print" name="listings_supports_wrapping"/>
    <testcase time="0.00200000000000067" classname="print" name="listings_supports_wrapping"/>
    <testcase time="0.0640000000000001" classname="print" name="listings_supports_wrapping"/>
    <testcase time="0.0649999999999995" classname="print" name="sas_rounding_support"/>
    <testcase time="0.00300000000000011" classname="print" name="sas_rounding_support"/>
    <testcase time="0.0540000000000003" classname="print" name="sas_rounding_support"/>
    <testcase time="0.00300000000000011" classname="print" name="sas_rounding_support"/>
    <testcase time="0.0730000000000004" classname="print" name="sas_rounding_support"/>
    <testcase time="0.0609999999999999" classname="print" name="listings_supports_horizontal_separators"/>
    <testcase time="0.0459999999999994" classname="print" name="listings_supports_horizontal_separators"/>
    <testcase time="0.0380000000000003" classname="print" name="listings_supports_horizontal_separators"/>
    <testcase time="0.0120000000000005" classname="print" name="listings_supports_horizontal_separators"/>
    <testcase time="0.036999999999999" classname="print" name="listings_supports_horizontal_separators"/>
    <testcase time="0.0470000000000006" classname="print" name="listings_supports_horizontal_separators"/>
  </testsuite>
</testsuites>
