<?xml version="1.0" encoding="UTF-8"?>
<testsuites>
  <testsuite name="export" timestamp="2024-08-01T15:15:26Z" hostname="b96bbbab0131" tests="9" skipped="0" failures="0" errors="0" time="2.154">
    <testcase time="0.214" classname="export" name="Listing_print_correctly"/>
    <testcase time="0.289" classname="export" name="key_columns_repeat_with_export_as_txt"/>
    <testcase time="0.162" classname="export" name="key_columns_repeat_with_pagination_with_export_as_txt"/>
    <testcase time="0.358" classname="export" name="Listing_print_correctly_with_paginate"/>
    <testcase time="0.00300000000000011" classname="export" name="Listing_print_correctly_with_paginate"/>
    <testcase time="0.00299999999999989" classname="export" name="Listing_print_correctly_with_paginate"/>
    <testcase time="0.364" classname="export" name="export_as_txt_works_and_repeats_the_correct_lines_in_pagination"/>
    <testcase time="0.229" classname="export" name="export_as_txt_works_and_repeats_the_correct_lines_in_pagination"/>
    <testcase time="0.532" classname="export" name="export_as_txt_works_with_split_into_pages_by_var"/>
  </testsuite>
  <testsuite name="listings" timestamp="2024-08-01T15:15:28Z" hostname="b96bbbab0131" tests="41" skipped="0" failures="0" errors="0" time="0.779">
    <testcase time="0.0220000000000002" classname="listings" name="Column_labels_are_the_same"/>
    <testcase time="0.024" classname="listings" name="Column_labels_are_the_same"/>
    <testcase time="0.00299999999999967" classname="listings" name="Column_labels_are_the_same"/>
    <testcase time="0.0300000000000002" classname="listings" name="listings_work_well_with_different_formats_and_attributes"/>
    <testcase time="0.00199999999999978" classname="listings" name="listings_work_well_with_different_formats_and_attributes"/>
    <testcase time="0.00300000000000011" classname="listings" name="listings_work_well_with_different_formats_and_attributes"/>
    <testcase time="0.00199999999999978" classname="listings" name="listings_work_well_with_different_formats_and_attributes"/>
    <testcase time="0.00300000000000011" classname="listings" name="listings_work_well_with_different_formats_and_attributes"/>
    <testcase time="0.00200000000000022" classname="listings" name="listings_work_well_with_different_formats_and_attributes"/>
    <testcase time="0.00299999999999967" classname="listings" name="listings_work_well_with_different_formats_and_attributes"/>
    <testcase time="0.00200000000000022" classname="listings" name="listings_work_well_with_different_formats_and_attributes"/>
    <testcase time="0.00300000000000011" classname="listings" name="listings_work_well_with_different_formats_and_attributes"/>
    <testcase time="0.00199999999999978" classname="listings" name="listings_work_well_with_different_formats_and_attributes"/>
    <testcase time="0.0140000000000002" classname="listings" name="listings_work_well_with_different_formats_and_attributes"/>
    <testcase time="0.00599999999999978" classname="listings" name="listings_work_well_with_different_formats_and_attributes"/>
    <testcase time="0.00700000000000012" classname="listings" name="listings_work_well_with_different_formats_and_attributes"/>
    <testcase time="0.00599999999999978" classname="listings" name="listings_work_well_with_different_formats_and_attributes"/>
    <testcase time="0.0100000000000002" classname="listings" name="listings_work_well_with_different_formats_and_attributes"/>
    <testcase time="0.00300000000000011" classname="listings" name="listings_work_well_with_different_formats_and_attributes"/>
    <testcase time="0.0189999999999997" classname="listings" name="Content_of_listings_supports_newlines"/>
    <testcase time="0.016" classname="listings" name="Content_of_listings_supports_newlines"/>
    <testcase time="0.00900000000000034" classname="listings" name="regression_test_for_keycols_being_lost_due_to_head_"/>
    <testcase time="0.0539999999999998" classname="listings" name="column_inclusion_and_ordering_stuff"/>
    <testcase time="0.0150000000000001" classname="listings" name="column_inclusion_and_ordering_stuff"/>
    <testcase time="0.106" classname="listings" name="column_inclusion_and_ordering_stuff"/>
    <testcase time="0.0430000000000001" classname="listings" name="column_inclusion_and_ordering_stuff"/>
    <testcase time="0.00599999999999978" classname="listings" name="column_inclusion_and_ordering_stuff"/>
    <testcase time="0.00600000000000023" classname="listings" name="column_inclusion_and_ordering_stuff"/>
    <testcase time="0.0880000000000001" classname="listings" name="column_inclusion_and_ordering_stuff"/>
    <testcase time="0.0189999999999997" classname="listings" name="unique_rows_removes_duplicate_rows_from_listing"/>
    <testcase time="0.0220000000000002" classname="listings" name="unique_rows_removes_duplicate_rows_from_listing"/>
    <testcase time="0.0329999999999999" classname="listings" name="as_listing_custom_format_works_in_key_cols"/>
    <testcase time="0.0219999999999998" classname="listings" name="as_listing_custom_format_works_in_key_cols"/>
    <testcase time="0.0390000000000001" classname="listings" name="as_listing_works_with_NA_values_in_key_cols"/>
    <testcase time="0.04" classname="listings" name="as_listing_works_with_NA_values_in_key_cols"/>
    <testcase time="0.0339999999999998" classname="listings" name="as_listing_works_with_NA_values_in_key_cols"/>
    <testcase time="0.00800000000000001" classname="listings" name="as_listing_works_with_NA_values_in_key_cols"/>
    <testcase time="0.024" classname="listings" name="add_listing_col_works_with_a_function_when_a_format_is_applied"/>
    <testcase time="0.0130000000000003" classname="listings" name="split_into_pages_by_var_works_as_expected"/>
    <testcase time="0.00199999999999978" classname="listings" name="split_into_pages_by_var_works_as_expected"/>
    <testcase time="0.0140000000000002" classname="listings" name="split_into_pages_by_var_works_as_expected"/>
  </testsuite>
  <testsuite name="matrix_form" timestamp="2024-08-01T15:15:29Z" hostname="b96bbbab0131" tests="10" skipped="0" failures="0" errors="0" time="0.262">
    <testcase time="0.0510000000000002" classname="matrix_form" name="matrix_form_keeps_relevant_information_and_structure_about_the_listing"/>
    <testcase time="0.00299999999999967" classname="matrix_form" name="matrix_form_keeps_relevant_information_and_structure_about_the_listing"/>
    <testcase time="0.00800000000000001" classname="matrix_form" name="matrix_form_keeps_relevant_information_and_structure_about_the_listing"/>
    <testcase time="0.012" classname="matrix_form" name="matrix_form_keeps_relevant_information_and_structure_about_the_listing"/>
    <testcase time="0.089" classname="matrix_form" name="matrix_form_keeps_relevant_information_and_structure_about_the_listing"/>
    <testcase time="0.00300000000000011" classname="matrix_form" name="matrix_form_keeps_relevant_information_and_structure_about_the_listing"/>
    <testcase time="0.00300000000000011" classname="matrix_form" name="matrix_form_keeps_relevant_information_and_structure_about_the_listing"/>
    <testcase time="0.0869999999999997" classname="matrix_form" name="matrix_form_keeps_relevant_information_and_structure_about_the_listing"/>
    <testcase time="0.00300000000000011" classname="matrix_form" name="matrix_form_keeps_relevant_information_and_structure_about_the_listing"/>
    <testcase time="0.00300000000000011" classname="matrix_form" name="matrix_form_keeps_relevant_information_and_structure_about_the_listing"/>
  </testsuite>
  <testsuite name="paginate_listing" timestamp="2024-08-01T15:15:29Z" hostname="b96bbbab0131" tests="42" skipped="0" failures="0" errors="0" time="6.163">
    <testcase time="0.135" classname="paginate_listing" name="pagination_works_vertically"/>
    <testcase time="0.105" classname="paginate_listing" name="pagination_works_vertically"/>
    <testcase time="0.0350000000000001" classname="paginate_listing" name="pagination_works_vertically"/>
    <testcase time="0.109" classname="paginate_listing" name="horizontal_pagination_with_0_or_1_key_column_specified_works_correctly"/>
    <testcase time="0.00300000000000011" classname="paginate_listing" name="horizontal_pagination_with_0_or_1_key_column_specified_works_correctly"/>
    <testcase time="0.00300000000000011" classname="paginate_listing" name="horizontal_pagination_with_0_or_1_key_column_specified_works_correctly"/>
    <testcase time="0.128" classname="paginate_listing" name="horizontal_pagination_with_0_or_1_key_column_specified_works_correctly"/>
    <testcase time="0.00300000000000011" classname="paginate_listing" name="horizontal_pagination_with_0_or_1_key_column_specified_works_correctly"/>
    <testcase time="0.00299999999999923" classname="paginate_listing" name="horizontal_pagination_with_0_or_1_key_column_specified_works_correctly"/>
    <testcase time="0.00200000000000067" classname="paginate_listing" name="horizontal_pagination_with_0_or_1_key_column_specified_works_correctly"/>
    <testcase time="0.077" classname="paginate_listing" name="listing_works_with_no_vertical_pagination"/>
    <testcase time="0.00599999999999934" classname="paginate_listing" name="listing_works_with_no_vertical_pagination"/>
    <testcase time="0.00300000000000011" classname="paginate_listing" name="listing_works_with_no_vertical_pagination"/>
    <testcase time="0.0839999999999996" classname="paginate_listing" name="checking_vertical_pagination_line_calculation."/>
    <testcase time="0.00300000000000011" classname="paginate_listing" name="checking_vertical_pagination_line_calculation."/>
    <testcase time="0.469" classname="paginate_listing" name="pagination_lpp_and_cpp_correctly_computed_for_pg_width_and_pg_height"/>
    <testcase time="0.498" classname="paginate_listing" name="pagination_lpp_and_cpp_correctly_computed_for_page_type_and_font_size"/>
    <testcase time="0.483" classname="paginate_listing" name="pagination_lpp_and_cpp_correctly_computed_for_page_type_and_font_size"/>
    <testcase time="0.563" classname="paginate_listing" name="pagination_lpp_and_cpp_correctly_computed_for_lineheight"/>
    <testcase time="0.487" classname="paginate_listing" name="pagination_lpp_and_cpp_correctly_computed_for_landscape"/>
    <testcase time="0.581" classname="paginate_listing" name="pagination_lpp_and_cpp_correctly_computed_for_margins"/>
    <testcase time="0.203" classname="paginate_listing" name="pagination_works_with_col_wrapping"/>
    <testcase time="0.204" classname="paginate_listing" name="pagination_works_with_col_wrapping"/>
    <testcase time="0.00500000000000078" classname="paginate_listing" name="pagination_works_with_col_wrapping"/>
    <testcase time="0.235999999999999" classname="paginate_listing" name="pagination_repeats_keycols_in_other_pages"/>
    <testcase time="0.16" classname="paginate_listing" name="pagination_repeats_keycols_in_other_pages"/>
    <testcase time="0.133000000000001" classname="paginate_listing" name="pagination_repeats_keycols_in_other_pages"/>
    <testcase time="0.16" classname="paginate_listing" name="pagination_repeats_keycols_in_other_pages"/>
    <testcase time="0.136999999999999" classname="paginate_listing" name="paginate_to_mpfs_works_with_wrapping_on_keycols"/>
    <testcase time="0.0620000000000012" classname="paginate_listing" name="paginate_to_mpfs_works_with_wrapping_on_keycols"/>
    <testcase time="0.0689999999999991" classname="paginate_listing" name="paginate_to_mpfs_works_with_wrapping_on_keycols"/>
    <testcase time="0.0860000000000003" classname="paginate_listing" name="paginate_to_mpfs_works_with_wrapping_on_keycols"/>
    <testcase time="0.116" classname="paginate_listing" name="paginate_to_mpfs_works_with_wrapping_on_keycols"/>
    <testcase time="0.174000000000001" classname="paginate_listing" name="paginate_to_mpfs_works_with_wrapping_on_keycols_when_doing_horizontal_pagination"/>
    <testcase time="0.184999999999999" classname="paginate_listing" name="paginate_to_mpfs_works_with_wrapping_on_keycols_when_doing_horizontal_pagination"/>
    <testcase time="0.0519999999999996" classname="paginate_listing" name="paginate_to_mpfs_works_with_wrapping_on_keycols_when_doing_horizontal_pagination"/>
    <testcase time="0.173" classname="paginate_listing" name="paginate_listing_works_with_split_into_pages_by_var"/>
    <testcase time="0.00300000000000011" classname="paginate_listing" name="paginate_listing_works_with_split_into_pages_by_var"/>
    <testcase time="0.00300000000000011" classname="paginate_listing" name="paginate_listing_works_with_split_into_pages_by_var"/>
    <testcase time="0.00300000000000011" classname="paginate_listing" name="paginate_listing_works_with_split_into_pages_by_var"/>
    <testcase time="0.0350000000000001" classname="paginate_listing" name="paginate_listing_works_with_split_into_pages_by_var"/>
    <testcase time="0.184000000000001" classname="paginate_listing" name="paginate_listing_works_with_split_into_pages_by_var"/>
  </testsuite>
  <testsuite name="print" timestamp="2024-08-01T15:15:35Z" hostname="b96bbbab0131" tests="16" skipped="0" failures="0" errors="0" time="1.411">
    <testcase time="0.0579999999999998" classname="print" name="Listing_print_correctly"/>
    <testcase time="0.139999999999999" classname="print" name="Listing_print_correctly_with_different_widths"/>
    <testcase time="0.072000000000001" classname="print" name="Listing_print_correctly_with_different_widths"/>
    <testcase time="0.0600000000000005" classname="print" name="as_listing_produces_correct_output_when_default_formatting_is_specified"/>
    <testcase time="0.00399999999999956" classname="print" name="as_listing_produces_correct_output_when_default_formatting_is_specified"/>
    <testcase time="0.00600000000000023" classname="print" name="as_listing_produces_correct_output_when_default_formatting_is_specified"/>
    <testcase time="0.0549999999999997" classname="print" name="as_listing_produces_correct_output_when_col_formatting_is_specified"/>
    <testcase time="0.0570000000000004" classname="print" name="as_listing_produces_correct_output_when_col_formatting_is_specified"/>
    <testcase time="0.00599999999999845" classname="print" name="as_listing_produces_correct_output_when_col_formatting_is_specified"/>
    <testcase time="0.00500000000000078" classname="print" name="as_listing_produces_correct_output_when_col_formatting_is_specified"/>
    <testcase time="0.0459999999999994" classname="print" name="listings_support_newline_characters"/>
    <testcase time="0.0760000000000005" classname="print" name="listings_support_newline_characters"/>
    <testcase time="0.242000000000001" classname="print" name="listings_supports_wrapping"/>
    <testcase time="0.513" classname="print" name="listings_supports_wrapping"/>
    <testcase time="0.00300000000000011" classname="print" name="listings_supports_wrapping"/>
    <testcase time="0.0679999999999996" classname="print" name="listings_supports_wrapping"/>
  </testsuite>
</testsuites>
