<?xml version="1.0" encoding="UTF-8"?>
<testsuites>
  <testsuite name="export" timestamp="2023-06-13T16:47:20Z" hostname="bd00718815cd" tests="2" skipped="0" failures="0" errors="0" time="1.997">
    <testcase time="0.193" classname="export" name="Listing_print_correctly"/>
    <testcase time="1.804" classname="export" name="Listing_print_correctly_with_paginate"/>
  </testsuite>
  <testsuite name="listings" timestamp="2023-06-13T16:47:22Z" hostname="bd00718815cd" tests="29" skipped="0" failures="0" errors="0" time="21.552">
    <testcase time="0.0249999999999999" classname="listings" name="Column_labels_are_the_same"/>
    <testcase time="0.0129999999999999" classname="listings" name="Column_labels_are_the_same"/>
    <testcase time="0.00099999999999989" classname="listings" name="Column_labels_are_the_same"/>
    <testcase time="0.016" classname="listings" name="listings_work_well_with_different_formats_and_attributes"/>
    <testcase time="0.00100000000000033" classname="listings" name="listings_work_well_with_different_formats_and_attributes"/>
    <testcase time="0.00099999999999989" classname="listings" name="listings_work_well_with_different_formats_and_attributes"/>
    <testcase time="0.00099999999999989" classname="listings" name="listings_work_well_with_different_formats_and_attributes"/>
    <testcase time="0.00100000000000033" classname="listings" name="listings_work_well_with_different_formats_and_attributes"/>
    <testcase time="0.00099999999999989" classname="listings" name="listings_work_well_with_different_formats_and_attributes"/>
    <testcase time="0.00099999999999989" classname="listings" name="listings_work_well_with_different_formats_and_attributes"/>
    <testcase time="0.00099999999999989" classname="listings" name="listings_work_well_with_different_formats_and_attributes"/>
    <testcase time="0.00100000000000033" classname="listings" name="listings_work_well_with_different_formats_and_attributes"/>
    <testcase time="0.00099999999999989" classname="listings" name="listings_work_well_with_different_formats_and_attributes"/>
    <testcase time="0.0129999999999999" classname="listings" name="listings_work_well_with_different_formats_and_attributes"/>
    <testcase time="0.0110000000000001" classname="listings" name="listings_work_well_with_different_formats_and_attributes"/>
    <testcase time="0.00800000000000001" classname="listings" name="listings_work_well_with_different_formats_and_attributes"/>
    <testcase time="0.0089999999999999" classname="listings" name="listings_work_well_with_different_formats_and_attributes"/>
    <testcase time="0.00800000000000001" classname="listings" name="listings_work_well_with_different_formats_and_attributes"/>
    <testcase time="0.00099999999999989" classname="listings" name="listings_work_well_with_different_formats_and_attributes"/>
    <testcase time="0.0110000000000001" classname="listings" name="Content_of_listings_supports_newlines"/>
    <testcase time="0.004" classname="listings" name="Content_of_listings_supports_newlines"/>
    <testcase time="0.00499999999999989" classname="listings" name="regression_test_for_keycols_being_lost_due_to_head_"/>
    <testcase time="0.0260000000000002" classname="listings" name="column_inclusion_and_ordering_stuff"/>
    <testcase time="0.0169999999999999" classname="listings" name="column_inclusion_and_ordering_stuff"/>
    <testcase time="0.00599999999999978" classname="listings" name="column_inclusion_and_ordering_stuff"/>
    <testcase time="0.00600000000000023" classname="listings" name="column_inclusion_and_ordering_stuff"/>
    <testcase time="0.00599999999999978" classname="listings" name="column_inclusion_and_ordering_stuff"/>
    <testcase time="0.00500000000000034" classname="listings" name="column_inclusion_and_ordering_stuff"/>
    <testcase time="21.352" classname="listings" name="column_inclusion_and_ordering_stuff"/>
  </testsuite>
  <testsuite name="paginate_listing" timestamp="2023-06-13T16:47:43Z" hostname="bd00718815cd" tests="26" skipped="0" failures="0" errors="0" time="1.856">
    <testcase time="0.153000000000002" classname="paginate_listing" name="pagination_works_vertically"/>
    <testcase time="0.0529999999999973" classname="paginate_listing" name="pagination_works_vertically"/>
    <testcase time="0.00200000000000244" classname="paginate_listing" name="pagination_works_vertically"/>
    <testcase time="0.00999999999999801" classname="paginate_listing" name="pagination_works_vertically"/>
    <testcase time="0.0719999999999992" classname="paginate_listing" name="horizontal_pagination_with_0_or_1_key_column_specified_works_correctly"/>
    <testcase time="0.00100000000000122" classname="paginate_listing" name="horizontal_pagination_with_0_or_1_key_column_specified_works_correctly"/>
    <testcase time="0.00100000000000122" classname="paginate_listing" name="horizontal_pagination_with_0_or_1_key_column_specified_works_correctly"/>
    <testcase time="0.0820000000000007" classname="paginate_listing" name="horizontal_pagination_with_0_or_1_key_column_specified_works_correctly"/>
    <testcase time="0.00199999999999889" classname="paginate_listing" name="horizontal_pagination_with_0_or_1_key_column_specified_works_correctly"/>
    <testcase time="0.00100000000000122" classname="paginate_listing" name="horizontal_pagination_with_0_or_1_key_column_specified_works_correctly"/>
    <testcase time="0.000999999999997669" classname="paginate_listing" name="horizontal_pagination_with_0_or_1_key_column_specified_works_correctly"/>
    <testcase time="0.0470000000000006" classname="paginate_listing" name="listing_works_with_no_vertical_pagination"/>
    <testcase time="0.00100000000000122" classname="paginate_listing" name="listing_works_with_no_vertical_pagination"/>
    <testcase time="0.00199999999999889" classname="paginate_listing" name="listing_works_with_no_vertical_pagination"/>
    <testcase time="0.0549999999999997" classname="paginate_listing" name="checking_vertical_pagination_line_calculation."/>
    <testcase time="0.00199999999999889" classname="paginate_listing" name="checking_vertical_pagination_line_calculation."/>
    <testcase time="0.187000000000001" classname="paginate_listing" name="pagination_lpp_and_cpp_correctly_computed_for_pg_width_and_pg_height"/>
    <testcase time="0.202000000000002" classname="paginate_listing" name="pagination_lpp_and_cpp_correctly_computed_for_page_type_and_font_size"/>
    <testcase time="0.199999999999999" classname="paginate_listing" name="pagination_lpp_and_cpp_correctly_computed_for_page_type_and_font_size"/>
    <testcase time="0.216999999999999" classname="paginate_listing" name="pagination_lpp_and_cpp_correctly_computed_for_lineheight"/>
    <testcase time="0.196000000000002" classname="paginate_listing" name="pagination_lpp_and_cpp_correctly_computed_for_landscape"/>
    <testcase time="0.212999999999997" classname="paginate_listing" name="pagination_lpp_and_cpp_correctly_computed_for_margins"/>
    <testcase time="0.0660000000000025" classname="paginate_listing" name="pagination_works_with_col_wrapping"/>
    <testcase time="0.0769999999999982" classname="paginate_listing" name="pagination_works_with_col_wrapping"/>
    <testcase time="0.00600000000000023" classname="paginate_listing" name="pagination_works_with_col_wrapping"/>
    <testcase time="0.00700000000000145" classname="paginate_listing" name="defunct_is_defunct"/>
  </testsuite>
  <testsuite name="print" timestamp="2023-06-13T16:47:45Z" hostname="bd00718815cd" tests="4" skipped="0" failures="0" errors="0" time="0.083">
    <testcase time="0.0299999999999976" classname="print" name="Listing_print_correctly"/>
    <testcase time="0.0510000000000019" classname="print" name="Listing_print_correctly_with_different_widths"/>
    <testcase time="0.00100000000000122" classname="print" name="Listing_print_correctly_with_different_widths"/>
    <testcase time="0.000999999999997669" classname="print" name="Listing_print_correctly_with_different_widths"/>
  </testsuite>
</testsuites>
