<?xml version="1.0" encoding="UTF-8"?>
<testsuites>
  <testsuite name="export" timestamp="2023-06-12T13:35:02Z" hostname="77a7b0a4c374" tests="2" skipped="0" failures="0" errors="0" time="2.276">
    <testcase time="0.228" classname="export" name="Listing_print_correctly"/>
    <testcase time="2.048" classname="export" name="Listing_print_correctly_with_paginate"/>
  </testsuite>
  <testsuite name="listings" timestamp="2023-06-12T13:35:05Z" hostname="77a7b0a4c374" tests="29" skipped="0" failures="0" errors="0" time="22.687">
    <testcase time="0.0260000000000002" classname="listings" name="Column_labels_are_the_same"/>
    <testcase time="0.0149999999999997" classname="listings" name="Column_labels_are_the_same"/>
    <testcase time="0.00100000000000033" classname="listings" name="Column_labels_are_the_same"/>
    <testcase time="0.0169999999999999" classname="listings" name="listings_work_well_with_different_formats_and_attributes"/>
    <testcase time="0.00199999999999978" classname="listings" name="listings_work_well_with_different_formats_and_attributes"/>
    <testcase time="0.00600000000000023" classname="listings" name="listings_work_well_with_different_formats_and_attributes"/>
    <testcase time="0.00099999999999989" classname="listings" name="listings_work_well_with_different_formats_and_attributes"/>
    <testcase time="0.00200000000000022" classname="listings" name="listings_work_well_with_different_formats_and_attributes"/>
    <testcase time="0.00099999999999989" classname="listings" name="listings_work_well_with_different_formats_and_attributes"/>
    <testcase time="0.00099999999999989" classname="listings" name="listings_work_well_with_different_formats_and_attributes"/>
    <testcase time="0.00199999999999978" classname="listings" name="listings_work_well_with_different_formats_and_attributes"/>
    <testcase time="0.00100000000000033" classname="listings" name="listings_work_well_with_different_formats_and_attributes"/>
    <testcase time="0.00199999999999978" classname="listings" name="listings_work_well_with_different_formats_and_attributes"/>
    <testcase time="0.0129999999999999" classname="listings" name="listings_work_well_with_different_formats_and_attributes"/>
    <testcase time="0.00900000000000034" classname="listings" name="listings_work_well_with_different_formats_and_attributes"/>
    <testcase time="0.0089999999999999" classname="listings" name="listings_work_well_with_different_formats_and_attributes"/>
    <testcase time="0.00999999999999979" classname="listings" name="listings_work_well_with_different_formats_and_attributes"/>
    <testcase time="0.0100000000000002" classname="listings" name="listings_work_well_with_different_formats_and_attributes"/>
    <testcase time="0.00199999999999978" classname="listings" name="listings_work_well_with_different_formats_and_attributes"/>
    <testcase time="0.0190000000000001" classname="listings" name="Content_of_listings_supports_newlines"/>
    <testcase time="0.00499999999999989" classname="listings" name="Content_of_listings_supports_newlines"/>
    <testcase time="0.00600000000000023" classname="listings" name="regression_test_for_keycols_being_lost_due_to_head_"/>
    <testcase time="0.0249999999999999" classname="listings" name="column_inclusion_and_ordering_stuff"/>
    <testcase time="0.0190000000000001" classname="listings" name="column_inclusion_and_ordering_stuff"/>
    <testcase time="0.00599999999999978" classname="listings" name="column_inclusion_and_ordering_stuff"/>
    <testcase time="0.012" classname="listings" name="column_inclusion_and_ordering_stuff"/>
    <testcase time="0.00600000000000023" classname="listings" name="column_inclusion_and_ordering_stuff"/>
    <testcase time="0.00599999999999978" classname="listings" name="column_inclusion_and_ordering_stuff"/>
    <testcase time="22.453" classname="listings" name="column_inclusion_and_ordering_stuff"/>
  </testsuite>
  <testsuite name="paginate_listing" timestamp="2023-06-12T13:35:27Z" hostname="77a7b0a4c374" tests="26" skipped="0" failures="0" errors="0" time="2">
    <testcase time="0.0990000000000002" classname="paginate_listing" name="pagination_works_vertically"/>
    <testcase time="0.0629999999999988" classname="paginate_listing" name="pagination_works_vertically"/>
    <testcase time="0.00199999999999889" classname="paginate_listing" name="pagination_works_vertically"/>
    <testcase time="0.0109999999999992" classname="paginate_listing" name="pagination_works_vertically"/>
    <testcase time="0.0839999999999996" classname="paginate_listing" name="horizontal_pagination_with_0_or_1_key_column_specified_works_correctly"/>
    <testcase time="0.00200000000000244" classname="paginate_listing" name="horizontal_pagination_with_0_or_1_key_column_specified_works_correctly"/>
    <testcase time="0.000999999999997669" classname="paginate_listing" name="horizontal_pagination_with_0_or_1_key_column_specified_works_correctly"/>
    <testcase time="0.0960000000000001" classname="paginate_listing" name="horizontal_pagination_with_0_or_1_key_column_specified_works_correctly"/>
    <testcase time="0.00200000000000244" classname="paginate_listing" name="horizontal_pagination_with_0_or_1_key_column_specified_works_correctly"/>
    <testcase time="0.000999999999997669" classname="paginate_listing" name="horizontal_pagination_with_0_or_1_key_column_specified_works_correctly"/>
    <testcase time="0.00100000000000122" classname="paginate_listing" name="horizontal_pagination_with_0_or_1_key_column_specified_works_correctly"/>
    <testcase time="0.0560000000000009" classname="paginate_listing" name="listing_works_with_no_vertical_pagination"/>
    <testcase time="0.00199999999999889" classname="paginate_listing" name="listing_works_with_no_vertical_pagination"/>
    <testcase time="0.00100000000000122" classname="paginate_listing" name="listing_works_with_no_vertical_pagination"/>
    <testcase time="0.0649999999999977" classname="paginate_listing" name="checking_vertical_pagination_line_calculation."/>
    <testcase time="0.00200000000000244" classname="paginate_listing" name="checking_vertical_pagination_line_calculation."/>
    <testcase time="0.206999999999997" classname="paginate_listing" name="pagination_lpp_and_cpp_correctly_computed_for_pg_width_and_pg_height"/>
    <testcase time="0.221" classname="paginate_listing" name="pagination_lpp_and_cpp_correctly_computed_for_page_type_and_font_size"/>
    <testcase time="0.206" classname="paginate_listing" name="pagination_lpp_and_cpp_correctly_computed_for_page_type_and_font_size"/>
    <testcase time="0.246000000000002" classname="paginate_listing" name="pagination_lpp_and_cpp_correctly_computed_for_lineheight"/>
    <testcase time="0.218999999999998" classname="paginate_listing" name="pagination_lpp_and_cpp_correctly_computed_for_landscape"/>
    <testcase time="0.241000000000003" classname="paginate_listing" name="pagination_lpp_and_cpp_correctly_computed_for_margins"/>
    <testcase time="0.0739999999999981" classname="paginate_listing" name="pagination_works_with_col_wrapping"/>
    <testcase time="0.0839999999999996" classname="paginate_listing" name="pagination_works_with_col_wrapping"/>
    <testcase time="0.00700000000000145" classname="paginate_listing" name="pagination_works_with_col_wrapping"/>
    <testcase time="0.0069999999999979" classname="paginate_listing" name="defunct_is_defunct"/>
  </testsuite>
  <testsuite name="print" timestamp="2023-06-12T13:35:29Z" hostname="77a7b0a4c374" tests="4" skipped="0" failures="0" errors="0" time="0.093">
    <testcase time="0.0300000000000011" classname="print" name="Listing_print_correctly"/>
    <testcase time="0.0609999999999999" classname="print" name="Listing_print_correctly_with_different_widths"/>
    <testcase time="0.00100000000000122" classname="print" name="Listing_print_correctly_with_different_widths"/>
    <testcase time="0.000999999999997669" classname="print" name="Listing_print_correctly_with_different_widths"/>
  </testsuite>
</testsuites>
