<?xml version="1.0" encoding="UTF-8"?>
<testsuites>
  <testsuite name="export" timestamp="2023-06-12T13:38:44Z" hostname="57f919420679" tests="2" skipped="0" failures="0" errors="0" time="2.007">
    <testcase time="0.198" classname="export" name="Listing_print_correctly"/>
    <testcase time="1.809" classname="export" name="Listing_print_correctly_with_paginate"/>
  </testsuite>
  <testsuite name="listings" timestamp="2023-06-12T13:38:46Z" hostname="57f919420679" tests="29" skipped="0" failures="0" errors="0" time="20.86">
    <testcase time="0.0220000000000002" classname="listings" name="Column_labels_are_the_same"/>
    <testcase time="0.0129999999999999" classname="listings" name="Column_labels_are_the_same"/>
    <testcase time="0.00200000000000022" classname="listings" name="Column_labels_are_the_same"/>
    <testcase time="0.0149999999999997" classname="listings" name="listings_work_well_with_different_formats_and_attributes"/>
    <testcase time="0.00100000000000033" classname="listings" name="listings_work_well_with_different_formats_and_attributes"/>
    <testcase time="0.00499999999999989" classname="listings" name="listings_work_well_with_different_formats_and_attributes"/>
    <testcase time="0.00099999999999989" classname="listings" name="listings_work_well_with_different_formats_and_attributes"/>
    <testcase time="0.00099999999999989" classname="listings" name="listings_work_well_with_different_formats_and_attributes"/>
    <testcase time="0.00099999999999989" classname="listings" name="listings_work_well_with_different_formats_and_attributes"/>
    <testcase time="0.00200000000000022" classname="listings" name="listings_work_well_with_different_formats_and_attributes"/>
    <testcase time="0.00099999999999989" classname="listings" name="listings_work_well_with_different_formats_and_attributes"/>
    <testcase time="0.00099999999999989" classname="listings" name="listings_work_well_with_different_formats_and_attributes"/>
    <testcase time="0.00100000000000033" classname="listings" name="listings_work_well_with_different_formats_and_attributes"/>
    <testcase time="0.012" classname="listings" name="listings_work_well_with_different_formats_and_attributes"/>
    <testcase time="0.00800000000000001" classname="listings" name="listings_work_well_with_different_formats_and_attributes"/>
    <testcase time="0.00800000000000001" classname="listings" name="listings_work_well_with_different_formats_and_attributes"/>
    <testcase time="0.00800000000000001" classname="listings" name="listings_work_well_with_different_formats_and_attributes"/>
    <testcase time="0.00800000000000001" classname="listings" name="listings_work_well_with_different_formats_and_attributes"/>
    <testcase time="0.00199999999999978" classname="listings" name="listings_work_well_with_different_formats_and_attributes"/>
    <testcase time="0.0150000000000001" classname="listings" name="Content_of_listings_supports_newlines"/>
    <testcase time="0.004" classname="listings" name="Content_of_listings_supports_newlines"/>
    <testcase time="0.00499999999999989" classname="listings" name="regression_test_for_keycols_being_lost_due_to_head_"/>
    <testcase time="0.0220000000000002" classname="listings" name="column_inclusion_and_ordering_stuff"/>
    <testcase time="0.0169999999999999" classname="listings" name="column_inclusion_and_ordering_stuff"/>
    <testcase time="0.00599999999999978" classname="listings" name="column_inclusion_and_ordering_stuff"/>
    <testcase time="0.0100000000000002" classname="listings" name="column_inclusion_and_ordering_stuff"/>
    <testcase time="0.00499999999999989" classname="listings" name="column_inclusion_and_ordering_stuff"/>
    <testcase time="0.00599999999999978" classname="listings" name="column_inclusion_and_ordering_stuff"/>
    <testcase time="20.658" classname="listings" name="column_inclusion_and_ordering_stuff"/>
  </testsuite>
  <testsuite name="paginate_listing" timestamp="2023-06-12T13:39:07Z" hostname="57f919420679" tests="26" skipped="0" failures="0" errors="0" time="1.803">
    <testcase time="0.0869999999999997" classname="paginate_listing" name="pagination_works_vertically"/>
    <testcase time="0.0560000000000009" classname="paginate_listing" name="pagination_works_vertically"/>
    <testcase time="0.00199999999999889" classname="paginate_listing" name="pagination_works_vertically"/>
    <testcase time="0.0100000000000016" classname="paginate_listing" name="pagination_works_vertically"/>
    <testcase time="0.0749999999999993" classname="paginate_listing" name="horizontal_pagination_with_0_or_1_key_column_specified_works_correctly"/>
    <testcase time="0.000999999999997669" classname="paginate_listing" name="horizontal_pagination_with_0_or_1_key_column_specified_works_correctly"/>
    <testcase time="0.00100000000000122" classname="paginate_listing" name="horizontal_pagination_with_0_or_1_key_column_specified_works_correctly"/>
    <testcase time="0.0869999999999997" classname="paginate_listing" name="horizontal_pagination_with_0_or_1_key_column_specified_works_correctly"/>
    <testcase time="0.00199999999999889" classname="paginate_listing" name="horizontal_pagination_with_0_or_1_key_column_specified_works_correctly"/>
    <testcase time="0.00100000000000122" classname="paginate_listing" name="horizontal_pagination_with_0_or_1_key_column_specified_works_correctly"/>
    <testcase time="0.00100000000000122" classname="paginate_listing" name="horizontal_pagination_with_0_or_1_key_column_specified_works_correctly"/>
    <testcase time="0.0500000000000007" classname="paginate_listing" name="listing_works_with_no_vertical_pagination"/>
    <testcase time="0.000999999999997669" classname="paginate_listing" name="listing_works_with_no_vertical_pagination"/>
    <testcase time="0.00199999999999889" classname="paginate_listing" name="listing_works_with_no_vertical_pagination"/>
    <testcase time="0.0580000000000034" classname="paginate_listing" name="checking_vertical_pagination_line_calculation."/>
    <testcase time="0.000999999999997669" classname="paginate_listing" name="checking_vertical_pagination_line_calculation."/>
    <testcase time="0.189" classname="paginate_listing" name="pagination_lpp_and_cpp_correctly_computed_for_pg_width_and_pg_height"/>
    <testcase time="0.202999999999999" classname="paginate_listing" name="pagination_lpp_and_cpp_correctly_computed_for_page_type_and_font_size"/>
    <testcase time="0.189" classname="paginate_listing" name="pagination_lpp_and_cpp_correctly_computed_for_page_type_and_font_size"/>
    <testcase time="0.219000000000001" classname="paginate_listing" name="pagination_lpp_and_cpp_correctly_computed_for_lineheight"/>
    <testcase time="0.196000000000002" classname="paginate_listing" name="pagination_lpp_and_cpp_correctly_computed_for_landscape"/>
    <testcase time="0.216999999999999" classname="paginate_listing" name="pagination_lpp_and_cpp_correctly_computed_for_margins"/>
    <testcase time="0.0670000000000002" classname="paginate_listing" name="pagination_works_with_col_wrapping"/>
    <testcase time="0.0749999999999993" classname="paginate_listing" name="pagination_works_with_col_wrapping"/>
    <testcase time="0.00600000000000023" classname="paginate_listing" name="pagination_works_with_col_wrapping"/>
    <testcase time="0.0069999999999979" classname="paginate_listing" name="defunct_is_defunct"/>
  </testsuite>
  <testsuite name="print" timestamp="2023-06-12T13:39:09Z" hostname="57f919420679" tests="4" skipped="0" failures="0" errors="0" time="0.083">
    <testcase time="0.0250000000000021" classname="print" name="Listing_print_correctly"/>
    <testcase time="0.0560000000000009" classname="print" name="Listing_print_correctly_with_different_widths"/>
    <testcase time="0.00100000000000122" classname="print" name="Listing_print_correctly_with_different_widths"/>
    <testcase time="0.000999999999997669" classname="print" name="Listing_print_correctly_with_different_widths"/>
  </testsuite>
</testsuites>
