<?xml version="1.0" encoding="UTF-8"?>
<testsuites>
  <testsuite name="export" timestamp="2024-11-26T15:36:00Z" hostname="e88c07f53277" tests="11" skipped="0" failures="1" errors="0" time="2.475">
    <testcase time="0.198" classname="export" name="Listing_print_correctly"/>
    <testcase time="0.305" classname="export" name="key_columns_repeat_with_export_as_txt"/>
    <testcase time="0.171" classname="export" name="key_columns_repeat_with_pagination_with_export_as_txt"/>
    <testcase time="0.314" classname="export" name="Listing_print_correctly_with_paginate"/>
    <testcase time="0.00300000000000011" classname="export" name="Listing_print_correctly_with_paginate"/>
    <testcase time="0.00299999999999989" classname="export" name="Listing_print_correctly_with_paginate"/>
    <testcase time="0.332" classname="export" name="export_as_txt_works_and_repeats_the_correct_lines_in_pagination"/>
    <testcase time="0.212" classname="export" name="export_as_txt_works_and_repeats_the_correct_lines_in_pagination"/>
    <testcase time="0.653" classname="export" name="export_as_txt_works_with_split_into_pages_by_var">
      <failure type="failure" message="Snapshot of code has changed: ('test-export.R:92:3')">Snapshot of code has changed:
old[2:63] vs new[2:63]
    cat(pages_listings)
  Output
    title
-   Patient Subset - Sex: M
+   Patient Subset - Sex: F
    
    —————————————————————————————————————
    Unique Subject Identifier   Age   Sex
    —————————————————————————————————————
-     AB12345-BRA-1-id-134      47     M 
+     AB12345-BRA-1-id-141      35     F 
-                                      M 
+                                      F 
-                                      M 
+                                      F 
-                                      M 
+                                      F 
-     AB12345-BRA-1-id-236      32     M 
+                                      F 
-                                      M 
+                                      F 
-                                      M 
+      AB12345-BRA-1-id-65      25     F 
-     AB12345-BRA-1-id-265      25     M 
+                                      F 
-                                      M 
+                                      F 
-                                      M 
+                                      F 
-                                      M 
+      AB12345-BRA-1-id-93      34     F 
-      AB12345-BRA-1-id-42      36     M 
+                                      F 
-                                      M 
+                                      F 
-                                      M 
+                                      F 
-                                      M 
+                                      F 
-                                      M 
+                                      F 
-                                      M 
+                                      F 
-                                      M 
+                                      F 
-                                      M 
+                                      F 
-                                      M 
+     AB12345-BRA-11-id-237     64     F 
-                                      M 
+                                      F 
    —————————————————————————————————————
    
    foot
    \s\ntitle
-   Patient Subset - Sex: M
+   Patient Subset - Sex: F
    
    —————————————————————————————————————————————————————————————
    Unique Subject Identifier   Age   Continous Level Biomarker 1
    —————————————————————————————————————————————————————————————
-     AB12345-BRA-1-id-134      47    6.5                        
+     AB12345-BRA-1-id-141      35    7.5                        
-                                     6.5                        
+                                     7.5                        
-                                     6.5                        
+                                     7.5                        
-                                     6.5                        
+                                     7.5                        
-     AB12345-BRA-1-id-236      32    7.7                        
+                                     7.5                        
-                                     7.7                        
+                                     7.5                        
-                                     7.7                        
+      AB12345-BRA-1-id-65      25    7.3                        
-     AB12345-BRA-1-id-265      25    10.3                       
+                                     7.3                        
-                                     10.3                       
+                                     7.3                        
-                                     10.3                       
+                                     7.3                        
-                                     10.3                       
+      AB12345-BRA-1-id-93      34    3.9                        
-      AB12345-BRA-1-id-42      36    2.3                        
+                                     3.9                        
-                                     2.3                        
+                                     3.9                        
-                                     2.3                        
+                                     3.9                        
-                                     2.3                        
+                                     3.9                        
-                                     2.3                        
+                                     3.9                        
-                                     2.3                        
+                                     3.9                        
-                                     2.3                        
+                                     3.9                        
-                                     2.3                        
+                                     3.9                        
-                                     2.3                        
+     AB12345-BRA-11-id-237     64    5.3                        
-                                     2.3                        
+                                     5.3                        
    —————————————————————————————————————————————————————————————
    
    foot

old[67:157] vs new[67:157]
    —————————————————————————————————————
    Unique Subject Identifier   Age   Sex
    —————————————————————————————————————
-     AB12345-BRA-1-id-141      35     F 
+     AB12345-BRA-11-id-237     64     F 
-                                      F 
+     AB12345-BRA-11-id-321     33     F 
                                       F 
                                       F 
                                       F 
                                       F 
-      AB12345-BRA-1-id-65      25     F 
+                                      F 
                                       F 
-                                      F 
+   —————————————————————————————————————
-                                      F 
+   
-      AB12345-BRA-1-id-93      34     F 
+   foot
-                                      F 
+   \s\ntitle
-                                      F 
+   Patient Subset - Sex: F
-                                      F 
+   
-                                      F 
+   —————————————————————————————————————————————————————————————
-                                      F 
+   Unique Subject Identifier   Age   Continous Level Biomarker 1
-                                      F 
+   —————————————————————————————————————————————————————————————
-                                      F 
+     AB12345-BRA-11-id-237     64    5.3                        
-                                      F 
+     AB12345-BRA-11-id-321     33    1.8                        
-     AB12345-BRA-11-id-237     64     F 
+                                     1.8                        
-                                      F 
+                                     1.8                        
-   —————————————————————————————————————
+                                     1.8                        
-   
+                                     1.8                        
-   foot
+                                     1.8                        
-   \s\ntitle
+                                     1.8                        
-   Patient Subset - Sex: F
+   —————————————————————————————————————————————————————————————
    
-   —————————————————————————————————————————————————————————————
+   foot
-   Unique Subject Identifier   Age   Continous Level Biomarker 1
+   \s\ntitle
-   —————————————————————————————————————————————————————————————
+   Patient Subset - Sex: M
-     AB12345-BRA-1-id-141      35    7.5                        
+   
-                                     7.5                        
+   —————————————————————————————————————
-                                     7.5                        
+   Unique Subject Identifier   Age   Sex
-                                     7.5                        
+   —————————————————————————————————————
-                                     7.5                        
+     AB12345-BRA-1-id-134      47     M 
-                                     7.5                        
+                                      M 
-      AB12345-BRA-1-id-65      25    7.3                        
+                                      M 
-                                     7.3                        
+                                      M 
-                                     7.3                        
+     AB12345-BRA-1-id-236      32     M 
-                                     7.3                        
+                                      M 
-      AB12345-BRA-1-id-93      34    3.9                        
+                                      M 
-                                     3.9                        
+     AB12345-BRA-1-id-265      25     M 
-                                     3.9                        
+                                      M 
-                                     3.9                        
+                                      M 
-                                     3.9                        
+                                      M 
-                                     3.9                        
+      AB12345-BRA-1-id-42      36     M 
-                                     3.9                        
+                                      M 
-                                     3.9                        
+                                      M 
-                                     3.9                        
+                                      M 
-     AB12345-BRA-11-id-237     64    5.3                        
+                                      M 
-                                     5.3                        
+                                      M 
-   —————————————————————————————————————————————————————————————
+                                      M 
-   
+                                      M 
-   foot
+                                      M 
-   \s\ntitle
+                                      M 
-   Patient Subset - Sex: F
+   —————————————————————————————————————
    
-   —————————————————————————————————————
+   foot
-   Unique Subject Identifier   Age   Sex
+   \s\ntitle
-   —————————————————————————————————————
+   Patient Subset - Sex: M
-     AB12345-BRA-11-id-237     64     F 
+   
-     AB12345-BRA-11-id-321     33     F 
+   —————————————————————————————————————————————————————————————
-                                      F 
+   Unique Subject Identifier   Age   Continous Level Biomarker 1
-                                      F 
+   —————————————————————————————————————————————————————————————
-                                      F 
+     AB12345-BRA-1-id-134      47    6.5                        
-                                      F 
+                                     6.5                        
-                                      F 
+                                     6.5                        
-                                      F 
+                                     6.5                        
-   —————————————————————————————————————
+     AB12345-BRA-1-id-236      32    7.7                        
-   
+                                     7.7                        
-   foot
+                                     7.7                        
-   \s\ntitle
+     AB12345-BRA-1-id-265      25    10.3                       
-   Patient Subset - Sex: F
+                                     10.3                       
-   
+                                     10.3                       
-   —————————————————————————————————————————————————————————————
+                                     10.3                       
-   Unique Subject Identifier   Age   Continous Level Biomarker 1
+      AB12345-BRA-1-id-42      36    2.3                        
-   —————————————————————————————————————————————————————————————
+                                     2.3                        
-     AB12345-BRA-11-id-237     64    5.3                        
+                                     2.3                        
-     AB12345-BRA-11-id-321     33    1.8                        
+                                     2.3                        
-                                     1.8                        
+                                     2.3                        
-                                     1.8                        
+                                     2.3                        
-                                     1.8                        
+                                     2.3                        
-                                     1.8                        
+                                     2.3                        
-                                     1.8                        
+                                     2.3                        
-                                     1.8                        
+                                     2.3                        
    —————————————————————————————————————————————————————————————
    
    foot

* Run `testthat::snapshot_accept('export')` to accept the change.
* Run `testthat::snapshot_review('export')` to interactively review the change.</failure>
    </testcase>
    <testcase time="0.085" classname="export" name="export_as_txt_works_with_empty_listings"/>
    <testcase time="0.199" classname="export" name="export_as_txt_works_with_listings_with_all_key_cols"/>
  </testsuite>
  <testsuite name="listings" timestamp="2024-11-26T15:36:03Z" hostname="e88c07f53277" tests="42" skipped="0" failures="0" errors="0" time="0.662">
    <testcase time="0.0190000000000001" classname="listings" name="Column_labels_are_the_same"/>
    <testcase time="0.0190000000000001" classname="listings" name="Column_labels_are_the_same"/>
    <testcase time="0.00300000000000011" classname="listings" name="Column_labels_are_the_same"/>
    <testcase time="0.024" classname="listings" name="listings_work_well_with_different_formats_and_attributes"/>
    <testcase time="0.00299999999999967" classname="listings" name="listings_work_well_with_different_formats_and_attributes"/>
    <testcase time="0.00200000000000022" classname="listings" name="listings_work_well_with_different_formats_and_attributes"/>
    <testcase time="0.00300000000000011" classname="listings" name="listings_work_well_with_different_formats_and_attributes"/>
    <testcase time="0.00199999999999978" classname="listings" name="listings_work_well_with_different_formats_and_attributes"/>
    <testcase time="0.00300000000000011" classname="listings" name="listings_work_well_with_different_formats_and_attributes"/>
    <testcase time="0.00300000000000011" classname="listings" name="listings_work_well_with_different_formats_and_attributes"/>
    <testcase time="0.00299999999999967" classname="listings" name="listings_work_well_with_different_formats_and_attributes"/>
    <testcase time="0.00300000000000011" classname="listings" name="listings_work_well_with_different_formats_and_attributes"/>
    <testcase time="0.00300000000000011" classname="listings" name="listings_work_well_with_different_formats_and_attributes"/>
    <testcase time="0.00800000000000001" classname="listings" name="listings_work_well_with_different_formats_and_attributes"/>
    <testcase time="0.00599999999999978" classname="listings" name="listings_work_well_with_different_formats_and_attributes"/>
    <testcase time="0.00600000000000023" classname="listings" name="listings_work_well_with_different_formats_and_attributes"/>
    <testcase time="0.00999999999999979" classname="listings" name="listings_work_well_with_different_formats_and_attributes"/>
    <testcase time="0.00600000000000023" classname="listings" name="listings_work_well_with_different_formats_and_attributes"/>
    <testcase time="0.00299999999999967" classname="listings" name="listings_work_well_with_different_formats_and_attributes"/>
    <testcase time="0.0180000000000002" classname="listings" name="Content_of_listings_supports_newlines"/>
    <testcase time="0.012" classname="listings" name="Content_of_listings_supports_newlines"/>
    <testcase time="0.0089999999999999" classname="listings" name="regression_test_for_keycols_being_lost_due_to_head_"/>
    <testcase time="0.044" classname="listings" name="column_inclusion_and_ordering_stuff"/>
    <testcase time="0.0139999999999998" classname="listings" name="column_inclusion_and_ordering_stuff"/>
    <testcase time="0.0460000000000003" classname="listings" name="column_inclusion_and_ordering_stuff"/>
    <testcase time="0.036" classname="listings" name="column_inclusion_and_ordering_stuff"/>
    <testcase time="0.004" classname="listings" name="column_inclusion_and_ordering_stuff"/>
    <testcase time="0.00499999999999989" classname="listings" name="column_inclusion_and_ordering_stuff"/>
    <testcase time="0.069" classname="listings" name="column_inclusion_and_ordering_stuff"/>
    <testcase time="0.0220000000000002" classname="listings" name="unique_rows_removes_duplicate_rows_from_listing"/>
    <testcase time="0.0219999999999998" classname="listings" name="unique_rows_removes_duplicate_rows_from_listing"/>
    <testcase time="0.0300000000000002" classname="listings" name="as_listing_custom_format_works_in_key_cols"/>
    <testcase time="0.0219999999999998" classname="listings" name="as_listing_custom_format_works_in_key_cols"/>
    <testcase time="0.0369999999999999" classname="listings" name="as_listing_works_with_NA_values_in_key_cols"/>
    <testcase time="0.0390000000000001" classname="listings" name="as_listing_works_with_NA_values_in_key_cols"/>
    <testcase time="0.0329999999999999" classname="listings" name="as_listing_works_with_NA_values_in_key_cols"/>
    <testcase time="0.00800000000000001" classname="listings" name="as_listing_works_with_NA_values_in_key_cols"/>
    <testcase time="0.0230000000000001" classname="listings" name="add_listing_col_works_with_a_function_when_a_format_is_applied"/>
    <testcase time="0.012" classname="listings" name="split_into_pages_by_var_works_as_expected"/>
    <testcase time="0.00199999999999978" classname="listings" name="split_into_pages_by_var_works_as_expected"/>
    <testcase time="0.0169999999999999" classname="listings" name="split_into_pages_by_var_works_as_expected"/>
    <testcase time="0.00900000000000034" classname="listings" name="appropriate_error_message_returned_for_difftime_class"/>
  </testsuite>
  <testsuite name="matrix_form" timestamp="2024-11-26T15:36:03Z" hostname="e88c07f53277" tests="13" skipped="0" failures="0" errors="0" time="0.319">
    <testcase time="0.048" classname="matrix_form" name="matrix_form_keeps_relevant_information_and_structure_about_the_listing"/>
    <testcase time="0.00199999999999978" classname="matrix_form" name="matrix_form_keeps_relevant_information_and_structure_about_the_listing"/>
    <testcase time="0.00700000000000012" classname="matrix_form" name="matrix_form_keeps_relevant_information_and_structure_about_the_listing"/>
    <testcase time="0.012" classname="matrix_form" name="matrix_form_keeps_relevant_information_and_structure_about_the_listing"/>
    <testcase time="0.089" classname="matrix_form" name="matrix_form_keeps_relevant_information_and_structure_about_the_listing"/>
    <testcase time="0.00199999999999978" classname="matrix_form" name="matrix_form_keeps_relevant_information_and_structure_about_the_listing"/>
    <testcase time="0.00300000000000011" classname="matrix_form" name="matrix_form_keeps_relevant_information_and_structure_about_the_listing"/>
    <testcase time="0.0879999999999996" classname="matrix_form" name="matrix_form_keeps_relevant_information_and_structure_about_the_listing"/>
    <testcase time="0.00300000000000011" classname="matrix_form" name="matrix_form_keeps_relevant_information_and_structure_about_the_listing"/>
    <testcase time="0.00300000000000011" classname="matrix_form" name="matrix_form_keeps_relevant_information_and_structure_about_the_listing"/>
    <testcase time="0.0140000000000002" classname="matrix_form" name="matrix_form_detects_or_in_labels_and_sends_meaningful_error_message"/>
    <testcase time="0.0259999999999998" classname="matrix_form" name="matrix_form_detects_or_in_labels_and_sends_meaningful_error_message"/>
    <testcase time="0.0220000000000002" classname="matrix_form" name="matrix_form_detects_or_in_labels_and_sends_meaningful_error_message"/>
  </testsuite>
  <testsuite name="paginate_listing" timestamp="2024-11-26T15:36:04Z" hostname="e88c07f53277" tests="43" skipped="0" failures="2" errors="0" time="6.134">
    <testcase time="0.13" classname="paginate_listing" name="pagination_works_vertically"/>
    <testcase time="0.105" classname="paginate_listing" name="pagination_works_vertically"/>
    <testcase time="0.117999999999999" classname="paginate_listing" name="pagination_works_vertically"/>
    <testcase time="0.106" classname="paginate_listing" name="horizontal_pagination_with_0_or_1_key_column_specified_works_correctly"/>
    <testcase time="0.00300000000000011" classname="paginate_listing" name="horizontal_pagination_with_0_or_1_key_column_specified_works_correctly"/>
    <testcase time="0.00199999999999978" classname="paginate_listing" name="horizontal_pagination_with_0_or_1_key_column_specified_works_correctly"/>
    <testcase time="0.123" classname="paginate_listing" name="horizontal_pagination_with_0_or_1_key_column_specified_works_correctly"/>
    <testcase time="0.00499999999999989" classname="paginate_listing" name="horizontal_pagination_with_0_or_1_key_column_specified_works_correctly"/>
    <testcase time="0.00300000000000011" classname="paginate_listing" name="horizontal_pagination_with_0_or_1_key_column_specified_works_correctly"/>
    <testcase time="0.00199999999999978" classname="paginate_listing" name="horizontal_pagination_with_0_or_1_key_column_specified_works_correctly"/>
    <testcase time="0.0750000000000002" classname="paginate_listing" name="listing_works_with_no_vertical_pagination"/>
    <testcase time="0.00300000000000011" classname="paginate_listing" name="listing_works_with_no_vertical_pagination"/>
    <testcase time="0.00300000000000011" classname="paginate_listing" name="listing_works_with_no_vertical_pagination"/>
    <testcase time="0.0839999999999996" classname="paginate_listing" name="checking_vertical_pagination_line_calculation."/>
    <testcase time="0.00400000000000045" classname="paginate_listing" name="checking_vertical_pagination_line_calculation."/>
    <testcase time="0.453" classname="paginate_listing" name="pagination_lpp_and_cpp_correctly_computed_for_pg_width_and_pg_height"/>
    <testcase time="0.476" classname="paginate_listing" name="pagination_lpp_and_cpp_correctly_computed_for_page_type_and_font_size"/>
    <testcase time="0.465" classname="paginate_listing" name="pagination_lpp_and_cpp_correctly_computed_for_page_type_and_font_size"/>
    <testcase time="0.545999999999999" classname="paginate_listing" name="pagination_lpp_and_cpp_correctly_computed_for_lineheight"/>
    <testcase time="0.488" classname="paginate_listing" name="pagination_lpp_and_cpp_correctly_computed_for_landscape"/>
    <testcase time="0.558" classname="paginate_listing" name="pagination_lpp_and_cpp_correctly_computed_for_margins"/>
    <testcase time="0.2" classname="paginate_listing" name="pagination_works_with_col_wrapping"/>
    <testcase time="0.195" classname="paginate_listing" name="pagination_works_with_col_wrapping"/>
    <testcase time="0.00499999999999901" classname="paginate_listing" name="pagination_works_with_col_wrapping"/>
    <testcase time="0.228000000000002" classname="paginate_listing" name="pagination_repeats_keycols_in_other_pages"/>
    <testcase time="0.158999999999999" classname="paginate_listing" name="pagination_repeats_keycols_in_other_pages"/>
    <testcase time="0.125" classname="paginate_listing" name="pagination_repeats_keycols_in_other_pages"/>
    <testcase time="0.157" classname="paginate_listing" name="pagination_repeats_keycols_in_other_pages"/>
    <testcase time="0.134" classname="paginate_listing" name="paginate_to_mpfs_works_with_wrapping_on_keycols"/>
    <testcase time="0.0540000000000003" classname="paginate_listing" name="paginate_to_mpfs_works_with_wrapping_on_keycols"/>
    <testcase time="0.0719999999999992" classname="paginate_listing" name="paginate_to_mpfs_works_with_wrapping_on_keycols"/>
    <testcase time="0.072000000000001" classname="paginate_listing" name="paginate_to_mpfs_works_with_wrapping_on_keycols"/>
    <testcase time="0.125" classname="paginate_listing" name="paginate_to_mpfs_works_with_wrapping_on_keycols"/>
    <testcase time="0.17" classname="paginate_listing" name="paginate_to_mpfs_works_with_wrapping_on_keycols_when_doing_horizontal_pagination"/>
    <testcase time="0.184999999999999" classname="paginate_listing" name="paginate_to_mpfs_works_with_wrapping_on_keycols_when_doing_horizontal_pagination"/>
    <testcase time="0.0520000000000014" classname="paginate_listing" name="paginate_to_mpfs_works_with_wrapping_on_keycols_when_doing_horizontal_pagination"/>
    <testcase time="0.0190000000000001" classname="paginate_listing" name="paginate_listing_works_with_split_into_pages_by_var"/>
    <testcase time="0.176" classname="paginate_listing" name="paginate_listing_works_with_split_into_pages_by_var"/>
    <testcase time="0.00300000000000011" classname="paginate_listing" name="paginate_listing_works_with_split_into_pages_by_var"/>
    <testcase time="0.00199999999999889" classname="paginate_listing" name="paginate_listing_works_with_split_into_pages_by_var"/>
    <testcase time="0.00300000000000011" classname="paginate_listing" name="paginate_listing_works_with_split_into_pages_by_var"/>
    <testcase time="0.0380000000000003" classname="paginate_listing" name="paginate_listing_works_with_split_into_pages_by_var">
      <failure type="failure" message="Snapshot of code has changed: ('test-paginate_listing.R:331:3')">Snapshot of code has changed:
old[3:19] vs new[3:17]
  Output
    Page 1 
    title
-   Patient Subset - Sex: F
+   Patient Subset - Sex: M
    
    —————————————————————————————————————
    Unique Subject Identifier   Age   Sex
    —————————————————————————————————————
-     AB12345-BRA-1-id-141      35     F 
-                                      F 
-                                      F 
-                                      F 
-                                      F 
-                                      F 
+     AB12345-BRA-1-id-134      47     M 
+                                      M 
+                                      M 
+                                      M 
    —————————————————————————————————————
    
    foot

* Run `testthat::snapshot_accept('paginate_listing')` to accept the change.
* Run `testthat::snapshot_review('paginate_listing')` to interactively review the change.</failure>
    </testcase>
    <testcase time="0.208" classname="paginate_listing" name="paginate_listing_works_with_split_into_pages_by_var">
      <failure type="failure" message="Snapshot of code has changed: ('test-paginate_listing.R:334:3')">Snapshot of code has changed:
old[3:34] vs new[3:34]
  Output
    --- Page 1/2 ---
    title
-   Patient Subset - Sex: M
+   Patient Subset - Sex: F
    
    ———————————————————————————————————————————————————————————————————
    Unique Subject Identifier   Age   Sex   Continous Level Biomarker 1
    ———————————————————————————————————————————————————————————————————
-     AB12345-BRA-1-id-134      47     M    6.5                        
+     AB12345-BRA-1-id-141      35     F    7.5                        
-                                      M    6.5                        
+                                      F    7.5                        
-                                      M    6.5                        
+                                      F    7.5                        
-                                      M    6.5                        
+                                      F    7.5                        
-   ———————————————————————————————————————————————————————————————————
+                                      F    7.5                        
-   
+                                      F    7.5                        
-   foot
+   ———————————————————————————————————————————————————————————————————
    
-   --- Page 2/2 ---
+   foot
-   title
+   
-   Patient Subset - Sex: F
+   --- Page 2/2 ---
-   
+   title
-   ———————————————————————————————————————————————————————————————————
+   Patient Subset - Sex: M
-   Unique Subject Identifier   Age   Sex   Continous Level Biomarker 1
+   
    ———————————————————————————————————————————————————————————————————
-     AB12345-BRA-1-id-141      35     F    7.5                        
+   Unique Subject Identifier   Age   Sex   Continous Level Biomarker 1
-                                      F    7.5                        
+   ———————————————————————————————————————————————————————————————————
-                                      F    7.5                        
+     AB12345-BRA-1-id-134      47     M    6.5                        
-                                      F    7.5                        
+                                      M    6.5                        
-                                      F    7.5                        
+                                      M    6.5                        
-                                      F    7.5                        
+                                      M    6.5                        
    ———————————————————————————————————————————————————————————————————
    
    foot

* Run `testthat::snapshot_accept('paginate_listing')` to accept the change.
* Run `testthat::snapshot_review('paginate_listing')` to interactively review the change.</failure>
    </testcase>
  </testsuite>
  <testsuite name="print" timestamp="2024-11-26T15:36:10Z" hostname="e88c07f53277" tests="16" skipped="0" failures="0" errors="0" time="1.371">
    <testcase time="0.0659999999999989" classname="print" name="Listing_print_correctly"/>
    <testcase time="0.137" classname="print" name="Listing_print_correctly_with_different_widths"/>
    <testcase time="0.0700000000000003" classname="print" name="Listing_print_correctly_with_different_widths"/>
    <testcase time="0.0530000000000008" classname="print" name="as_listing_produces_correct_output_when_default_formatting_is_specified"/>
    <testcase time="0.00499999999999901" classname="print" name="as_listing_produces_correct_output_when_default_formatting_is_specified"/>
    <testcase time="0.00600000000000023" classname="print" name="as_listing_produces_correct_output_when_default_formatting_is_specified"/>
    <testcase time="0.0600000000000005" classname="print" name="as_listing_produces_correct_output_when_col_formatting_is_specified"/>
    <testcase time="0.0499999999999989" classname="print" name="as_listing_produces_correct_output_when_col_formatting_is_specified"/>
    <testcase time="0.00400000000000134" classname="print" name="as_listing_produces_correct_output_when_col_formatting_is_specified"/>
    <testcase time="0.00499999999999901" classname="print" name="as_listing_produces_correct_output_when_col_formatting_is_specified"/>
    <testcase time="0.0510000000000002" classname="print" name="listings_support_newline_characters"/>
    <testcase time="0.0670000000000002" classname="print" name="listings_support_newline_characters"/>
    <testcase time="0.241" classname="print" name="listings_supports_wrapping"/>
    <testcase time="0.497" classname="print" name="listings_supports_wrapping"/>
    <testcase time="0.00200000000000067" classname="print" name="listings_supports_wrapping"/>
    <testcase time="0.0570000000000004" classname="print" name="listings_supports_wrapping"/>
  </testsuite>
</testsuites>
