<?xml version="1.0" encoding="UTF-8"?>
<testsuites>
  <testsuite name="export" timestamp="2024-11-22T11:33:13Z" hostname="b10f12deab44" tests="11" skipped="0" failures="1" errors="0" time="2.693">
    <testcase time="0.204" classname="export" name="Listing_print_correctly"/>
    <testcase time="0.315" classname="export" name="key_columns_repeat_with_export_as_txt"/>
    <testcase time="0.182" classname="export" name="key_columns_repeat_with_pagination_with_export_as_txt"/>
    <testcase time="0.337" classname="export" name="Listing_print_correctly_with_paginate"/>
    <testcase time="0.00299999999999989" classname="export" name="Listing_print_correctly_with_paginate"/>
    <testcase time="0.00300000000000011" classname="export" name="Listing_print_correctly_with_paginate"/>
    <testcase time="0.38" classname="export" name="export_as_txt_works_and_repeats_the_correct_lines_in_pagination"/>
    <testcase time="0.237" classname="export" name="export_as_txt_works_and_repeats_the_correct_lines_in_pagination"/>
    <testcase time="0.739" classname="export" name="export_as_txt_works_with_split_into_pages_by_var">
      <failure type="failure" message="Snapshot of code has changed: ('test-export.R:92:3')">Snapshot of code has changed:
old[2:63] vs new[2:63]
    cat(pages_listings)
  Output
    title
-   Patient Subset - Sex: M
+   Patient Subset - Sex: F
    
    —————————————————————————————————————
    Unique Subject Identifier   Age   Sex
    —————————————————————————————————————
-     AB12345-BRA-1-id-134      47     M 
+     AB12345-BRA-1-id-141      35     F 
-                                      M 
+                                      F 
-                                      M 
+                                      F 
-                                      M 
+                                      F 
-     AB12345-BRA-1-id-236      32     M 
+                                      F 
-                                      M 
+                                      F 
-                                      M 
+      AB12345-BRA-1-id-65      25     F 
-     AB12345-BRA-1-id-265      25     M 
+                                      F 
-                                      M 
+                                      F 
-                                      M 
+                                      F 
-                                      M 
+      AB12345-BRA-1-id-93      34     F 
-      AB12345-BRA-1-id-42      36     M 
+                                      F 
-                                      M 
+                                      F 
-                                      M 
+                                      F 
-                                      M 
+                                      F 
-                                      M 
+                                      F 
-                                      M 
+                                      F 
-                                      M 
+                                      F 
-                                      M 
+                                      F 
-                                      M 
+     AB12345-BRA-11-id-237     64     F 
-                                      M 
+                                      F 
    —————————————————————————————————————
    
    foot
    \s\ntitle
-   Patient Subset - Sex: M
+   Patient Subset - Sex: F
    
    —————————————————————————————————————————————————————————————
    Unique Subject Identifier   Age   Continous Level Biomarker 1
    —————————————————————————————————————————————————————————————
-     AB12345-BRA-1-id-134      47    6.5                        
+     AB12345-BRA-1-id-141      35    7.5                        
-                                     6.5                        
+                                     7.5                        
-                                     6.5                        
+                                     7.5                        
-                                     6.5                        
+                                     7.5                        
-     AB12345-BRA-1-id-236      32    7.7                        
+                                     7.5                        
-                                     7.7                        
+                                     7.5                        
-                                     7.7                        
+      AB12345-BRA-1-id-65      25    7.3                        
-     AB12345-BRA-1-id-265      25    10.3                       
+                                     7.3                        
-                                     10.3                       
+                                     7.3                        
-                                     10.3                       
+                                     7.3                        
-                                     10.3                       
+      AB12345-BRA-1-id-93      34    3.9                        
-      AB12345-BRA-1-id-42      36    2.3                        
+                                     3.9                        
-                                     2.3                        
+                                     3.9                        
-                                     2.3                        
+                                     3.9                        
-                                     2.3                        
+                                     3.9                        
-                                     2.3                        
+                                     3.9                        
-                                     2.3                        
+                                     3.9                        
-                                     2.3                        
+                                     3.9                        
-                                     2.3                        
+                                     3.9                        
-                                     2.3                        
+     AB12345-BRA-11-id-237     64    5.3                        
-                                     2.3                        
+                                     5.3                        
    —————————————————————————————————————————————————————————————
    
    foot

old[67:157] vs new[67:157]
    —————————————————————————————————————
    Unique Subject Identifier   Age   Sex
    —————————————————————————————————————
-     AB12345-BRA-1-id-141      35     F 
+     AB12345-BRA-11-id-237     64     F 
-                                      F 
+     AB12345-BRA-11-id-321     33     F 
                                       F 
                                       F 
                                       F 
                                       F 
-      AB12345-BRA-1-id-65      25     F 
+                                      F 
                                       F 
-                                      F 
+   —————————————————————————————————————
-                                      F 
+   
-      AB12345-BRA-1-id-93      34     F 
+   foot
-                                      F 
+   \s\ntitle
-                                      F 
+   Patient Subset - Sex: F
-                                      F 
+   
-                                      F 
+   —————————————————————————————————————————————————————————————
-                                      F 
+   Unique Subject Identifier   Age   Continous Level Biomarker 1
-                                      F 
+   —————————————————————————————————————————————————————————————
-                                      F 
+     AB12345-BRA-11-id-237     64    5.3                        
-                                      F 
+     AB12345-BRA-11-id-321     33    1.8                        
-     AB12345-BRA-11-id-237     64     F 
+                                     1.8                        
-                                      F 
+                                     1.8                        
-   —————————————————————————————————————
+                                     1.8                        
-   
+                                     1.8                        
-   foot
+                                     1.8                        
-   \s\ntitle
+                                     1.8                        
-   Patient Subset - Sex: F
+   —————————————————————————————————————————————————————————————
    
-   —————————————————————————————————————————————————————————————
+   foot
-   Unique Subject Identifier   Age   Continous Level Biomarker 1
+   \s\ntitle
-   —————————————————————————————————————————————————————————————
+   Patient Subset - Sex: M
-     AB12345-BRA-1-id-141      35    7.5                        
+   
-                                     7.5                        
+   —————————————————————————————————————
-                                     7.5                        
+   Unique Subject Identifier   Age   Sex
-                                     7.5                        
+   —————————————————————————————————————
-                                     7.5                        
+     AB12345-BRA-1-id-134      47     M 
-                                     7.5                        
+                                      M 
-      AB12345-BRA-1-id-65      25    7.3                        
+                                      M 
-                                     7.3                        
+                                      M 
-                                     7.3                        
+     AB12345-BRA-1-id-236      32     M 
-                                     7.3                        
+                                      M 
-      AB12345-BRA-1-id-93      34    3.9                        
+                                      M 
-                                     3.9                        
+     AB12345-BRA-1-id-265      25     M 
-                                     3.9                        
+                                      M 
-                                     3.9                        
+                                      M 
-                                     3.9                        
+                                      M 
-                                     3.9                        
+      AB12345-BRA-1-id-42      36     M 
-                                     3.9                        
+                                      M 
-                                     3.9                        
+                                      M 
-                                     3.9                        
+                                      M 
-     AB12345-BRA-11-id-237     64    5.3                        
+                                      M 
-                                     5.3                        
+                                      M 
-   —————————————————————————————————————————————————————————————
+                                      M 
-   
+                                      M 
-   foot
+                                      M 
-   \s\ntitle
+                                      M 
-   Patient Subset - Sex: F
+   —————————————————————————————————————
    
-   —————————————————————————————————————
+   foot
-   Unique Subject Identifier   Age   Sex
+   \s\ntitle
-   —————————————————————————————————————
+   Patient Subset - Sex: M
-     AB12345-BRA-11-id-237     64     F 
+   
-     AB12345-BRA-11-id-321     33     F 
+   —————————————————————————————————————————————————————————————
-                                      F 
+   Unique Subject Identifier   Age   Continous Level Biomarker 1
-                                      F 
+   —————————————————————————————————————————————————————————————
-                                      F 
+     AB12345-BRA-1-id-134      47    6.5                        
-                                      F 
+                                     6.5                        
-                                      F 
+                                     6.5                        
-                                      F 
+                                     6.5                        
-   —————————————————————————————————————
+     AB12345-BRA-1-id-236      32    7.7                        
-   
+                                     7.7                        
-   foot
+                                     7.7                        
-   \s\ntitle
+     AB12345-BRA-1-id-265      25    10.3                       
-   Patient Subset - Sex: F
+                                     10.3                       
-   
+                                     10.3                       
-   —————————————————————————————————————————————————————————————
+                                     10.3                       
-   Unique Subject Identifier   Age   Continous Level Biomarker 1
+      AB12345-BRA-1-id-42      36    2.3                        
-   —————————————————————————————————————————————————————————————
+                                     2.3                        
-     AB12345-BRA-11-id-237     64    5.3                        
+                                     2.3                        
-     AB12345-BRA-11-id-321     33    1.8                        
+                                     2.3                        
-                                     1.8                        
+                                     2.3                        
-                                     1.8                        
+                                     2.3                        
-                                     1.8                        
+                                     2.3                        
-                                     1.8                        
+                                     2.3                        
-                                     1.8                        
+                                     2.3                        
-                                     1.8                        
+                                     2.3                        
    —————————————————————————————————————————————————————————————
    
    foot

* Run `testthat::snapshot_accept('export')` to accept the change.
* Run `testthat::snapshot_review('export')` to interactively review the change.</failure>
    </testcase>
    <testcase time="0.0869999999999997" classname="export" name="export_as_txt_works_with_empty_listings"/>
    <testcase time="0.206" classname="export" name="export_as_txt_works_with_listings_with_all_key_cols"/>
  </testsuite>
  <testsuite name="listings" timestamp="2024-11-22T11:33:16Z" hostname="b10f12deab44" tests="42" skipped="0" failures="0" errors="0" time="0.701">
    <testcase time="0.02" classname="listings" name="Column_labels_are_the_same"/>
    <testcase time="0.0210000000000004" classname="listings" name="Column_labels_are_the_same"/>
    <testcase time="0.00299999999999967" classname="listings" name="Column_labels_are_the_same"/>
    <testcase time="0.0260000000000002" classname="listings" name="listings_work_well_with_different_formats_and_attributes"/>
    <testcase time="0.00300000000000011" classname="listings" name="listings_work_well_with_different_formats_and_attributes"/>
    <testcase time="0.00299999999999967" classname="listings" name="listings_work_well_with_different_formats_and_attributes"/>
    <testcase time="0.00300000000000011" classname="listings" name="listings_work_well_with_different_formats_and_attributes"/>
    <testcase time="0.00300000000000011" classname="listings" name="listings_work_well_with_different_formats_and_attributes"/>
    <testcase time="0.00199999999999978" classname="listings" name="listings_work_well_with_different_formats_and_attributes"/>
    <testcase time="0.00300000000000011" classname="listings" name="listings_work_well_with_different_formats_and_attributes"/>
    <testcase time="0.00199999999999978" classname="listings" name="listings_work_well_with_different_formats_and_attributes"/>
    <testcase time="0.00300000000000011" classname="listings" name="listings_work_well_with_different_formats_and_attributes"/>
    <testcase time="0.00300000000000011" classname="listings" name="listings_work_well_with_different_formats_and_attributes"/>
    <testcase time="0.00800000000000001" classname="listings" name="listings_work_well_with_different_formats_and_attributes"/>
    <testcase time="0.00700000000000012" classname="listings" name="listings_work_well_with_different_formats_and_attributes"/>
    <testcase time="0.00699999999999967" classname="listings" name="listings_work_well_with_different_formats_and_attributes"/>
    <testcase time="0.0110000000000001" classname="listings" name="listings_work_well_with_different_formats_and_attributes"/>
    <testcase time="0.00600000000000023" classname="listings" name="listings_work_well_with_different_formats_and_attributes"/>
    <testcase time="0.00299999999999967" classname="listings" name="listings_work_well_with_different_formats_and_attributes"/>
    <testcase time="0.0190000000000001" classname="listings" name="Content_of_listings_supports_newlines"/>
    <testcase time="0.012" classname="listings" name="Content_of_listings_supports_newlines"/>
    <testcase time="0.0089999999999999" classname="listings" name="regression_test_for_keycols_being_lost_due_to_head_"/>
    <testcase time="0.0460000000000003" classname="listings" name="column_inclusion_and_ordering_stuff"/>
    <testcase time="0.0149999999999997" classname="listings" name="column_inclusion_and_ordering_stuff"/>
    <testcase time="0.0419999999999998" classname="listings" name="column_inclusion_and_ordering_stuff"/>
    <testcase time="0.0420000000000003" classname="listings" name="column_inclusion_and_ordering_stuff"/>
    <testcase time="0.00499999999999989" classname="listings" name="column_inclusion_and_ordering_stuff"/>
    <testcase time="0.00499999999999989" classname="listings" name="column_inclusion_and_ordering_stuff"/>
    <testcase time="0.0710000000000002" classname="listings" name="column_inclusion_and_ordering_stuff"/>
    <testcase time="0.024" classname="listings" name="unique_rows_removes_duplicate_rows_from_listing"/>
    <testcase time="0.0229999999999997" classname="listings" name="unique_rows_removes_duplicate_rows_from_listing"/>
    <testcase time="0.032" classname="listings" name="as_listing_custom_format_works_in_key_cols"/>
    <testcase time="0.024" classname="listings" name="as_listing_custom_format_works_in_key_cols"/>
    <testcase time="0.0420000000000003" classname="listings" name="as_listing_works_with_NA_values_in_key_cols"/>
    <testcase time="0.0419999999999998" classname="listings" name="as_listing_works_with_NA_values_in_key_cols"/>
    <testcase time="0.0350000000000001" classname="listings" name="as_listing_works_with_NA_values_in_key_cols"/>
    <testcase time="0.00899999999999945" classname="listings" name="as_listing_works_with_NA_values_in_key_cols"/>
    <testcase time="0.024" classname="listings" name="add_listing_col_works_with_a_function_when_a_format_is_applied"/>
    <testcase time="0.0130000000000008" classname="listings" name="split_into_pages_by_var_works_as_expected"/>
    <testcase time="0.00299999999999923" classname="listings" name="split_into_pages_by_var_works_as_expected"/>
    <testcase time="0.0180000000000007" classname="listings" name="split_into_pages_by_var_works_as_expected"/>
    <testcase time="0.00899999999999945" classname="listings" name="appropriate_error_message_returned_for_difftime_class"/>
  </testsuite>
  <testsuite name="matrix_form" timestamp="2024-11-22T11:33:16Z" hostname="b10f12deab44" tests="12" skipped="0" failures="0" errors="1" time="0.288">
    <testcase time="0.0520000000000005" classname="matrix_form" name="matrix_form_keeps_relevant_information_and_structure_about_the_listing"/>
    <testcase time="0.00300000000000011" classname="matrix_form" name="matrix_form_keeps_relevant_information_and_structure_about_the_listing"/>
    <testcase time="0.00800000000000001" classname="matrix_form" name="matrix_form_keeps_relevant_information_and_structure_about_the_listing"/>
    <testcase time="0.0119999999999996" classname="matrix_form" name="matrix_form_keeps_relevant_information_and_structure_about_the_listing"/>
    <testcase time="0.093" classname="matrix_form" name="matrix_form_keeps_relevant_information_and_structure_about_the_listing"/>
    <testcase time="0.00300000000000011" classname="matrix_form" name="matrix_form_keeps_relevant_information_and_structure_about_the_listing"/>
    <testcase time="0.00300000000000011" classname="matrix_form" name="matrix_form_keeps_relevant_information_and_structure_about_the_listing"/>
    <testcase time="0.0899999999999999" classname="matrix_form" name="matrix_form_keeps_relevant_information_and_structure_about_the_listing"/>
    <testcase time="0.00300000000000011" classname="matrix_form" name="matrix_form_keeps_relevant_information_and_structure_about_the_listing"/>
    <testcase time="0.00199999999999978" classname="matrix_form" name="matrix_form_keeps_relevant_information_and_structure_about_the_listing"/>
    <testcase time="0.0140000000000002" classname="matrix_form" name="matrix_form_detects_or_in_labels_and_sends_meaningful_error_message"/>
    <testcase time="0.00499999999999989" classname="matrix_form" name="matrix_form_detects_or_in_labels_and_sends_meaningful_error_message">
      <error type="error" message="Error in `eval(code, test_env)`: object 'adae' not found ('test-matrix_form.R:62:3')">Error in `eval(code, test_env)`: object 'adae' not found
Backtrace:
    x
 1. \-rlistings::as_listing(...) at test-matrix_form.R:62:3
 2.   \-base::sapply(df, inherits, "difftime")
 3.     \-base::lapply(X = X, FUN = FUN, ...)</error>
    </testcase>
  </testsuite>
  <testsuite name="paginate_listing" timestamp="2024-11-22T11:33:17Z" hostname="b10f12deab44" tests="43" skipped="0" failures="2" errors="0" time="6.282">
    <testcase time="0.158" classname="paginate_listing" name="pagination_works_vertically"/>
    <testcase time="0.109" classname="paginate_listing" name="pagination_works_vertically"/>
    <testcase time="0.0389999999999997" classname="paginate_listing" name="pagination_works_vertically"/>
    <testcase time="0.216" classname="paginate_listing" name="horizontal_pagination_with_0_or_1_key_column_specified_works_correctly"/>
    <testcase time="0.00300000000000011" classname="paginate_listing" name="horizontal_pagination_with_0_or_1_key_column_specified_works_correctly"/>
    <testcase time="0.00199999999999978" classname="paginate_listing" name="horizontal_pagination_with_0_or_1_key_column_specified_works_correctly"/>
    <testcase time="0.125" classname="paginate_listing" name="horizontal_pagination_with_0_or_1_key_column_specified_works_correctly"/>
    <testcase time="0.00300000000000011" classname="paginate_listing" name="horizontal_pagination_with_0_or_1_key_column_specified_works_correctly"/>
    <testcase time="0.00199999999999978" classname="paginate_listing" name="horizontal_pagination_with_0_or_1_key_column_specified_works_correctly"/>
    <testcase time="0.00300000000000011" classname="paginate_listing" name="horizontal_pagination_with_0_or_1_key_column_specified_works_correctly"/>
    <testcase time="0.0789999999999997" classname="paginate_listing" name="listing_works_with_no_vertical_pagination"/>
    <testcase time="0.00300000000000011" classname="paginate_listing" name="listing_works_with_no_vertical_pagination"/>
    <testcase time="0.00400000000000045" classname="paginate_listing" name="listing_works_with_no_vertical_pagination"/>
    <testcase time="0.0869999999999997" classname="paginate_listing" name="checking_vertical_pagination_line_calculation."/>
    <testcase time="0.00300000000000011" classname="paginate_listing" name="checking_vertical_pagination_line_calculation."/>
    <testcase time="0.468999999999999" classname="paginate_listing" name="pagination_lpp_and_cpp_correctly_computed_for_pg_width_and_pg_height"/>
    <testcase time="0.484" classname="paginate_listing" name="pagination_lpp_and_cpp_correctly_computed_for_page_type_and_font_size"/>
    <testcase time="0.476" classname="paginate_listing" name="pagination_lpp_and_cpp_correctly_computed_for_page_type_and_font_size"/>
    <testcase time="0.553" classname="paginate_listing" name="pagination_lpp_and_cpp_correctly_computed_for_lineheight"/>
    <testcase time="0.493" classname="paginate_listing" name="pagination_lpp_and_cpp_correctly_computed_for_landscape"/>
    <testcase time="0.573" classname="paginate_listing" name="pagination_lpp_and_cpp_correctly_computed_for_margins"/>
    <testcase time="0.208" classname="paginate_listing" name="pagination_works_with_col_wrapping"/>
    <testcase time="0.206" classname="paginate_listing" name="pagination_works_with_col_wrapping"/>
    <testcase time="0.00500000000000078" classname="paginate_listing" name="pagination_works_with_col_wrapping"/>
    <testcase time="0.231" classname="paginate_listing" name="pagination_repeats_keycols_in_other_pages"/>
    <testcase time="0.161999999999999" classname="paginate_listing" name="pagination_repeats_keycols_in_other_pages"/>
    <testcase time="0.131" classname="paginate_listing" name="pagination_repeats_keycols_in_other_pages"/>
    <testcase time="0.156000000000001" classname="paginate_listing" name="pagination_repeats_keycols_in_other_pages"/>
    <testcase time="0.134" classname="paginate_listing" name="paginate_to_mpfs_works_with_wrapping_on_keycols"/>
    <testcase time="0.0599999999999987" classname="paginate_listing" name="paginate_to_mpfs_works_with_wrapping_on_keycols"/>
    <testcase time="0.0670000000000002" classname="paginate_listing" name="paginate_to_mpfs_works_with_wrapping_on_keycols"/>
    <testcase time="0.0790000000000006" classname="paginate_listing" name="paginate_to_mpfs_works_with_wrapping_on_keycols"/>
    <testcase time="0.125" classname="paginate_listing" name="paginate_to_mpfs_works_with_wrapping_on_keycols"/>
    <testcase time="0.173999999999999" classname="paginate_listing" name="paginate_to_mpfs_works_with_wrapping_on_keycols_when_doing_horizontal_pagination"/>
    <testcase time="0.184000000000001" classname="paginate_listing" name="paginate_to_mpfs_works_with_wrapping_on_keycols_when_doing_horizontal_pagination"/>
    <testcase time="0.052999999999999" classname="paginate_listing" name="paginate_to_mpfs_works_with_wrapping_on_keycols_when_doing_horizontal_pagination"/>
    <testcase time="0.0120000000000005" classname="paginate_listing" name="paginate_listing_works_with_split_into_pages_by_var"/>
    <testcase time="0.163" classname="paginate_listing" name="paginate_listing_works_with_split_into_pages_by_var"/>
    <testcase time="0.00300000000000011" classname="paginate_listing" name="paginate_listing_works_with_split_into_pages_by_var"/>
    <testcase time="0.00300000000000011" classname="paginate_listing" name="paginate_listing_works_with_split_into_pages_by_var"/>
    <testcase time="0.00299999999999834" classname="paginate_listing" name="paginate_listing_works_with_split_into_pages_by_var"/>
    <testcase time="0.0380000000000003" classname="paginate_listing" name="paginate_listing_works_with_split_into_pages_by_var">
      <failure type="failure" message="Snapshot of code has changed: ('test-paginate_listing.R:331:3')">Snapshot of code has changed:
old[3:19] vs new[3:17]
  Output
    Page 1 
    title
-   Patient Subset - Sex: F
+   Patient Subset - Sex: M
    
    —————————————————————————————————————
    Unique Subject Identifier   Age   Sex
    —————————————————————————————————————
-     AB12345-BRA-1-id-141      35     F 
-                                      F 
-                                      F 
-                                      F 
-                                      F 
-                                      F 
+     AB12345-BRA-1-id-134      47     M 
+                                      M 
+                                      M 
+                                      M 
    —————————————————————————————————————
    
    foot

* Run `testthat::snapshot_accept('paginate_listing')` to accept the change.
* Run `testthat::snapshot_review('paginate_listing')` to interactively review the change.</failure>
    </testcase>
    <testcase time="0.201000000000001" classname="paginate_listing" name="paginate_listing_works_with_split_into_pages_by_var">
      <failure type="failure" message="Snapshot of code has changed: ('test-paginate_listing.R:334:3')">Snapshot of code has changed:
old[3:34] vs new[3:34]
  Output
    --- Page 1/2 ---
    title
-   Patient Subset - Sex: M
+   Patient Subset - Sex: F
    
    ———————————————————————————————————————————————————————————————————
    Unique Subject Identifier   Age   Sex   Continous Level Biomarker 1
    ———————————————————————————————————————————————————————————————————
-     AB12345-BRA-1-id-134      47     M    6.5                        
+     AB12345-BRA-1-id-141      35     F    7.5                        
-                                      M    6.5                        
+                                      F    7.5                        
-                                      M    6.5                        
+                                      F    7.5                        
-                                      M    6.5                        
+                                      F    7.5                        
-   ———————————————————————————————————————————————————————————————————
+                                      F    7.5                        
-   
+                                      F    7.5                        
-   foot
+   ———————————————————————————————————————————————————————————————————
    
-   --- Page 2/2 ---
+   foot
-   title
+   
-   Patient Subset - Sex: F
+   --- Page 2/2 ---
-   
+   title
-   ———————————————————————————————————————————————————————————————————
+   Patient Subset - Sex: M
-   Unique Subject Identifier   Age   Sex   Continous Level Biomarker 1
+   
    ———————————————————————————————————————————————————————————————————
-     AB12345-BRA-1-id-141      35     F    7.5                        
+   Unique Subject Identifier   Age   Sex   Continous Level Biomarker 1
-                                      F    7.5                        
+   ———————————————————————————————————————————————————————————————————
-                                      F    7.5                        
+     AB12345-BRA-1-id-134      47     M    6.5                        
-                                      F    7.5                        
+                                      M    6.5                        
-                                      F    7.5                        
+                                      M    6.5                        
-                                      F    7.5                        
+                                      M    6.5                        
    ———————————————————————————————————————————————————————————————————
    
    foot

* Run `testthat::snapshot_accept('paginate_listing')` to accept the change.
* Run `testthat::snapshot_review('paginate_listing')` to interactively review the change.</failure>
    </testcase>
  </testsuite>
  <testsuite name="print" timestamp="2024-11-22T11:33:23Z" hostname="b10f12deab44" tests="16" skipped="0" failures="0" errors="0" time="1.399">
    <testcase time="0.0690000000000008" classname="print" name="Listing_print_correctly"/>
    <testcase time="0.138999999999999" classname="print" name="Listing_print_correctly_with_different_widths"/>
    <testcase time="0.0730000000000004" classname="print" name="Listing_print_correctly_with_different_widths"/>
    <testcase time="0.0540000000000003" classname="print" name="as_listing_produces_correct_output_when_default_formatting_is_specified"/>
    <testcase time="0.00499999999999901" classname="print" name="as_listing_produces_correct_output_when_default_formatting_is_specified"/>
    <testcase time="0.00600000000000023" classname="print" name="as_listing_produces_correct_output_when_default_formatting_is_specified"/>
    <testcase time="0.0549999999999997" classname="print" name="as_listing_produces_correct_output_when_col_formatting_is_specified"/>
    <testcase time="0.0570000000000004" classname="print" name="as_listing_produces_correct_output_when_col_formatting_is_specified"/>
    <testcase time="0.00500000000000078" classname="print" name="as_listing_produces_correct_output_when_col_formatting_is_specified"/>
    <testcase time="0.00399999999999956" classname="print" name="as_listing_produces_correct_output_when_col_formatting_is_specified"/>
    <testcase time="0.0469999999999988" classname="print" name="listings_support_newline_characters"/>
    <testcase time="0.0740000000000016" classname="print" name="listings_support_newline_characters"/>
    <testcase time="0.238" classname="print" name="listings_supports_wrapping"/>
    <testcase time="0.512" classname="print" name="listings_supports_wrapping"/>
    <testcase time="0.00299999999999834" classname="print" name="listings_supports_wrapping"/>
    <testcase time="0.0580000000000016" classname="print" name="listings_supports_wrapping"/>
  </testsuite>
</testsuites>
