<?xml version="1.0" encoding="UTF-8"?>
<testsuites>
  <testsuite name="export" timestamp="2024-03-15T12:08:32Z" hostname="b6590db1b262" tests="8" skipped="3" failures="0" errors="0" time="1.363">
    <testcase time="0.204" classname="export" name="Listing_print_correctly"/>
    <testcase time="0.203" classname="export" name="key_columns_repeat_with_export_as_txt">
      <skipped message="Reason: On CRAN ('test-export.R:24:3')"/>
    </testcase>
    <testcase time="0.156" classname="export" name="key_columns_repeat_with_pagination_with_export_as_txt">
      <skipped message="Reason: On CRAN ('test-export.R:42:3')"/>
    </testcase>
    <testcase time="0.338" classname="export" name="Listing_print_correctly_with_paginate"/>
    <testcase time="0.002" classname="export" name="Listing_print_correctly_with_paginate"/>
    <testcase time="0.00300000000000011" classname="export" name="Listing_print_correctly_with_paginate"/>
    <testcase time="0.269" classname="export" name="export_as_txt_works_and_repeats_the_correct_lines_in_pagination"/>
    <testcase time="0.188" classname="export" name="export_as_txt_works_and_repeats_the_correct_lines_in_pagination">
      <skipped message="Reason: On CRAN ('test-export.R:76:3')"/>
    </testcase>
  </testsuite>
  <testsuite name="listings" timestamp="2024-03-15T12:08:34Z" hostname="b6590db1b262" tests="38" skipped="0" failures="0" errors="0" time="0.704">
    <testcase time="0.0299999999999998" classname="listings" name="Column_labels_are_the_same"/>
    <testcase time="0.0209999999999999" classname="listings" name="Column_labels_are_the_same"/>
    <testcase time="0.00200000000000022" classname="listings" name="Column_labels_are_the_same"/>
    <testcase time="0.0249999999999999" classname="listings" name="listings_work_well_with_different_formats_and_attributes"/>
    <testcase time="0.00300000000000011" classname="listings" name="listings_work_well_with_different_formats_and_attributes"/>
    <testcase time="0.00300000000000011" classname="listings" name="listings_work_well_with_different_formats_and_attributes"/>
    <testcase time="0.00199999999999978" classname="listings" name="listings_work_well_with_different_formats_and_attributes"/>
    <testcase time="0.00200000000000022" classname="listings" name="listings_work_well_with_different_formats_and_attributes"/>
    <testcase time="0.00300000000000011" classname="listings" name="listings_work_well_with_different_formats_and_attributes"/>
    <testcase time="0.00199999999999978" classname="listings" name="listings_work_well_with_different_formats_and_attributes"/>
    <testcase time="0.00300000000000011" classname="listings" name="listings_work_well_with_different_formats_and_attributes"/>
    <testcase time="0.00199999999999978" classname="listings" name="listings_work_well_with_different_formats_and_attributes"/>
    <testcase time="0.00199999999999978" classname="listings" name="listings_work_well_with_different_formats_and_attributes"/>
    <testcase time="0.0100000000000002" classname="listings" name="listings_work_well_with_different_formats_and_attributes"/>
    <testcase time="0.00999999999999979" classname="listings" name="listings_work_well_with_different_formats_and_attributes"/>
    <testcase time="0.00700000000000012" classname="listings" name="listings_work_well_with_different_formats_and_attributes"/>
    <testcase time="0.00599999999999978" classname="listings" name="listings_work_well_with_different_formats_and_attributes"/>
    <testcase time="0.00700000000000012" classname="listings" name="listings_work_well_with_different_formats_and_attributes"/>
    <testcase time="0.00200000000000022" classname="listings" name="listings_work_well_with_different_formats_and_attributes"/>
    <testcase time="0.02" classname="listings" name="Content_of_listings_supports_newlines"/>
    <testcase time="0.00499999999999989" classname="listings" name="Content_of_listings_supports_newlines"/>
    <testcase time="0.0089999999999999" classname="listings" name="regression_test_for_keycols_being_lost_due_to_head_"/>
    <testcase time="0.0419999999999998" classname="listings" name="column_inclusion_and_ordering_stuff"/>
    <testcase time="0.016" classname="listings" name="column_inclusion_and_ordering_stuff"/>
    <testcase time="0.0510000000000002" classname="listings" name="column_inclusion_and_ordering_stuff"/>
    <testcase time="0.0489999999999999" classname="listings" name="column_inclusion_and_ordering_stuff"/>
    <testcase time="0.004" classname="listings" name="column_inclusion_and_ordering_stuff"/>
    <testcase time="0.0089999999999999" classname="listings" name="column_inclusion_and_ordering_stuff"/>
    <testcase time="0.0750000000000002" classname="listings" name="column_inclusion_and_ordering_stuff"/>
    <testcase time="0.0209999999999999" classname="listings" name="unique_rows_removes_duplicate_rows_from_listing"/>
    <testcase time="0.0840000000000001" classname="listings" name="unique_rows_removes_duplicate_rows_from_listing"/>
    <testcase time="0.0249999999999999" classname="listings" name="as_listing_custom_format_works_in_key_cols"/>
    <testcase time="0.0169999999999999" classname="listings" name="as_listing_custom_format_works_in_key_cols"/>
    <testcase time="0.04" classname="listings" name="as_listing_works_with_NA_values_in_key_cols"/>
    <testcase time="0.04" classname="listings" name="as_listing_works_with_NA_values_in_key_cols"/>
    <testcase time="0.0290000000000004" classname="listings" name="as_listing_works_with_NA_values_in_key_cols"/>
    <testcase time="0.00799999999999956" classname="listings" name="as_listing_works_with_NA_values_in_key_cols"/>
    <testcase time="0.0180000000000002" classname="listings" name="add_listing_col_works_with_a_function_when_a_format_is_applied"/>
  </testsuite>
  <testsuite name="paginate_listing" timestamp="2024-03-15T12:08:34Z" hostname="b6590db1b262" tests="30" skipped="3" failures="0" errors="0" time="2.828">
    <testcase time="0.0910000000000002" classname="paginate_listing" name="pagination_works_vertically">
      <skipped message="Reason: On CRAN ('test-paginate_listing.R:15:3')"/>
    </testcase>
    <testcase time="0.089" classname="paginate_listing" name="horizontal_pagination_with_0_or_1_key_column_specified_works_correctly"/>
    <testcase time="0.00299999999999967" classname="paginate_listing" name="horizontal_pagination_with_0_or_1_key_column_specified_works_correctly"/>
    <testcase time="0.00200000000000022" classname="paginate_listing" name="horizontal_pagination_with_0_or_1_key_column_specified_works_correctly"/>
    <testcase time="0.093" classname="paginate_listing" name="horizontal_pagination_with_0_or_1_key_column_specified_works_correctly"/>
    <testcase time="0.00199999999999978" classname="paginate_listing" name="horizontal_pagination_with_0_or_1_key_column_specified_works_correctly"/>
    <testcase time="0.00199999999999978" classname="paginate_listing" name="horizontal_pagination_with_0_or_1_key_column_specified_works_correctly"/>
    <testcase time="0.00300000000000011" classname="paginate_listing" name="horizontal_pagination_with_0_or_1_key_column_specified_works_correctly"/>
    <testcase time="0.0569999999999999" classname="paginate_listing" name="listing_works_with_no_vertical_pagination"/>
    <testcase time="0.00300000000000011" classname="paginate_listing" name="listing_works_with_no_vertical_pagination"/>
    <testcase time="0.004" classname="paginate_listing" name="listing_works_with_no_vertical_pagination"/>
    <testcase time="0.0609999999999999" classname="paginate_listing" name="checking_vertical_pagination_line_calculation."/>
    <testcase time="0.004" classname="paginate_listing" name="checking_vertical_pagination_line_calculation."/>
    <testcase time="0.229" classname="paginate_listing" name="pagination_lpp_and_cpp_correctly_computed_for_pg_width_and_pg_height"/>
    <testcase time="0.236" classname="paginate_listing" name="pagination_lpp_and_cpp_correctly_computed_for_page_type_and_font_size"/>
    <testcase time="0.22" classname="paginate_listing" name="pagination_lpp_and_cpp_correctly_computed_for_page_type_and_font_size"/>
    <testcase time="0.247" classname="paginate_listing" name="pagination_lpp_and_cpp_correctly_computed_for_lineheight"/>
    <testcase time="0.226999999999999" classname="paginate_listing" name="pagination_lpp_and_cpp_correctly_computed_for_landscape"/>
    <testcase time="0.252" classname="paginate_listing" name="pagination_lpp_and_cpp_correctly_computed_for_margins"/>
    <testcase time="0.0750000000000002" classname="paginate_listing" name="pagination_works_with_col_wrapping"/>
    <testcase time="0.085" classname="paginate_listing" name="pagination_works_with_col_wrapping"/>
    <testcase time="0.00900000000000034" classname="paginate_listing" name="pagination_works_with_col_wrapping"/>
    <testcase time="0.202" classname="paginate_listing" name="pagination_repeats_keycols_in_other_pages"/>
    <testcase time="0.131" classname="paginate_listing" name="pagination_repeats_keycols_in_other_pages">
      <skipped message="Reason: On CRAN ('test-paginate_listing.R:200:3')"/>
    </testcase>
    <testcase time="0.016" classname="paginate_listing" name="defunct_is_defunct"/>
    <testcase time="0.117" classname="paginate_listing" name="paginate_to_mpfs_works_with_wrapping_on_keycols"/>
    <testcase time="0.0309999999999997" classname="paginate_listing" name="paginate_to_mpfs_works_with_wrapping_on_keycols">
      <skipped message="Reason: On CRAN ('test-paginate_listing.R:235:3')"/>
    </testcase>
    <testcase time="0.149" classname="paginate_listing" name="paginate_to_mpfs_works_with_wrapping_on_keycols_when_doing_horizontal_pagination"/>
    <testcase time="0.15" classname="paginate_listing" name="paginate_to_mpfs_works_with_wrapping_on_keycols_when_doing_horizontal_pagination"/>
    <testcase time="0.0379999999999994" classname="paginate_listing" name="paginate_to_mpfs_works_with_wrapping_on_keycols_when_doing_horizontal_pagination"/>
  </testsuite>
  <testsuite name="print" timestamp="2024-03-15T12:08:37Z" hostname="b6590db1b262" tests="10" skipped="5" failures="0" errors="0" time="0.49">
    <testcase time="0.0390000000000006" classname="print" name="Listing_print_correctly">
      <skipped message="Reason: On CRAN ('test-print.R:7:3')"/>
    </testcase>
    <testcase time="0.0759999999999996" classname="print" name="Listing_print_correctly_with_different_widths"/>
    <testcase time="0.0419999999999998" classname="print" name="Listing_print_correctly_with_different_widths">
      <skipped message="Reason: On CRAN ('test-print.R:19:3')"/>
    </testcase>
    <testcase time="0.0410000000000004" classname="print" name="as_listing_produces_correct_output_when_default_formatting_is_specified">
      <skipped message="Reason: On CRAN ('test-print.R:34:3')"/>
    </testcase>
    <testcase time="0.0460000000000003" classname="print" name="as_listing_produces_correct_output_when_col_formatting_is_specified">
      <skipped message="Reason: On CRAN ('test-print.R:74:3')"/>
    </testcase>
    <testcase time="0.0339999999999998" classname="print" name="listings_support_newline_characters">
      <skipped message="Reason: On CRAN ('test-print.R:137:3')"/>
    </testcase>
    <testcase time="0.056" classname="print" name="listings_supports_wrapping"/>
    <testcase time="0.117999999999999" classname="print" name="listings_supports_wrapping"/>
    <testcase time="0.00300000000000011" classname="print" name="listings_supports_wrapping"/>
    <testcase time="0.0350000000000001" classname="print" name="listings_supports_wrapping"/>
  </testsuite>
</testsuites>
