<?xml version="1.0" encoding="UTF-8"?>
<testsuites>
  <testsuite name="export" timestamp="2024-04-29T13:12:45Z" hostname="dba8eb222c7c" tests="9" skipped="4" failures="0" errors="0" time="1.963">
    <testcase time="0.205" classname="export" name="Listing_print_correctly"/>
    <testcase time="0.219" classname="export" name="key_columns_repeat_with_export_as_txt">
      <skipped message="Reason: On CRAN ('test-export.R:24:3')"/>
    </testcase>
    <testcase time="0.165" classname="export" name="key_columns_repeat_with_pagination_with_export_as_txt">
      <skipped message="Reason: On CRAN ('test-export.R:40:3')"/>
    </testcase>
    <testcase time="0.335" classname="export" name="Listing_print_correctly_with_paginate"/>
    <testcase time="0.00300000000000011" classname="export" name="Listing_print_correctly_with_paginate"/>
    <testcase time="0.002" classname="export" name="Listing_print_correctly_with_paginate"/>
    <testcase time="0.335" classname="export" name="export_as_txt_works_and_repeats_the_correct_lines_in_pagination"/>
    <testcase time="0.196" classname="export" name="export_as_txt_works_and_repeats_the_correct_lines_in_pagination">
      <skipped message="Reason: On CRAN ('test-export.R:73:3')"/>
    </testcase>
    <testcase time="0.503" classname="export" name="export_as_txt_works_with_split_into_pages_by_var">
      <skipped message="Reason: On CRAN ('test-export.R:90:3')"/>
    </testcase>
  </testsuite>
  <testsuite name="listings" timestamp="2024-04-29T13:12:47Z" hostname="dba8eb222c7c" tests="41" skipped="0" failures="0" errors="0" time="0.75">
    <testcase time="0.0340000000000003" classname="listings" name="Column_labels_are_the_same"/>
    <testcase time="0.0169999999999999" classname="listings" name="Column_labels_are_the_same"/>
    <testcase time="0.00300000000000011" classname="listings" name="Column_labels_are_the_same"/>
    <testcase time="0.0259999999999998" classname="listings" name="listings_work_well_with_different_formats_and_attributes"/>
    <testcase time="0.00300000000000011" classname="listings" name="listings_work_well_with_different_formats_and_attributes"/>
    <testcase time="0.00200000000000022" classname="listings" name="listings_work_well_with_different_formats_and_attributes"/>
    <testcase time="0.00299999999999967" classname="listings" name="listings_work_well_with_different_formats_and_attributes"/>
    <testcase time="0.00300000000000011" classname="listings" name="listings_work_well_with_different_formats_and_attributes"/>
    <testcase time="0.00199999999999978" classname="listings" name="listings_work_well_with_different_formats_and_attributes"/>
    <testcase time="0.00300000000000011" classname="listings" name="listings_work_well_with_different_formats_and_attributes"/>
    <testcase time="0.00700000000000012" classname="listings" name="listings_work_well_with_different_formats_and_attributes"/>
    <testcase time="0.00300000000000011" classname="listings" name="listings_work_well_with_different_formats_and_attributes"/>
    <testcase time="0.00299999999999967" classname="listings" name="listings_work_well_with_different_formats_and_attributes"/>
    <testcase time="0.0100000000000002" classname="listings" name="listings_work_well_with_different_formats_and_attributes"/>
    <testcase time="0.00700000000000012" classname="listings" name="listings_work_well_with_different_formats_and_attributes"/>
    <testcase time="0.00699999999999967" classname="listings" name="listings_work_well_with_different_formats_and_attributes"/>
    <testcase time="0.0130000000000003" classname="listings" name="listings_work_well_with_different_formats_and_attributes"/>
    <testcase time="0.00699999999999967" classname="listings" name="listings_work_well_with_different_formats_and_attributes"/>
    <testcase time="0.00300000000000011" classname="listings" name="listings_work_well_with_different_formats_and_attributes"/>
    <testcase time="0.016" classname="listings" name="Content_of_listings_supports_newlines"/>
    <testcase time="0.0110000000000001" classname="listings" name="Content_of_listings_supports_newlines"/>
    <testcase time="0.0089999999999999" classname="listings" name="regression_test_for_keycols_being_lost_due_to_head_"/>
    <testcase time="0.0409999999999999" classname="listings" name="column_inclusion_and_ordering_stuff"/>
    <testcase time="0.02" classname="listings" name="column_inclusion_and_ordering_stuff"/>
    <testcase time="0.0540000000000003" classname="listings" name="column_inclusion_and_ordering_stuff"/>
    <testcase time="0.115" classname="listings" name="column_inclusion_and_ordering_stuff"/>
    <testcase time="0.00499999999999989" classname="listings" name="column_inclusion_and_ordering_stuff"/>
    <testcase time="0.004" classname="listings" name="column_inclusion_and_ordering_stuff"/>
    <testcase time="0.0710000000000002" classname="listings" name="column_inclusion_and_ordering_stuff"/>
    <testcase time="0.0219999999999998" classname="listings" name="unique_rows_removes_duplicate_rows_from_listing"/>
    <testcase time="0.0230000000000001" classname="listings" name="unique_rows_removes_duplicate_rows_from_listing"/>
    <testcase time="0.0260000000000002" classname="listings" name="as_listing_custom_format_works_in_key_cols"/>
    <testcase time="0.0169999999999999" classname="listings" name="as_listing_custom_format_works_in_key_cols"/>
    <testcase time="0.0349999999999997" classname="listings" name="as_listing_works_with_NA_values_in_key_cols"/>
    <testcase time="0.036" classname="listings" name="as_listing_works_with_NA_values_in_key_cols"/>
    <testcase time="0.0290000000000004" classname="listings" name="as_listing_works_with_NA_values_in_key_cols"/>
    <testcase time="0.00800000000000001" classname="listings" name="as_listing_works_with_NA_values_in_key_cols"/>
    <testcase time="0.0189999999999997" classname="listings" name="add_listing_col_works_with_a_function_when_a_format_is_applied"/>
    <testcase time="0.012" classname="listings" name="split_into_pages_by_var_works_as_expected"/>
    <testcase time="0.00300000000000011" classname="listings" name="split_into_pages_by_var_works_as_expected"/>
    <testcase time="0.0179999999999998" classname="listings" name="split_into_pages_by_var_works_as_expected"/>
  </testsuite>
  <testsuite name="matrix_form" timestamp="2024-04-29T13:12:48Z" hostname="dba8eb222c7c" tests="10" skipped="0" failures="0" errors="0" time="0.214">
    <testcase time="0.0420000000000003" classname="matrix_form" name="matrix_form_keeps_relevant_information_and_structure_about_the_listing"/>
    <testcase time="0.00200000000000022" classname="matrix_form" name="matrix_form_keeps_relevant_information_and_structure_about_the_listing"/>
    <testcase time="0.00299999999999967" classname="matrix_form" name="matrix_form_keeps_relevant_information_and_structure_about_the_listing"/>
    <testcase time="0.00900000000000034" classname="matrix_form" name="matrix_form_keeps_relevant_information_and_structure_about_the_listing"/>
    <testcase time="0.0749999999999997" classname="matrix_form" name="matrix_form_keeps_relevant_information_and_structure_about_the_listing"/>
    <testcase time="0.00300000000000011" classname="matrix_form" name="matrix_form_keeps_relevant_information_and_structure_about_the_listing"/>
    <testcase time="0.00300000000000011" classname="matrix_form" name="matrix_form_keeps_relevant_information_and_structure_about_the_listing"/>
    <testcase time="0.0720000000000001" classname="matrix_form" name="matrix_form_keeps_relevant_information_and_structure_about_the_listing"/>
    <testcase time="0.00299999999999967" classname="matrix_form" name="matrix_form_keeps_relevant_information_and_structure_about_the_listing"/>
    <testcase time="0.00200000000000022" classname="matrix_form" name="matrix_form_keeps_relevant_information_and_structure_about_the_listing"/>
  </testsuite>
  <testsuite name="paginate_listing" timestamp="2024-04-29T13:12:48Z" hostname="dba8eb222c7c" tests="34" skipped="4" failures="0" errors="0" time="4.856">
    <testcase time="0.111" classname="paginate_listing" name="pagination_works_vertically">
      <skipped message="Reason: On CRAN ('test-paginate_listing.R:15:3')"/>
    </testcase>
    <testcase time="0.111" classname="paginate_listing" name="horizontal_pagination_with_0_or_1_key_column_specified_works_correctly"/>
    <testcase time="0.00199999999999978" classname="paginate_listing" name="horizontal_pagination_with_0_or_1_key_column_specified_works_correctly"/>
    <testcase time="0.00300000000000011" classname="paginate_listing" name="horizontal_pagination_with_0_or_1_key_column_specified_works_correctly"/>
    <testcase time="0.11" classname="paginate_listing" name="horizontal_pagination_with_0_or_1_key_column_specified_works_correctly"/>
    <testcase time="0.00300000000000011" classname="paginate_listing" name="horizontal_pagination_with_0_or_1_key_column_specified_works_correctly"/>
    <testcase time="0.00199999999999978" classname="paginate_listing" name="horizontal_pagination_with_0_or_1_key_column_specified_works_correctly"/>
    <testcase time="0.00300000000000011" classname="paginate_listing" name="horizontal_pagination_with_0_or_1_key_column_specified_works_correctly"/>
    <testcase time="0.0749999999999993" classname="paginate_listing" name="listing_works_with_no_vertical_pagination"/>
    <testcase time="0.00300000000000011" classname="paginate_listing" name="listing_works_with_no_vertical_pagination"/>
    <testcase time="0.00300000000000011" classname="paginate_listing" name="listing_works_with_no_vertical_pagination"/>
    <testcase time="0.0819999999999999" classname="paginate_listing" name="checking_vertical_pagination_line_calculation."/>
    <testcase time="0.00300000000000011" classname="paginate_listing" name="checking_vertical_pagination_line_calculation."/>
    <testcase time="0.424" classname="paginate_listing" name="pagination_lpp_and_cpp_correctly_computed_for_pg_width_and_pg_height"/>
    <testcase time="0.484" classname="paginate_listing" name="pagination_lpp_and_cpp_correctly_computed_for_page_type_and_font_size"/>
    <testcase time="0.435" classname="paginate_listing" name="pagination_lpp_and_cpp_correctly_computed_for_page_type_and_font_size"/>
    <testcase time="0.576000000000001" classname="paginate_listing" name="pagination_lpp_and_cpp_correctly_computed_for_lineheight"/>
    <testcase time="0.458" classname="paginate_listing" name="pagination_lpp_and_cpp_correctly_computed_for_landscape"/>
    <testcase time="0.537" classname="paginate_listing" name="pagination_lpp_and_cpp_correctly_computed_for_margins"/>
    <testcase time="0.191" classname="paginate_listing" name="pagination_works_with_col_wrapping"/>
    <testcase time="0.186" classname="paginate_listing" name="pagination_works_with_col_wrapping"/>
    <testcase time="0.00499999999999989" classname="paginate_listing" name="pagination_works_with_col_wrapping"/>
    <testcase time="0.213" classname="paginate_listing" name="pagination_repeats_keycols_in_other_pages"/>
    <testcase time="0.141" classname="paginate_listing" name="pagination_repeats_keycols_in_other_pages">
      <skipped message="Reason: On CRAN ('test-paginate_listing.R:209:3')"/>
    </testcase>
    <testcase time="0.13" classname="paginate_listing" name="paginate_to_mpfs_works_with_wrapping_on_keycols"/>
    <testcase time="0.0320000000000009" classname="paginate_listing" name="paginate_to_mpfs_works_with_wrapping_on_keycols">
      <skipped message="Reason: On CRAN ('test-paginate_listing.R:240:3')"/>
    </testcase>
    <testcase time="0.154" classname="paginate_listing" name="paginate_to_mpfs_works_with_wrapping_on_keycols_when_doing_horizontal_pagination"/>
    <testcase time="0.152999999999999" classname="paginate_listing" name="paginate_to_mpfs_works_with_wrapping_on_keycols_when_doing_horizontal_pagination"/>
    <testcase time="0.0460000000000012" classname="paginate_listing" name="paginate_to_mpfs_works_with_wrapping_on_keycols_when_doing_horizontal_pagination"/>
    <testcase time="0.158999999999999" classname="paginate_listing" name="paginate_listing_works_with_split_into_pages_by_var"/>
    <testcase time="0.00300000000000011" classname="paginate_listing" name="paginate_listing_works_with_split_into_pages_by_var"/>
    <testcase time="0.00200000000000067" classname="paginate_listing" name="paginate_listing_works_with_split_into_pages_by_var"/>
    <testcase time="0.00300000000000011" classname="paginate_listing" name="paginate_listing_works_with_split_into_pages_by_var"/>
    <testcase time="0.0129999999999999" classname="paginate_listing" name="paginate_listing_works_with_split_into_pages_by_var">
      <skipped message="Reason: On CRAN ('test-paginate_listing.R:314:3')"/>
    </testcase>
  </testsuite>
  <testsuite name="print" timestamp="2024-04-29T13:12:53Z" hostname="dba8eb222c7c" tests="10" skipped="5" failures="0" errors="0" time="0.507">
    <testcase time="0.0449999999999999" classname="print" name="Listing_print_correctly">
      <skipped message="Reason: On CRAN ('test-print.R:7:3')"/>
    </testcase>
    <testcase time="0.0779999999999994" classname="print" name="Listing_print_correctly_with_different_widths"/>
    <testcase time="0.0419999999999998" classname="print" name="Listing_print_correctly_with_different_widths">
      <skipped message="Reason: On CRAN ('test-print.R:19:3')"/>
    </testcase>
    <testcase time="0.0449999999999999" classname="print" name="as_listing_produces_correct_output_when_default_formatting_is_specified">
      <skipped message="Reason: On CRAN ('test-print.R:35:3')"/>
    </testcase>
    <testcase time="0.0419999999999998" classname="print" name="as_listing_produces_correct_output_when_col_formatting_is_specified">
      <skipped message="Reason: On CRAN ('test-print.R:74:3')"/>
    </testcase>
    <testcase time="0.0400000000000009" classname="print" name="listings_support_newline_characters">
      <skipped message="Reason: On CRAN ('test-print.R:137:3')"/>
    </testcase>
    <testcase time="0.0519999999999996" classname="print" name="listings_supports_wrapping"/>
    <testcase time="0.119" classname="print" name="listings_supports_wrapping"/>
    <testcase time="0.00300000000000011" classname="print" name="listings_supports_wrapping"/>
    <testcase time="0.0410000000000004" classname="print" name="listings_supports_wrapping"/>
  </testsuite>
</testsuites>
