<?xml version="1.0" encoding="UTF-8"?>
<testsuites>
  <testsuite name="listing_dsl01" timestamp="2023-02-16T15:01:23Z" hostname="3d933eedb837" tests="9" skipped="0" failures="0" errors="0" time="0.107">
    <testcase time="0.0429999999999999" classname="listing_dsl01" name="DSL01_listing_is_produced_correctly"/>
    <testcase time="0.047" classname="listing_dsl01" name="DSL01_listing_is_produced_correctly"/>
    <testcase time="0.0089999999999999" classname="listing_dsl01" name="DSL01_listing_is_produced_correctly"/>
    <testcase time="0.00100000000000011" classname="listing_dsl01" name="DSL01_listing_is_produced_correctly"/>
    <testcase time="0.00099999999999989" classname="listing_dsl01" name="DSL01_listing_is_produced_correctly"/>
    <testcase time="0.002" classname="listing_dsl01" name="DSL01_listing_is_produced_correctly"/>
    <testcase time="0.00100000000000011" classname="listing_dsl01" name="DSL01_listing_is_produced_correctly"/>
    <testcase time="0.002" classname="listing_dsl01" name="DSL01_listing_is_produced_correctly"/>
    <testcase time="0.00099999999999989" classname="listing_dsl01" name="DSL01_listing_is_produced_correctly"/>
  </testsuite>
  <testsuite name="listings" timestamp="2023-02-16T15:01:23Z" hostname="3d933eedb837" tests="29" skipped="0" failures="0" errors="0" time="0.338">
    <testcase time="0.0170000000000001" classname="listings" name="Column_labels_are_the_same"/>
    <testcase time="0.0549999999999999" classname="listings" name="Column_labels_are_the_same"/>
    <testcase time="0.00100000000000011" classname="listings" name="Column_labels_are_the_same"/>
    <testcase time="0.014" classname="listings" name="listings_work_well_with_different_formats_and_attributes"/>
    <testcase time="0.00099999999999989" classname="listings" name="listings_work_well_with_different_formats_and_attributes"/>
    <testcase time="0.00100000000000011" classname="listings" name="listings_work_well_with_different_formats_and_attributes"/>
    <testcase time="0.002" classname="listings" name="listings_work_well_with_different_formats_and_attributes"/>
    <testcase time="0.00099999999999989" classname="listings" name="listings_work_well_with_different_formats_and_attributes"/>
    <testcase time="0.00100000000000011" classname="listings" name="listings_work_well_with_different_formats_and_attributes"/>
    <testcase time="0.00099999999999989" classname="listings" name="listings_work_well_with_different_formats_and_attributes"/>
    <testcase time="0.002" classname="listings" name="listings_work_well_with_different_formats_and_attributes"/>
    <testcase time="0.00100000000000011" classname="listings" name="listings_work_well_with_different_formats_and_attributes"/>
    <testcase time="0.00099999999999989" classname="listings" name="listings_work_well_with_different_formats_and_attributes"/>
    <testcase time="0.0149999999999999" classname="listings" name="listings_work_well_with_different_formats_and_attributes"/>
    <testcase time="0.00700000000000012" classname="listings" name="listings_work_well_with_different_formats_and_attributes"/>
    <testcase time="0.00800000000000001" classname="listings" name="listings_work_well_with_different_formats_and_attributes"/>
    <testcase time="0.0069999999999999" classname="listings" name="listings_work_well_with_different_formats_and_attributes"/>
    <testcase time="0.00800000000000001" classname="listings" name="listings_work_well_with_different_formats_and_attributes"/>
    <testcase time="0.00100000000000011" classname="listings" name="listings_work_well_with_different_formats_and_attributes"/>
    <testcase time="0.0089999999999999" classname="listings" name="Content_of_listings_supports_newlines"/>
    <testcase time="0.00500000000000012" classname="listings" name="Content_of_listings_supports_newlines"/>
    <testcase time="0.00600000000000001" classname="listings" name="regression_test_for_keycols_being_lost_due_to_head_"/>
    <testcase time="0.0289999999999999" classname="listings" name="column_inclusion_and_ordering_stuff"/>
    <testcase time="0.0190000000000001" classname="listings" name="column_inclusion_and_ordering_stuff"/>
    <testcase time="0.00800000000000001" classname="listings" name="column_inclusion_and_ordering_stuff"/>
    <testcase time="0.0069999999999999" classname="listings" name="column_inclusion_and_ordering_stuff"/>
    <testcase time="0.00600000000000001" classname="listings" name="column_inclusion_and_ordering_stuff"/>
    <testcase time="0.00600000000000001" classname="listings" name="column_inclusion_and_ordering_stuff"/>
    <testcase time="0.099" classname="listings" name="column_inclusion_and_ordering_stuff"/>
  </testsuite>
  <testsuite name="paginate_listing" timestamp="2023-02-16T15:01:23Z" hostname="3d933eedb837" tests="16" skipped="0" failures="0" errors="0" time="0.405">
    <testcase time="0.146" classname="paginate_listing" name="pagination_works_vertically"/>
    <testcase time="0.036" classname="paginate_listing" name="pagination_works_vertically"/>
    <testcase time="0.002" classname="paginate_listing" name="pagination_works_vertically"/>
    <testcase time="0.00700000000000012" classname="paginate_listing" name="pagination_works_vertically"/>
    <testcase time="0.075" classname="paginate_listing" name="horizontal_pagination_with_0_or_1_key_column_specified_works_correctly"/>
    <testcase time="0.002" classname="paginate_listing" name="horizontal_pagination_with_0_or_1_key_column_specified_works_correctly"/>
    <testcase time="0.00100000000000011" classname="paginate_listing" name="horizontal_pagination_with_0_or_1_key_column_specified_works_correctly"/>
    <testcase time="0.0619999999999998" classname="paginate_listing" name="horizontal_pagination_with_0_or_1_key_column_specified_works_correctly"/>
    <testcase time="0.002" classname="paginate_listing" name="horizontal_pagination_with_0_or_1_key_column_specified_works_correctly"/>
    <testcase time="0.00100000000000011" classname="paginate_listing" name="horizontal_pagination_with_0_or_1_key_column_specified_works_correctly"/>
    <testcase time="0.00099999999999989" classname="paginate_listing" name="horizontal_pagination_with_0_or_1_key_column_specified_works_correctly"/>
    <testcase time="0.0330000000000001" classname="paginate_listing" name="listing_works_with_no_vertical_pagination"/>
    <testcase time="0.002" classname="paginate_listing" name="listing_works_with_no_vertical_pagination"/>
    <testcase time="0.00099999999999989" classname="paginate_listing" name="listing_works_with_no_vertical_pagination"/>
    <testcase time="0.0329999999999999" classname="paginate_listing" name="checking_vertical_pagination_line_calculation."/>
    <testcase time="0.00100000000000011" classname="paginate_listing" name="checking_vertical_pagination_line_calculation."/>
  </testsuite>
</testsuites>
