<?xml version="1.0" encoding="UTF-8"?>
<testsuites>
  <testsuite name="listing_dsl01" timestamp="2023-02-14T15:15:14Z" hostname="4802783a98b4" tests="9" skipped="0" failures="0" errors="0" time="0.099">
    <testcase time="0.038" classname="listing_dsl01" name="DSL01_listing_is_produced_correctly"/>
    <testcase time="0.045" classname="listing_dsl01" name="DSL01_listing_is_produced_correctly"/>
    <testcase time="0.00800000000000001" classname="listing_dsl01" name="DSL01_listing_is_produced_correctly"/>
    <testcase time="0.001" classname="listing_dsl01" name="DSL01_listing_is_produced_correctly"/>
    <testcase time="0.001" classname="listing_dsl01" name="DSL01_listing_is_produced_correctly"/>
    <testcase time="0.001" classname="listing_dsl01" name="DSL01_listing_is_produced_correctly"/>
    <testcase time="0.001" classname="listing_dsl01" name="DSL01_listing_is_produced_correctly"/>
    <testcase time="0.002" classname="listing_dsl01" name="DSL01_listing_is_produced_correctly"/>
    <testcase time="0.002" classname="listing_dsl01" name="DSL01_listing_is_produced_correctly"/>
  </testsuite>
  <testsuite name="listings" timestamp="2023-02-14T15:15:14Z" hostname="4802783a98b4" tests="29" skipped="0" failures="0" errors="0" time="0.315">
    <testcase time="0.0149999999999999" classname="listings" name="Column_labels_are_the_same"/>
    <testcase time="0.0510000000000002" classname="listings" name="Column_labels_are_the_same"/>
    <testcase time="0.00099999999999989" classname="listings" name="Column_labels_are_the_same"/>
    <testcase time="0.012" classname="listings" name="listings_work_well_with_different_formats_and_attributes"/>
    <testcase time="0.002" classname="listings" name="listings_work_well_with_different_formats_and_attributes"/>
    <testcase time="0.00099999999999989" classname="listings" name="listings_work_well_with_different_formats_and_attributes"/>
    <testcase time="0.00100000000000011" classname="listings" name="listings_work_well_with_different_formats_and_attributes"/>
    <testcase time="0.00099999999999989" classname="listings" name="listings_work_well_with_different_formats_and_attributes"/>
    <testcase time="0.00100000000000011" classname="listings" name="listings_work_well_with_different_formats_and_attributes"/>
    <testcase time="0.00099999999999989" classname="listings" name="listings_work_well_with_different_formats_and_attributes"/>
    <testcase time="0.002" classname="listings" name="listings_work_well_with_different_formats_and_attributes"/>
    <testcase time="0.00100000000000011" classname="listings" name="listings_work_well_with_different_formats_and_attributes"/>
    <testcase time="0.00099999999999989" classname="listings" name="listings_work_well_with_different_formats_and_attributes"/>
    <testcase time="0.0130000000000001" classname="listings" name="listings_work_well_with_different_formats_and_attributes"/>
    <testcase time="0.0069999999999999" classname="listings" name="listings_work_well_with_different_formats_and_attributes"/>
    <testcase time="0.00700000000000012" classname="listings" name="listings_work_well_with_different_formats_and_attributes"/>
    <testcase time="0.0069999999999999" classname="listings" name="listings_work_well_with_different_formats_and_attributes"/>
    <testcase time="0.00700000000000012" classname="listings" name="listings_work_well_with_different_formats_and_attributes"/>
    <testcase time="0.00099999999999989" classname="listings" name="listings_work_well_with_different_formats_and_attributes"/>
    <testcase time="0.00800000000000001" classname="listings" name="Content_of_listings_supports_newlines"/>
    <testcase time="0.004" classname="listings" name="Content_of_listings_supports_newlines"/>
    <testcase time="0.00600000000000001" classname="listings" name="regression_test_for_keycols_being_lost_due_to_head_"/>
    <testcase time="0.026" classname="listings" name="column_inclusion_and_ordering_stuff"/>
    <testcase time="0.018" classname="listings" name="column_inclusion_and_ordering_stuff"/>
    <testcase time="0.00600000000000001" classname="listings" name="column_inclusion_and_ordering_stuff"/>
    <testcase time="0.0069999999999999" classname="listings" name="column_inclusion_and_ordering_stuff"/>
    <testcase time="0.00500000000000012" classname="listings" name="column_inclusion_and_ordering_stuff"/>
    <testcase time="0.00600000000000001" classname="listings" name="column_inclusion_and_ordering_stuff"/>
    <testcase time="0.097" classname="listings" name="column_inclusion_and_ordering_stuff"/>
  </testsuite>
  <testsuite name="paginate_listing" timestamp="2023-02-14T15:15:15Z" hostname="4802783a98b4" tests="16" skipped="0" failures="0" errors="0" time="0.375">
    <testcase time="0.142" classname="paginate_listing" name="pagination_works_vertically"/>
    <testcase time="0.0330000000000001" classname="paginate_listing" name="pagination_works_vertically"/>
    <testcase time="0.00099999999999989" classname="paginate_listing" name="pagination_works_vertically"/>
    <testcase time="0.00700000000000012" classname="paginate_listing" name="pagination_works_vertically"/>
    <testcase time="0.0669999999999999" classname="paginate_listing" name="horizontal_pagination_with_0_or_1_key_column_specified_works_correctly"/>
    <testcase time="0.00100000000000011" classname="paginate_listing" name="horizontal_pagination_with_0_or_1_key_column_specified_works_correctly"/>
    <testcase time="0.00099999999999989" classname="paginate_listing" name="horizontal_pagination_with_0_or_1_key_column_specified_works_correctly"/>
    <testcase time="0.0569999999999999" classname="paginate_listing" name="horizontal_pagination_with_0_or_1_key_column_specified_works_correctly"/>
    <testcase time="0.002" classname="paginate_listing" name="horizontal_pagination_with_0_or_1_key_column_specified_works_correctly"/>
    <testcase time="0.00100000000000011" classname="paginate_listing" name="horizontal_pagination_with_0_or_1_key_column_specified_works_correctly"/>
    <testcase time="0.00099999999999989" classname="paginate_listing" name="horizontal_pagination_with_0_or_1_key_column_specified_works_correctly"/>
    <testcase time="0.028" classname="paginate_listing" name="listing_works_with_no_vertical_pagination"/>
    <testcase time="0.002" classname="paginate_listing" name="listing_works_with_no_vertical_pagination"/>
    <testcase time="0.00100000000000011" classname="paginate_listing" name="listing_works_with_no_vertical_pagination"/>
    <testcase time="0.03" classname="paginate_listing" name="checking_vertical_pagination_line_calculation."/>
    <testcase time="0.00099999999999989" classname="paginate_listing" name="checking_vertical_pagination_line_calculation."/>
  </testsuite>
</testsuites>
