<?xml version="1.0" encoding="UTF-8"?>
<testsuites>
  <testsuite name="export" timestamp="2023-07-14T15:06:36Z" hostname="1c95d574d5df" tests="2" skipped="0" failures="0" errors="0" time="3.535">
    <testcase time="0.323" classname="export" name="Listing_print_correctly"/>
    <testcase time="3.212" classname="export" name="Listing_print_correctly_with_paginate"/>
  </testsuite>
  <testsuite name="listings" timestamp="2023-07-14T15:06:39Z" hostname="1c95d574d5df" tests="29" skipped="0" failures="0" errors="0" time="37.564">
    <testcase time="0.0440000000000005" classname="listings" name="Column_labels_are_the_same"/>
    <testcase time="0.0259999999999998" classname="listings" name="Column_labels_are_the_same"/>
    <testcase time="0.00199999999999978" classname="listings" name="Column_labels_are_the_same"/>
    <testcase time="0.0309999999999997" classname="listings" name="listings_work_well_with_different_formats_and_attributes"/>
    <testcase time="0.00200000000000067" classname="listings" name="listings_work_well_with_different_formats_and_attributes"/>
    <testcase time="0.00199999999999978" classname="listings" name="listings_work_well_with_different_formats_and_attributes"/>
    <testcase time="0.00199999999999978" classname="listings" name="listings_work_well_with_different_formats_and_attributes"/>
    <testcase time="0.00199999999999978" classname="listings" name="listings_work_well_with_different_formats_and_attributes"/>
    <testcase time="0.00200000000000067" classname="listings" name="listings_work_well_with_different_formats_and_attributes"/>
    <testcase time="0.000999999999999446" classname="listings" name="listings_work_well_with_different_formats_and_attributes"/>
    <testcase time="0.00200000000000067" classname="listings" name="listings_work_well_with_different_formats_and_attributes"/>
    <testcase time="0.000999999999999446" classname="listings" name="listings_work_well_with_different_formats_and_attributes"/>
    <testcase time="0.000999999999999446" classname="listings" name="listings_work_well_with_different_formats_and_attributes"/>
    <testcase time="0.0180000000000007" classname="listings" name="listings_work_well_with_different_formats_and_attributes"/>
    <testcase time="0.0179999999999998" classname="listings" name="listings_work_well_with_different_formats_and_attributes"/>
    <testcase time="0.0129999999999999" classname="listings" name="listings_work_well_with_different_formats_and_attributes"/>
    <testcase time="0.0129999999999999" classname="listings" name="listings_work_well_with_different_formats_and_attributes"/>
    <testcase time="0.0129999999999999" classname="listings" name="listings_work_well_with_different_formats_and_attributes"/>
    <testcase time="0.00100000000000033" classname="listings" name="listings_work_well_with_different_formats_and_attributes"/>
    <testcase time="0.0220000000000002" classname="listings" name="Content_of_listings_supports_newlines"/>
    <testcase time="0.00700000000000056" classname="listings" name="Content_of_listings_supports_newlines"/>
    <testcase time="0.0109999999999992" classname="listings" name="regression_test_for_keycols_being_lost_due_to_head_"/>
    <testcase time="0.0450000000000008" classname="listings" name="column_inclusion_and_ordering_stuff"/>
    <testcase time="0.0169999999999995" classname="listings" name="column_inclusion_and_ordering_stuff"/>
    <testcase time="0.00900000000000034" classname="listings" name="column_inclusion_and_ordering_stuff"/>
    <testcase time="0.00899999999999945" classname="listings" name="column_inclusion_and_ordering_stuff"/>
    <testcase time="0.00900000000000034" classname="listings" name="column_inclusion_and_ordering_stuff"/>
    <testcase time="0.00800000000000001" classname="listings" name="column_inclusion_and_ordering_stuff"/>
    <testcase time="37.233" classname="listings" name="column_inclusion_and_ordering_stuff"/>
  </testsuite>
  <testsuite name="paginate_listing" timestamp="2023-07-14T15:07:17Z" hostname="1c95d574d5df" tests="26" skipped="0" failures="0" errors="0" time="3.18">
    <testcase time="0.143999999999998" classname="paginate_listing" name="pagination_works_vertically"/>
    <testcase time="0.0860000000000056" classname="paginate_listing" name="pagination_works_vertically"/>
    <testcase time="0.00300000000000011" classname="paginate_listing" name="pagination_works_vertically"/>
    <testcase time="0.0169999999999959" classname="paginate_listing" name="pagination_works_vertically"/>
    <testcase time="0.123000000000005" classname="paginate_listing" name="horizontal_pagination_with_0_or_1_key_column_specified_works_correctly"/>
    <testcase time="0.00199999999999534" classname="paginate_listing" name="horizontal_pagination_with_0_or_1_key_column_specified_works_correctly"/>
    <testcase time="0.00100000000000477" classname="paginate_listing" name="horizontal_pagination_with_0_or_1_key_column_specified_works_correctly"/>
    <testcase time="0.183999999999997" classname="paginate_listing" name="horizontal_pagination_with_0_or_1_key_column_specified_works_correctly"/>
    <testcase time="0.000999999999997669" classname="paginate_listing" name="horizontal_pagination_with_0_or_1_key_column_specified_works_correctly"/>
    <testcase time="0.000999999999997669" classname="paginate_listing" name="horizontal_pagination_with_0_or_1_key_column_specified_works_correctly"/>
    <testcase time="0.00200000000000244" classname="paginate_listing" name="horizontal_pagination_with_0_or_1_key_column_specified_works_correctly"/>
    <testcase time="0.0820000000000007" classname="paginate_listing" name="listing_works_with_no_vertical_pagination"/>
    <testcase time="0.00199999999999534" classname="paginate_listing" name="listing_works_with_no_vertical_pagination"/>
    <testcase time="0.00100000000000477" classname="paginate_listing" name="listing_works_with_no_vertical_pagination"/>
    <testcase time="0.101999999999997" classname="paginate_listing" name="checking_vertical_pagination_line_calculation."/>
    <testcase time="0.00200000000000244" classname="paginate_listing" name="checking_vertical_pagination_line_calculation."/>
    <testcase time="0.329999999999998" classname="paginate_listing" name="pagination_lpp_and_cpp_correctly_computed_for_pg_width_and_pg_height"/>
    <testcase time="0.365000000000002" classname="paginate_listing" name="pagination_lpp_and_cpp_correctly_computed_for_page_type_and_font_size"/>
    <testcase time="0.339999999999996" classname="paginate_listing" name="pagination_lpp_and_cpp_correctly_computed_for_page_type_and_font_size"/>
    <testcase time="0.394000000000005" classname="paginate_listing" name="pagination_lpp_and_cpp_correctly_computed_for_lineheight"/>
    <testcase time="0.335999999999999" classname="paginate_listing" name="pagination_lpp_and_cpp_correctly_computed_for_landscape"/>
    <testcase time="0.373999999999995" classname="paginate_listing" name="pagination_lpp_and_cpp_correctly_computed_for_margins"/>
    <testcase time="0.127000000000002" classname="paginate_listing" name="pagination_works_with_col_wrapping"/>
    <testcase time="0.137999999999998" classname="paginate_listing" name="pagination_works_with_col_wrapping"/>
    <testcase time="0.00900000000000034" classname="paginate_listing" name="pagination_works_with_col_wrapping"/>
    <testcase time="0.0140000000000029" classname="paginate_listing" name="defunct_is_defunct"/>
  </testsuite>
  <testsuite name="print" timestamp="2023-07-14T15:07:20Z" hostname="1c95d574d5df" tests="4" skipped="0" failures="0" errors="0" time="0.144">
    <testcase time="0.0439999999999969" classname="print" name="Listing_print_correctly"/>
    <testcase time="0.0970000000000013" classname="print" name="Listing_print_correctly_with_different_widths"/>
    <testcase time="0.00200000000000244" classname="print" name="Listing_print_correctly_with_different_widths"/>
    <testcase time="0.000999999999997669" classname="print" name="Listing_print_correctly_with_different_widths"/>
  </testsuite>
</testsuites>
