<?xml version="1.0" encoding="UTF-8"?>
<testsuites>
  <testsuite name="export" timestamp="2023-06-28T08:14:34Z" hostname="10f21f39806b" tests="2" skipped="0" failures="0" errors="0" time="2.964">
    <testcase time="0.257" classname="export" name="Listing_print_correctly"/>
    <testcase time="2.707" classname="export" name="Listing_print_correctly_with_paginate"/>
  </testsuite>
  <testsuite name="listings" timestamp="2023-06-28T08:14:37Z" hostname="10f21f39806b" tests="29" skipped="0" failures="0" errors="0" time="30.907">
    <testcase time="0.0359999999999996" classname="listings" name="Column_labels_are_the_same"/>
    <testcase time="0.0220000000000002" classname="listings" name="Column_labels_are_the_same"/>
    <testcase time="0.00100000000000033" classname="listings" name="Column_labels_are_the_same"/>
    <testcase time="0.0259999999999998" classname="listings" name="listings_work_well_with_different_formats_and_attributes"/>
    <testcase time="0.000999999999999446" classname="listings" name="listings_work_well_with_different_formats_and_attributes"/>
    <testcase time="0.00200000000000067" classname="listings" name="listings_work_well_with_different_formats_and_attributes"/>
    <testcase time="0.00199999999999978" classname="listings" name="listings_work_well_with_different_formats_and_attributes"/>
    <testcase time="0.00100000000000033" classname="listings" name="listings_work_well_with_different_formats_and_attributes"/>
    <testcase time="0.00199999999999978" classname="listings" name="listings_work_well_with_different_formats_and_attributes"/>
    <testcase time="0.00199999999999978" classname="listings" name="listings_work_well_with_different_formats_and_attributes"/>
    <testcase time="0.00199999999999978" classname="listings" name="listings_work_well_with_different_formats_and_attributes"/>
    <testcase time="0.00200000000000067" classname="listings" name="listings_work_well_with_different_formats_and_attributes"/>
    <testcase time="0.000999999999999446" classname="listings" name="listings_work_well_with_different_formats_and_attributes"/>
    <testcase time="0.0150000000000006" classname="listings" name="listings_work_well_with_different_formats_and_attributes"/>
    <testcase time="0.0109999999999992" classname="listings" name="listings_work_well_with_different_formats_and_attributes"/>
    <testcase time="0.0100000000000007" classname="listings" name="listings_work_well_with_different_formats_and_attributes"/>
    <testcase time="0.00999999999999979" classname="listings" name="listings_work_well_with_different_formats_and_attributes"/>
    <testcase time="0.0140000000000002" classname="listings" name="listings_work_well_with_different_formats_and_attributes"/>
    <testcase time="0.00199999999999978" classname="listings" name="listings_work_well_with_different_formats_and_attributes"/>
    <testcase time="0.0190000000000001" classname="listings" name="Content_of_listings_supports_newlines"/>
    <testcase time="0.00600000000000023" classname="listings" name="Content_of_listings_supports_newlines"/>
    <testcase time="0.00899999999999945" classname="listings" name="regression_test_for_keycols_being_lost_due_to_head_"/>
    <testcase time="0.0330000000000004" classname="listings" name="column_inclusion_and_ordering_stuff"/>
    <testcase time="0.0129999999999999" classname="listings" name="column_inclusion_and_ordering_stuff"/>
    <testcase time="0.00800000000000001" classname="listings" name="column_inclusion_and_ordering_stuff"/>
    <testcase time="0.0119999999999996" classname="listings" name="column_inclusion_and_ordering_stuff"/>
    <testcase time="0.00900000000000034" classname="listings" name="column_inclusion_and_ordering_stuff"/>
    <testcase time="0.00699999999999967" classname="listings" name="column_inclusion_and_ordering_stuff"/>
    <testcase time="30.629" classname="listings" name="column_inclusion_and_ordering_stuff"/>
  </testsuite>
  <testsuite name="paginate_listing" timestamp="2023-06-28T08:15:08Z" hostname="10f21f39806b" tests="26" skipped="0" failures="0" errors="0" time="2.854">
    <testcase time="0.134" classname="paginate_listing" name="pagination_works_vertically"/>
    <testcase time="0.0919999999999987" classname="paginate_listing" name="pagination_works_vertically"/>
    <testcase time="0.00200000000000244" classname="paginate_listing" name="pagination_works_vertically"/>
    <testcase time="0.0150000000000006" classname="paginate_listing" name="pagination_works_vertically"/>
    <testcase time="0.116" classname="paginate_listing" name="horizontal_pagination_with_0_or_1_key_column_specified_works_correctly"/>
    <testcase time="0.000999999999997669" classname="paginate_listing" name="horizontal_pagination_with_0_or_1_key_column_specified_works_correctly"/>
    <testcase time="0.00200000000000244" classname="paginate_listing" name="horizontal_pagination_with_0_or_1_key_column_specified_works_correctly"/>
    <testcase time="0.131999999999998" classname="paginate_listing" name="horizontal_pagination_with_0_or_1_key_column_specified_works_correctly"/>
    <testcase time="0.000999999999997669" classname="paginate_listing" name="horizontal_pagination_with_0_or_1_key_column_specified_works_correctly"/>
    <testcase time="0.00200000000000244" classname="paginate_listing" name="horizontal_pagination_with_0_or_1_key_column_specified_works_correctly"/>
    <testcase time="0.000999999999997669" classname="paginate_listing" name="horizontal_pagination_with_0_or_1_key_column_specified_works_correctly"/>
    <testcase time="0.0739999999999981" classname="paginate_listing" name="listing_works_with_no_vertical_pagination"/>
    <testcase time="0.00100000000000477" classname="paginate_listing" name="listing_works_with_no_vertical_pagination"/>
    <testcase time="0.00199999999999534" classname="paginate_listing" name="listing_works_with_no_vertical_pagination"/>
    <testcase time="0.0920000000000059" classname="paginate_listing" name="checking_vertical_pagination_line_calculation."/>
    <testcase time="0.00199999999999534" classname="paginate_listing" name="checking_vertical_pagination_line_calculation."/>
    <testcase time="0.316000000000003" classname="paginate_listing" name="pagination_lpp_and_cpp_correctly_computed_for_pg_width_and_pg_height"/>
    <testcase time="0.329000000000001" classname="paginate_listing" name="pagination_lpp_and_cpp_correctly_computed_for_page_type_and_font_size"/>
    <testcase time="0.301000000000002" classname="paginate_listing" name="pagination_lpp_and_cpp_correctly_computed_for_page_type_and_font_size"/>
    <testcase time="0.447999999999993" classname="paginate_listing" name="pagination_lpp_and_cpp_correctly_computed_for_lineheight"/>
    <testcase time="0.273000000000003" classname="paginate_listing" name="pagination_lpp_and_cpp_correctly_computed_for_landscape"/>
    <testcase time="0.301000000000002" classname="paginate_listing" name="pagination_lpp_and_cpp_correctly_computed_for_margins"/>
    <testcase time="0.0919999999999987" classname="paginate_listing" name="pagination_works_with_col_wrapping"/>
    <testcase time="0.105000000000004" classname="paginate_listing" name="pagination_works_with_col_wrapping"/>
    <testcase time="0.00799999999999557" classname="paginate_listing" name="pagination_works_with_col_wrapping"/>
    <testcase time="0.0120000000000005" classname="paginate_listing" name="defunct_is_defunct"/>
  </testsuite>
  <testsuite name="print" timestamp="2023-06-28T08:15:11Z" hostname="10f21f39806b" tests="4" skipped="0" failures="0" errors="0" time="0.123">
    <testcase time="0.0450000000000017" classname="print" name="Listing_print_correctly"/>
    <testcase time="0.0760000000000005" classname="print" name="Listing_print_correctly_with_different_widths"/>
    <testcase time="0.000999999999997669" classname="print" name="Listing_print_correctly_with_different_widths"/>
    <testcase time="0.000999999999997669" classname="print" name="Listing_print_correctly_with_different_widths"/>
  </testsuite>
</testsuites>
