<?xml version="1.0" encoding="UTF-8"?>
<testsuites>
  <testsuite name="listing_dsl01" timestamp="2023-02-15T16:01:47Z" hostname="92d2334110e1" tests="9" skipped="0" failures="0" errors="0" time="0.105">
    <testcase time="0.0409999999999999" classname="listing_dsl01" name="DSL01_listing_is_produced_correctly"/>
    <testcase time="0.0469999999999999" classname="listing_dsl01" name="DSL01_listing_is_produced_correctly"/>
    <testcase time="0.00900000000000012" classname="listing_dsl01" name="DSL01_listing_is_produced_correctly"/>
    <testcase time="0.00099999999999989" classname="listing_dsl01" name="DSL01_listing_is_produced_correctly"/>
    <testcase time="0.00100000000000011" classname="listing_dsl01" name="DSL01_listing_is_produced_correctly"/>
    <testcase time="0.00099999999999989" classname="listing_dsl01" name="DSL01_listing_is_produced_correctly"/>
    <testcase time="0.00100000000000011" classname="listing_dsl01" name="DSL01_listing_is_produced_correctly"/>
    <testcase time="0.00299999999999989" classname="listing_dsl01" name="DSL01_listing_is_produced_correctly"/>
    <testcase time="0.00100000000000011" classname="listing_dsl01" name="DSL01_listing_is_produced_correctly"/>
  </testsuite>
  <testsuite name="listings" timestamp="2023-02-15T16:01:47Z" hostname="92d2334110e1" tests="29" skipped="0" failures="0" errors="0" time="0.335">
    <testcase time="0.0169999999999999" classname="listings" name="Column_labels_are_the_same"/>
    <testcase time="0.054" classname="listings" name="Column_labels_are_the_same"/>
    <testcase time="0.002" classname="listings" name="Column_labels_are_the_same"/>
    <testcase time="0.0130000000000001" classname="listings" name="listings_work_well_with_different_formats_and_attributes"/>
    <testcase time="0.00099999999999989" classname="listings" name="listings_work_well_with_different_formats_and_attributes"/>
    <testcase time="0.002" classname="listings" name="listings_work_well_with_different_formats_and_attributes"/>
    <testcase time="0.00100000000000011" classname="listings" name="listings_work_well_with_different_formats_and_attributes"/>
    <testcase time="0.00099999999999989" classname="listings" name="listings_work_well_with_different_formats_and_attributes"/>
    <testcase time="0.00100000000000011" classname="listings" name="listings_work_well_with_different_formats_and_attributes"/>
    <testcase time="0.002" classname="listings" name="listings_work_well_with_different_formats_and_attributes"/>
    <testcase time="0.00099999999999989" classname="listings" name="listings_work_well_with_different_formats_and_attributes"/>
    <testcase time="0.00100000000000011" classname="listings" name="listings_work_well_with_different_formats_and_attributes"/>
    <testcase time="0.00099999999999989" classname="listings" name="listings_work_well_with_different_formats_and_attributes"/>
    <testcase time="0.0149999999999999" classname="listings" name="listings_work_well_with_different_formats_and_attributes"/>
    <testcase time="0.00700000000000012" classname="listings" name="listings_work_well_with_different_formats_and_attributes"/>
    <testcase time="0.00800000000000001" classname="listings" name="listings_work_well_with_different_formats_and_attributes"/>
    <testcase time="0.0069999999999999" classname="listings" name="listings_work_well_with_different_formats_and_attributes"/>
    <testcase time="0.00700000000000012" classname="listings" name="listings_work_well_with_different_formats_and_attributes"/>
    <testcase time="0.00100000000000011" classname="listings" name="listings_work_well_with_different_formats_and_attributes"/>
    <testcase time="0.0089999999999999" classname="listings" name="Content_of_listings_supports_newlines"/>
    <testcase time="0.004" classname="listings" name="Content_of_listings_supports_newlines"/>
    <testcase time="0.00700000000000012" classname="listings" name="regression_test_for_keycols_being_lost_due_to_head_"/>
    <testcase time="0.028" classname="listings" name="column_inclusion_and_ordering_stuff"/>
    <testcase time="0.02" classname="listings" name="column_inclusion_and_ordering_stuff"/>
    <testcase time="0.0069999999999999" classname="listings" name="column_inclusion_and_ordering_stuff"/>
    <testcase time="0.00700000000000012" classname="listings" name="column_inclusion_and_ordering_stuff"/>
    <testcase time="0.00600000000000001" classname="listings" name="column_inclusion_and_ordering_stuff"/>
    <testcase time="0.00599999999999978" classname="listings" name="column_inclusion_and_ordering_stuff"/>
    <testcase time="0.0990000000000002" classname="listings" name="column_inclusion_and_ordering_stuff"/>
  </testsuite>
  <testsuite name="paginate_listing" timestamp="2023-02-15T16:01:47Z" hostname="92d2334110e1" tests="16" skipped="0" failures="0" errors="0" time="0.407">
    <testcase time="0.148" classname="paginate_listing" name="pagination_works_vertically"/>
    <testcase time="0.0359999999999998" classname="paginate_listing" name="pagination_works_vertically"/>
    <testcase time="0.00100000000000011" classname="paginate_listing" name="pagination_works_vertically"/>
    <testcase time="0.0069999999999999" classname="paginate_listing" name="pagination_works_vertically"/>
    <testcase time="0.0760000000000001" classname="paginate_listing" name="horizontal_pagination_with_0_or_1_key_column_specified_works_correctly"/>
    <testcase time="0.00100000000000011" classname="paginate_listing" name="horizontal_pagination_with_0_or_1_key_column_specified_works_correctly"/>
    <testcase time="0.00099999999999989" classname="paginate_listing" name="horizontal_pagination_with_0_or_1_key_column_specified_works_correctly"/>
    <testcase time="0.0629999999999999" classname="paginate_listing" name="horizontal_pagination_with_0_or_1_key_column_specified_works_correctly"/>
    <testcase time="0.00100000000000011" classname="paginate_listing" name="horizontal_pagination_with_0_or_1_key_column_specified_works_correctly"/>
    <testcase time="0.002" classname="paginate_listing" name="horizontal_pagination_with_0_or_1_key_column_specified_works_correctly"/>
    <testcase time="0.00099999999999989" classname="paginate_listing" name="horizontal_pagination_with_0_or_1_key_column_specified_works_correctly"/>
    <testcase time="0.0330000000000001" classname="paginate_listing" name="listing_works_with_no_vertical_pagination"/>
    <testcase time="0.00099999999999989" classname="paginate_listing" name="listing_works_with_no_vertical_pagination"/>
    <testcase time="0.002" classname="paginate_listing" name="listing_works_with_no_vertical_pagination"/>
    <testcase time="0.032" classname="paginate_listing" name="checking_vertical_pagination_line_calculation."/>
    <testcase time="0.002" classname="paginate_listing" name="checking_vertical_pagination_line_calculation."/>
  </testsuite>
</testsuites>
