<?xml version="1.0" encoding="UTF-8"?>
<testsuites>
  <testsuite name="export" timestamp="2023-07-18T15:29:36Z" hostname="5006d94dd00d" tests="2" skipped="0" failures="0" errors="0" time="3.613">
    <testcase time="0.341" classname="export" name="Listing_print_correctly"/>
    <testcase time="3.272" classname="export" name="Listing_print_correctly_with_paginate"/>
  </testsuite>
  <testsuite name="listings" timestamp="2023-07-18T15:29:39Z" hostname="5006d94dd00d" tests="31" skipped="0" failures="0" errors="0" time="0.658">
    <testcase time="0.056" classname="listings" name="Column_labels_are_the_same"/>
    <testcase time="0.032" classname="listings" name="Column_labels_are_the_same"/>
    <testcase time="0.00600000000000023" classname="listings" name="Column_labels_are_the_same"/>
    <testcase time="0.0369999999999999" classname="listings" name="listings_work_well_with_different_formats_and_attributes"/>
    <testcase time="0.00599999999999934" classname="listings" name="listings_work_well_with_different_formats_and_attributes"/>
    <testcase time="0.00600000000000023" classname="listings" name="listings_work_well_with_different_formats_and_attributes"/>
    <testcase time="0.00600000000000023" classname="listings" name="listings_work_well_with_different_formats_and_attributes"/>
    <testcase time="0.00499999999999989" classname="listings" name="listings_work_well_with_different_formats_and_attributes"/>
    <testcase time="0.00600000000000023" classname="listings" name="listings_work_well_with_different_formats_and_attributes"/>
    <testcase time="0.00999999999999979" classname="listings" name="listings_work_well_with_different_formats_and_attributes"/>
    <testcase time="0.00699999999999967" classname="listings" name="listings_work_well_with_different_formats_and_attributes"/>
    <testcase time="0.00600000000000023" classname="listings" name="listings_work_well_with_different_formats_and_attributes"/>
    <testcase time="0.00600000000000023" classname="listings" name="listings_work_well_with_different_formats_and_attributes"/>
    <testcase time="0.0229999999999997" classname="listings" name="listings_work_well_with_different_formats_and_attributes"/>
    <testcase time="0.0120000000000005" classname="listings" name="listings_work_well_with_different_formats_and_attributes"/>
    <testcase time="0.0119999999999996" classname="listings" name="listings_work_well_with_different_formats_and_attributes"/>
    <testcase time="0.0110000000000001" classname="listings" name="listings_work_well_with_different_formats_and_attributes"/>
    <testcase time="0.0120000000000005" classname="listings" name="listings_work_well_with_different_formats_and_attributes"/>
    <testcase time="0.00599999999999934" classname="listings" name="listings_work_well_with_different_formats_and_attributes"/>
    <testcase time="0.0360000000000005" classname="listings" name="Content_of_listings_supports_newlines"/>
    <testcase time="0.0119999999999996" classname="listings" name="Content_of_listings_supports_newlines"/>
    <testcase time="0.0190000000000001" classname="listings" name="regression_test_for_keycols_being_lost_due_to_head_"/>
    <testcase time="0.056" classname="listings" name="column_inclusion_and_ordering_stuff"/>
    <testcase time="0.0200000000000005" classname="listings" name="column_inclusion_and_ordering_stuff"/>
    <testcase time="0.0349999999999993" classname="listings" name="column_inclusion_and_ordering_stuff"/>
    <testcase time="0.0369999999999999" classname="listings" name="column_inclusion_and_ordering_stuff"/>
    <testcase time="0.0100000000000007" classname="listings" name="column_inclusion_and_ordering_stuff"/>
    <testcase time="0.00800000000000001" classname="listings" name="column_inclusion_and_ordering_stuff"/>
    <testcase time="0.0910000000000002" classname="listings" name="column_inclusion_and_ordering_stuff"/>
    <testcase time="0.0369999999999999" classname="listings" name="unique_rows_removes_duplicate_rows_from_listing"/>
    <testcase time="0.032" classname="listings" name="unique_rows_removes_duplicate_rows_from_listing"/>
  </testsuite>
  <testsuite name="paginate_listing" timestamp="2023-07-18T15:29:40Z" hostname="5006d94dd00d" tests="23" skipped="1" failures="0" errors="0" time="3.615">
    <testcase time="0.206" classname="paginate_listing" name="pagination_works_vertically">
      <skipped message="Reason: On CRAN ('test-paginate_listing.R:15:3')"/>
    </testcase>
    <testcase time="0.183" classname="paginate_listing" name="horizontal_pagination_with_0_or_1_key_column_specified_works_correctly"/>
    <testcase time="0.00600000000000023" classname="paginate_listing" name="horizontal_pagination_with_0_or_1_key_column_specified_works_correctly"/>
    <testcase time="0.00600000000000023" classname="paginate_listing" name="horizontal_pagination_with_0_or_1_key_column_specified_works_correctly"/>
    <testcase time="0.159" classname="paginate_listing" name="horizontal_pagination_with_0_or_1_key_column_specified_works_correctly"/>
    <testcase time="0.00699999999999967" classname="paginate_listing" name="horizontal_pagination_with_0_or_1_key_column_specified_works_correctly"/>
    <testcase time="0.00500000000000078" classname="paginate_listing" name="horizontal_pagination_with_0_or_1_key_column_specified_works_correctly"/>
    <testcase time="0.00699999999999967" classname="paginate_listing" name="horizontal_pagination_with_0_or_1_key_column_specified_works_correctly"/>
    <testcase time="0.102" classname="paginate_listing" name="listing_works_with_no_vertical_pagination"/>
    <testcase time="0.0110000000000001" classname="paginate_listing" name="listing_works_with_no_vertical_pagination"/>
    <testcase time="0.00800000000000001" classname="paginate_listing" name="listing_works_with_no_vertical_pagination"/>
    <testcase time="0.122" classname="paginate_listing" name="checking_vertical_pagination_line_calculation."/>
    <testcase time="0.00700000000000056" classname="paginate_listing" name="checking_vertical_pagination_line_calculation."/>
    <testcase time="0.377999999999999" classname="paginate_listing" name="pagination_lpp_and_cpp_correctly_computed_for_pg_width_and_pg_height"/>
    <testcase time="0.394" classname="paginate_listing" name="pagination_lpp_and_cpp_correctly_computed_for_page_type_and_font_size"/>
    <testcase time="0.390000000000001" classname="paginate_listing" name="pagination_lpp_and_cpp_correctly_computed_for_page_type_and_font_size"/>
    <testcase time="0.42" classname="paginate_listing" name="pagination_lpp_and_cpp_correctly_computed_for_lineheight"/>
    <testcase time="0.388000000000001" classname="paginate_listing" name="pagination_lpp_and_cpp_correctly_computed_for_landscape"/>
    <testcase time="0.504" classname="paginate_listing" name="pagination_lpp_and_cpp_correctly_computed_for_margins"/>
    <testcase time="0.141" classname="paginate_listing" name="pagination_works_with_col_wrapping"/>
    <testcase time="0.144" classname="paginate_listing" name="pagination_works_with_col_wrapping"/>
    <testcase time="0.00999999999999979" classname="paginate_listing" name="pagination_works_with_col_wrapping"/>
    <testcase time="0.0169999999999995" classname="paginate_listing" name="defunct_is_defunct"/>
  </testsuite>
  <testsuite name="print" timestamp="2023-07-18T15:29:43Z" hostname="5006d94dd00d" tests="5" skipped="4" failures="0" errors="0" time="0.343">
    <testcase time="0.0560000000000009" classname="print" name="Listing_print_correctly">
      <skipped message="Reason: On CRAN ('test-print.R:7:3')"/>
    </testcase>
    <testcase time="0.128" classname="print" name="Listing_print_correctly_with_different_widths"/>
    <testcase time="0.00900000000000034" classname="print" name="Listing_print_correctly_with_different_widths">
      <skipped message="Reason: On CRAN ('test-print.R:19:3')"/>
    </testcase>
    <testcase time="0.0800000000000001" classname="print" name="as_listing_produces_correct_output_when_default_formatting_is_specified">
      <skipped message="Reason: On CRAN ('test-print.R:34:3')"/>
    </testcase>
    <testcase time="0.0699999999999985" classname="print" name="as_listing_produces_correct_output_when_col_formatting_is_specified">
      <skipped message="Reason: On CRAN ('test-print.R:74:3')"/>
    </testcase>
  </testsuite>
</testsuites>
