<?xml version="1.0" encoding="UTF-8"?>
<testsuites>
  <testsuite name="export" timestamp="2023-10-24T20:07:54Z" hostname="0a82ff530a6e" tests="8" skipped="3" failures="0" errors="0" time="2.399">
    <testcase time="0.362" classname="export" name="Listing_print_correctly"/>
    <testcase time="0.366" classname="export" name="key_columns_repeat_with_export_as_txt">
      <skipped message="Reason: On CRAN ('test-export.R:24:3')"/>
    </testcase>
    <testcase time="0.235" classname="export" name="key_columns_repeat_with_pagination_with_export_as_txt">
      <skipped message="Reason: On CRAN ('test-export.R:42:3')"/>
    </testcase>
    <testcase time="0.617" classname="export" name="Listing_print_correctly_with_paginate"/>
    <testcase time="0.00599999999999978" classname="export" name="Listing_print_correctly_with_paginate"/>
    <testcase time="0.00499999999999989" classname="export" name="Listing_print_correctly_with_paginate"/>
    <testcase time="0.475" classname="export" name="export_as_txt_works_and_repeats_the_correct_lines_in_pagination"/>
    <testcase time="0.333" classname="export" name="export_as_txt_works_and_repeats_the_correct_lines_in_pagination">
      <skipped message="Reason: On CRAN ('test-export.R:76:3')"/>
    </testcase>
  </testsuite>
  <testsuite name="listings" timestamp="2023-10-24T20:07:57Z" hostname="0a82ff530a6e" tests="37" skipped="0" failures="0" errors="0" time="1.093">
    <testcase time="0.0539999999999998" classname="listings" name="Column_labels_are_the_same"/>
    <testcase time="0.0300000000000002" classname="listings" name="Column_labels_are_the_same"/>
    <testcase time="0.00599999999999978" classname="listings" name="Column_labels_are_the_same"/>
    <testcase time="0.0409999999999999" classname="listings" name="listings_work_well_with_different_formats_and_attributes"/>
    <testcase time="0.00500000000000034" classname="listings" name="listings_work_well_with_different_formats_and_attributes"/>
    <testcase time="0.00599999999999978" classname="listings" name="listings_work_well_with_different_formats_and_attributes"/>
    <testcase time="0.00999999999999979" classname="listings" name="listings_work_well_with_different_formats_and_attributes"/>
    <testcase time="0.00600000000000023" classname="listings" name="listings_work_well_with_different_formats_and_attributes"/>
    <testcase time="0.00599999999999978" classname="listings" name="listings_work_well_with_different_formats_and_attributes"/>
    <testcase time="0.00600000000000023" classname="listings" name="listings_work_well_with_different_formats_and_attributes"/>
    <testcase time="0.00499999999999989" classname="listings" name="listings_work_well_with_different_formats_and_attributes"/>
    <testcase time="0.00600000000000023" classname="listings" name="listings_work_well_with_different_formats_and_attributes"/>
    <testcase time="0.00599999999999978" classname="listings" name="listings_work_well_with_different_formats_and_attributes"/>
    <testcase time="0.0249999999999999" classname="listings" name="listings_work_well_with_different_formats_and_attributes"/>
    <testcase time="0.012" classname="listings" name="listings_work_well_with_different_formats_and_attributes"/>
    <testcase time="0.012" classname="listings" name="listings_work_well_with_different_formats_and_attributes"/>
    <testcase time="0.0100000000000002" classname="listings" name="listings_work_well_with_different_formats_and_attributes"/>
    <testcase time="0.0110000000000001" classname="listings" name="listings_work_well_with_different_formats_and_attributes"/>
    <testcase time="0.0109999999999997" classname="listings" name="listings_work_well_with_different_formats_and_attributes"/>
    <testcase time="0.0300000000000002" classname="listings" name="Content_of_listings_supports_newlines"/>
    <testcase time="0.00999999999999979" classname="listings" name="Content_of_listings_supports_newlines"/>
    <testcase time="0.02" classname="listings" name="regression_test_for_keycols_being_lost_due_to_head_"/>
    <testcase time="0.0649999999999999" classname="listings" name="column_inclusion_and_ordering_stuff"/>
    <testcase time="0.0249999999999999" classname="listings" name="column_inclusion_and_ordering_stuff"/>
    <testcase time="0.093" classname="listings" name="column_inclusion_and_ordering_stuff"/>
    <testcase time="0.0750000000000002" classname="listings" name="column_inclusion_and_ordering_stuff"/>
    <testcase time="0.00800000000000001" classname="listings" name="column_inclusion_and_ordering_stuff"/>
    <testcase time="0.00900000000000034" classname="listings" name="column_inclusion_and_ordering_stuff"/>
    <testcase time="0.122999999999999" classname="listings" name="column_inclusion_and_ordering_stuff"/>
    <testcase time="0.0330000000000004" classname="listings" name="unique_rows_removes_duplicate_rows_from_listing"/>
    <testcase time="0.0350000000000001" classname="listings" name="unique_rows_removes_duplicate_rows_from_listing"/>
    <testcase time="0.0549999999999997" classname="listings" name="as_listing_custom_format_works_in_key_cols"/>
    <testcase time="0.032" classname="listings" name="as_listing_custom_format_works_in_key_cols"/>
    <testcase time="0.0730000000000004" classname="listings" name="as_listing_works_with_NA_values_in_key_cols"/>
    <testcase time="0.0659999999999998" classname="listings" name="as_listing_works_with_NA_values_in_key_cols"/>
    <testcase time="0.0579999999999998" classname="listings" name="as_listing_works_with_NA_values_in_key_cols"/>
    <testcase time="0.0149999999999997" classname="listings" name="as_listing_works_with_NA_values_in_key_cols"/>
  </testsuite>
  <testsuite name="paginate_listing" timestamp="2023-10-24T20:07:58Z" hostname="0a82ff530a6e" tests="24" skipped="1" failures="0" errors="0" time="4.28">
    <testcase time="0.168" classname="paginate_listing" name="pagination_works_vertically">
      <skipped message="Reason: On CRAN ('test-paginate_listing.R:15:3')"/>
    </testcase>
    <testcase time="0.172000000000001" classname="paginate_listing" name="horizontal_pagination_with_0_or_1_key_column_specified_works_correctly"/>
    <testcase time="0.00599999999999934" classname="paginate_listing" name="horizontal_pagination_with_0_or_1_key_column_specified_works_correctly"/>
    <testcase time="0.00499999999999989" classname="paginate_listing" name="horizontal_pagination_with_0_or_1_key_column_specified_works_correctly"/>
    <testcase time="0.175000000000001" classname="paginate_listing" name="horizontal_pagination_with_0_or_1_key_column_specified_works_correctly"/>
    <testcase time="0.00499999999999989" classname="paginate_listing" name="horizontal_pagination_with_0_or_1_key_column_specified_works_correctly"/>
    <testcase time="0.00600000000000023" classname="paginate_listing" name="horizontal_pagination_with_0_or_1_key_column_specified_works_correctly"/>
    <testcase time="0.00599999999999934" classname="paginate_listing" name="horizontal_pagination_with_0_or_1_key_column_specified_works_correctly"/>
    <testcase time="0.105" classname="paginate_listing" name="listing_works_with_no_vertical_pagination"/>
    <testcase time="0.00699999999999967" classname="paginate_listing" name="listing_works_with_no_vertical_pagination"/>
    <testcase time="0.00600000000000023" classname="paginate_listing" name="listing_works_with_no_vertical_pagination"/>
    <testcase time="0.118" classname="paginate_listing" name="checking_vertical_pagination_line_calculation."/>
    <testcase time="0.00599999999999934" classname="paginate_listing" name="checking_vertical_pagination_line_calculation."/>
    <testcase time="0.412" classname="paginate_listing" name="pagination_lpp_and_cpp_correctly_computed_for_pg_width_and_pg_height"/>
    <testcase time="0.446000000000001" classname="paginate_listing" name="pagination_lpp_and_cpp_correctly_computed_for_page_type_and_font_size"/>
    <testcase time="0.427" classname="paginate_listing" name="pagination_lpp_and_cpp_correctly_computed_for_page_type_and_font_size"/>
    <testcase time="0.464" classname="paginate_listing" name="pagination_lpp_and_cpp_correctly_computed_for_lineheight"/>
    <testcase time="0.452" classname="paginate_listing" name="pagination_lpp_and_cpp_correctly_computed_for_landscape"/>
    <testcase time="0.456" classname="paginate_listing" name="pagination_lpp_and_cpp_correctly_computed_for_margins"/>
    <testcase time="0.135999999999999" classname="paginate_listing" name="pagination_works_with_col_wrapping"/>
    <testcase time="0.247999999999999" classname="paginate_listing" name="pagination_works_with_col_wrapping"/>
    <testcase time="0.0080000000000009" classname="paginate_listing" name="pagination_works_with_col_wrapping"/>
    <testcase time="0.425000000000001" classname="paginate_listing" name="pagination_repeats_keycols_in_other_pages"/>
    <testcase time="0.020999999999999" classname="paginate_listing" name="defunct_is_defunct"/>
  </testsuite>
  <testsuite name="print" timestamp="2023-10-24T20:08:02Z" hostname="0a82ff530a6e" tests="10" skipped="5" failures="0" errors="0" time="0.906">
    <testcase time="0.0640000000000001" classname="print" name="Listing_print_correctly">
      <skipped message="Reason: On CRAN ('test-print.R:7:3')"/>
    </testcase>
    <testcase time="0.140000000000001" classname="print" name="Listing_print_correctly_with_different_widths"/>
    <testcase time="0.0749999999999993" classname="print" name="Listing_print_correctly_with_different_widths">
      <skipped message="Reason: On CRAN ('test-print.R:19:3')"/>
    </testcase>
    <testcase time="0.0709999999999997" classname="print" name="as_listing_produces_correct_output_when_default_formatting_is_specified">
      <skipped message="Reason: On CRAN ('test-print.R:34:3')"/>
    </testcase>
    <testcase time="0.077" classname="print" name="as_listing_produces_correct_output_when_col_formatting_is_specified">
      <skipped message="Reason: On CRAN ('test-print.R:74:3')"/>
    </testcase>
    <testcase time="0.0700000000000003" classname="print" name="listings_support_newline_characters">
      <skipped message="Reason: On CRAN ('test-print.R:133:3')"/>
    </testcase>
    <testcase time="0.104999999999999" classname="print" name="listings_supports_wrapping"/>
    <testcase time="0.226000000000001" classname="print" name="listings_supports_wrapping"/>
    <testcase time="0.00600000000000023" classname="print" name="listings_supports_wrapping"/>
    <testcase time="0.0719999999999992" classname="print" name="listings_supports_wrapping"/>
  </testsuite>
</testsuites>
