<?xml version="1.0" encoding="UTF-8"?>
<testsuites>
  <testsuite name="export" timestamp="2023-10-24T19:41:44Z" hostname="bba9cc9429ec" tests="8" skipped="3" failures="0" errors="0" time="2.599">
    <testcase time="0.402" classname="export" name="Listing_print_correctly"/>
    <testcase time="0.401" classname="export" name="key_columns_repeat_with_export_as_txt">
      <skipped message="Reason: On CRAN ('test-export.R:24:3')"/>
    </testcase>
    <testcase time="0.257" classname="export" name="key_columns_repeat_with_pagination_with_export_as_txt">
      <skipped message="Reason: On CRAN ('test-export.R:42:3')"/>
    </testcase>
    <testcase time="0.665" classname="export" name="Listing_print_correctly_with_paginate"/>
    <testcase time="0.00500000000000034" classname="export" name="Listing_print_correctly_with_paginate"/>
    <testcase time="0.00599999999999978" classname="export" name="Listing_print_correctly_with_paginate"/>
    <testcase time="0.501" classname="export" name="export_as_txt_works_and_repeats_the_correct_lines_in_pagination"/>
    <testcase time="0.362" classname="export" name="export_as_txt_works_and_repeats_the_correct_lines_in_pagination">
      <skipped message="Reason: On CRAN ('test-export.R:76:3')"/>
    </testcase>
  </testsuite>
  <testsuite name="listings" timestamp="2023-10-24T19:41:47Z" hostname="bba9cc9429ec" tests="37" skipped="0" failures="0" errors="0" time="1.203">
    <testcase time="0.056" classname="listings" name="Column_labels_are_the_same"/>
    <testcase time="0.0289999999999999" classname="listings" name="Column_labels_are_the_same"/>
    <testcase time="0.00600000000000023" classname="listings" name="Column_labels_are_the_same"/>
    <testcase time="0.0429999999999997" classname="listings" name="listings_work_well_with_different_formats_and_attributes"/>
    <testcase time="0.00600000000000023" classname="listings" name="listings_work_well_with_different_formats_and_attributes"/>
    <testcase time="0.00600000000000023" classname="listings" name="listings_work_well_with_different_formats_and_attributes"/>
    <testcase time="0.0110000000000001" classname="listings" name="listings_work_well_with_different_formats_and_attributes"/>
    <testcase time="0.00599999999999934" classname="listings" name="listings_work_well_with_different_formats_and_attributes"/>
    <testcase time="0.00600000000000023" classname="listings" name="listings_work_well_with_different_formats_and_attributes"/>
    <testcase time="0.00600000000000023" classname="listings" name="listings_work_well_with_different_formats_and_attributes"/>
    <testcase time="0.00600000000000023" classname="listings" name="listings_work_well_with_different_formats_and_attributes"/>
    <testcase time="0.00599999999999934" classname="listings" name="listings_work_well_with_different_formats_and_attributes"/>
    <testcase time="0.00600000000000023" classname="listings" name="listings_work_well_with_different_formats_and_attributes"/>
    <testcase time="0.024" classname="listings" name="listings_work_well_with_different_formats_and_attributes"/>
    <testcase time="0.0129999999999999" classname="listings" name="listings_work_well_with_different_formats_and_attributes"/>
    <testcase time="0.016" classname="listings" name="listings_work_well_with_different_formats_and_attributes"/>
    <testcase time="0.0129999999999999" classname="listings" name="listings_work_well_with_different_formats_and_attributes"/>
    <testcase time="0.0120000000000005" classname="listings" name="listings_work_well_with_different_formats_and_attributes"/>
    <testcase time="0.0110000000000001" classname="listings" name="listings_work_well_with_different_formats_and_attributes"/>
    <testcase time="0.0329999999999995" classname="listings" name="Content_of_listings_supports_newlines"/>
    <testcase time="0.0110000000000001" classname="listings" name="Content_of_listings_supports_newlines"/>
    <testcase time="0.0200000000000005" classname="listings" name="regression_test_for_keycols_being_lost_due_to_head_"/>
    <testcase time="0.0709999999999997" classname="listings" name="column_inclusion_and_ordering_stuff"/>
    <testcase time="0.0289999999999999" classname="listings" name="column_inclusion_and_ordering_stuff"/>
    <testcase time="0.0940000000000003" classname="listings" name="column_inclusion_and_ordering_stuff"/>
    <testcase time="0.0800000000000001" classname="listings" name="column_inclusion_and_ordering_stuff"/>
    <testcase time="0.00899999999999945" classname="listings" name="column_inclusion_and_ordering_stuff"/>
    <testcase time="0.00900000000000034" classname="listings" name="column_inclusion_and_ordering_stuff"/>
    <testcase time="0.148" classname="listings" name="column_inclusion_and_ordering_stuff"/>
    <testcase time="0.0389999999999997" classname="listings" name="unique_rows_removes_duplicate_rows_from_listing"/>
    <testcase time="0.0410000000000004" classname="listings" name="unique_rows_removes_duplicate_rows_from_listing"/>
    <testcase time="0.0730000000000004" classname="listings" name="as_listing_custom_format_works_in_key_cols"/>
    <testcase time="0.0329999999999995" classname="listings" name="as_listing_custom_format_works_in_key_cols"/>
    <testcase time="0.0780000000000003" classname="listings" name="as_listing_works_with_NA_values_in_key_cols"/>
    <testcase time="0.0739999999999998" classname="listings" name="as_listing_works_with_NA_values_in_key_cols"/>
    <testcase time="0.0629999999999997" classname="listings" name="as_listing_works_with_NA_values_in_key_cols"/>
    <testcase time="0.016" classname="listings" name="as_listing_works_with_NA_values_in_key_cols"/>
  </testsuite>
  <testsuite name="paginate_listing" timestamp="2023-10-24T19:41:48Z" hostname="bba9cc9429ec" tests="24" skipped="1" failures="0" errors="0" time="4.783">
    <testcase time="0.194" classname="paginate_listing" name="pagination_works_vertically">
      <skipped message="Reason: On CRAN ('test-paginate_listing.R:15:3')"/>
    </testcase>
    <testcase time="0.189" classname="paginate_listing" name="horizontal_pagination_with_0_or_1_key_column_specified_works_correctly"/>
    <testcase time="0.00600000000000023" classname="paginate_listing" name="horizontal_pagination_with_0_or_1_key_column_specified_works_correctly"/>
    <testcase time="0.00699999999999967" classname="paginate_listing" name="horizontal_pagination_with_0_or_1_key_column_specified_works_correctly"/>
    <testcase time="0.208" classname="paginate_listing" name="horizontal_pagination_with_0_or_1_key_column_specified_works_correctly"/>
    <testcase time="0.00499999999999989" classname="paginate_listing" name="horizontal_pagination_with_0_or_1_key_column_specified_works_correctly"/>
    <testcase time="0.00600000000000023" classname="paginate_listing" name="horizontal_pagination_with_0_or_1_key_column_specified_works_correctly"/>
    <testcase time="0.00699999999999967" classname="paginate_listing" name="horizontal_pagination_with_0_or_1_key_column_specified_works_correctly"/>
    <testcase time="0.112" classname="paginate_listing" name="listing_works_with_no_vertical_pagination"/>
    <testcase time="0.00600000000000023" classname="paginate_listing" name="listing_works_with_no_vertical_pagination"/>
    <testcase time="0.00699999999999967" classname="paginate_listing" name="listing_works_with_no_vertical_pagination"/>
    <testcase time="0.121" classname="paginate_listing" name="checking_vertical_pagination_line_calculation."/>
    <testcase time="0.00699999999999967" classname="paginate_listing" name="checking_vertical_pagination_line_calculation."/>
    <testcase time="0.495" classname="paginate_listing" name="pagination_lpp_and_cpp_correctly_computed_for_pg_width_and_pg_height"/>
    <testcase time="0.489" classname="paginate_listing" name="pagination_lpp_and_cpp_correctly_computed_for_page_type_and_font_size"/>
    <testcase time="0.442" classname="paginate_listing" name="pagination_lpp_and_cpp_correctly_computed_for_page_type_and_font_size"/>
    <testcase time="0.544" classname="paginate_listing" name="pagination_lpp_and_cpp_correctly_computed_for_lineheight"/>
    <testcase time="0.499000000000001" classname="paginate_listing" name="pagination_lpp_and_cpp_correctly_computed_for_landscape"/>
    <testcase time="0.540999999999999" classname="paginate_listing" name="pagination_lpp_and_cpp_correctly_computed_for_margins"/>
    <testcase time="0.154" classname="paginate_listing" name="pagination_works_with_col_wrapping"/>
    <testcase time="0.271000000000001" classname="paginate_listing" name="pagination_works_with_col_wrapping"/>
    <testcase time="0.00999999999999979" classname="paginate_listing" name="pagination_works_with_col_wrapping"/>
    <testcase time="0.442" classname="paginate_listing" name="pagination_repeats_keycols_in_other_pages"/>
    <testcase time="0.0210000000000008" classname="paginate_listing" name="defunct_is_defunct"/>
  </testsuite>
  <testsuite name="print" timestamp="2023-10-24T19:41:53Z" hostname="bba9cc9429ec" tests="10" skipped="5" failures="0" errors="0" time="0.96">
    <testcase time="0.0669999999999984" classname="print" name="Listing_print_correctly">
      <skipped message="Reason: On CRAN ('test-print.R:7:3')"/>
    </testcase>
    <testcase time="0.139000000000001" classname="print" name="Listing_print_correctly_with_different_widths"/>
    <testcase time="0.0759999999999987" classname="print" name="Listing_print_correctly_with_different_widths">
      <skipped message="Reason: On CRAN ('test-print.R:19:3')"/>
    </testcase>
    <testcase time="0.0800000000000001" classname="print" name="as_listing_produces_correct_output_when_default_formatting_is_specified">
      <skipped message="Reason: On CRAN ('test-print.R:34:3')"/>
    </testcase>
    <testcase time="0.0810000000000013" classname="print" name="as_listing_produces_correct_output_when_col_formatting_is_specified">
      <skipped message="Reason: On CRAN ('test-print.R:74:3')"/>
    </testcase>
    <testcase time="0.0649999999999995" classname="print" name="listings_support_newline_characters">
      <skipped message="Reason: On CRAN ('test-print.R:133:3')"/>
    </testcase>
    <testcase time="0.113" classname="print" name="listings_supports_wrapping"/>
    <testcase time="0.251000000000001" classname="print" name="listings_supports_wrapping"/>
    <testcase time="0.00699999999999967" classname="print" name="listings_supports_wrapping"/>
    <testcase time="0.0809999999999995" classname="print" name="listings_supports_wrapping"/>
  </testsuite>
</testsuites>
