<?xml version="1.0" encoding="UTF-8"?>
<testsuites>
  <testsuite name="export" timestamp="2023-03-15T02:55:24Z" hostname="882c7033fd0d" tests="2" skipped="0" failures="0" errors="0" time="2.518">
    <testcase time="0.11" classname="export" name="Listing_print_correctly"/>
    <testcase time="2.408" classname="export" name="Listing_print_correctly_with_paginate"/>
  </testsuite>
  <testsuite name="listings" timestamp="2023-03-15T02:55:26Z" hostname="882c7033fd0d" tests="29" skipped="0" failures="0" errors="0" time="38.907">
    <testcase time="0.0270000000000001" classname="listings" name="Column_labels_are_the_same"/>
    <testcase time="0.0110000000000001" classname="listings" name="Column_labels_are_the_same"/>
    <testcase time="0.00099999999999989" classname="listings" name="Column_labels_are_the_same"/>
    <testcase time="0.0139999999999998" classname="listings" name="listings_work_well_with_different_formats_and_attributes"/>
    <testcase time="0.00200000000000022" classname="listings" name="listings_work_well_with_different_formats_and_attributes"/>
    <testcase time="0.00099999999999989" classname="listings" name="listings_work_well_with_different_formats_and_attributes"/>
    <testcase time="0.00200000000000022" classname="listings" name="listings_work_well_with_different_formats_and_attributes"/>
    <testcase time="0.00099999999999989" classname="listings" name="listings_work_well_with_different_formats_and_attributes"/>
    <testcase time="0.00199999999999978" classname="listings" name="listings_work_well_with_different_formats_and_attributes"/>
    <testcase time="0.00100000000000033" classname="listings" name="listings_work_well_with_different_formats_and_attributes"/>
    <testcase time="0.00199999999999978" classname="listings" name="listings_work_well_with_different_formats_and_attributes"/>
    <testcase time="0.00099999999999989" classname="listings" name="listings_work_well_with_different_formats_and_attributes"/>
    <testcase time="0.00200000000000022" classname="listings" name="listings_work_well_with_different_formats_and_attributes"/>
    <testcase time="0.0129999999999999" classname="listings" name="listings_work_well_with_different_formats_and_attributes"/>
    <testcase time="0.012" classname="listings" name="listings_work_well_with_different_formats_and_attributes"/>
    <testcase time="0.0089999999999999" classname="listings" name="listings_work_well_with_different_formats_and_attributes"/>
    <testcase time="0.00800000000000001" classname="listings" name="listings_work_well_with_different_formats_and_attributes"/>
    <testcase time="0.00900000000000034" classname="listings" name="listings_work_well_with_different_formats_and_attributes"/>
    <testcase time="0.00099999999999989" classname="listings" name="listings_work_well_with_different_formats_and_attributes"/>
    <testcase time="0.0109999999999997" classname="listings" name="Content_of_listings_supports_newlines"/>
    <testcase time="0.00500000000000034" classname="listings" name="Content_of_listings_supports_newlines"/>
    <testcase time="0.00699999999999967" classname="listings" name="regression_test_for_keycols_being_lost_due_to_head_"/>
    <testcase time="0.0270000000000001" classname="listings" name="column_inclusion_and_ordering_stuff"/>
    <testcase time="0.0220000000000002" classname="listings" name="column_inclusion_and_ordering_stuff"/>
    <testcase time="0.00999999999999979" classname="listings" name="column_inclusion_and_ordering_stuff"/>
    <testcase time="0.00800000000000001" classname="listings" name="column_inclusion_and_ordering_stuff"/>
    <testcase time="0.00700000000000012" classname="listings" name="column_inclusion_and_ordering_stuff"/>
    <testcase time="0.00700000000000012" classname="listings" name="column_inclusion_and_ordering_stuff"/>
    <testcase time="38.684" classname="listings" name="column_inclusion_and_ordering_stuff"/>
  </testsuite>
  <testsuite name="paginate_listing" timestamp="2023-03-15T02:56:05Z" hostname="882c7033fd0d" tests="22" skipped="0" failures="0" errors="0" time="1.443">
    <testcase time="0.0759999999999934" classname="paginate_listing" name="pagination_works_vertically"/>
    <testcase time="0.0450000000000017" classname="paginate_listing" name="pagination_works_vertically"/>
    <testcase time="0.00200000000000244" classname="paginate_listing" name="pagination_works_vertically"/>
    <testcase time="0.00799999999999557" classname="paginate_listing" name="pagination_works_vertically"/>
    <testcase time="0.0640000000000001" classname="paginate_listing" name="horizontal_pagination_with_0_or_1_key_column_specified_works_correctly"/>
    <testcase time="0.00100000000000477" classname="paginate_listing" name="horizontal_pagination_with_0_or_1_key_column_specified_works_correctly"/>
    <testcase time="0.00199999999999534" classname="paginate_listing" name="horizontal_pagination_with_0_or_1_key_column_specified_works_correctly"/>
    <testcase time="0.0860000000000056" classname="paginate_listing" name="horizontal_pagination_with_0_or_1_key_column_specified_works_correctly"/>
    <testcase time="0.000999999999997669" classname="paginate_listing" name="horizontal_pagination_with_0_or_1_key_column_specified_works_correctly"/>
    <testcase time="0.00200000000000244" classname="paginate_listing" name="horizontal_pagination_with_0_or_1_key_column_specified_works_correctly"/>
    <testcase time="0.000999999999997669" classname="paginate_listing" name="horizontal_pagination_with_0_or_1_key_column_specified_works_correctly"/>
    <testcase time="0.0240000000000009" classname="paginate_listing" name="listing_works_with_no_vertical_pagination"/>
    <testcase time="0.00199999999999534" classname="paginate_listing" name="listing_works_with_no_vertical_pagination"/>
    <testcase time="0.00200000000000244" classname="paginate_listing" name="listing_works_with_no_vertical_pagination"/>
    <testcase time="0.0410000000000039" classname="paginate_listing" name="checking_vertical_pagination_line_calculation."/>
    <testcase time="0.000999999999997669" classname="paginate_listing" name="checking_vertical_pagination_line_calculation."/>
    <testcase time="0.179000000000002" classname="paginate_listing" name="pagination_lpp_and_cpp_correctly_computed_for_pg_width_and_pg_height"/>
    <testcase time="0.178999999999995" classname="paginate_listing" name="pagination_lpp_and_cpp_correctly_computed_for_page_type_and_font_size"/>
    <testcase time="0.173000000000002" classname="paginate_listing" name="pagination_lpp_and_cpp_correctly_computed_for_page_type_and_font_size"/>
    <testcase time="0.185000000000002" classname="paginate_listing" name="pagination_lpp_and_cpp_correctly_computed_for_lineheight"/>
    <testcase time="0.18" classname="paginate_listing" name="pagination_lpp_and_cpp_correctly_computed_for_landscape"/>
    <testcase time="0.189" classname="paginate_listing" name="pagination_lpp_and_cpp_correctly_computed_for_margins"/>
  </testsuite>
  <testsuite name="print" timestamp="2023-03-15T02:56:06Z" hostname="882c7033fd0d" tests="1" skipped="0" failures="0" errors="0" time="0.023">
    <testcase time="0.0230000000000032" classname="print" name="Listing_print_correctly"/>
  </testsuite>
</testsuites>
