<?xml version="1.0" encoding="UTF-8"?>
<testsuites>
  <testsuite name="export" timestamp="2024-12-19T10:36:30Z" hostname="b6b34377781d" tests="11" skipped="0" failures="0" errors="0" time="2.424">
    <testcase time="0.202" classname="export" name="Listing_print_correctly"/>
    <testcase time="0.315" classname="export" name="key_columns_repeat_with_export_as_txt"/>
    <testcase time="0.179" classname="export" name="key_columns_repeat_with_pagination_with_export_as_txt"/>
    <testcase time="0.339" classname="export" name="Listing_print_correctly_with_paginate"/>
    <testcase time="0.00300000000000011" classname="export" name="Listing_print_correctly_with_paginate"/>
    <testcase time="0.00299999999999989" classname="export" name="Listing_print_correctly_with_paginate"/>
    <testcase time="0.337" classname="export" name="export_as_txt_works_and_repeats_the_correct_lines_in_pagination"/>
    <testcase time="0.221" classname="export" name="export_as_txt_works_and_repeats_the_correct_lines_in_pagination"/>
    <testcase time="0.544" classname="export" name="export_as_txt_works_with_split_into_pages_by_var"/>
    <testcase time="0.069" classname="export" name="export_as_txt_works_with_empty_listings"/>
    <testcase time="0.212" classname="export" name="export_as_txt_works_with_listings_with_all_key_cols"/>
  </testsuite>
  <testsuite name="listings" timestamp="2024-12-19T10:36:32Z" hostname="b6b34377781d" tests="42" skipped="0" failures="0" errors="0" time="0.758">
    <testcase time="0.0190000000000001" classname="listings" name="Column_labels_are_the_same"/>
    <testcase time="0.024" classname="listings" name="Column_labels_are_the_same"/>
    <testcase time="0.00300000000000011" classname="listings" name="Column_labels_are_the_same"/>
    <testcase time="0.0269999999999997" classname="listings" name="listings_work_well_with_different_formats_and_attributes"/>
    <testcase time="0.00300000000000011" classname="listings" name="listings_work_well_with_different_formats_and_attributes"/>
    <testcase time="0.00200000000000022" classname="listings" name="listings_work_well_with_different_formats_and_attributes"/>
    <testcase time="0.00299999999999967" classname="listings" name="listings_work_well_with_different_formats_and_attributes"/>
    <testcase time="0.00200000000000022" classname="listings" name="listings_work_well_with_different_formats_and_attributes"/>
    <testcase time="0.00199999999999978" classname="listings" name="listings_work_well_with_different_formats_and_attributes"/>
    <testcase time="0.00300000000000011" classname="listings" name="listings_work_well_with_different_formats_and_attributes"/>
    <testcase time="0.00200000000000022" classname="listings" name="listings_work_well_with_different_formats_and_attributes"/>
    <testcase time="0.00299999999999967" classname="listings" name="listings_work_well_with_different_formats_and_attributes"/>
    <testcase time="0.00200000000000022" classname="listings" name="listings_work_well_with_different_formats_and_attributes"/>
    <testcase time="0.0129999999999999" classname="listings" name="listings_work_well_with_different_formats_and_attributes"/>
    <testcase time="0.00700000000000012" classname="listings" name="listings_work_well_with_different_formats_and_attributes"/>
    <testcase time="0.00599999999999978" classname="listings" name="listings_work_well_with_different_formats_and_attributes"/>
    <testcase time="0.00600000000000023" classname="listings" name="listings_work_well_with_different_formats_and_attributes"/>
    <testcase time="0.00699999999999967" classname="listings" name="listings_work_well_with_different_formats_and_attributes"/>
    <testcase time="0.00200000000000022" classname="listings" name="listings_work_well_with_different_formats_and_attributes"/>
    <testcase time="0.024" classname="listings" name="Content_of_listings_supports_newlines"/>
    <testcase time="0.012" classname="listings" name="Content_of_listings_supports_newlines"/>
    <testcase time="0.012" classname="listings" name="regression_test_for_keycols_being_lost_due_to_head_"/>
    <testcase time="0.0489999999999999" classname="listings" name="column_inclusion_and_ordering_stuff"/>
    <testcase time="0.0179999999999998" classname="listings" name="column_inclusion_and_ordering_stuff"/>
    <testcase time="0.0450000000000004" classname="listings" name="column_inclusion_and_ordering_stuff"/>
    <testcase time="0.0379999999999998" classname="listings" name="column_inclusion_and_ordering_stuff"/>
    <testcase time="0.00800000000000001" classname="listings" name="column_inclusion_and_ordering_stuff"/>
    <testcase time="0.00499999999999989" classname="listings" name="column_inclusion_and_ordering_stuff"/>
    <testcase time="0.0820000000000003" classname="listings" name="column_inclusion_and_ordering_stuff"/>
    <testcase time="0.02" classname="listings" name="unique_rows_removes_duplicate_rows_from_listing"/>
    <testcase time="0.028" classname="listings" name="unique_rows_removes_duplicate_rows_from_listing"/>
    <testcase time="0.0359999999999996" classname="listings" name="as_listing_custom_format_works_in_key_cols"/>
    <testcase time="0.0270000000000001" classname="listings" name="as_listing_custom_format_works_in_key_cols"/>
    <testcase time="0.0489999999999999" classname="listings" name="as_listing_works_with_NA_values_in_key_cols"/>
    <testcase time="0.0430000000000001" classname="listings" name="as_listing_works_with_NA_values_in_key_cols"/>
    <testcase time="0.0430000000000001" classname="listings" name="as_listing_works_with_NA_values_in_key_cols"/>
    <testcase time="0.0089999999999999" classname="listings" name="as_listing_works_with_NA_values_in_key_cols"/>
    <testcase time="0.0299999999999998" classname="listings" name="add_listing_col_works_with_a_function_when_a_format_is_applied"/>
    <testcase time="0.0130000000000003" classname="listings" name="split_into_pages_by_var_works_as_expected"/>
    <testcase time="0.00299999999999967" classname="listings" name="split_into_pages_by_var_works_as_expected"/>
    <testcase time="0.0190000000000001" classname="listings" name="split_into_pages_by_var_works_as_expected"/>
    <testcase time="0.0089999999999999" classname="listings" name="appropriate_error_message_returned_for_difftime_class"/>
  </testsuite>
  <testsuite name="matrix_form" timestamp="2024-12-19T10:36:33Z" hostname="b6b34377781d" tests="13" skipped="0" failures="0" errors="0" time="0.412">
    <testcase time="0.0580000000000003" classname="matrix_form" name="matrix_form_keeps_relevant_information_and_structure_about_the_listing"/>
    <testcase time="0.00299999999999967" classname="matrix_form" name="matrix_form_keeps_relevant_information_and_structure_about_the_listing"/>
    <testcase time="0.00800000000000001" classname="matrix_form" name="matrix_form_keeps_relevant_information_and_structure_about_the_listing"/>
    <testcase time="0.0790000000000002" classname="matrix_form" name="matrix_form_keeps_relevant_information_and_structure_about_the_listing"/>
    <testcase time="0.104" classname="matrix_form" name="matrix_form_keeps_relevant_information_and_structure_about_the_listing"/>
    <testcase time="0.00199999999999978" classname="matrix_form" name="matrix_form_keeps_relevant_information_and_structure_about_the_listing"/>
    <testcase time="0.00300000000000011" classname="matrix_form" name="matrix_form_keeps_relevant_information_and_structure_about_the_listing"/>
    <testcase time="0.0880000000000001" classname="matrix_form" name="matrix_form_keeps_relevant_information_and_structure_about_the_listing"/>
    <testcase time="0.00300000000000011" classname="matrix_form" name="matrix_form_keeps_relevant_information_and_structure_about_the_listing"/>
    <testcase time="0.00199999999999978" classname="matrix_form" name="matrix_form_keeps_relevant_information_and_structure_about_the_listing"/>
    <testcase time="0.0129999999999999" classname="matrix_form" name="matrix_form_detects_or_in_labels_and_sends_meaningful_error_message"/>
    <testcase time="0.0270000000000001" classname="matrix_form" name="matrix_form_detects_or_in_labels_and_sends_meaningful_error_message"/>
    <testcase time="0.0220000000000002" classname="matrix_form" name="matrix_form_detects_or_in_labels_and_sends_meaningful_error_message"/>
  </testsuite>
  <testsuite name="paginate_listing" timestamp="2024-12-19T10:36:34Z" hostname="b6b34377781d" tests="43" skipped="0" failures="0" errors="0" time="6.135">
    <testcase time="0.133999999999999" classname="paginate_listing" name="pagination_works_vertically"/>
    <testcase time="0.104" classname="paginate_listing" name="pagination_works_vertically"/>
    <testcase time="0.0350000000000001" classname="paginate_listing" name="pagination_works_vertically"/>
    <testcase time="0.124" classname="paginate_listing" name="horizontal_pagination_with_0_or_1_key_column_specified_works_correctly"/>
    <testcase time="0.00200000000000067" classname="paginate_listing" name="horizontal_pagination_with_0_or_1_key_column_specified_works_correctly"/>
    <testcase time="0.00300000000000011" classname="paginate_listing" name="horizontal_pagination_with_0_or_1_key_column_specified_works_correctly"/>
    <testcase time="0.125999999999999" classname="paginate_listing" name="horizontal_pagination_with_0_or_1_key_column_specified_works_correctly"/>
    <testcase time="0.00300000000000011" classname="paginate_listing" name="horizontal_pagination_with_0_or_1_key_column_specified_works_correctly"/>
    <testcase time="0.00199999999999978" classname="paginate_listing" name="horizontal_pagination_with_0_or_1_key_column_specified_works_correctly"/>
    <testcase time="0.00300000000000011" classname="paginate_listing" name="horizontal_pagination_with_0_or_1_key_column_specified_works_correctly"/>
    <testcase time="0.0789999999999997" classname="paginate_listing" name="listing_works_with_no_vertical_pagination"/>
    <testcase time="0.00300000000000011" classname="paginate_listing" name="listing_works_with_no_vertical_pagination"/>
    <testcase time="0.00400000000000045" classname="paginate_listing" name="listing_works_with_no_vertical_pagination"/>
    <testcase time="0.0869999999999997" classname="paginate_listing" name="checking_vertical_pagination_line_calculation."/>
    <testcase time="0.00400000000000045" classname="paginate_listing" name="checking_vertical_pagination_line_calculation."/>
    <testcase time="0.465999999999999" classname="paginate_listing" name="pagination_lpp_and_cpp_correctly_computed_for_pg_width_and_pg_height"/>
    <testcase time="0.48" classname="paginate_listing" name="pagination_lpp_and_cpp_correctly_computed_for_page_type_and_font_size"/>
    <testcase time="0.483" classname="paginate_listing" name="pagination_lpp_and_cpp_correctly_computed_for_page_type_and_font_size"/>
    <testcase time="0.566000000000001" classname="paginate_listing" name="pagination_lpp_and_cpp_correctly_computed_for_lineheight"/>
    <testcase time="0.489999999999999" classname="paginate_listing" name="pagination_lpp_and_cpp_correctly_computed_for_landscape"/>
    <testcase time="0.566000000000001" classname="paginate_listing" name="pagination_lpp_and_cpp_correctly_computed_for_margins"/>
    <testcase time="0.215999999999999" classname="paginate_listing" name="pagination_works_with_col_wrapping"/>
    <testcase time="0.200000000000001" classname="paginate_listing" name="pagination_works_with_col_wrapping"/>
    <testcase time="0.00499999999999901" classname="paginate_listing" name="pagination_works_with_col_wrapping"/>
    <testcase time="0.231000000000002" classname="paginate_listing" name="pagination_repeats_keycols_in_other_pages"/>
    <testcase time="0.165999999999999" classname="paginate_listing" name="pagination_repeats_keycols_in_other_pages"/>
    <testcase time="0.127000000000001" classname="paginate_listing" name="pagination_repeats_keycols_in_other_pages"/>
    <testcase time="0.159000000000001" classname="paginate_listing" name="pagination_repeats_keycols_in_other_pages"/>
    <testcase time="0.132999999999999" classname="paginate_listing" name="paginate_to_mpfs_works_with_wrapping_on_keycols"/>
    <testcase time="0.0600000000000005" classname="paginate_listing" name="paginate_to_mpfs_works_with_wrapping_on_keycols"/>
    <testcase time="0.0719999999999992" classname="paginate_listing" name="paginate_to_mpfs_works_with_wrapping_on_keycols"/>
    <testcase time="0.0739999999999998" classname="paginate_listing" name="paginate_to_mpfs_works_with_wrapping_on_keycols"/>
    <testcase time="0.118" classname="paginate_listing" name="paginate_to_mpfs_works_with_wrapping_on_keycols"/>
    <testcase time="0.168000000000001" classname="paginate_listing" name="paginate_to_mpfs_works_with_wrapping_on_keycols_when_doing_horizontal_pagination"/>
    <testcase time="0.180999999999999" classname="paginate_listing" name="paginate_to_mpfs_works_with_wrapping_on_keycols_when_doing_horizontal_pagination"/>
    <testcase time="0.0570000000000004" classname="paginate_listing" name="paginate_to_mpfs_works_with_wrapping_on_keycols_when_doing_horizontal_pagination"/>
    <testcase time="0.0120000000000005" classname="paginate_listing" name="paginate_listing_works_with_split_into_pages_by_var"/>
    <testcase time="0.165999999999999" classname="paginate_listing" name="paginate_listing_works_with_split_into_pages_by_var"/>
    <testcase time="0.00300000000000011" classname="paginate_listing" name="paginate_listing_works_with_split_into_pages_by_var"/>
    <testcase time="0.00300000000000011" classname="paginate_listing" name="paginate_listing_works_with_split_into_pages_by_var"/>
    <testcase time="0.00300000000000011" classname="paginate_listing" name="paginate_listing_works_with_split_into_pages_by_var"/>
    <testcase time="0.0289999999999999" classname="paginate_listing" name="paginate_listing_works_with_split_into_pages_by_var"/>
    <testcase time="0.188000000000001" classname="paginate_listing" name="paginate_listing_works_with_split_into_pages_by_var"/>
  </testsuite>
  <testsuite name="print" timestamp="2024-12-19T10:36:40Z" hostname="b6b34377781d" tests="16" skipped="0" failures="0" errors="0" time="1.411">
    <testcase time="0.0589999999999993" classname="print" name="Listing_print_correctly"/>
    <testcase time="0.146000000000001" classname="print" name="Listing_print_correctly_with_different_widths"/>
    <testcase time="0.0689999999999991" classname="print" name="Listing_print_correctly_with_different_widths"/>
    <testcase time="0.0609999999999999" classname="print" name="as_listing_produces_correct_output_when_default_formatting_is_specified"/>
    <testcase time="0.00400000000000134" classname="print" name="as_listing_produces_correct_output_when_default_formatting_is_specified"/>
    <testcase time="0.00600000000000023" classname="print" name="as_listing_produces_correct_output_when_default_formatting_is_specified"/>
    <testcase time="0.0549999999999997" classname="print" name="as_listing_produces_correct_output_when_col_formatting_is_specified"/>
    <testcase time="0.0569999999999986" classname="print" name="as_listing_produces_correct_output_when_col_formatting_is_specified"/>
    <testcase time="0.00600000000000023" classname="print" name="as_listing_produces_correct_output_when_col_formatting_is_specified"/>
    <testcase time="0.00400000000000134" classname="print" name="as_listing_produces_correct_output_when_col_formatting_is_specified"/>
    <testcase time="0.048" classname="print" name="listings_support_newline_characters"/>
    <testcase time="0.0749999999999993" classname="print" name="listings_support_newline_characters"/>
    <testcase time="0.247" classname="print" name="listings_supports_wrapping"/>
    <testcase time="0.508000000000001" classname="print" name="listings_supports_wrapping"/>
    <testcase time="0.00299999999999834" classname="print" name="listings_supports_wrapping"/>
    <testcase time="0.0630000000000006" classname="print" name="listings_supports_wrapping"/>
  </testsuite>
</testsuites>
