<?xml version="1.0" encoding="UTF-8"?>
<testsuites>
  <testsuite name="export" timestamp="2025-03-25T09:04:20Z" hostname="c938aa3003c8" tests="11" skipped="6" failures="0" errors="0" time="2.19">
    <testcase time="0.197" classname="export" name="Listing_print_correctly"/>
    <testcase time="0.27" classname="export" name="key_columns_repeat_with_export_as_txt">
      <skipped message="Reason: On CRAN ('test-export.R:26:3')"/>
    </testcase>
    <testcase time="0.156" classname="export" name="key_columns_repeat_with_pagination_with_export_as_txt">
      <skipped message="Reason: On CRAN ('test-export.R:42:3')"/>
    </testcase>
    <testcase time="0.339" classname="export" name="Listing_print_correctly_with_paginate"/>
    <testcase time="0.00299999999999989" classname="export" name="Listing_print_correctly_with_paginate"/>
    <testcase time="0.00300000000000011" classname="export" name="Listing_print_correctly_with_paginate"/>
    <testcase time="0.328" classname="export" name="export_as_txt_works_and_repeats_the_correct_lines_in_pagination"/>
    <testcase time="0.19" classname="export" name="export_as_txt_works_and_repeats_the_correct_lines_in_pagination">
      <skipped message="Reason: On CRAN ('test-export.R:75:3')"/>
    </testcase>
    <testcase time="0.47" classname="export" name="export_as_txt_works_with_split_into_pages_by_var">
      <skipped message="Reason: On CRAN ('test-export.R:92:3')"/>
    </testcase>
    <testcase time="0.0550000000000002" classname="export" name="export_as_txt_works_with_empty_listings">
      <skipped message="Reason: On CRAN ('test-export.R:102:3')"/>
    </testcase>
    <testcase time="0.179" classname="export" name="export_as_txt_works_with_listings_with_all_key_cols">
      <skipped message="Reason: On CRAN ('test-export.R:114:3')"/>
    </testcase>
  </testsuite>
  <testsuite name="listings" timestamp="2025-03-25T09:04:22Z" hostname="c938aa3003c8" tests="57" skipped="0" failures="0" errors="0" time="0.818">
    <testcase time="0.028" classname="listings" name="Column_labels_are_the_same"/>
    <testcase time="0.0219999999999998" classname="listings" name="Column_labels_are_the_same"/>
    <testcase time="0.00200000000000022" classname="listings" name="Column_labels_are_the_same"/>
    <testcase time="0.0259999999999998" classname="listings" name="listings_work_well_with_different_formats_and_attributes"/>
    <testcase time="0.00300000000000011" classname="listings" name="listings_work_well_with_different_formats_and_attributes"/>
    <testcase time="0.00200000000000022" classname="listings" name="listings_work_well_with_different_formats_and_attributes"/>
    <testcase time="0.00299999999999967" classname="listings" name="listings_work_well_with_different_formats_and_attributes"/>
    <testcase time="0.00200000000000022" classname="listings" name="listings_work_well_with_different_formats_and_attributes"/>
    <testcase time="0.00300000000000011" classname="listings" name="listings_work_well_with_different_formats_and_attributes"/>
    <testcase time="0.00199999999999978" classname="listings" name="listings_work_well_with_different_formats_and_attributes"/>
    <testcase time="0.00200000000000022" classname="listings" name="listings_work_well_with_different_formats_and_attributes"/>
    <testcase time="0.00299999999999967" classname="listings" name="listings_work_well_with_different_formats_and_attributes"/>
    <testcase time="0.00200000000000022" classname="listings" name="listings_work_well_with_different_formats_and_attributes"/>
    <testcase time="0.012" classname="listings" name="listings_work_well_with_different_formats_and_attributes"/>
    <testcase time="0.00599999999999978" classname="listings" name="listings_work_well_with_different_formats_and_attributes"/>
    <testcase time="0.00600000000000023" classname="listings" name="listings_work_well_with_different_formats_and_attributes"/>
    <testcase time="0.00599999999999978" classname="listings" name="listings_work_well_with_different_formats_and_attributes"/>
    <testcase time="0.00800000000000001" classname="listings" name="listings_work_well_with_different_formats_and_attributes"/>
    <testcase time="0.00300000000000011" classname="listings" name="listings_work_well_with_different_formats_and_attributes"/>
    <testcase time="0.0179999999999998" classname="listings" name="Content_of_listings_supports_newlines"/>
    <testcase time="0.0110000000000001" classname="listings" name="Content_of_listings_supports_newlines"/>
    <testcase time="0.0110000000000001" classname="listings" name="regression_test_for_keycols_being_lost_due_to_head_"/>
    <testcase time="0.0459999999999998" classname="listings" name="column_inclusion_and_ordering_stuff"/>
    <testcase time="0.016" classname="listings" name="column_inclusion_and_ordering_stuff"/>
    <testcase time="0.0420000000000003" classname="listings" name="column_inclusion_and_ordering_stuff"/>
    <testcase time="0.0369999999999999" classname="listings" name="column_inclusion_and_ordering_stuff"/>
    <testcase time="0.00499999999999989" classname="listings" name="column_inclusion_and_ordering_stuff"/>
    <testcase time="0.004" classname="listings" name="column_inclusion_and_ordering_stuff"/>
    <testcase time="0.0760000000000001" classname="listings" name="column_inclusion_and_ordering_stuff"/>
    <testcase time="0.02" classname="listings" name="unique_rows_removes_duplicate_rows_from_listing"/>
    <testcase time="0.0230000000000001" classname="listings" name="unique_rows_removes_duplicate_rows_from_listing"/>
    <testcase time="0.0329999999999999" classname="listings" name="as_listing_custom_format_works_in_key_cols"/>
    <testcase time="0.024" classname="listings" name="as_listing_custom_format_works_in_key_cols"/>
    <testcase time="0.0409999999999999" classname="listings" name="as_listing_works_with_NA_values_in_key_cols"/>
    <testcase time="0.0390000000000001" classname="listings" name="as_listing_works_with_NA_values_in_key_cols"/>
    <testcase time="0.0339999999999998" classname="listings" name="as_listing_works_with_NA_values_in_key_cols"/>
    <testcase time="0.0100000000000002" classname="listings" name="as_listing_works_with_NA_values_in_key_cols"/>
    <testcase time="0.00800000000000001" classname="listings" name="as_listing_sort_cols_works"/>
    <testcase time="0.004" classname="listings" name="as_listing_sort_cols_works"/>
    <testcase time="0.00299999999999967" classname="listings" name="as_listing_sort_cols_works"/>
    <testcase time="0.00499999999999989" classname="listings" name="as_listing_sort_cols_works"/>
    <testcase time="0.00300000000000011" classname="listings" name="as_listing_sort_cols_works"/>
    <testcase time="0.00200000000000022" classname="listings" name="as_listing_sort_cols_works"/>
    <testcase time="0.00800000000000001" classname="listings" name="as_listing_sort_cols_works"/>
    <testcase time="0.00199999999999978" classname="listings" name="as_listing_sort_cols_works"/>
    <testcase time="0.00300000000000011" classname="listings" name="as_listing_sort_cols_works"/>
    <testcase time="0.00300000000000011" classname="listings" name="as_listing_sort_cols_works"/>
    <testcase time="0.00299999999999967" classname="listings" name="as_listing_sort_cols_works"/>
    <testcase time="0.00500000000000034" classname="listings" name="as_listing_sort_cols_works"/>
    <testcase time="0.00299999999999967" classname="listings" name="as_listing_sort_cols_works"/>
    <testcase time="0.00200000000000022" classname="listings" name="as_listing_sort_cols_works"/>
    <testcase time="0.0699999999999998" classname="listings" name="as_listing_sort_cols_works"/>
    <testcase time="0.024" classname="listings" name="add_listing_col_works_with_a_function_when_a_format_is_applied"/>
    <testcase time="0.012" classname="listings" name="split_into_pages_by_var_works_as_expected"/>
    <testcase time="0.00300000000000011" classname="listings" name="split_into_pages_by_var_works_as_expected"/>
    <testcase time="0.0139999999999998" classname="listings" name="split_into_pages_by_var_works_as_expected"/>
    <testcase time="0.0100000000000002" classname="listings" name="appropriate_error_message_returned_for_difftime_class"/>
  </testsuite>
  <testsuite name="matrix_form" timestamp="2025-03-25T09:04:23Z" hostname="c938aa3003c8" tests="13" skipped="0" failures="0" errors="0" time="0.336">
    <testcase time="0.0600000000000001" classname="matrix_form" name="matrix_form_keeps_relevant_information_and_structure_about_the_listing"/>
    <testcase time="0.00199999999999978" classname="matrix_form" name="matrix_form_keeps_relevant_information_and_structure_about_the_listing"/>
    <testcase time="0.00700000000000012" classname="matrix_form" name="matrix_form_keeps_relevant_information_and_structure_about_the_listing"/>
    <testcase time="0.012" classname="matrix_form" name="matrix_form_keeps_relevant_information_and_structure_about_the_listing"/>
    <testcase time="0.0920000000000001" classname="matrix_form" name="matrix_form_keeps_relevant_information_and_structure_about_the_listing"/>
    <testcase time="0.00300000000000011" classname="matrix_form" name="matrix_form_keeps_relevant_information_and_structure_about_the_listing"/>
    <testcase time="0.00199999999999978" classname="matrix_form" name="matrix_form_keeps_relevant_information_and_structure_about_the_listing"/>
    <testcase time="0.0899999999999999" classname="matrix_form" name="matrix_form_keeps_relevant_information_and_structure_about_the_listing"/>
    <testcase time="0.00200000000000022" classname="matrix_form" name="matrix_form_keeps_relevant_information_and_structure_about_the_listing"/>
    <testcase time="0.00300000000000011" classname="matrix_form" name="matrix_form_keeps_relevant_information_and_structure_about_the_listing"/>
    <testcase time="0.0129999999999999" classname="matrix_form" name="matrix_form_detects_or_in_labels_and_sends_meaningful_error_message"/>
    <testcase time="0.0259999999999998" classname="matrix_form" name="matrix_form_detects_or_in_labels_and_sends_meaningful_error_message"/>
    <testcase time="0.024" classname="matrix_form" name="matrix_form_detects_or_in_labels_and_sends_meaningful_error_message"/>
  </testsuite>
  <testsuite name="paginate_listing" timestamp="2025-03-25T09:04:23Z" hostname="c938aa3003c8" tests="39" skipped="6" failures="0" errors="0" time="5.834">
    <testcase time="0.109" classname="paginate_listing" name="pagination_works_vertically">
      <skipped message="Reason: On CRAN ('test-paginate_listing.R:18:3')"/>
    </testcase>
    <testcase time="0.115" classname="paginate_listing" name="horizontal_pagination_with_0_or_1_key_column_specified_works_correctly"/>
    <testcase time="0.00199999999999978" classname="paginate_listing" name="horizontal_pagination_with_0_or_1_key_column_specified_works_correctly"/>
    <testcase time="0.00300000000000011" classname="paginate_listing" name="horizontal_pagination_with_0_or_1_key_column_specified_works_correctly"/>
    <testcase time="0.12" classname="paginate_listing" name="horizontal_pagination_with_0_or_1_key_column_specified_works_correctly"/>
    <testcase time="0.00300000000000011" classname="paginate_listing" name="horizontal_pagination_with_0_or_1_key_column_specified_works_correctly"/>
    <testcase time="0.00199999999999978" classname="paginate_listing" name="horizontal_pagination_with_0_or_1_key_column_specified_works_correctly"/>
    <testcase time="0.00300000000000011" classname="paginate_listing" name="horizontal_pagination_with_0_or_1_key_column_specified_works_correctly"/>
    <testcase time="0.077" classname="paginate_listing" name="listing_works_with_no_vertical_pagination"/>
    <testcase time="0.00399999999999956" classname="paginate_listing" name="listing_works_with_no_vertical_pagination"/>
    <testcase time="0.00300000000000011" classname="paginate_listing" name="listing_works_with_no_vertical_pagination"/>
    <testcase time="0.0840000000000005" classname="paginate_listing" name="checking_vertical_pagination_line_calculation."/>
    <testcase time="0.00300000000000011" classname="paginate_listing" name="checking_vertical_pagination_line_calculation."/>
    <testcase time="0.460999999999999" classname="paginate_listing" name="pagination_lpp_and_cpp_correctly_computed_for_pg_width_and_pg_height"/>
    <testcase time="0.476" classname="paginate_listing" name="pagination_lpp_and_cpp_correctly_computed_for_page_type_and_font_size"/>
    <testcase time="0.477" classname="paginate_listing" name="pagination_lpp_and_cpp_correctly_computed_for_page_type_and_font_size"/>
    <testcase time="0.554" classname="paginate_listing" name="pagination_lpp_and_cpp_correctly_computed_for_lineheight"/>
    <testcase time="0.486" classname="paginate_listing" name="pagination_lpp_and_cpp_correctly_computed_for_landscape"/>
    <testcase time="0.563" classname="paginate_listing" name="pagination_lpp_and_cpp_correctly_computed_for_margins"/>
    <testcase time="0.203" classname="paginate_listing" name="pagination_works_with_col_wrapping"/>
    <testcase time="0.198" classname="paginate_listing" name="pagination_works_with_col_wrapping"/>
    <testcase time="0.00400000000000045" classname="paginate_listing" name="pagination_works_with_col_wrapping"/>
    <testcase time="0.229" classname="paginate_listing" name="pagination_repeats_keycols_in_other_pages"/>
    <testcase time="0.140000000000001" classname="paginate_listing" name="pagination_repeats_keycols_in_other_pages">
      <skipped message="Reason: On CRAN ('test-paginate_listing.R:223:3')"/>
    </testcase>
    <testcase time="0.621" classname="paginate_listing" name="pagination_repeats_keycols_in_other_pages_longer_test_">
      <skipped message="Reason: On CRAN ('test-paginate_listing.R:257:3')"/>
    </testcase>
    <testcase time="0.122" classname="paginate_listing" name="paginate_to_mpfs_works_with_wrapping_on_keycols"/>
    <testcase time="0.0339999999999989" classname="paginate_listing" name="paginate_to_mpfs_works_with_wrapping_on_keycols">
      <skipped message="Reason: On CRAN ('test-paginate_listing.R:275:3')"/>
    </testcase>
    <testcase time="0.173" classname="paginate_listing" name="paginate_to_mpfs_works_with_wrapping_on_keycols_when_doing_horizontal_pagination"/>
    <testcase time="0.18" classname="paginate_listing" name="paginate_to_mpfs_works_with_wrapping_on_keycols_when_doing_horizontal_pagination"/>
    <testcase time="0.0560000000000009" classname="paginate_listing" name="paginate_to_mpfs_works_with_wrapping_on_keycols_when_doing_horizontal_pagination"/>
    <testcase time="0.0120000000000005" classname="paginate_listing" name="paginate_listing_works_with_split_into_pages_by_var"/>
    <testcase time="0.161" classname="paginate_listing" name="paginate_listing_works_with_split_into_pages_by_var"/>
    <testcase time="0.00199999999999889" classname="paginate_listing" name="paginate_listing_works_with_split_into_pages_by_var"/>
    <testcase time="0.00300000000000011" classname="paginate_listing" name="paginate_listing_works_with_split_into_pages_by_var"/>
    <testcase time="0.00300000000000011" classname="paginate_listing" name="paginate_listing_works_with_split_into_pages_by_var"/>
    <testcase time="0.0129999999999999" classname="paginate_listing" name="paginate_listing_works_with_split_into_pages_by_var">
      <skipped message="Reason: On CRAN ('test-paginate_listing.R:352:3')"/>
    </testcase>
    <testcase time="0.0310000000000006" classname="paginate_listing" name="paginate_listing_works_with_split_into_pages_by_var_and_trailing_sep"/>
    <testcase time="0.0109999999999992" classname="paginate_listing" name="paginate_listing_works_with_split_into_pages_by_var_and_trailing_sep"/>
    <testcase time="0.093" classname="paginate_listing" name="paginate_listing_works_with_split_into_pages_by_var_and_trailing_sep">
      <skipped message="Reason: On CRAN ('test-paginate_listing.R:401:3')"/>
    </testcase>
  </testsuite>
  <testsuite name="print" timestamp="2025-03-25T09:04:29Z" hostname="c938aa3003c8" tests="23" skipped="6" failures="0" errors="0" time="1.64">
    <testcase time="0.0790000000000006" classname="print" name="Listing_print_correctly"/>
    <testcase time="0.00300000000000011" classname="print" name="Listing_print_correctly"/>
    <testcase time="0.00500000000000078" classname="print" name="Listing_print_correctly">
      <skipped message="Reason: On CRAN ('test-print.R:11:3')"/>
    </testcase>
    <testcase time="0.151999999999999" classname="print" name="Listing_print_correctly_with_different_widths"/>
    <testcase time="0.0510000000000002" classname="print" name="Listing_print_correctly_with_different_widths">
      <skipped message="Reason: On CRAN ('test-print.R:23:3')"/>
    </testcase>
    <testcase time="0.0519999999999996" classname="print" name="as_listing_produces_correct_output_when_default_formatting_is_specified">
      <skipped message="Reason: On CRAN ('test-print.R:39:3')"/>
    </testcase>
    <testcase time="0.0470000000000006" classname="print" name="as_listing_produces_correct_output_when_col_formatting_is_specified">
      <skipped message="Reason: On CRAN ('test-print.R:78:3')"/>
    </testcase>
    <testcase time="0.0449999999999999" classname="print" name="listings_support_newline_characters">
      <skipped message="Reason: On CRAN ('test-print.R:141:3')"/>
    </testcase>
    <testcase time="0.253" classname="print" name="listings_supports_wrapping"/>
    <testcase time="0.506" classname="print" name="listings_supports_wrapping"/>
    <testcase time="0.00300000000000011" classname="print" name="listings_supports_wrapping"/>
    <testcase time="0.0569999999999986" classname="print" name="listings_supports_wrapping"/>
    <testcase time="0.0590000000000011" classname="print" name="sas_rounding_support"/>
    <testcase time="0.00199999999999889" classname="print" name="sas_rounding_support"/>
    <testcase time="0.0490000000000013" classname="print" name="sas_rounding_support"/>
    <testcase time="0.00499999999999901" classname="print" name="sas_rounding_support"/>
    <testcase time="0.0630000000000006" classname="print" name="sas_rounding_support"/>
    <testcase time="0.0549999999999997" classname="print" name="listings_supports_horizontal_separators"/>
    <testcase time="0.043000000000001" classname="print" name="listings_supports_horizontal_separators"/>
    <testcase time="0.0429999999999993" classname="print" name="listings_supports_horizontal_separators"/>
    <testcase time="0.00500000000000078" classname="print" name="listings_supports_horizontal_separators"/>
    <testcase time="0.0349999999999984" classname="print" name="listings_supports_horizontal_separators"/>
    <testcase time="0.0280000000000005" classname="print" name="listings_supports_horizontal_separators">
      <skipped message="Reason: On CRAN ('test-print.R:261:3')"/>
    </testcase>
  </testsuite>
</testsuites>
