<?xml version="1.0" encoding="UTF-8"?>
<testsuites>
  <testsuite name="export" timestamp="2025-03-13T09:31:03Z" hostname="5f49044c2dd5" tests="11" skipped="6" failures="0" errors="0" time="2.347">
    <testcase time="0.2" classname="export" name="Listing_print_correctly"/>
    <testcase time="0.286" classname="export" name="key_columns_repeat_with_export_as_txt">
      <skipped message="Reason: On CRAN ('test-export.R:26:3')"/>
    </testcase>
    <testcase time="0.167" classname="export" name="key_columns_repeat_with_pagination_with_export_as_txt">
      <skipped message="Reason: On CRAN ('test-export.R:42:3')"/>
    </testcase>
    <testcase time="0.363" classname="export" name="Listing_print_correctly_with_paginate"/>
    <testcase time="0.002" classname="export" name="Listing_print_correctly_with_paginate"/>
    <testcase time="0.00299999999999989" classname="export" name="Listing_print_correctly_with_paginate"/>
    <testcase time="0.357" classname="export" name="export_as_txt_works_and_repeats_the_correct_lines_in_pagination"/>
    <testcase time="0.202" classname="export" name="export_as_txt_works_and_repeats_the_correct_lines_in_pagination">
      <skipped message="Reason: On CRAN ('test-export.R:75:3')"/>
    </testcase>
    <testcase time="0.51" classname="export" name="export_as_txt_works_with_split_into_pages_by_var">
      <skipped message="Reason: On CRAN ('test-export.R:92:3')"/>
    </testcase>
    <testcase time="0.0600000000000001" classname="export" name="export_as_txt_works_with_empty_listings">
      <skipped message="Reason: On CRAN ('test-export.R:102:3')"/>
    </testcase>
    <testcase time="0.197" classname="export" name="export_as_txt_works_with_listings_with_all_key_cols">
      <skipped message="Reason: On CRAN ('test-export.R:114:3')"/>
    </testcase>
  </testsuite>
  <testsuite name="listings" timestamp="2025-03-13T09:31:06Z" hostname="5f49044c2dd5" tests="57" skipped="0" failures="0" errors="0" time="0.889">
    <testcase time="0.0309999999999997" classname="listings" name="Column_labels_are_the_same"/>
    <testcase time="0.0220000000000002" classname="listings" name="Column_labels_are_the_same"/>
    <testcase time="0.00300000000000011" classname="listings" name="Column_labels_are_the_same"/>
    <testcase time="0.0289999999999999" classname="listings" name="listings_work_well_with_different_formats_and_attributes"/>
    <testcase time="0.00299999999999967" classname="listings" name="listings_work_well_with_different_formats_and_attributes"/>
    <testcase time="0.00200000000000022" classname="listings" name="listings_work_well_with_different_formats_and_attributes"/>
    <testcase time="0.00300000000000011" classname="listings" name="listings_work_well_with_different_formats_and_attributes"/>
    <testcase time="0.004" classname="listings" name="listings_work_well_with_different_formats_and_attributes"/>
    <testcase time="0.00299999999999967" classname="listings" name="listings_work_well_with_different_formats_and_attributes"/>
    <testcase time="0.00300000000000011" classname="listings" name="listings_work_well_with_different_formats_and_attributes"/>
    <testcase time="0.00200000000000022" classname="listings" name="listings_work_well_with_different_formats_and_attributes"/>
    <testcase time="0.00299999999999967" classname="listings" name="listings_work_well_with_different_formats_and_attributes"/>
    <testcase time="0.00300000000000011" classname="listings" name="listings_work_well_with_different_formats_and_attributes"/>
    <testcase time="0.00800000000000001" classname="listings" name="listings_work_well_with_different_formats_and_attributes"/>
    <testcase time="0.00600000000000023" classname="listings" name="listings_work_well_with_different_formats_and_attributes"/>
    <testcase time="0.00999999999999979" classname="listings" name="listings_work_well_with_different_formats_and_attributes"/>
    <testcase time="0.00700000000000012" classname="listings" name="listings_work_well_with_different_formats_and_attributes"/>
    <testcase time="0.00700000000000012" classname="listings" name="listings_work_well_with_different_formats_and_attributes"/>
    <testcase time="0.00199999999999978" classname="listings" name="listings_work_well_with_different_formats_and_attributes"/>
    <testcase time="0.0220000000000002" classname="listings" name="Content_of_listings_supports_newlines"/>
    <testcase time="0.0129999999999999" classname="listings" name="Content_of_listings_supports_newlines"/>
    <testcase time="0.00800000000000001" classname="listings" name="regression_test_for_keycols_being_lost_due_to_head_"/>
    <testcase time="0.052" classname="listings" name="column_inclusion_and_ordering_stuff"/>
    <testcase time="0.016" classname="listings" name="column_inclusion_and_ordering_stuff"/>
    <testcase time="0.0429999999999997" classname="listings" name="column_inclusion_and_ordering_stuff"/>
    <testcase time="0.044" classname="listings" name="column_inclusion_and_ordering_stuff"/>
    <testcase time="0.00499999999999989" classname="listings" name="column_inclusion_and_ordering_stuff"/>
    <testcase time="0.00500000000000034" classname="listings" name="column_inclusion_and_ordering_stuff"/>
    <testcase time="0.0840000000000001" classname="listings" name="column_inclusion_and_ordering_stuff"/>
    <testcase time="0.0229999999999997" classname="listings" name="unique_rows_removes_duplicate_rows_from_listing"/>
    <testcase time="0.0260000000000002" classname="listings" name="unique_rows_removes_duplicate_rows_from_listing"/>
    <testcase time="0.0369999999999999" classname="listings" name="as_listing_custom_format_works_in_key_cols"/>
    <testcase time="0.0270000000000001" classname="listings" name="as_listing_custom_format_works_in_key_cols"/>
    <testcase time="0.0479999999999996" classname="listings" name="as_listing_works_with_NA_values_in_key_cols"/>
    <testcase time="0.0410000000000004" classname="listings" name="as_listing_works_with_NA_values_in_key_cols"/>
    <testcase time="0.0409999999999999" classname="listings" name="as_listing_works_with_NA_values_in_key_cols"/>
    <testcase time="0.00800000000000001" classname="listings" name="as_listing_works_with_NA_values_in_key_cols"/>
    <testcase time="0.00800000000000001" classname="listings" name="as_listing_sort_cols_works"/>
    <testcase time="0.004" classname="listings" name="as_listing_sort_cols_works"/>
    <testcase time="0.00300000000000011" classname="listings" name="as_listing_sort_cols_works"/>
    <testcase time="0.0089999999999999" classname="listings" name="as_listing_sort_cols_works"/>
    <testcase time="0.00300000000000011" classname="listings" name="as_listing_sort_cols_works"/>
    <testcase time="0.00299999999999967" classname="listings" name="as_listing_sort_cols_works"/>
    <testcase time="0.00500000000000034" classname="listings" name="as_listing_sort_cols_works"/>
    <testcase time="0.00199999999999978" classname="listings" name="as_listing_sort_cols_works"/>
    <testcase time="0.00300000000000011" classname="listings" name="as_listing_sort_cols_works"/>
    <testcase time="0.00300000000000011" classname="listings" name="as_listing_sort_cols_works"/>
    <testcase time="0.00299999999999967" classname="listings" name="as_listing_sort_cols_works"/>
    <testcase time="0.0750000000000002" classname="listings" name="as_listing_sort_cols_works"/>
    <testcase time="0.00300000000000011" classname="listings" name="as_listing_sort_cols_works"/>
    <testcase time="0.00300000000000011" classname="listings" name="as_listing_sort_cols_works"/>
    <testcase time="0.00499999999999989" classname="listings" name="as_listing_sort_cols_works"/>
    <testcase time="0.024" classname="listings" name="add_listing_col_works_with_a_function_when_a_format_is_applied"/>
    <testcase time="0.012" classname="listings" name="split_into_pages_by_var_works_as_expected"/>
    <testcase time="0.00299999999999967" classname="listings" name="split_into_pages_by_var_works_as_expected"/>
    <testcase time="0.0140000000000002" classname="listings" name="split_into_pages_by_var_works_as_expected"/>
    <testcase time="0.00999999999999979" classname="listings" name="appropriate_error_message_returned_for_difftime_class"/>
  </testsuite>
  <testsuite name="matrix_form" timestamp="2025-03-13T09:31:07Z" hostname="5f49044c2dd5" tests="13" skipped="0" failures="0" errors="0" time="0.346">
    <testcase time="0.0580000000000003" classname="matrix_form" name="matrix_form_keeps_relevant_information_and_structure_about_the_listing"/>
    <testcase time="0.00300000000000011" classname="matrix_form" name="matrix_form_keeps_relevant_information_and_structure_about_the_listing"/>
    <testcase time="0.00699999999999967" classname="matrix_form" name="matrix_form_keeps_relevant_information_and_structure_about_the_listing"/>
    <testcase time="0.012" classname="matrix_form" name="matrix_form_keeps_relevant_information_and_structure_about_the_listing"/>
    <testcase time="0.0920000000000005" classname="matrix_form" name="matrix_form_keeps_relevant_information_and_structure_about_the_listing"/>
    <testcase time="0.00299999999999923" classname="matrix_form" name="matrix_form_keeps_relevant_information_and_structure_about_the_listing"/>
    <testcase time="0.00200000000000067" classname="matrix_form" name="matrix_form_keeps_relevant_information_and_structure_about_the_listing"/>
    <testcase time="0.0969999999999995" classname="matrix_form" name="matrix_form_keeps_relevant_information_and_structure_about_the_listing"/>
    <testcase time="0.00300000000000011" classname="matrix_form" name="matrix_form_keeps_relevant_information_and_structure_about_the_listing"/>
    <testcase time="0.00199999999999978" classname="matrix_form" name="matrix_form_keeps_relevant_information_and_structure_about_the_listing"/>
    <testcase time="0.0140000000000002" classname="matrix_form" name="matrix_form_detects_or_in_labels_and_sends_meaningful_error_message"/>
    <testcase time="0.0280000000000005" classname="matrix_form" name="matrix_form_detects_or_in_labels_and_sends_meaningful_error_message"/>
    <testcase time="0.0249999999999995" classname="matrix_form" name="matrix_form_detects_or_in_labels_and_sends_meaningful_error_message"/>
  </testsuite>
  <testsuite name="paginate_listing" timestamp="2025-03-13T09:31:07Z" hostname="5f49044c2dd5" tests="36" skipped="5" failures="0" errors="0" time="5.978">
    <testcase time="0.113" classname="paginate_listing" name="pagination_works_vertically">
      <skipped message="Reason: On CRAN ('test-paginate_listing.R:18:3')"/>
    </testcase>
    <testcase time="0.119" classname="paginate_listing" name="horizontal_pagination_with_0_or_1_key_column_specified_works_correctly"/>
    <testcase time="0.00199999999999978" classname="paginate_listing" name="horizontal_pagination_with_0_or_1_key_column_specified_works_correctly"/>
    <testcase time="0.00300000000000011" classname="paginate_listing" name="horizontal_pagination_with_0_or_1_key_column_specified_works_correctly"/>
    <testcase time="0.125" classname="paginate_listing" name="horizontal_pagination_with_0_or_1_key_column_specified_works_correctly"/>
    <testcase time="0.00300000000000011" classname="paginate_listing" name="horizontal_pagination_with_0_or_1_key_column_specified_works_correctly"/>
    <testcase time="0.00300000000000011" classname="paginate_listing" name="horizontal_pagination_with_0_or_1_key_column_specified_works_correctly"/>
    <testcase time="0.00199999999999978" classname="paginate_listing" name="horizontal_pagination_with_0_or_1_key_column_specified_works_correctly"/>
    <testcase time="0.0830000000000002" classname="paginate_listing" name="listing_works_with_no_vertical_pagination"/>
    <testcase time="0.00300000000000011" classname="paginate_listing" name="listing_works_with_no_vertical_pagination"/>
    <testcase time="0.00300000000000011" classname="paginate_listing" name="listing_works_with_no_vertical_pagination"/>
    <testcase time="0.0889999999999995" classname="paginate_listing" name="checking_vertical_pagination_line_calculation."/>
    <testcase time="0.00300000000000011" classname="paginate_listing" name="checking_vertical_pagination_line_calculation."/>
    <testcase time="0.481" classname="paginate_listing" name="pagination_lpp_and_cpp_correctly_computed_for_pg_width_and_pg_height"/>
    <testcase time="0.51" classname="paginate_listing" name="pagination_lpp_and_cpp_correctly_computed_for_page_type_and_font_size"/>
    <testcase time="0.497000000000001" classname="paginate_listing" name="pagination_lpp_and_cpp_correctly_computed_for_page_type_and_font_size"/>
    <testcase time="0.581" classname="paginate_listing" name="pagination_lpp_and_cpp_correctly_computed_for_lineheight"/>
    <testcase time="0.51" classname="paginate_listing" name="pagination_lpp_and_cpp_correctly_computed_for_landscape"/>
    <testcase time="0.586" classname="paginate_listing" name="pagination_lpp_and_cpp_correctly_computed_for_margins"/>
    <testcase time="0.220000000000001" classname="paginate_listing" name="pagination_works_with_col_wrapping"/>
    <testcase time="0.206999999999999" classname="paginate_listing" name="pagination_works_with_col_wrapping"/>
    <testcase time="0.00500000000000078" classname="paginate_listing" name="pagination_works_with_col_wrapping"/>
    <testcase time="0.246" classname="paginate_listing" name="pagination_repeats_keycols_in_other_pages"/>
    <testcase time="0.145" classname="paginate_listing" name="pagination_repeats_keycols_in_other_pages">
      <skipped message="Reason: On CRAN ('test-paginate_listing.R:223:3')"/>
    </testcase>
    <testcase time="0.65" classname="paginate_listing" name="pagination_repeats_keycols_in_other_pages_longer_test_">
      <skipped message="Reason: On CRAN ('test-paginate_listing.R:257:3')"/>
    </testcase>
    <testcase time="0.130999999999998" classname="paginate_listing" name="paginate_to_mpfs_works_with_wrapping_on_keycols"/>
    <testcase time="0.032" classname="paginate_listing" name="paginate_to_mpfs_works_with_wrapping_on_keycols">
      <skipped message="Reason: On CRAN ('test-paginate_listing.R:275:3')"/>
    </testcase>
    <testcase time="0.184000000000001" classname="paginate_listing" name="paginate_to_mpfs_works_with_wrapping_on_keycols_when_doing_horizontal_pagination"/>
    <testcase time="0.188000000000001" classname="paginate_listing" name="paginate_to_mpfs_works_with_wrapping_on_keycols_when_doing_horizontal_pagination"/>
    <testcase time="0.0519999999999996" classname="paginate_listing" name="paginate_to_mpfs_works_with_wrapping_on_keycols_when_doing_horizontal_pagination"/>
    <testcase time="0.0119999999999987" classname="paginate_listing" name="paginate_listing_works_with_split_into_pages_by_var"/>
    <testcase time="0.168000000000001" classname="paginate_listing" name="paginate_listing_works_with_split_into_pages_by_var"/>
    <testcase time="0.00300000000000011" classname="paginate_listing" name="paginate_listing_works_with_split_into_pages_by_var"/>
    <testcase time="0.00199999999999889" classname="paginate_listing" name="paginate_listing_works_with_split_into_pages_by_var"/>
    <testcase time="0.00300000000000011" classname="paginate_listing" name="paginate_listing_works_with_split_into_pages_by_var"/>
    <testcase time="0.0140000000000011" classname="paginate_listing" name="paginate_listing_works_with_split_into_pages_by_var">
      <skipped message="Reason: On CRAN ('test-paginate_listing.R:352:3')"/>
    </testcase>
  </testsuite>
  <testsuite name="print" timestamp="2025-03-13T09:31:13Z" hostname="5f49044c2dd5" tests="17" skipped="5" failures="0" errors="0" time="1.492">
    <testcase time="0.0830000000000002" classname="print" name="Listing_print_correctly"/>
    <testcase time="0.00300000000000011" classname="print" name="Listing_print_correctly"/>
    <testcase time="0.00499999999999901" classname="print" name="Listing_print_correctly">
      <skipped message="Reason: On CRAN ('test-print.R:11:3')"/>
    </testcase>
    <testcase time="0.152000000000001" classname="print" name="Listing_print_correctly_with_different_widths"/>
    <testcase time="0.0589999999999993" classname="print" name="Listing_print_correctly_with_different_widths">
      <skipped message="Reason: On CRAN ('test-print.R:23:3')"/>
    </testcase>
    <testcase time="0.0519999999999996" classname="print" name="as_listing_produces_correct_output_when_default_formatting_is_specified">
      <skipped message="Reason: On CRAN ('test-print.R:39:3')"/>
    </testcase>
    <testcase time="0.0519999999999996" classname="print" name="as_listing_produces_correct_output_when_col_formatting_is_specified">
      <skipped message="Reason: On CRAN ('test-print.R:78:3')"/>
    </testcase>
    <testcase time="0.0420000000000016" classname="print" name="listings_support_newline_characters">
      <skipped message="Reason: On CRAN ('test-print.R:141:3')"/>
    </testcase>
    <testcase time="0.260999999999999" classname="print" name="listings_supports_wrapping"/>
    <testcase time="0.528" classname="print" name="listings_supports_wrapping"/>
    <testcase time="0.00300000000000011" classname="print" name="listings_supports_wrapping"/>
    <testcase time="0.0579999999999998" classname="print" name="listings_supports_wrapping"/>
    <testcase time="0.0640000000000001" classname="print" name="sas_rounding_support"/>
    <testcase time="0.00200000000000067" classname="print" name="sas_rounding_support"/>
    <testcase time="0.052999999999999" classname="print" name="sas_rounding_support"/>
    <testcase time="0.00200000000000067" classname="print" name="sas_rounding_support"/>
    <testcase time="0.0730000000000004" classname="print" name="sas_rounding_support"/>
  </testsuite>
</testsuites>
