<?xml version="1.0" encoding="UTF-8"?>
<testsuites>
  <testsuite name="export" timestamp="2025-01-14T16:06:09Z" hostname="4a984775087b" tests="11" skipped="0" failures="0" errors="0" time="2.605">
    <testcase time="0.212" classname="export" name="Listing_print_correctly"/>
    <testcase time="0.337" classname="export" name="key_columns_repeat_with_export_as_txt"/>
    <testcase time="0.195" classname="export" name="key_columns_repeat_with_pagination_with_export_as_txt"/>
    <testcase time="0.364" classname="export" name="Listing_print_correctly_with_paginate"/>
    <testcase time="0.00299999999999989" classname="export" name="Listing_print_correctly_with_paginate"/>
    <testcase time="0.00300000000000011" classname="export" name="Listing_print_correctly_with_paginate"/>
    <testcase time="0.379" classname="export" name="export_as_txt_works_and_repeats_the_correct_lines_in_pagination"/>
    <testcase time="0.244" classname="export" name="export_as_txt_works_and_repeats_the_correct_lines_in_pagination"/>
    <testcase time="0.569" classname="export" name="export_as_txt_works_with_split_into_pages_by_var"/>
    <testcase time="0.077" classname="export" name="export_as_txt_works_with_empty_listings"/>
    <testcase time="0.222" classname="export" name="export_as_txt_works_with_listings_with_all_key_cols"/>
  </testsuite>
  <testsuite name="listings" timestamp="2025-01-14T16:06:11Z" hostname="4a984775087b" tests="42" skipped="0" failures="0" errors="0" time="0.836">
    <testcase time="0.024" classname="listings" name="Column_labels_are_the_same"/>
    <testcase time="0.0259999999999998" classname="listings" name="Column_labels_are_the_same"/>
    <testcase time="0.00300000000000011" classname="listings" name="Column_labels_are_the_same"/>
    <testcase time="0.0309999999999997" classname="listings" name="listings_work_well_with_different_formats_and_attributes"/>
    <testcase time="0.00300000000000011" classname="listings" name="listings_work_well_with_different_formats_and_attributes"/>
    <testcase time="0.00300000000000011" classname="listings" name="listings_work_well_with_different_formats_and_attributes"/>
    <testcase time="0.00199999999999978" classname="listings" name="listings_work_well_with_different_formats_and_attributes"/>
    <testcase time="0.00300000000000011" classname="listings" name="listings_work_well_with_different_formats_and_attributes"/>
    <testcase time="0.00300000000000011" classname="listings" name="listings_work_well_with_different_formats_and_attributes"/>
    <testcase time="0.00199999999999978" classname="listings" name="listings_work_well_with_different_formats_and_attributes"/>
    <testcase time="0.00300000000000011" classname="listings" name="listings_work_well_with_different_formats_and_attributes"/>
    <testcase time="0.00300000000000011" classname="listings" name="listings_work_well_with_different_formats_and_attributes"/>
    <testcase time="0.00199999999999978" classname="listings" name="listings_work_well_with_different_formats_and_attributes"/>
    <testcase time="0.0140000000000002" classname="listings" name="listings_work_well_with_different_formats_and_attributes"/>
    <testcase time="0.00800000000000001" classname="listings" name="listings_work_well_with_different_formats_and_attributes"/>
    <testcase time="0.00600000000000023" classname="listings" name="listings_work_well_with_different_formats_and_attributes"/>
    <testcase time="0.00699999999999967" classname="listings" name="listings_work_well_with_different_formats_and_attributes"/>
    <testcase time="0.00700000000000012" classname="listings" name="listings_work_well_with_different_formats_and_attributes"/>
    <testcase time="0.00300000000000011" classname="listings" name="listings_work_well_with_different_formats_and_attributes"/>
    <testcase time="0.0289999999999999" classname="listings" name="Content_of_listings_supports_newlines"/>
    <testcase time="0.0129999999999999" classname="listings" name="Content_of_listings_supports_newlines"/>
    <testcase time="0.0150000000000001" classname="listings" name="regression_test_for_keycols_being_lost_due_to_head_"/>
    <testcase time="0.0550000000000002" classname="listings" name="column_inclusion_and_ordering_stuff"/>
    <testcase time="0.0209999999999999" classname="listings" name="column_inclusion_and_ordering_stuff"/>
    <testcase time="0.0489999999999999" classname="listings" name="column_inclusion_and_ordering_stuff"/>
    <testcase time="0.04" classname="listings" name="column_inclusion_and_ordering_stuff"/>
    <testcase time="0.0110000000000001" classname="listings" name="column_inclusion_and_ordering_stuff"/>
    <testcase time="0.00599999999999978" classname="listings" name="column_inclusion_and_ordering_stuff"/>
    <testcase time="0.0910000000000002" classname="listings" name="column_inclusion_and_ordering_stuff"/>
    <testcase time="0.0209999999999999" classname="listings" name="unique_rows_removes_duplicate_rows_from_listing"/>
    <testcase time="0.0299999999999998" classname="listings" name="unique_rows_removes_duplicate_rows_from_listing"/>
    <testcase time="0.0390000000000001" classname="listings" name="as_listing_custom_format_works_in_key_cols"/>
    <testcase time="0.0310000000000001" classname="listings" name="as_listing_custom_format_works_in_key_cols"/>
    <testcase time="0.0529999999999999" classname="listings" name="as_listing_works_with_NA_values_in_key_cols"/>
    <testcase time="0.0429999999999997" classname="listings" name="as_listing_works_with_NA_values_in_key_cols"/>
    <testcase time="0.0440000000000005" classname="listings" name="as_listing_works_with_NA_values_in_key_cols"/>
    <testcase time="0.0110000000000001" classname="listings" name="as_listing_works_with_NA_values_in_key_cols"/>
    <testcase time="0.0309999999999997" classname="listings" name="add_listing_col_works_with_a_function_when_a_format_is_applied"/>
    <testcase time="0.0140000000000002" classname="listings" name="split_into_pages_by_var_works_as_expected"/>
    <testcase time="0.00299999999999923" classname="listings" name="split_into_pages_by_var_works_as_expected"/>
    <testcase time="0.0220000000000002" classname="listings" name="split_into_pages_by_var_works_as_expected"/>
    <testcase time="0.0110000000000001" classname="listings" name="appropriate_error_message_returned_for_difftime_class"/>
  </testsuite>
  <testsuite name="matrix_form" timestamp="2025-01-14T16:06:12Z" hostname="4a984775087b" tests="13" skipped="0" failures="0" errors="0" time="0.454">
    <testcase time="0.0659999999999998" classname="matrix_form" name="matrix_form_keeps_relevant_information_and_structure_about_the_listing"/>
    <testcase time="0.00300000000000011" classname="matrix_form" name="matrix_form_keeps_relevant_information_and_structure_about_the_listing"/>
    <testcase time="0.00999999999999979" classname="matrix_form" name="matrix_form_keeps_relevant_information_and_structure_about_the_listing"/>
    <testcase time="0.0920000000000005" classname="matrix_form" name="matrix_form_keeps_relevant_information_and_structure_about_the_listing"/>
    <testcase time="0.109" classname="matrix_form" name="matrix_form_keeps_relevant_information_and_structure_about_the_listing"/>
    <testcase time="0.00300000000000011" classname="matrix_form" name="matrix_form_keeps_relevant_information_and_structure_about_the_listing"/>
    <testcase time="0.00300000000000011" classname="matrix_form" name="matrix_form_keeps_relevant_information_and_structure_about_the_listing"/>
    <testcase time="0.0939999999999994" classname="matrix_form" name="matrix_form_keeps_relevant_information_and_structure_about_the_listing"/>
    <testcase time="0.00300000000000011" classname="matrix_form" name="matrix_form_keeps_relevant_information_and_structure_about_the_listing"/>
    <testcase time="0.00199999999999978" classname="matrix_form" name="matrix_form_keeps_relevant_information_and_structure_about_the_listing"/>
    <testcase time="0.0150000000000006" classname="matrix_form" name="matrix_form_detects_or_in_labels_and_sends_meaningful_error_message"/>
    <testcase time="0.0289999999999999" classname="matrix_form" name="matrix_form_detects_or_in_labels_and_sends_meaningful_error_message"/>
    <testcase time="0.0249999999999995" classname="matrix_form" name="matrix_form_detects_or_in_labels_and_sends_meaningful_error_message"/>
  </testsuite>
  <testsuite name="paginate_listing" timestamp="2025-01-14T16:06:13Z" hostname="4a984775087b" tests="43" skipped="0" failures="0" errors="0" time="6.459">
    <testcase time="0.141" classname="paginate_listing" name="pagination_works_vertically"/>
    <testcase time="0.114000000000001" classname="paginate_listing" name="pagination_works_vertically"/>
    <testcase time="0.0369999999999999" classname="paginate_listing" name="pagination_works_vertically"/>
    <testcase time="0.114" classname="paginate_listing" name="horizontal_pagination_with_0_or_1_key_column_specified_works_correctly"/>
    <testcase time="0.00300000000000011" classname="paginate_listing" name="horizontal_pagination_with_0_or_1_key_column_specified_works_correctly"/>
    <testcase time="0.00299999999999923" classname="paginate_listing" name="horizontal_pagination_with_0_or_1_key_column_specified_works_correctly"/>
    <testcase time="0.133" classname="paginate_listing" name="horizontal_pagination_with_0_or_1_key_column_specified_works_correctly"/>
    <testcase time="0.00199999999999978" classname="paginate_listing" name="horizontal_pagination_with_0_or_1_key_column_specified_works_correctly"/>
    <testcase time="0.00300000000000011" classname="paginate_listing" name="horizontal_pagination_with_0_or_1_key_column_specified_works_correctly"/>
    <testcase time="0.00300000000000011" classname="paginate_listing" name="horizontal_pagination_with_0_or_1_key_column_specified_works_correctly"/>
    <testcase time="0.0830000000000002" classname="paginate_listing" name="listing_works_with_no_vertical_pagination"/>
    <testcase time="0.00300000000000011" classname="paginate_listing" name="listing_works_with_no_vertical_pagination"/>
    <testcase time="0.00399999999999956" classname="paginate_listing" name="listing_works_with_no_vertical_pagination"/>
    <testcase time="0.0910000000000002" classname="paginate_listing" name="checking_vertical_pagination_line_calculation."/>
    <testcase time="0.00300000000000011" classname="paginate_listing" name="checking_vertical_pagination_line_calculation."/>
    <testcase time="0.488" classname="paginate_listing" name="pagination_lpp_and_cpp_correctly_computed_for_pg_width_and_pg_height"/>
    <testcase time="0.511" classname="paginate_listing" name="pagination_lpp_and_cpp_correctly_computed_for_page_type_and_font_size"/>
    <testcase time="0.510000000000001" classname="paginate_listing" name="pagination_lpp_and_cpp_correctly_computed_for_page_type_and_font_size"/>
    <testcase time="0.589" classname="paginate_listing" name="pagination_lpp_and_cpp_correctly_computed_for_lineheight"/>
    <testcase time="0.516" classname="paginate_listing" name="pagination_lpp_and_cpp_correctly_computed_for_landscape"/>
    <testcase time="0.607" classname="paginate_listing" name="pagination_lpp_and_cpp_correctly_computed_for_margins"/>
    <testcase time="0.215999999999999" classname="paginate_listing" name="pagination_works_with_col_wrapping"/>
    <testcase time="0.211" classname="paginate_listing" name="pagination_works_with_col_wrapping"/>
    <testcase time="0.00500000000000078" classname="paginate_listing" name="pagination_works_with_col_wrapping"/>
    <testcase time="0.244" classname="paginate_listing" name="pagination_repeats_keycols_in_other_pages"/>
    <testcase time="0.173" classname="paginate_listing" name="pagination_repeats_keycols_in_other_pages"/>
    <testcase time="0.134" classname="paginate_listing" name="pagination_repeats_keycols_in_other_pages"/>
    <testcase time="0.168999999999999" classname="paginate_listing" name="pagination_repeats_keycols_in_other_pages"/>
    <testcase time="0.140000000000001" classname="paginate_listing" name="paginate_to_mpfs_works_with_wrapping_on_keycols"/>
    <testcase time="0.0630000000000006" classname="paginate_listing" name="paginate_to_mpfs_works_with_wrapping_on_keycols"/>
    <testcase time="0.077" classname="paginate_listing" name="paginate_to_mpfs_works_with_wrapping_on_keycols"/>
    <testcase time="0.0760000000000005" classname="paginate_listing" name="paginate_to_mpfs_works_with_wrapping_on_keycols"/>
    <testcase time="0.126999999999999" classname="paginate_listing" name="paginate_to_mpfs_works_with_wrapping_on_keycols"/>
    <testcase time="0.181000000000001" classname="paginate_listing" name="paginate_to_mpfs_works_with_wrapping_on_keycols_when_doing_horizontal_pagination"/>
    <testcase time="0.193" classname="paginate_listing" name="paginate_to_mpfs_works_with_wrapping_on_keycols_when_doing_horizontal_pagination"/>
    <testcase time="0.0590000000000011" classname="paginate_listing" name="paginate_to_mpfs_works_with_wrapping_on_keycols_when_doing_horizontal_pagination"/>
    <testcase time="0.0129999999999999" classname="paginate_listing" name="paginate_listing_works_with_split_into_pages_by_var"/>
    <testcase time="0.178999999999998" classname="paginate_listing" name="paginate_listing_works_with_split_into_pages_by_var"/>
    <testcase time="0.00300000000000011" classname="paginate_listing" name="paginate_listing_works_with_split_into_pages_by_var"/>
    <testcase time="0.00300000000000011" classname="paginate_listing" name="paginate_listing_works_with_split_into_pages_by_var"/>
    <testcase time="0.00300000000000011" classname="paginate_listing" name="paginate_listing_works_with_split_into_pages_by_var"/>
    <testcase time="0.0300000000000011" classname="paginate_listing" name="paginate_listing_works_with_split_into_pages_by_var"/>
    <testcase time="0.202" classname="paginate_listing" name="paginate_listing_works_with_split_into_pages_by_var"/>
  </testsuite>
  <testsuite name="print" timestamp="2025-01-14T16:06:19Z" hostname="4a984775087b" tests="16" skipped="0" failures="0" errors="0" time="1.497">
    <testcase time="0.0619999999999994" classname="print" name="Listing_print_correctly"/>
    <testcase time="0.157" classname="print" name="Listing_print_correctly_with_different_widths"/>
    <testcase time="0.0700000000000003" classname="print" name="Listing_print_correctly_with_different_widths"/>
    <testcase time="0.0649999999999995" classname="print" name="as_listing_produces_correct_output_when_default_formatting_is_specified"/>
    <testcase time="0.00500000000000078" classname="print" name="as_listing_produces_correct_output_when_default_formatting_is_specified"/>
    <testcase time="0.00699999999999967" classname="print" name="as_listing_produces_correct_output_when_default_formatting_is_specified"/>
    <testcase time="0.0570000000000004" classname="print" name="as_listing_produces_correct_output_when_col_formatting_is_specified"/>
    <testcase time="0.0609999999999999" classname="print" name="as_listing_produces_correct_output_when_col_formatting_is_specified"/>
    <testcase time="0.00499999999999901" classname="print" name="as_listing_produces_correct_output_when_col_formatting_is_specified"/>
    <testcase time="0.00500000000000078" classname="print" name="as_listing_produces_correct_output_when_col_formatting_is_specified"/>
    <testcase time="0.0570000000000004" classname="print" name="listings_support_newline_characters"/>
    <testcase time="0.0739999999999998" classname="print" name="listings_support_newline_characters"/>
    <testcase time="0.26" classname="print" name="listings_supports_wrapping"/>
    <testcase time="0.541" classname="print" name="listings_supports_wrapping"/>
    <testcase time="0.00299999999999834" classname="print" name="listings_supports_wrapping"/>
    <testcase time="0.0680000000000014" classname="print" name="listings_supports_wrapping"/>
  </testsuite>
</testsuites>
